[2023-05-06 12:10:57,896] root - INFO - Training pipleine config: TrainingPipelineConfig(artifact_dir='C:\\Users\\Admin\\Documents\\Shipment_pricing_Project\\shipment\\artifact')
[2023-05-06 12:10:57,896] root - INFO - Data Ingestion config: DataIngestionConfig(dataset_download_url='https://raw.githubusercontent.com/Hitesh-Nimbalkar/Shipment_Pricing_EDA/main/SCMS_Delivery_History_Dataset.csv', raw_data_dir='C:\\Users\\Admin\\Documents\\Shipment_pricing_Project\\shipment\\artifact\\data_ingestion\\2023-05-06-12-10-56\\raw_data', ingested_train_dir='C:\\Users\\Admin\\Documents\\Shipment_pricing_Project\\shipment\\artifact\\data_ingestion\\2023-05-06-12-10-56\\ingested_data\\train', ingested_test_dir='C:\\Users\\Admin\\Documents\\Shipment_pricing_Project\\shipment\\artifact\\data_ingestion\\2023-05-06-12-10-56\\ingested_data\\test')
[2023-05-06 12:10:57,897] root - INFO - >>>>>>>>>>>>>>>>>>>>>>>>>>>>>>>>>>>>>>>>>>>>>>>>>>>>>>>>>>>>Data Ingestion log started.<<<<<<<<<<<<<<<<<<<<<<<<<<<<<<<<<<<<<<<<<<<<<<<<<<<<<<<<<<<< 


[2023-05-06 12:10:57,897] root - INFO - Downloading file from :[https://raw.githubusercontent.com/Hitesh-Nimbalkar/Shipment_Pricing_EDA/main/SCMS_Delivery_History_Dataset.csv] into :[C:\Users\Admin\Documents\Shipment_pricing_Project\shipment\artifact\data_ingestion\2023-05-06-12-10-56\raw_data\SCMS_Delivery_History_Dataset.csv]
[2023-05-06 12:11:01,085] root - INFO - File :[C:\Users\Admin\Documents\Shipment_pricing_Project\shipment\artifact\data_ingestion\2023-05-06-12-10-56\raw_data\SCMS_Delivery_History_Dataset.csv] has been downloaded successfully.
[2023-05-06 12:11:01,086] root - INFO - Reading csv file: [C:\Users\Admin\Documents\Shipment_pricing_Project\shipment\artifact\data_ingestion\2023-05-06-12-10-56\raw_data\SCMS_Delivery_History_Dataset.csv]
[2023-05-06 12:11:01,139] root - INFO - Splitting data into train and test
[2023-05-06 12:11:01,143] root - INFO - Exporting training dataset to file: [C:\Users\Admin\Documents\Shipment_pricing_Project\shipment\artifact\data_ingestion\2023-05-06-12-10-56\ingested_data\train\SCMS_Delivery_History_Dataset.csv]
[2023-05-06 12:11:01,215] root - INFO - Exporting test dataset to file: [C:\Users\Admin\Documents\Shipment_pricing_Project\shipment\artifact\data_ingestion\2023-05-06-12-10-56\ingested_data\test\SCMS_Delivery_History_Dataset.csv]
[2023-05-06 12:11:01,234] root - INFO - Data Ingestion artifact:[DataIngestionArtifact(train_file_path='C:\\Users\\Admin\\Documents\\Shipment_pricing_Project\\shipment\\artifact\\data_ingestion\\2023-05-06-12-10-56\\ingested_data\\train\\SCMS_Delivery_History_Dataset.csv', test_file_path='C:\\Users\\Admin\\Documents\\Shipment_pricing_Project\\shipment\\artifact\\data_ingestion\\2023-05-06-12-10-56\\ingested_data\\test\\SCMS_Delivery_History_Dataset.csv', is_ingested=True, message='Data ingestion completed successfully.')]
[2023-05-06 12:11:01,235] root - INFO - >>>>>>>>>>>>>>>>>>>>>>>>>>>>>>>>>>>>>>>>>>>>>>>>>>>>>>>>>>>>Data Validation log started.<<<<<<<<<<<<<<<<<<<<<<<<<<<<<<<<<<<<<<<<<<<<<<<<<<<<<<<<<<<< 


[2023-05-06 12:11:01,243] root - INFO - Validation Process Started
[2023-05-06 12:11:01,424] root - INFO - Train_set status|is Train filename validated?: True|is train column name validated?: True|whole missing columns?True
[2023-05-06 12:11:01,425] root - INFO - Test_set status|is Test filename validated?: True|is test column names validated? True| whole missing columns? True
[2023-05-06 12:11:01,425] root - INFO - Validation Process Completed
[2023-05-06 12:11:01,425] root - INFO - Data validation artifact: DataValidationArtifact(schema_file_path='C:\\Users\\Admin\\Documents\\Shipment_pricing_Project\\config\\schema.yaml', is_validated=True, message='Data validation performed')
[2023-05-06 12:11:01,425] root - INFO - >>>>>>>>>>>>>>>>>>>>>>>>>>>>>>>>>>>>>>>>>>>>>>>>>>>>>>>>>>>>Data Validation log completed.<<<<<<<<<<<<<<<<<<<<<<<<<<<<<<<<<<<<<<<<<<<<<<<<<<<<<<<<<<<<
[2023-05-06 12:11:01,425] root - INFO - Data Transformation Config: DataTransformationConfig(transformed_train_dir='C:\\Users\\Admin\\Documents\\Shipment_pricing_Project\\shipment\\artifact\\data_transformation\\2023-05-06-12-10-56\\transformed_data\\train', transformed_test_dir='C:\\Users\\Admin\\Documents\\Shipment_pricing_Project\\shipment\\artifact\\data_transformation\\2023-05-06-12-10-56\\transformed_data\\test', preprocessed_object_file_path='C:\\Users\\Admin\\Documents\\Shipment_pricing_Project\\shipment\\artifact\\data_transformation\\2023-05-06-12-10-56\\preprocessed\\preprocessed.pkl', feature_engineering_object_file_path='C:\\Users\\Admin\\Documents\\Shipment_pricing_Project\\shipment\\artifact\\data_transformation\\2023-05-06-12-10-56\\preprocessed\\feat_eng.pkl')
[2023-05-06 12:11:01,425] root - INFO - 
******************** Data Transformation log started ********************


[2023-05-06 12:11:01,425] root - INFO - Obtaining training and test file path.
[2023-05-06 12:11:01,425] root - INFO - Loading training and test data as pandas dataframe.
[2023-05-06 12:11:01,477] root - INFO - Extracting train column name ['ID', 'Project_Code', 'PQ', 'PO/SO', 'ASN/DN', 'Country', 'Managed_By', 'Fulfill_Via', 'Vendor_INCO_Term', 'Shipment_Mode', 'PQ_First_Sent_to_Client_Date', 'PO_Sent_to_Vendor_Date', 'Scheduled_Delivery_Date', 'Delivered_to_Client_Date', 'Delivery_Recorded_Date', 'Product_Group', 'Sub_Classification', 'Vendor', 'Item_Description', 'Molecule/Test_Type', 'Brand', 'Dosage', 'Dosage_Form', 'Unit_of_Measure_(Per_Pack)', 'Line_Item_Quantity', 'Line_Item_Value', 'Pack_Price', 'Unit_Price', 'Manufacturing_Site', 'First_Line_Designation', 'Weight_(Kilograms)', 'Freight_Cost_(USD)', 'Line_Item_Insurance_(USD)']
[2023-05-06 12:11:01,477] root - INFO - Obtaining feature engineering object.
[2023-05-06 12:11:01,477] root - INFO - 
******************** Feature Engneering Started ********************


[2023-05-06 12:11:01,477] root - INFO - Applying feature engineering object on training dataframe and testing dataframe
[2023-05-06 12:11:01,477] root - INFO - Feature Enineering - Train Data 
[2023-05-06 12:11:05,143] root - INFO - Weight and Freight Cost Data Clean Completed
[2023-05-06 12:11:05,144] root - INFO - Columns Dropped
[2023-05-06 12:11:05,144] root - INFO - Columns After dropping Index(['Fulfill_Via', 'Shipment_Mode', 'Product_Group', 'Sub_Classification',
       'Dosage_Form', 'Unit_of_Measure_(Per_Pack)', 'Line_Item_Quantity',
       'Pack_Price', 'Unit_Price', 'First_Line_Designation',
       'Freight_Cost_USD_Clean', 'Weight_Kilograms_Clean'],
      dtype='object')
[2023-05-06 12:11:05,149] root - INFO - DataTypes of Columns After changing: 
Fulfill_Via                   category
Shipment_Mode                 category
Product_Group                 category
Sub_Classification            category
Dosage_Form                     object
Unit_of_Measure_(Per_Pack)     float64
Line_Item_Quantity             float64
Pack_Price                     float64
Unit_Price                     float64
First_Line_Designation        category
Freight_Cost_USD_Clean         float64
Weight_Kilograms_Clean         float64
dtype: object
[2023-05-06 12:11:05,150] root - INFO - Columns and DataTypes: 

Fulfill_Via                   category
Shipment_Mode                 category
Product_Group                 category
Sub_Classification            category
Dosage_Form                     object
Unit_of_Measure_(Per_Pack)     float64
Line_Item_Quantity             float64
Pack_Price                     float64
Unit_Price                     float64
First_Line_Designation        category
Freight_Cost_USD_Clean         float64
Weight_Kilograms_Clean         float64
dtype: object
[2023-05-06 12:11:05,150] root - INFO -  >>>>>>>>>>>>   Missing Fills :  Shipment_Mode,Manufacturing_Site,Country,Brand <<<<<<<<<<
[2023-05-06 12:11:05,159] root - INFO -  >>>>>>>>>>>>  Columns Modififcation Complete  <<<<<<<<<<
[2023-05-06 12:11:05,160] root - INFO - Missing values in Unit_of_Measure_(Per_Pack) column have been imputed with median
[2023-05-06 12:11:05,160] root - INFO - Missing values in Line_Item_Quantity column have been imputed with median
[2023-05-06 12:11:05,160] root - INFO - Missing values in Pack_Price column have been imputed with median
[2023-05-06 12:11:05,161] root - INFO - Missing values in Unit_Price column have been imputed with median
[2023-05-06 12:11:05,161] root - INFO - Missing values in Weight_Kilograms_Clean column have been imputed with median
[2023-05-06 12:11:05,161] root - INFO - Missing value imputation with median completed
[2023-05-06 12:11:05,186] root - INFO - Columns encoding Index(['Fulfill_Via', 'Shipment_Mode', 'Product_Group', 'Sub_Classification',
       'Dosage_Form', 'Unit_of_Measure_(Per_Pack)', 'Line_Item_Quantity',
       'Pack_Price', 'Unit_Price', 'First_Line_Designation',
       'Freight_Cost_USD_Clean', 'Weight_Kilograms_Clean'],
      dtype='object')
[2023-05-06 12:11:05,187] root - INFO - Unique values of Fulfill_Via: ['From RDC', 'Direct Drop']
Categories (2, object): ['Direct Drop', 'From RDC']
[2023-05-06 12:11:05,189] root - INFO - Unique values of Shipment_Mode: ['Truck', 'Air', 'Ocean', 'Air Charter']
Categories (4, object): ['Air', 'Air Charter', 'Ocean', 'Truck']
[2023-05-06 12:11:05,189] root - INFO - Unique values of Dosage_Form: ['Tablet' 'Test kit' 'Capsule' 'Oral' 'Injection']
[2023-05-06 12:11:05,191] root - INFO - Unique values of Product_Group: ['ARV', 'HRDT', 'ACT', 'ANTM', 'MRDT']
Categories (5, object): ['ACT', 'ANTM', 'ARV', 'HRDT', 'MRDT']
[2023-05-06 12:11:05,192] root - INFO - Unique values of Sub_Classification: ['Pediatric', 'Adult', 'HIV test', 'HIV test - Ancillary', 'ACT', 'Malaria']
Categories (6, object): ['ACT', 'Adult', 'HIV test', 'HIV test - Ancillary', 'Malaria',
                         'Pediatric']
[2023-05-06 12:11:05,193] root - INFO - Unique values of First_Line_Designation: ['Yes', 'No']
Categories (2, object): ['No', 'Yes']
[2023-05-06 12:11:05,193] root - INFO - Mapping for Fulfill_Via: {'From RDC': 0, 'Direct Drop': 1}
[2023-05-06 12:11:05,193] root - INFO - Mapping for Shipment_Mode: {'Truck': 0, 'Air': 1, 'Ocean': 2, 'Air Charter': 3}
[2023-05-06 12:11:05,193] root - INFO - Mapping for Dosage_Form: {'Tablet': 0, 'Test kit': 1, 'Capsule': 2, 'Oral': 3, 'Injection': 4}
[2023-05-06 12:11:05,194] root - INFO - Mapping for Product_Group: {'ARV': 0, 'HRDT': 1, 'ACT': 2, 'ANTM': 3, 'MRDT': 4}
[2023-05-06 12:11:05,194] root - INFO - Mapping for Sub_Classification: {'Pediatric': 0, 'Adult': 1, 'HIV test': 2, 'HIV test - Ancillary': 3, 'ACT': 4, 'Malaria': 5}
[2023-05-06 12:11:05,194] root - INFO - Mapping for First_Line_Designation: {'Yes': 0, 'No': 1}
[2023-05-06 12:11:05,196] root - ERROR - 
        Error occured in script: [C:\Users\Admin\Documents\Shipment_pricing_Project\Shipment_Pricing\pipeline\pipeline.py] at 
        line number: [89] 
        error message: [
        Error occured in script: [C:\Users\Admin\Documents\Shipment_pricing_Project\Shipment_Pricing\pipeline\pipeline.py] at 
        line number: [57] 
        error message: [
        Error occured in script: [C:\Users\Admin\Documents\Shipment_pricing_Project\Shipment_Pricing\components\data_transformation.py] at 
        line number: [434] 
        error message: [
        Error occured in script: [C:\Users\Admin\Documents\Shipment_pricing_Project\Shipment_Pricing\components\data_transformation.py] at 
        line number: [323] 
        error message: [
        Error occured in script: [C:\Users\Admin\Documents\Shipment_pricing_Project\Shipment_Pricing\components\data_transformation.py] at 
        line number: [307] 
        error message: [
        Error occured in script: [C:\Users\Admin\Documents\Shipment_pricing_Project\Shipment_Pricing\components\data_transformation.py] at 
        line number: [60] 
        error message: [[Errno 13] Permission denied: 'Encoded_data.csv']]]]]]
[2023-05-06 12:11:05,200] root - INFO - 
******************** Data Transformation log completed ********************


