[2023-05-06 21:35:13,644] root - INFO - Training pipleine config: TrainingPipelineConfig(artifact_dir='C:\\Users\\Admin\\Documents\\Shipment_pricing_Project\\shipment\\artifact')
[2023-05-06 21:35:13,644] root - INFO - Data Ingestion config: DataIngestionConfig(dataset_download_url='https://raw.githubusercontent.com/Hitesh-Nimbalkar/Shipment_Pricing_EDA/main/SCMS_Delivery_History_Dataset.csv', raw_data_dir='C:\\Users\\Admin\\Documents\\Shipment_pricing_Project\\shipment\\artifact\\data_ingestion\\2023-05-06-21-35-12\\raw_data', ingested_train_dir='C:\\Users\\Admin\\Documents\\Shipment_pricing_Project\\shipment\\artifact\\data_ingestion\\2023-05-06-21-35-12\\ingested_data\\train', ingested_test_dir='C:\\Users\\Admin\\Documents\\Shipment_pricing_Project\\shipment\\artifact\\data_ingestion\\2023-05-06-21-35-12\\ingested_data\\test')
[2023-05-06 21:35:13,645] root - INFO - >>>>>>>>>>>>>>>>>>>>>>>>>>>>>>>>>>>>>>>>>>>>>>>>>>>>>>>>>>>>Data Ingestion log started.<<<<<<<<<<<<<<<<<<<<<<<<<<<<<<<<<<<<<<<<<<<<<<<<<<<<<<<<<<<< 


[2023-05-06 21:35:13,662] root - INFO - Downloading file from :[https://raw.githubusercontent.com/Hitesh-Nimbalkar/Shipment_Pricing_EDA/main/SCMS_Delivery_History_Dataset.csv] into :[C:\Users\Admin\Documents\Shipment_pricing_Project\shipment\artifact\data_ingestion\2023-05-06-21-35-12\raw_data\SCMS_Delivery_History_Dataset.csv]
[2023-05-06 21:35:15,986] root - INFO - File :[C:\Users\Admin\Documents\Shipment_pricing_Project\shipment\artifact\data_ingestion\2023-05-06-21-35-12\raw_data\SCMS_Delivery_History_Dataset.csv] has been downloaded successfully.
[2023-05-06 21:35:15,987] root - INFO - Reading csv file: [C:\Users\Admin\Documents\Shipment_pricing_Project\shipment\artifact\data_ingestion\2023-05-06-21-35-12\raw_data\SCMS_Delivery_History_Dataset.csv]
[2023-05-06 21:35:16,041] root - INFO - Splitting data into train and test
[2023-05-06 21:35:16,045] root - INFO - Exporting training dataset to file: [C:\Users\Admin\Documents\Shipment_pricing_Project\shipment\artifact\data_ingestion\2023-05-06-21-35-12\ingested_data\train\SCMS_Delivery_History_Dataset.csv]
[2023-05-06 21:35:16,118] root - INFO - Exporting test dataset to file: [C:\Users\Admin\Documents\Shipment_pricing_Project\shipment\artifact\data_ingestion\2023-05-06-21-35-12\ingested_data\test\SCMS_Delivery_History_Dataset.csv]
[2023-05-06 21:35:16,138] root - INFO - Data Ingestion artifact:[DataIngestionArtifact(train_file_path='C:\\Users\\Admin\\Documents\\Shipment_pricing_Project\\shipment\\artifact\\data_ingestion\\2023-05-06-21-35-12\\ingested_data\\train\\SCMS_Delivery_History_Dataset.csv', test_file_path='C:\\Users\\Admin\\Documents\\Shipment_pricing_Project\\shipment\\artifact\\data_ingestion\\2023-05-06-21-35-12\\ingested_data\\test\\SCMS_Delivery_History_Dataset.csv', is_ingested=True, message='Data ingestion completed successfully.')]
[2023-05-06 21:35:16,141] root - INFO - >>>>>>>>>>>>>>>>>>>>>>>>>>>>>>>>>>>>>>>>>>>>>>>>>>>>>>>>>>>>Data Validation log started.<<<<<<<<<<<<<<<<<<<<<<<<<<<<<<<<<<<<<<<<<<<<<<<<<<<<<<<<<<<< 


[2023-05-06 21:35:16,149] root - INFO - Validation Process Started
[2023-05-06 21:35:16,334] root - INFO - Train_set status|is Train filename validated?: True|is train column name validated?: True|whole missing columns?True
[2023-05-06 21:35:16,334] root - INFO - Test_set status|is Test filename validated?: True|is test column names validated? True| whole missing columns? True
[2023-05-06 21:35:16,334] root - INFO - Validation Process Completed
[2023-05-06 21:35:16,334] root - INFO - Data validation artifact: DataValidationArtifact(schema_file_path='C:\\Users\\Admin\\Documents\\Shipment_pricing_Project\\config\\schema.yaml', is_validated=True, message='Data validation performed')
[2023-05-06 21:35:16,334] root - INFO - >>>>>>>>>>>>>>>>>>>>>>>>>>>>>>>>>>>>>>>>>>>>>>>>>>>>>>>>>>>>Data Validation log completed.<<<<<<<<<<<<<<<<<<<<<<<<<<<<<<<<<<<<<<<<<<<<<<<<<<<<<<<<<<<<
[2023-05-06 21:35:16,334] root - INFO - Data Transformation Config: DataTransformationConfig(transformed_train_dir='C:\\Users\\Admin\\Documents\\Shipment_pricing_Project\\shipment\\artifact\\data_transformation\\2023-05-06-21-35-12\\transformed_data\\train', transformed_test_dir='C:\\Users\\Admin\\Documents\\Shipment_pricing_Project\\shipment\\artifact\\data_transformation\\2023-05-06-21-35-12\\transformed_data\\test', preprocessed_object_file_path='C:\\Users\\Admin\\Documents\\Shipment_pricing_Project\\shipment\\artifact\\data_transformation\\2023-05-06-21-35-12\\preprocessed\\preprocessed.pkl', feature_engineering_object_file_path='C:\\Users\\Admin\\Documents\\Shipment_pricing_Project\\shipment\\artifact\\data_transformation\\2023-05-06-21-35-12\\preprocessed\\feat_eng.pkl')
[2023-05-06 21:35:16,334] root - INFO - 
******************** Data Transformation log started ********************


[2023-05-06 21:35:16,334] root - INFO - Obtaining training and test file path.
[2023-05-06 21:35:16,334] root - INFO - Loading training and test data as pandas dataframe.
[2023-05-06 21:35:16,388] root - INFO - Extracting train column name ['ID', 'Project_Code', 'PQ', 'PO/SO', 'ASN/DN', 'Country', 'Managed_By', 'Fulfill_Via', 'Vendor_INCO_Term', 'Shipment_Mode', 'PQ_First_Sent_to_Client_Date', 'PO_Sent_to_Vendor_Date', 'Scheduled_Delivery_Date', 'Delivered_to_Client_Date', 'Delivery_Recorded_Date', 'Product_Group', 'Sub_Classification', 'Vendor', 'Item_Description', 'Molecule/Test_Type', 'Brand', 'Dosage', 'Dosage_Form', 'Unit_of_Measure_(Per_Pack)', 'Line_Item_Quantity', 'Line_Item_Value', 'Pack_Price', 'Unit_Price', 'Manufacturing_Site', 'First_Line_Designation', 'Weight_(Kilograms)', 'Freight_Cost_(USD)', 'Line_Item_Insurance_(USD)']
[2023-05-06 21:35:16,388] root - INFO - Obtaining feature engineering object.
[2023-05-06 21:35:16,388] root - INFO - 
******************** Feature Engneering Started ********************


[2023-05-06 21:35:16,388] root - INFO - Applying feature engineering object on training dataframe and testing dataframe
[2023-05-06 21:35:16,388] root - INFO - Feature Enineering - Train Data 
[2023-05-06 21:35:20,119] root - INFO - Weight and Freight Cost Data Clean Completed
[2023-05-06 21:35:20,120] root - INFO - 

[2023-05-06 21:35:20,120] root - INFO - Country
[2023-05-06 21:35:20,120] root - INFO - Fulfill_Via
[2023-05-06 21:35:20,120] root - INFO - Shipment_Mode
[2023-05-06 21:35:20,120] root - INFO - Sub_Classification
[2023-05-06 21:35:20,120] root - INFO - Brand
[2023-05-06 21:35:20,120] root - INFO - Dosage_Form
[2023-05-06 21:35:20,120] root - INFO - Unit_of_Measure_(Per_Pack)
[2023-05-06 21:35:20,121] root - INFO - Line_Item_Quantity
[2023-05-06 21:35:20,121] root - INFO - Pack_Price
[2023-05-06 21:35:20,121] root - INFO - Unit_Price
[2023-05-06 21:35:20,121] root - INFO - Manufacturing_Site
[2023-05-06 21:35:20,121] root - INFO - First_Line_Designation
[2023-05-06 21:35:20,121] root - INFO - Freight_Cost_USD_Clean
[2023-05-06 21:35:20,121] root - INFO - Weight_Kilograms_Clean
[2023-05-06 21:35:27,890] root - INFO - 
Final DataFrame:
[2023-05-06 21:35:27,890] root - INFO -          Country  Fulfill_Via Shipment_Mode Sub_Classification  ... Unit_Price  First_Line_Designation  Freight_Cost_USD_Clean  Weight_Kilograms_Clean
1  Côte d'Ivoire     From RDC         Truck          Pediatric  ...       0.13                     Yes                 2180.32                   243.0
5     Congo, DRC     From RDC           Air              Adult  ...       0.19                     Yes                18387.80                  1630.0
6         Zambia     From RDC           NaN              Adult  ...       0.88                     Yes                 6785.10                  1620.0
7     Mozambique  Direct Drop           Air           HIV test  ...       1.60                     Yes                16397.94                   298.0
9          Haiti  Direct Drop         Ocean              Adult  ...       0.35                     Yes                 7992.56                  7140.0

[5 rows x 12 columns]
[2023-05-06 21:35:27,898] root - INFO - Drop Columns Complete
[2023-05-06 21:35:27,920] root - INFO -  >>>>>>>>>>>>  Columns Modififcation Complete  <<<<<<<<<<
[2023-05-06 21:35:27,920] root - INFO - Outlier Detection
[2023-05-06 21:35:27,942] root - INFO - Outlier Detection Complete
[2023-05-06 21:35:27,943] root - INFO - Columnsof data after data wrangling:Index(['Country', 'Fulfill_Via', 'Shipment_Mode', 'Sub_Classification',
       'Dosage_Form', 'Unit_of_Measure_(Per_Pack)', 'Line_Item_Quantity',
       'Pack_Price', 'Unit_Price', 'First_Line_Designation',
       'Freight_Cost_USD_Clean', 'Weight_Kilograms_Clean'],
      dtype='object')
[2023-05-06 21:35:27,968] root - INFO - Data Modified  Completed and Saved 
[2023-05-06 21:35:27,968] root - INFO - New Column Order ['Pack_Price', 'Unit_Price', 'Weight_Kilograms_Clean', 'Unit_of_Measure_(Per_Pack)', 'Line_Item_Quantity', 'Fulfill_Via', 'Shipment_Mode', 'Country', 'Sub_Classification', 'Dosage_Form', 'First_Line_Designation', 'Freight_Cost_USD_Clean']
[2023-05-06 21:35:27,970] root - INFO - Datatypes : Pack_Price                    float64
Unit_Price                    float64
Weight_Kilograms_Clean        float64
Unit_of_Measure_(Per_Pack)      int64
Line_Item_Quantity              int64
Fulfill_Via                    object
Shipment_Mode                  object
Country                        object
Sub_Classification             object
Dosage_Form                    object
First_Line_Designation         object
Freight_Cost_USD_Clean        float64
dtype: object
[2023-05-06 21:35:27,993] root - INFO - Columns : Index(['Pack_Price', 'Unit_Price', 'Weight_Kilograms_Clean',
       'Unit_of_Measure_(Per_Pack)', 'Line_Item_Quantity', 'Fulfill_Via',
       'Shipment_Mode', 'Country', 'Sub_Classification', 'Dosage_Form',
       'First_Line_Designation', 'Freight_Cost_USD_Clean'],
      dtype='object')
[2023-05-06 21:35:27,994] root - INFO - Feature Enineering - Test Data 
[2023-05-06 21:35:28,875] root - INFO - Weight and Freight Cost Data Clean Completed
[2023-05-06 21:35:28,876] root - INFO - 

[2023-05-06 21:35:28,876] root - INFO - Country
[2023-05-06 21:35:28,876] root - INFO - Fulfill_Via
[2023-05-06 21:35:28,876] root - INFO - Shipment_Mode
[2023-05-06 21:35:28,876] root - INFO - Sub_Classification
[2023-05-06 21:35:28,876] root - INFO - Brand
[2023-05-06 21:35:28,876] root - INFO - Dosage_Form
[2023-05-06 21:35:28,876] root - INFO - Unit_of_Measure_(Per_Pack)
[2023-05-06 21:35:28,876] root - INFO - Line_Item_Quantity
[2023-05-06 21:35:28,876] root - INFO - Pack_Price
[2023-05-06 21:35:28,876] root - INFO - Unit_Price
[2023-05-06 21:35:28,876] root - INFO - Manufacturing_Site
[2023-05-06 21:35:28,876] root - INFO - First_Line_Designation
[2023-05-06 21:35:28,876] root - INFO - Freight_Cost_USD_Clean
[2023-05-06 21:35:28,876] root - INFO - Weight_Kilograms_Clean
[2023-05-06 21:35:35,110] root - INFO - 
Final DataFrame:
[2023-05-06 21:35:35,110] root - INFO -          Country  Fulfill_Via Shipment_Mode Sub_Classification  ... Unit_Price  First_Line_Designation  Freight_Cost_USD_Clean  Weight_Kilograms_Clean
0         Zambia     From RDC         Truck              Adult  ...       0.19                     Yes                 9973.51                  4959.0
1       Ethiopia     From RDC           Air              Adult  ...       0.57                     Yes                  755.50                    33.0
3        Nigeria     From RDC   Air Charter              Adult  ...       0.18                     Yes                16532.50                  2566.0
5       Tanzania     From RDC         Truck          Pediatric  ...       0.06                     Yes                 5137.06                   825.0
6  Côte d'Ivoire  Direct Drop           Air           HIV test  ...       0.80                     Yes                 2656.12                   206.0

[5 rows x 12 columns]
[2023-05-06 21:35:35,117] root - INFO - Drop Columns Complete
[2023-05-06 21:35:35,128] root - INFO -  >>>>>>>>>>>>  Columns Modififcation Complete  <<<<<<<<<<
[2023-05-06 21:35:35,128] root - INFO - Outlier Detection
[2023-05-06 21:35:35,143] root - INFO - Outlier Detection Complete
[2023-05-06 21:35:35,144] root - INFO - Columnsof data after data wrangling:Index(['Country', 'Fulfill_Via', 'Shipment_Mode', 'Sub_Classification',
       'Dosage_Form', 'Unit_of_Measure_(Per_Pack)', 'Line_Item_Quantity',
       'Pack_Price', 'Unit_Price', 'First_Line_Designation',
       'Freight_Cost_USD_Clean', 'Weight_Kilograms_Clean'],
      dtype='object')
[2023-05-06 21:35:35,150] root - INFO - Data Modified  Completed and Saved 
[2023-05-06 21:35:35,150] root - INFO - New Column Order ['Pack_Price', 'Unit_Price', 'Weight_Kilograms_Clean', 'Unit_of_Measure_(Per_Pack)', 'Line_Item_Quantity', 'Fulfill_Via', 'Shipment_Mode', 'Country', 'Sub_Classification', 'Dosage_Form', 'First_Line_Designation', 'Freight_Cost_USD_Clean']
[2023-05-06 21:35:35,153] root - INFO - Datatypes : Pack_Price                    float64
Unit_Price                    float64
Weight_Kilograms_Clean        float64
Unit_of_Measure_(Per_Pack)      int64
Line_Item_Quantity              int64
Fulfill_Via                    object
Shipment_Mode                  object
Country                        object
Sub_Classification             object
Dosage_Form                    object
First_Line_Designation         object
Freight_Cost_USD_Clean        float64
dtype: object
[2023-05-06 21:35:35,162] root - INFO - Columns : Index(['Pack_Price', 'Unit_Price', 'Weight_Kilograms_Clean',
       'Unit_of_Measure_(Per_Pack)', 'Line_Item_Quantity', 'Fulfill_Via',
       'Shipment_Mode', 'Country', 'Sub_Classification', 'Dosage_Form',
       'First_Line_Designation', 'Freight_Cost_USD_Clean'],
      dtype='object')
[2023-05-06 21:35:35,163] root - INFO - Converting featured engineered array into dataframe.
[2023-05-06 21:35:35,163] root - INFO - Columns for Feature Engineering : ['Pack_Price', 'Unit_Price', 'Weight_Kilograms_Clean', 'Unit_of_Measure_(Per_Pack)', 'Line_Item_Quantity', 'Fulfill_Via', 'Shipment_Mode', 'Country', 'Sub_Classification', 'Dosage_Form', 'First_Line_Designation', 'Freight_Cost_USD_Clean']
[2023-05-06 21:35:35,163] root - INFO - Feature Engineering - Train Completed
[2023-05-06 21:35:35,163] root - INFO - Saving feature engineered training and testing dataframe.
[2023-05-06 21:35:35,184] root - INFO - Splitting input and target feature from training and testing dataframe.
[2023-05-06 21:35:35,203] root - INFO - Obtaining preprocessing object.
[2023-05-06 21:35:35,203] root - INFO - Creating Data Transformer Object
[2023-05-06 21:35:35,203] root - INFO - Applying preprocessing object on training dataframe and testing dataframe
[2023-05-06 21:35:35,230] root - INFO - Converting preprocessed array into dataframe.
[2023-05-06 21:35:35,230] root - INFO - Saving Transformed Train and Transformed test file
[2023-05-06 21:35:35,313] root - INFO - Transformed Train and Transformed test file saved
[2023-05-06 21:35:35,313] root - INFO - Saving Feature Engineering Object
[2023-05-06 21:35:35,314] root - INFO - Saving Preprocessing Object
[2023-05-06 21:35:35,318] root - INFO - Data Transformation Artifact: DataTransformationArtifact(is_transformed=True, message='Data transformation successfull.', transformed_train_file_path='C:\\Users\\Admin\\Documents\\Shipment_pricing_Project\\shipment\\artifact\\data_transformation\\2023-05-06-21-35-12\\transformed_data\\train\\transformed_train.csv', transformed_test_file_path='C:\\Users\\Admin\\Documents\\Shipment_pricing_Project\\shipment\\artifact\\data_transformation\\2023-05-06-21-35-12\\transformed_data\\test\\transformed_test.csv', preprocessed_object_file_path='C:\\Users\\Admin\\Documents\\Shipment_pricing_Project\\shipment\\artifact\\data_transformation\\2023-05-06-21-35-12\\preprocessed\\preprocessed.pkl', feature_engineering_object_file_path='C:\\Users\\Admin\\Documents\\Shipment_pricing_Project\\shipment\\artifact\\data_transformation\\2023-05-06-21-35-12\\preprocessed\\feat_eng.pkl')
[2023-05-06 21:35:35,322] root - INFO - 
******************** Data Transformation log completed ********************


[2023-05-06 21:35:35,322] root - INFO - Model Trainer Config : ModelTrainerConfig(trained_model_file_path='C:\\Users\\Admin\\Documents\\Shipment_pricing_Project\\shipment\\artifact\\model_training\\2023-05-06-21-35-12\\trained_model\\model.pkl')
[2023-05-06 21:35:35,322] root - INFO - 
******************** Model Training started ********************


[2023-05-06 21:35:35,322] root - INFO - Finding transformed Training and Test
[2023-05-06 21:35:35,322] root - INFO - Transformed Data found!!! Now, converting it into dataframe
[2023-05-06 21:35:35,371] root - INFO - Splitting Input features and Target Feature for train and test data
[2023-05-06 21:35:35,372] root - INFO - Best Model Finder function called
[2023-05-06 21:35:35,372] root - INFO - ******************** Training XGBoost Model ********************
[2023-05-06 21:35:35,372] root - INFO - Getting Best Parameters for Random Forest by Grid Search CV
[2023-05-06 21:35:35,372] root - INFO - Optuna Search for XG Boost best parameters started
[2023-05-06 21:35:43,989] root - INFO - Optuna Search for XG Boost best parameters completed
[2023-05-06 21:35:43,989] root - INFO - XGB Best Parameters : {'lambda': 0.940706842675213, 'alpha': 2.968466696292756, 'colsample_bytree': 0.9, 'subsample': 0.1, 'learning_rate': 0.1, 'max_depth': 10, 'min_child_weight': 14, 'booster': 'dart', 'reg_lambda': 0.1, 'reg_alpha': 0.05}
[2023-05-06 21:35:43,989] root - INFO - Fitting XG Boost model
[2023-05-06 21:35:45,189] root - INFO - ******************** Trained XGBoost Model Successfully!! ********************
[2023-05-06 21:35:45,190] root - INFO - ******************** Training Random Forest Model ********************
[2023-05-06 21:35:45,190] root - INFO - Getting Best Parameters for Random Forest by Grid Search CV
[2023-05-06 21:35:45,190] root - INFO - Grid Search for Random forest best parameters started
[2023-05-06 21:51:08,289] root - INFO - Grid Search for Random forest best parameters completed
[2023-05-06 21:51:08,291] root - INFO - RF Best Parameters : {'max_depth': 15, 'min_samples_split': 4, 'n_estimators': 170}
[2023-05-06 21:51:08,291] root - INFO - Fitting random forest model
[2023-05-06 21:51:12,425] root - INFO - ******************** Trained Random Forest Model Successfully!! ********************
[2023-05-06 21:51:12,425] root - INFO - ***Objects for model obtained!!! Now calcalating R2 score for model evaluation***
[2023-05-06 21:51:12,595] root - INFO - R2 score for Training set ---> Random Forest: 0.9087395645767368 || XG Boost: 0.6016050285597776
[2023-05-06 21:51:12,595] root - INFO - R2 score for Training set --->  XG Boost: 0.6016050285597776
[2023-05-06 21:51:12,653] root - INFO - R2 score for Testing set ---> Random Forest : 0.6431092471519024 || XGBoost : 0.434927624241805
[2023-05-06 21:51:12,653] root - INFO - R2 score for Testing set --->  || XGBoost : 0.434927624241805
[2023-05-06 21:51:12,653] root - INFO - Random Forest Model Accepted!!!
[2023-05-06 21:51:12,653] root - INFO - Saving best model object file
[2023-05-06 21:51:12,770] root - INFO - Model Trainer Artifact: ModelTrainerArtifact(is_trained=True, message='Model Training Done!!', trained_model_object_file_path='C:\\Users\\Admin\\Documents\\Shipment_pricing_Project\\shipment\\artifact\\model_training\\2023-05-06-21-35-12\\trained_model\\model.pkl')
[2023-05-06 21:51:12,774] root - INFO - 
******************** Model Training log completed ********************


