[2023-05-04 18:56:25,702] root - INFO - Training pipleine config: TrainingPipelineConfig(artifact_dir='C:\\Users\\Admin\\Documents\\Shipment_pricing_Project\\shipment\\artifact')
[2023-05-04 18:56:25,702] root - INFO - Data Ingestion config: DataIngestionConfig(dataset_download_url='https://raw.githubusercontent.com/Hitesh-Nimbalkar/Shipment_Pricing_EDA/main/SCMS_Delivery_History_Dataset.csv', raw_data_dir='C:\\Users\\Admin\\Documents\\Shipment_pricing_Project\\shipment\\artifact\\data_ingestion\\2023-05-04-18-56-24\\raw_data', ingested_train_dir='C:\\Users\\Admin\\Documents\\Shipment_pricing_Project\\shipment\\artifact\\data_ingestion\\2023-05-04-18-56-24\\ingested_data\\train', ingested_test_dir='C:\\Users\\Admin\\Documents\\Shipment_pricing_Project\\shipment\\artifact\\data_ingestion\\2023-05-04-18-56-24\\ingested_data\\test')
[2023-05-04 18:56:25,704] root - INFO - >>>>>>>>>>>>>>>>>>>>>>>>>>>>>>>>>>>>>>>>>>>>>>>>>>>>>>>>>>>>Data Ingestion log started.<<<<<<<<<<<<<<<<<<<<<<<<<<<<<<<<<<<<<<<<<<<<<<<<<<<<<<<<<<<< 


[2023-05-04 18:56:25,704] root - INFO - Downloading file from :[https://raw.githubusercontent.com/Hitesh-Nimbalkar/Shipment_Pricing_EDA/main/SCMS_Delivery_History_Dataset.csv] into :[C:\Users\Admin\Documents\Shipment_pricing_Project\shipment\artifact\data_ingestion\2023-05-04-18-56-24\raw_data\SCMS_Delivery_History_Dataset.csv]
[2023-05-04 18:56:27,867] root - INFO - File :[C:\Users\Admin\Documents\Shipment_pricing_Project\shipment\artifact\data_ingestion\2023-05-04-18-56-24\raw_data\SCMS_Delivery_History_Dataset.csv] has been downloaded successfully.
[2023-05-04 18:56:27,867] root - INFO - Reading csv file: [C:\Users\Admin\Documents\Shipment_pricing_Project\shipment\artifact\data_ingestion\2023-05-04-18-56-24\raw_data\SCMS_Delivery_History_Dataset.csv]
[2023-05-04 18:56:27,918] root - INFO - Splitting data into train and test
[2023-05-04 18:56:27,920] root - INFO - Exporting training dataset to file: [C:\Users\Admin\Documents\Shipment_pricing_Project\shipment\artifact\data_ingestion\2023-05-04-18-56-24\ingested_data\train\SCMS_Delivery_History_Dataset.csv]
[2023-05-04 18:56:27,993] root - INFO - Exporting test dataset to file: [C:\Users\Admin\Documents\Shipment_pricing_Project\shipment\artifact\data_ingestion\2023-05-04-18-56-24\ingested_data\test\SCMS_Delivery_History_Dataset.csv]
[2023-05-04 18:56:28,009] root - INFO - Data Ingestion artifact:[DataIngestionArtifact(train_file_path='C:\\Users\\Admin\\Documents\\Shipment_pricing_Project\\shipment\\artifact\\data_ingestion\\2023-05-04-18-56-24\\ingested_data\\train\\SCMS_Delivery_History_Dataset.csv', test_file_path='C:\\Users\\Admin\\Documents\\Shipment_pricing_Project\\shipment\\artifact\\data_ingestion\\2023-05-04-18-56-24\\ingested_data\\test\\SCMS_Delivery_History_Dataset.csv', is_ingested=True, message='Data ingestion completed successfully.')]
[2023-05-04 18:56:28,011] root - INFO - >>>>>>>>>>>>>>>>>>>>>>>>>>>>>>>>>>>>>>>>>>>>>>>>>>>>>>>>>>>>Data Validation log started.<<<<<<<<<<<<<<<<<<<<<<<<<<<<<<<<<<<<<<<<<<<<<<<<<<<<<<<<<<<< 


[2023-05-04 18:56:28,013] root - INFO - Validation Process Started
[2023-05-04 18:56:28,196] root - INFO - Train_set status|is Train filename validated?: True|is train column name validated?: True|whole missing columns?True
[2023-05-04 18:56:28,197] root - INFO - Test_set status|is Test filename validated?: True|is test column names validated? True| whole missing columns? True
[2023-05-04 18:56:28,197] root - INFO - Validation Process Completed
[2023-05-04 18:56:28,197] root - INFO - Data validation artifact: DataValidationArtifact(schema_file_path='C:\\Users\\Admin\\Documents\\Shipment_pricing_Project\\config\\schema.yaml', is_validated=True, message='Data validation performed')
[2023-05-04 18:56:28,197] root - INFO - >>>>>>>>>>>>>>>>>>>>>>>>>>>>>>>>>>>>>>>>>>>>>>>>>>>>>>>>>>>>Data Validation log completed.<<<<<<<<<<<<<<<<<<<<<<<<<<<<<<<<<<<<<<<<<<<<<<<<<<<<<<<<<<<<
[2023-05-04 18:56:28,197] root - INFO - Data Transformation Config: DataTransformationConfig(transformed_train_dir='C:\\Users\\Admin\\Documents\\Shipment_pricing_Project\\shipment\\artifact\\data_transformation\\2023-05-04-18-56-24\\transformed_data\\train', transformed_test_dir='C:\\Users\\Admin\\Documents\\Shipment_pricing_Project\\shipment\\artifact\\data_transformation\\2023-05-04-18-56-24\\transformed_data\\test', preprocessed_object_file_path='C:\\Users\\Admin\\Documents\\Shipment_pricing_Project\\shipment\\artifact\\data_transformation\\2023-05-04-18-56-24\\preprocessed\\preprocessed.pkl', feature_engineering_object_file_path='C:\\Users\\Admin\\Documents\\Shipment_pricing_Project\\shipment\\artifact\\data_transformation\\2023-05-04-18-56-24\\preprocessed\\feat_eng.pkl')
[2023-05-04 18:56:28,197] root - INFO - 
******************** Data Transformation log started ********************


[2023-05-04 18:56:28,197] root - INFO - Obtaining training and test file path.
[2023-05-04 18:56:28,197] root - INFO - Loading training and test data as pandas dataframe.
[2023-05-04 18:56:28,246] root - INFO - Obtaining feature engineering object.
[2023-05-04 18:56:28,246] root - INFO - 
******************** Feature Engneering Started ********************


[2023-05-04 18:56:28,246] root - INFO - Applying feature engineering object on training dataframe and testing dataframe
[2023-05-04 18:56:28,246] root - INFO - Feature Enineering - Train Data 
[2023-05-04 18:56:31,844] root - INFO -  >>>>>>>>>>>>   Missing Fills :  Shipment_Mode,Manufacturing_Site,Country,Brand <<<<<<<<<<
[2023-05-04 18:56:31,856] root - INFO -  >>>>>>>>>>>>  Columns Modififcation Complete  <<<<<<<<<<
[2023-05-04 18:56:31,903] root - INFO - Feature Enineering - Test Data 
[2023-05-04 18:56:32,754] root - INFO -  >>>>>>>>>>>>   Missing Fills :  Shipment_Mode,Manufacturing_Site,Country,Brand <<<<<<<<<<
[2023-05-04 18:56:32,759] root - INFO -  >>>>>>>>>>>>  Columns Modififcation Complete  <<<<<<<<<<
[2023-05-04 18:56:32,776] root - INFO - Splitting input and target feature from training and testing dataframe.
[2023-05-04 18:56:32,777] root - INFO - Colums before transformer object Index(['Unit_of_Measure_(Per_Pack)', 'Line_Item_Quantity', 'Pack_Price',
       'Unit_Price', 'Weight_Kilograms_Clean', 'shipment_mode_encoded',
       'manufacturing_site_encoded', 'country_encoded', 'Dosage_Form_encoded',
       'First_Line_Designation_encoded', 'fulfill_via_encoded',
       'Sub_Classification_encoded', 'brand_encoded'],
      dtype='object')
[2023-05-04 18:56:32,801] root - INFO - Obtaining preprocessing object.
[2023-05-04 18:56:32,803] root - INFO - Applying preprocessing object on training dataframe and testing dataframe
[2023-05-04 18:56:32,859] root - INFO - Transformed Train and Transformed test file saved
[2023-05-04 18:56:32,859] root - INFO - Saving Feature Engineering Object
[2023-05-04 18:56:32,859] root - INFO - Saving Preprocessing Object
[2023-05-04 18:56:32,859] root - INFO - Data Transformation Artifact: DataTransformationArtifact(is_transformed=True, message='Data transformation successfull.', transformed_train_file_path='C:\\Users\\Admin\\Documents\\Shipment_pricing_Project\\shipment\\artifact\\data_transformation\\2023-05-04-18-56-24\\transformed_data\\train\\transformed_train.csv', transformed_test_file_path='C:\\Users\\Admin\\Documents\\Shipment_pricing_Project\\shipment\\artifact\\data_transformation\\2023-05-04-18-56-24\\transformed_data\\test\\transformed_test.csv', preprocessed_object_file_path='C:\\Users\\Admin\\Documents\\Shipment_pricing_Project\\shipment\\artifact\\data_transformation\\2023-05-04-18-56-24\\preprocessed\\preprocessed.pkl', feature_engineering_object_file_path='C:\\Users\\Admin\\Documents\\Shipment_pricing_Project\\shipment\\artifact\\data_transformation\\2023-05-04-18-56-24\\preprocessed\\feat_eng.pkl')
[2023-05-04 18:56:32,867] root - INFO - 
******************** Data Transformation log completed ********************


[2023-05-04 18:56:32,867] root - INFO - Model Trainer Config : ModelTrainerConfig(trained_model_file_path='C:\\Users\\Admin\\Documents\\Shipment_pricing_Project\\shipment\\artifact\\model_training\\2023-05-04-18-56-24\\trained_model\\model.pkl')
[2023-05-04 18:56:32,869] root - INFO - 
******************** Model Training started ********************


[2023-05-04 18:56:32,869] root - INFO - Finding transformed Training and Test
[2023-05-04 18:56:32,869] root - INFO - Transformed Data found!!! Now, converting it into dataframe
[2023-05-04 18:56:32,887] root - INFO - Splitting Input features and Target Feature for train and test data
[2023-05-04 18:56:32,928] root - INFO - Best Model Finder function called
[2023-05-04 18:56:32,928] root - INFO - ******************** Training XGBoost Model ********************
[2023-05-04 18:56:32,928] root - INFO - Getting Best Parameters for Random Forest by Grid Search CV
[2023-05-04 18:56:32,928] root - INFO - Optuna Search for XG Boost best parameters started
[2023-05-04 18:56:33,010] root - INFO - Optuna Search for XG Boost best parameters started
[2023-05-04 18:56:35,470] root - INFO - Optuna Search for XG Boost best parameters started
[2023-05-04 18:56:35,702] root - INFO - Optuna Search for XG Boost best parameters started
[2023-05-04 18:56:35,778] root - INFO - Optuna Search for XG Boost best parameters started
[2023-05-04 18:56:35,917] root - INFO - Optuna Search for XG Boost best parameters started
[2023-05-04 18:56:40,731] root - INFO - Optuna Search for XG Boost best parameters completed
[2023-05-04 18:56:40,731] root - INFO - XGB Best Parameters : {'lambda': 0.6269359509646474, 'alpha': 1.0799052701332903, 'colsample_bytree': 1, 'subsample': 1, 'learning_rate': 0.15, 'max_depth': 6, 'min_child_weight': 183, 'booster': 'dart', 'reg_lambda': 0.1, 'reg_alpha': 0.05}
[2023-05-04 18:56:40,731] root - INFO - Fitting XG Boost model
[2023-05-04 18:56:41,443] root - INFO - ******************** Trained XGBoost Model Successfully!! ********************
[2023-05-04 18:56:41,491] root - INFO - R2 score for Training set --->  XG Boost: 0.6683675089632692
[2023-05-04 18:56:41,506] root - INFO - R2 score for Testing set --->  || XGBoost : 0.5451110269649696
[2023-05-04 18:56:41,506] root - INFO - Saving best model object file
[2023-05-04 18:56:41,511] root - INFO - Model Trainer Artifact: ModelTrainerArtifact(is_trained=True, message='Model Training Done!!', trained_model_object_file_path='C:\\Users\\Admin\\Documents\\Shipment_pricing_Project\\shipment\\artifact\\model_training\\2023-05-04-18-56-24\\trained_model\\model.pkl')
