[2023-05-07 13:13:15,805] root - INFO - Training pipleine config: TrainingPipelineConfig(artifact_dir='C:\\Users\\Admin\\Documents\\Shipment_pricing_Project\\shipment\\artifact')
[2023-05-07 13:13:15,805] root - INFO - Data Ingestion config: DataIngestionConfig(dataset_download_url='https://raw.githubusercontent.com/Hitesh-Nimbalkar/Shipment_Pricing_EDA/main/SCMS_Delivery_History_Dataset.csv', raw_data_dir='C:\\Users\\Admin\\Documents\\Shipment_pricing_Project\\shipment\\artifact\\data_ingestion\\2023-05-07-13-13-14\\raw_data', ingested_train_dir='C:\\Users\\Admin\\Documents\\Shipment_pricing_Project\\shipment\\artifact\\data_ingestion\\2023-05-07-13-13-14\\ingested_data\\train', ingested_test_dir='C:\\Users\\Admin\\Documents\\Shipment_pricing_Project\\shipment\\artifact\\data_ingestion\\2023-05-07-13-13-14\\ingested_data\\test')
[2023-05-07 13:13:15,805] root - INFO - >>>>>>>>>>>>>>>>>>>>>>>>>>>>>>>>>>>>>>>>>>>>>>>>>>>>>>>>>>>>Data Ingestion log started.<<<<<<<<<<<<<<<<<<<<<<<<<<<<<<<<<<<<<<<<<<<<<<<<<<<<<<<<<<<< 


[2023-05-07 13:13:15,806] root - INFO - Downloading file from :[https://raw.githubusercontent.com/Hitesh-Nimbalkar/Shipment_Pricing_EDA/main/SCMS_Delivery_History_Dataset.csv] into :[C:\Users\Admin\Documents\Shipment_pricing_Project\shipment\artifact\data_ingestion\2023-05-07-13-13-14\raw_data\SCMS_Delivery_History_Dataset.csv]
[2023-05-07 13:13:20,374] root - INFO - File :[C:\Users\Admin\Documents\Shipment_pricing_Project\shipment\artifact\data_ingestion\2023-05-07-13-13-14\raw_data\SCMS_Delivery_History_Dataset.csv] has been downloaded successfully.
[2023-05-07 13:13:20,374] root - INFO - Reading csv file: [C:\Users\Admin\Documents\Shipment_pricing_Project\shipment\artifact\data_ingestion\2023-05-07-13-13-14\raw_data\SCMS_Delivery_History_Dataset.csv]
[2023-05-07 13:13:20,435] root - INFO - Splitting data into train and test
[2023-05-07 13:13:20,440] root - INFO - Exporting training dataset to file: [C:\Users\Admin\Documents\Shipment_pricing_Project\shipment\artifact\data_ingestion\2023-05-07-13-13-14\ingested_data\train\SCMS_Delivery_History_Dataset.csv]
[2023-05-07 13:13:20,535] root - INFO - Exporting test dataset to file: [C:\Users\Admin\Documents\Shipment_pricing_Project\shipment\artifact\data_ingestion\2023-05-07-13-13-14\ingested_data\test\SCMS_Delivery_History_Dataset.csv]
[2023-05-07 13:13:20,559] root - INFO - Data Ingestion artifact:[DataIngestionArtifact(train_file_path='C:\\Users\\Admin\\Documents\\Shipment_pricing_Project\\shipment\\artifact\\data_ingestion\\2023-05-07-13-13-14\\ingested_data\\train\\SCMS_Delivery_History_Dataset.csv', test_file_path='C:\\Users\\Admin\\Documents\\Shipment_pricing_Project\\shipment\\artifact\\data_ingestion\\2023-05-07-13-13-14\\ingested_data\\test\\SCMS_Delivery_History_Dataset.csv', is_ingested=True, message='Data ingestion completed successfully.')]
[2023-05-07 13:13:20,561] root - INFO - >>>>>>>>>>>>>>>>>>>>>>>>>>>>>>>>>>>>>>>>>>>>>>>>>>>>>>>>>>>>Data Validation log started.<<<<<<<<<<<<<<<<<<<<<<<<<<<<<<<<<<<<<<<<<<<<<<<<<<<<<<<<<<<< 


[2023-05-07 13:13:20,568] root - INFO - Validation Process Started
[2023-05-07 13:13:20,772] root - INFO - Train_set status|is Train filename validated?: True|is train column name validated?: True|whole missing columns?True
[2023-05-07 13:13:20,772] root - INFO - Test_set status|is Test filename validated?: True|is test column names validated? True| whole missing columns? True
[2023-05-07 13:13:20,772] root - INFO - Validation Process Completed
[2023-05-07 13:13:20,772] root - INFO - Data validation artifact: DataValidationArtifact(schema_file_path='C:\\Users\\Admin\\Documents\\Shipment_pricing_Project\\config\\schema.yaml', is_validated=True, message='Data validation performed')
[2023-05-07 13:13:20,772] root - INFO - >>>>>>>>>>>>>>>>>>>>>>>>>>>>>>>>>>>>>>>>>>>>>>>>>>>>>>>>>>>>Data Validation log completed.<<<<<<<<<<<<<<<<<<<<<<<<<<<<<<<<<<<<<<<<<<<<<<<<<<<<<<<<<<<<
[2023-05-07 13:13:20,772] root - INFO - Data Transformation Config: DataTransformationConfig(transformed_train_dir='C:\\Users\\Admin\\Documents\\Shipment_pricing_Project\\shipment\\artifact\\data_transformation\\2023-05-07-13-13-14\\transformed_data\\train', transformed_test_dir='C:\\Users\\Admin\\Documents\\Shipment_pricing_Project\\shipment\\artifact\\data_transformation\\2023-05-07-13-13-14\\transformed_data\\test', preprocessed_object_file_path='C:\\Users\\Admin\\Documents\\Shipment_pricing_Project\\shipment\\artifact\\data_transformation\\2023-05-07-13-13-14\\preprocessed\\preprocessed.pkl', feature_engineering_object_file_path='C:\\Users\\Admin\\Documents\\Shipment_pricing_Project\\shipment\\artifact\\data_transformation\\2023-05-07-13-13-14\\preprocessed\\feat_eng.pkl')
[2023-05-07 13:13:20,772] root - INFO - 
******************** Data Transformation log started ********************


[2023-05-07 13:13:20,772] root - INFO - Obtaining training and test file path.
[2023-05-07 13:13:20,772] root - INFO - Loading training and test data as pandas dataframe.
[2023-05-07 13:13:20,830] root - INFO - Extracting train column name ['ID', 'Project_Code', 'PQ', 'PO/SO', 'ASN/DN', 'Country', 'Managed_By', 'Fulfill_Via', 'Vendor_INCO_Term', 'Shipment_Mode', 'PQ_First_Sent_to_Client_Date', 'PO_Sent_to_Vendor_Date', 'Scheduled_Delivery_Date', 'Delivered_to_Client_Date', 'Delivery_Recorded_Date', 'Product_Group', 'Sub_Classification', 'Vendor', 'Item_Description', 'Molecule/Test_Type', 'Brand', 'Dosage', 'Dosage_Form', 'Unit_of_Measure_(Per_Pack)', 'Line_Item_Quantity', 'Line_Item_Value', 'Pack_Price', 'Unit_Price', 'Manufacturing_Site', 'First_Line_Designation', 'Weight_(Kilograms)', 'Freight_Cost_(USD)', 'Line_Item_Insurance_(USD)']
[2023-05-07 13:13:20,830] root - INFO - Obtaining feature engineering object.
[2023-05-07 13:13:20,830] root - INFO - 
******************** Feature Engneering Started ********************


[2023-05-07 13:13:20,830] root - INFO - Applying feature engineering object on training dataframe and testing dataframe
[2023-05-07 13:13:20,830] root - INFO - Feature Enineering - Train Data 
[2023-05-07 13:13:24,790] root - INFO - Weight and Freight Cost Data Clean Completed
[2023-05-07 13:13:24,792] root - INFO - Drop Columns Complete
[2023-05-07 13:13:24,827] root - INFO -  >>>>>>>>>>>>  Columns Modififcation Complete  <<<<<<<<<<
[2023-05-07 13:13:24,827] root - INFO - Outlier Detection
[2023-05-07 13:13:24,897] root - INFO - Outlier Detection Complete
[2023-05-07 13:13:24,897] root - INFO - Columns before encoding: Index(['Country', 'Fulfill_Via', 'Shipment_Mode', 'Sub_Classification',
       'Line_Item_Quantity', 'Pack_Price', 'Unit_Price',
       'First_Line_Designation', 'Freight_Cost_USD_Clean',
       'Weight_Kilograms_Clean'],
      dtype='object')
[2023-05-07 13:13:24,898] root - INFO - Unique values of Country: ["Côte d'Ivoire" 'Congo, DRC' 'Zambia' 'Mozambique' 'Haiti' 'Ghana'
 'Tanzania' 'Rwanda' 'Ethiopia' 'Zimbabwe' 'Vietnam' 'Nigeria' 'Kenya'
 'South Africa' 'Uganda' 'South Sudan' 'Sudan' 'Others' 'Guyana'
 'Cameroon' 'Dominican Republic' 'Burundi' 'Namibia' 'Botswana']
[2023-05-07 13:13:24,898] root - INFO - 

[2023-05-07 13:13:24,898] root - INFO - Number of unique values of Country: 24
[2023-05-07 13:13:24,899] root - INFO - Unique values of Fulfill_Via: ['From RDC' 'Direct Drop']
[2023-05-07 13:13:24,899] root - INFO - 

[2023-05-07 13:13:24,899] root - INFO - Number of unique values of Fulfill_Via: 2
[2023-05-07 13:13:24,899] root - INFO - Unique values of Shipment_Mode: ['Truck' 'Air' 'Ocean' 'Air Charter']
[2023-05-07 13:13:24,899] root - INFO - 

[2023-05-07 13:13:24,899] root - INFO - Number of unique values of Shipment_Mode: 4
[2023-05-07 13:13:24,899] root - INFO - Unique values of Sub_Classification: ['Pediatric' 'Adult' 'HIV test' 'HIV test - Ancillary' 'ACT' 'Malaria']
[2023-05-07 13:13:24,899] root - INFO - 

[2023-05-07 13:13:24,899] root - INFO - Number of unique values of Sub_Classification: 6
[2023-05-07 13:13:24,900] root - INFO - Unique values of First_Line_Designation: ['Yes' 'No']
[2023-05-07 13:13:24,900] root - INFO - 

[2023-05-07 13:13:24,900] root - INFO - Number of unique values of First_Line_Designation: 2
[2023-05-07 13:13:24,900] root - INFO - Mapping for Country: {"Côte d'Ivoire": 0, 'Congo, DRC': 1, 'Zambia': 2, 'Mozambique': 3, 'Haiti': 4, 'Ghana': 5, 'Tanzania': 6, 'Rwanda': 7, 'Ethiopia': 8, 'Zimbabwe': 9, 'Vietnam': 10, 'Nigeria': 11, 'Kenya': 12, 'South Africa': 13, 'Uganda': 14, 'South Sudan': 15, 'Sudan': 16, 'Others': 17, 'Guyana': 18, 'Cameroon': 19, 'Dominican Republic': 20, 'Burundi': 21, 'Namibia': 22, 'Botswana': 23}
[2023-05-07 13:13:24,900] root - INFO - Mapping for Fulfill_Via: {'From RDC': 0, 'Direct Drop': 1}
[2023-05-07 13:13:24,901] root - INFO - Mapping for Shipment_Mode: {'Truck': 0, 'Air': 1, 'Ocean': 2, 'Air Charter': 3}
[2023-05-07 13:13:24,901] root - INFO - Mapping for Sub_Classification: {'Pediatric': 0, 'Adult': 1, 'HIV test': 2, 'HIV test - Ancillary': 3, 'ACT': 4, 'Malaria': 5}
[2023-05-07 13:13:24,901] root - INFO - Mapping for First_Line_Designation: {'Yes': 0, 'No': 1}
[2023-05-07 13:13:24,904] root - INFO - Data Modified  Completed and Saved 
[2023-05-07 13:13:24,905] root - INFO - New Column Order ['Pack_Price', 'Unit_Price', 'Weight_Kilograms_Clean', 'Line_Item_Quantity', 'Fulfill_Via', 'Shipment_Mode', 'Country', 'Sub_Classification', 'First_Line_Designation', 'Freight_Cost_USD_Clean']
[2023-05-07 13:13:24,907] root - INFO - Datatypes : Pack_Price                float64
Unit_Price                float64
Weight_Kilograms_Clean    float64
Line_Item_Quantity          int64
Fulfill_Via                 int64
Shipment_Mode               int64
Country                     int64
Sub_Classification          int64
First_Line_Designation      int64
Freight_Cost_USD_Clean    float64
dtype: object
[2023-05-07 13:13:24,927] root - INFO - Columns : Index(['Pack_Price', 'Unit_Price', 'Weight_Kilograms_Clean',
       'Line_Item_Quantity', 'Fulfill_Via', 'Shipment_Mode', 'Country',
       'Sub_Classification', 'First_Line_Designation',
       'Freight_Cost_USD_Clean'],
      dtype='object')
[2023-05-07 13:13:24,927] root - INFO - Feature Enineering - Test Data 
[2023-05-07 13:13:25,901] root - INFO - Weight and Freight Cost Data Clean Completed
[2023-05-07 13:13:25,901] root - INFO - Drop Columns Complete
[2023-05-07 13:13:25,924] root - INFO -  >>>>>>>>>>>>  Columns Modififcation Complete  <<<<<<<<<<
[2023-05-07 13:13:25,924] root - INFO - Outlier Detection
[2023-05-07 13:13:25,966] root - INFO - Outlier Detection Complete
[2023-05-07 13:13:25,968] root - INFO - Columns before encoding: Index(['Country', 'Fulfill_Via', 'Shipment_Mode', 'Sub_Classification',
       'Line_Item_Quantity', 'Pack_Price', 'Unit_Price',
       'First_Line_Designation', 'Freight_Cost_USD_Clean',
       'Weight_Kilograms_Clean'],
      dtype='object')
[2023-05-07 13:13:25,968] root - INFO - Unique values of Country: ['Zambia' 'Ethiopia' 'Nigeria' 'Tanzania' "Côte d'Ivoire" 'Mozambique'
 'Others' 'Zimbabwe' 'South Africa' 'Rwanda' 'Haiti' 'Vietnam' 'Uganda']
[2023-05-07 13:13:25,968] root - INFO - 

[2023-05-07 13:13:25,970] root - INFO - Number of unique values of Country: 13
[2023-05-07 13:13:25,970] root - INFO - Unique values of Fulfill_Via: ['From RDC' 'Direct Drop']
[2023-05-07 13:13:25,970] root - INFO - 

[2023-05-07 13:13:25,970] root - INFO - Number of unique values of Fulfill_Via: 2
[2023-05-07 13:13:25,970] root - INFO - Unique values of Shipment_Mode: ['Truck' 'Air' 'Air Charter' 'Ocean']
[2023-05-07 13:13:25,970] root - INFO - 

[2023-05-07 13:13:25,970] root - INFO - Number of unique values of Shipment_Mode: 4
[2023-05-07 13:13:25,970] root - INFO - Unique values of Sub_Classification: ['Adult' 'Pediatric' 'HIV test' 'HIV test - Ancillary' 'Malaria' 'ACT']
[2023-05-07 13:13:25,970] root - INFO - 

[2023-05-07 13:13:25,970] root - INFO - Number of unique values of Sub_Classification: 6
[2023-05-07 13:13:25,970] root - INFO - Unique values of First_Line_Designation: ['Yes' 'No']
[2023-05-07 13:13:25,970] root - INFO - 

[2023-05-07 13:13:25,970] root - INFO - Number of unique values of First_Line_Designation: 2
[2023-05-07 13:13:25,970] root - INFO - Mapping for Country: {'Zambia': 0, 'Ethiopia': 1, 'Nigeria': 2, 'Tanzania': 3, "Côte d'Ivoire": 4, 'Mozambique': 5, 'Others': 6, 'Zimbabwe': 7, 'South Africa': 8, 'Rwanda': 9, 'Haiti': 10, 'Vietnam': 11, 'Uganda': 12}
[2023-05-07 13:13:25,971] root - INFO - Mapping for Fulfill_Via: {'From RDC': 0, 'Direct Drop': 1}
[2023-05-07 13:13:25,971] root - INFO - Mapping for Shipment_Mode: {'Truck': 0, 'Air': 1, 'Air Charter': 2, 'Ocean': 3}
[2023-05-07 13:13:25,971] root - INFO - Mapping for Sub_Classification: {'Adult': 0, 'Pediatric': 1, 'HIV test': 2, 'HIV test - Ancillary': 3, 'Malaria': 4, 'ACT': 5}
[2023-05-07 13:13:25,971] root - INFO - Mapping for First_Line_Designation: {'Yes': 0, 'No': 1}
[2023-05-07 13:13:25,973] root - INFO - Data Modified  Completed and Saved 
[2023-05-07 13:13:25,974] root - INFO - New Column Order ['Pack_Price', 'Unit_Price', 'Weight_Kilograms_Clean', 'Line_Item_Quantity', 'Fulfill_Via', 'Shipment_Mode', 'Country', 'Sub_Classification', 'First_Line_Designation', 'Freight_Cost_USD_Clean']
[2023-05-07 13:13:25,977] root - INFO - Datatypes : Pack_Price                float64
Unit_Price                float64
Weight_Kilograms_Clean    float64
Line_Item_Quantity          int64
Fulfill_Via                 int64
Shipment_Mode               int64
Country                     int64
Sub_Classification          int64
First_Line_Designation      int64
Freight_Cost_USD_Clean    float64
dtype: object
[2023-05-07 13:13:25,985] root - INFO - Columns : Index(['Pack_Price', 'Unit_Price', 'Weight_Kilograms_Clean',
       'Line_Item_Quantity', 'Fulfill_Via', 'Shipment_Mode', 'Country',
       'Sub_Classification', 'First_Line_Designation',
       'Freight_Cost_USD_Clean'],
      dtype='object')
[2023-05-07 13:13:25,986] root - INFO - Converting featured engineered array into dataframe.
[2023-05-07 13:13:25,986] root - INFO - Columns for Feature Engineering : ['Pack_Price', 'Unit_Price', 'Weight_Kilograms_Clean', 'Line_Item_Quantity', 'Fulfill_Via', 'Shipment_Mode', 'Country', 'Sub_Classification', 'First_Line_Designation', 'Freight_Cost_USD_Clean']
[2023-05-07 13:13:25,986] root - INFO - Feature Engineering - Train Completed
[2023-05-07 13:13:25,986] root - INFO - Saving feature engineered training and testing dataframe.
[2023-05-07 13:13:25,988] root - INFO - Applying preprocessing object on training dataframe and testing dataframe
[2023-05-07 13:13:25,988] root - INFO - Creating Data Transformer Object
[2023-05-07 13:13:26,003] root - INFO - Saving Transformed Train and Transformed test file
[2023-05-07 13:13:26,056] root - INFO - Transformed Train and Transformed test file saved
[2023-05-07 13:13:26,056] root - INFO - Saving Feature Engineering Object
[2023-05-07 13:13:26,058] root - INFO - Saving Preprocessing Object
[2023-05-07 13:13:26,060] root - INFO - Data Transformation Artifact: DataTransformationArtifact(is_transformed=True, message='Data transformation successfull.', transformed_train_file_path='C:\\Users\\Admin\\Documents\\Shipment_pricing_Project\\shipment\\artifact\\data_transformation\\2023-05-07-13-13-14\\transformed_data\\train\\transformed_train.csv', transformed_test_file_path='C:\\Users\\Admin\\Documents\\Shipment_pricing_Project\\shipment\\artifact\\data_transformation\\2023-05-07-13-13-14\\transformed_data\\test\\transformed_test.csv', preprocessed_object_file_path='C:\\Users\\Admin\\Documents\\Shipment_pricing_Project\\shipment\\artifact\\data_transformation\\2023-05-07-13-13-14\\preprocessed\\preprocessed.pkl', feature_engineering_object_file_path='C:\\Users\\Admin\\Documents\\Shipment_pricing_Project\\shipment\\artifact\\data_transformation\\2023-05-07-13-13-14\\preprocessed\\feat_eng.pkl')
[2023-05-07 13:13:26,062] root - INFO - 
******************** Data Transformation log completed ********************


[2023-05-07 13:13:26,062] root - INFO - Model Trainer Config : ModelTrainerConfig(trained_model_file_path='C:\\Users\\Admin\\Documents\\Shipment_pricing_Project\\shipment\\artifact\\model_training\\2023-05-07-13-13-14\\trained_model\\model.pkl')
[2023-05-07 13:13:26,062] root - INFO - 
******************** Model Training started ********************


[2023-05-07 13:13:26,062] root - INFO - Finding transformed Training and Test
[2023-05-07 13:13:26,062] root - INFO - Transformed Data found!!! Now, converting it into dataframe
[2023-05-07 13:13:26,093] root - INFO - Splitting Input features and Target Feature for train and test data
[2023-05-07 13:13:26,094] root - INFO - Best Model Finder function called
[2023-05-07 13:13:26,094] root - INFO - 
******************** Bayesian Optimization started ********************


[2023-05-07 13:13:26,094] root - INFO - Fitting XG_Boost...
[2023-05-07 13:13:26,105] root - ERROR - 
        Error occured in script: [C:\Users\Admin\Documents\Shipment_pricing_Project\Shipment_Pricing\pipeline\pipeline.py] at 
        line number: [91] 
        error message: [
        Error occured in script: [C:\Users\Admin\Documents\Shipment_pricing_Project\Shipment_Pricing\pipeline\pipeline.py] at 
        line number: [66] 
        error message: [
        Error occured in script: [C:\Users\Admin\Documents\Shipment_pricing_Project\Shipment_Pricing\components\model_trainer.py] at 
        line number: [168] 
        error message: [module 'numpy' has no attribute 'int'.
`np.int` was a deprecated alias for the builtin `int`. To avoid this error in existing code, use `int` by itself. Doing this will not modify any behavior and is safe. When replacing `np.int`, you may wish to use e.g. `np.int64` or `np.int32` to specify the precision. If you wish to review your current use, check the release note link for additional information.
The aliases was originally deprecated in NumPy 1.20; for more details and guidance see the original release note at:
    https://numpy.org/devdocs/release/1.20.0-notes.html#deprecations]]]
[2023-05-07 13:13:26,109] root - INFO - 
******************** Model Training log completed ********************


