[2023-05-05 16:50:13,397] root - INFO - Training pipleine config: TrainingPipelineConfig(artifact_dir='C:\\Users\\Admin\\Documents\\Shipment_pricing_Project\\shipment\\artifact')
[2023-05-05 16:50:13,398] root - INFO - Data Ingestion config: DataIngestionConfig(dataset_download_url='https://raw.githubusercontent.com/Hitesh-Nimbalkar/Shipment_Pricing_EDA/main/SCMS_Delivery_History_Dataset.csv', raw_data_dir='C:\\Users\\Admin\\Documents\\Shipment_pricing_Project\\shipment\\artifact\\data_ingestion\\2023-05-05-16-50-12\\raw_data', ingested_train_dir='C:\\Users\\Admin\\Documents\\Shipment_pricing_Project\\shipment\\artifact\\data_ingestion\\2023-05-05-16-50-12\\ingested_data\\train', ingested_test_dir='C:\\Users\\Admin\\Documents\\Shipment_pricing_Project\\shipment\\artifact\\data_ingestion\\2023-05-05-16-50-12\\ingested_data\\test')
[2023-05-05 16:50:13,399] root - INFO - >>>>>>>>>>>>>>>>>>>>>>>>>>>>>>>>>>>>>>>>>>>>>>>>>>>>>>>>>>>>Data Ingestion log started.<<<<<<<<<<<<<<<<<<<<<<<<<<<<<<<<<<<<<<<<<<<<<<<<<<<<<<<<<<<< 


[2023-05-05 16:50:13,399] root - INFO - Downloading file from :[https://raw.githubusercontent.com/Hitesh-Nimbalkar/Shipment_Pricing_EDA/main/SCMS_Delivery_History_Dataset.csv] into :[C:\Users\Admin\Documents\Shipment_pricing_Project\shipment\artifact\data_ingestion\2023-05-05-16-50-12\raw_data\SCMS_Delivery_History_Dataset.csv]
[2023-05-05 16:50:14,623] root - INFO - File :[C:\Users\Admin\Documents\Shipment_pricing_Project\shipment\artifact\data_ingestion\2023-05-05-16-50-12\raw_data\SCMS_Delivery_History_Dataset.csv] has been downloaded successfully.
[2023-05-05 16:50:14,623] root - INFO - Reading csv file: [C:\Users\Admin\Documents\Shipment_pricing_Project\shipment\artifact\data_ingestion\2023-05-05-16-50-12\raw_data\SCMS_Delivery_History_Dataset.csv]
[2023-05-05 16:50:14,684] root - INFO - Splitting data into train and test
[2023-05-05 16:50:14,689] root - INFO - Exporting training dataset to file: [C:\Users\Admin\Documents\Shipment_pricing_Project\shipment\artifact\data_ingestion\2023-05-05-16-50-12\ingested_data\train\SCMS_Delivery_History_Dataset.csv]
[2023-05-05 16:50:14,775] root - INFO - Exporting test dataset to file: [C:\Users\Admin\Documents\Shipment_pricing_Project\shipment\artifact\data_ingestion\2023-05-05-16-50-12\ingested_data\test\SCMS_Delivery_History_Dataset.csv]
[2023-05-05 16:50:14,797] root - INFO - Data Ingestion artifact:[DataIngestionArtifact(train_file_path='C:\\Users\\Admin\\Documents\\Shipment_pricing_Project\\shipment\\artifact\\data_ingestion\\2023-05-05-16-50-12\\ingested_data\\train\\SCMS_Delivery_History_Dataset.csv', test_file_path='C:\\Users\\Admin\\Documents\\Shipment_pricing_Project\\shipment\\artifact\\data_ingestion\\2023-05-05-16-50-12\\ingested_data\\test\\SCMS_Delivery_History_Dataset.csv', is_ingested=True, message='Data ingestion completed successfully.')]
[2023-05-05 16:50:14,799] root - INFO - >>>>>>>>>>>>>>>>>>>>>>>>>>>>>>>>>>>>>>>>>>>>>>>>>>>>>>>>>>>>Data Validation log started.<<<<<<<<<<<<<<<<<<<<<<<<<<<<<<<<<<<<<<<<<<<<<<<<<<<<<<<<<<<< 


[2023-05-05 16:50:14,808] root - INFO - Validation Process Started
[2023-05-05 16:50:15,011] root - INFO - Train_set status|is Train filename validated?: True|is train column name validated?: True|whole missing columns?True
[2023-05-05 16:50:15,011] root - INFO - Test_set status|is Test filename validated?: True|is test column names validated? True| whole missing columns? True
[2023-05-05 16:50:15,011] root - INFO - Validation Process Completed
[2023-05-05 16:50:15,011] root - INFO - Data validation artifact: DataValidationArtifact(schema_file_path='C:\\Users\\Admin\\Documents\\Shipment_pricing_Project\\config\\schema.yaml', is_validated=True, message='Data validation performed')
[2023-05-05 16:50:15,011] root - INFO - >>>>>>>>>>>>>>>>>>>>>>>>>>>>>>>>>>>>>>>>>>>>>>>>>>>>>>>>>>>>Data Validation log completed.<<<<<<<<<<<<<<<<<<<<<<<<<<<<<<<<<<<<<<<<<<<<<<<<<<<<<<<<<<<<
[2023-05-05 16:50:15,011] root - INFO - Data Transformation Config: DataTransformationConfig(transformed_train_dir='C:\\Users\\Admin\\Documents\\Shipment_pricing_Project\\shipment\\artifact\\data_transformation\\2023-05-05-16-50-12\\transformed_data\\train', transformed_test_dir='C:\\Users\\Admin\\Documents\\Shipment_pricing_Project\\shipment\\artifact\\data_transformation\\2023-05-05-16-50-12\\transformed_data\\test', preprocessed_object_file_path='C:\\Users\\Admin\\Documents\\Shipment_pricing_Project\\shipment\\artifact\\data_transformation\\2023-05-05-16-50-12\\preprocessed\\preprocessed.pkl', feature_engineering_object_file_path='C:\\Users\\Admin\\Documents\\Shipment_pricing_Project\\shipment\\artifact\\data_transformation\\2023-05-05-16-50-12\\preprocessed\\feat_eng.pkl')
[2023-05-05 16:50:15,011] root - INFO - 
******************** Data Transformation log started ********************


[2023-05-05 16:50:15,011] root - INFO - Obtaining training and test file path.
[2023-05-05 16:50:15,011] root - INFO - Loading training and test data as pandas dataframe.
[2023-05-05 16:50:15,072] root - INFO - Obtaining feature engineering object.
[2023-05-05 16:50:15,072] root - INFO - 
******************** Feature Engneering Started ********************


[2023-05-05 16:50:15,072] root - INFO - Applying feature engineering object on training dataframe and testing dataframe
[2023-05-05 16:50:15,072] root - INFO - Feature Enineering - Train Data 
[2023-05-05 16:50:19,001] root - INFO - Weight and Freight Cost Data Clean Completed
[2023-05-05 16:50:19,002] root - INFO - Columns Dropped
[2023-05-05 16:50:19,003] root - INFO - Columns After dropping Index(['Country', 'Fulfill_Via', 'Shipment_Mode', 'Product_Group',
       'Sub_Classification', 'Vendor', 'Brand', 'Dosage_Form',
       'Unit_of_Measure_(Per_Pack)', 'Line_Item_Quantity', 'Pack_Price',
       'Unit_Price', 'First_Line_Designation', 'Freight_Cost_USD_Clean',
       'Weight_Kilograms_Clean'],
      dtype='object')
[2023-05-05 16:50:19,007] root - INFO - Categorical columns: ['Country', 'Fulfill_Via', 'Shipment_Mode', 'Product_Group', 'Sub_Classification', 'Vendor', 'Brand', 'Dosage_Form', 'First_Line_Designation']
[2023-05-05 16:50:19,007] root - INFO - Numeric columns: ['Unit_of_Measure_(Per_Pack)', 'Line_Item_Quantity', 'Pack_Price', 'Unit_Price', 'Freight_Cost_USD_Clean', 'Weight_Kilograms_Clean']
[2023-05-05 16:50:19,008] root - INFO -  >>>>>>>>>>>>   Missing Fills :  Shipment_Mode,Manufacturing_Site,Country,Brand <<<<<<<<<<
[2023-05-05 16:50:19,020] root - INFO -  >>>>>>>>>>>>  Columns Modififcation Complete  <<<<<<<<<<
[2023-05-05 16:50:19,023] root - INFO - Outlier Detection Completed
[2023-05-05 16:50:19,053] root - INFO - Columns Before encoding Index(['Country', 'Fulfill_Via', 'Shipment_Mode', 'Product_Group',
       'Sub_Classification', 'Vendor', 'Brand', 'Dosage_Form',
       'Unit_of_Measure_(Per_Pack)', 'Line_Item_Quantity', 'Pack_Price',
       'Unit_Price', 'First_Line_Designation', 'Freight_Cost_USD_Clean',
       'Weight_Kilograms_Clean'],
      dtype='object')
[2023-05-05 16:50:19,090] root - INFO - Data Wrangling Completed
[2023-05-05 16:50:19,090] root - INFO - Columns after data wrangling:
['Country', 'Fulfill_Via', 'Shipment_Mode', 'Product_Group', 'Sub_Classification', 'Vendor', 'Brand', 'Dosage_Form', 'Unit_of_Measure_(Per_Pack)', 'Line_Item_Quantity', 'Pack_Price', 'Unit_Price', 'First_Line_Designation', 'Freight_Cost_USD_Clean', 'Weight_Kilograms_Clean']
[2023-05-05 16:50:19,116] root - INFO - Feature Enineering - Test Data 
[2023-05-05 16:50:20,053] root - INFO - Weight and Freight Cost Data Clean Completed
[2023-05-05 16:50:20,053] root - INFO - Columns Dropped
[2023-05-05 16:50:20,053] root - INFO - Columns After dropping Index(['Country', 'Fulfill_Via', 'Shipment_Mode', 'Product_Group',
       'Sub_Classification', 'Vendor', 'Brand', 'Dosage_Form',
       'Unit_of_Measure_(Per_Pack)', 'Line_Item_Quantity', 'Pack_Price',
       'Unit_Price', 'First_Line_Designation', 'Freight_Cost_USD_Clean',
       'Weight_Kilograms_Clean'],
      dtype='object')
[2023-05-05 16:50:20,057] root - INFO - Categorical columns: ['Country', 'Fulfill_Via', 'Shipment_Mode', 'Product_Group', 'Sub_Classification', 'Vendor', 'Brand', 'Dosage_Form', 'First_Line_Designation']
[2023-05-05 16:50:20,057] root - INFO - Numeric columns: ['Unit_of_Measure_(Per_Pack)', 'Line_Item_Quantity', 'Pack_Price', 'Unit_Price', 'Freight_Cost_USD_Clean', 'Weight_Kilograms_Clean']
[2023-05-05 16:50:20,057] root - INFO -  >>>>>>>>>>>>   Missing Fills :  Shipment_Mode,Manufacturing_Site,Country,Brand <<<<<<<<<<
[2023-05-05 16:50:20,061] root - INFO -  >>>>>>>>>>>>  Columns Modififcation Complete  <<<<<<<<<<
[2023-05-05 16:50:20,065] root - INFO - Outlier Detection Completed
[2023-05-05 16:50:20,071] root - INFO - Columns Before encoding Index(['Country', 'Fulfill_Via', 'Shipment_Mode', 'Product_Group',
       'Sub_Classification', 'Vendor', 'Brand', 'Dosage_Form',
       'Unit_of_Measure_(Per_Pack)', 'Line_Item_Quantity', 'Pack_Price',
       'Unit_Price', 'First_Line_Designation', 'Freight_Cost_USD_Clean',
       'Weight_Kilograms_Clean'],
      dtype='object')
[2023-05-05 16:50:20,088] root - INFO - Data Wrangling Completed
[2023-05-05 16:50:20,088] root - INFO - Columns after data wrangling:
['Country', 'Fulfill_Via', 'Shipment_Mode', 'Product_Group', 'Sub_Classification', 'Vendor', 'Brand', 'Dosage_Form', 'Unit_of_Measure_(Per_Pack)', 'Line_Item_Quantity', 'Pack_Price', 'Unit_Price', 'First_Line_Designation', 'Freight_Cost_USD_Clean', 'Weight_Kilograms_Clean']
[2023-05-05 16:50:20,094] root - INFO - Obtaining data transformer object.
[2023-05-05 16:50:20,095] root - INFO - Converting featured engineered array into dataframe.
[2023-05-05 16:50:20,133] root - INFO - Splitting input and target feature from training and testing dataframe.
[2023-05-05 16:50:20,135] root - INFO - Colums before transformer object MultiIndex([(                   'Country',),
            (               'Fulfill_Via',),
            (             'Shipment_Mode',),
            (             'Product_Group',),
            (        'Sub_Classification',),
            (                    'Vendor',),
            (                     'Brand',),
            (               'Dosage_Form',),
            ('Unit_of_Measure_(Per_Pack)',),
            (        'Line_Item_Quantity',),
            (                'Pack_Price',),
            (                'Unit_Price',),
            (    'First_Line_Designation',),
            (    'Weight_Kilograms_Clean',)],
           )
[2023-05-05 16:50:20,171] root - INFO - Obtaining preprocessing object.
[2023-05-05 16:50:20,171] root - INFO - Creating Data Transformer Object
[2023-05-05 16:50:20,185] root - INFO - Numerical Columns:      Country Fulfill_Via Shipment_Mode Product_Group  ... Pack_Price Unit_Price First_Line_Designation Weight_Kilograms_Clean
0        0.0         0.0           0.0           0.0  ...       4.00       0.13                    0.0                  243.0
1        1.0         0.0           1.0           0.0  ...      11.23       0.19                    0.0                 1630.0
2        2.0         0.0           1.0           0.0  ...      26.25       0.88                    0.0                 1620.0
3        3.0         1.0           1.0           1.0  ...      32.00       1.60                    0.0                  298.0
4        4.0         1.0           2.0           0.0  ...      10.50       0.35                    0.0                 7140.0
...      ...         ...           ...           ...  ...        ...        ...                    ...                    ...
6485    10.0         1.0           1.0           0.0  ...      60.82       0.51                    0.0                  826.0
6486    19.0         1.0           1.0           0.0  ...       2.25       0.04                    1.0                 2993.0
6487    18.0         1.0           1.0           1.0  ...      32.00       1.60                    0.0                 1062.0
6488    10.0         1.0           1.0           0.0  ...       2.25       0.04                    0.0                   91.0
6489     6.0         1.0           1.0           1.0  ...      80.00       0.80                    0.0                  268.0

[6490 rows x 14 columns]
[2023-05-05 16:50:20,185] root - INFO - Applying preprocessing object on training dataframe and testing dataframe
[2023-05-05 16:50:20,185] root - ERROR - 
        Error occured in script: [C:\Users\Admin\Documents\Shipment_pricing_Project\Shipment_Pricing\pipeline\pipeline.py] at 
        line number: [89] 
        error message: [
        Error occured in script: [C:\Users\Admin\Documents\Shipment_pricing_Project\Shipment_Pricing\pipeline\pipeline.py] at 
        line number: [57] 
        error message: [
        Error occured in script: [C:\Users\Admin\Documents\Shipment_pricing_Project\Shipment_Pricing\components\data_transformation.py] at 
        line number: [508] 
        error message: [No valid specification of the columns. Only a scalar, list or slice of all integers or all strings, or boolean mask is allowed]]]
[2023-05-05 16:50:20,188] root - INFO - 
******************** Data Transformation log completed ********************


