[2023-05-07 14:22:58,908] root - INFO - Training pipleine config: TrainingPipelineConfig(artifact_dir='C:\\Users\\Admin\\Documents\\Shipment_pricing_Project\\shipment\\artifact')
[2023-05-07 14:22:58,908] root - INFO - Data Ingestion config: DataIngestionConfig(dataset_download_url='https://raw.githubusercontent.com/Hitesh-Nimbalkar/Shipment_Pricing_EDA/main/SCMS_Delivery_History_Dataset.csv', raw_data_dir='C:\\Users\\Admin\\Documents\\Shipment_pricing_Project\\shipment\\artifact\\data_ingestion\\2023-05-07-14-22-57\\raw_data', ingested_train_dir='C:\\Users\\Admin\\Documents\\Shipment_pricing_Project\\shipment\\artifact\\data_ingestion\\2023-05-07-14-22-57\\ingested_data\\train', ingested_test_dir='C:\\Users\\Admin\\Documents\\Shipment_pricing_Project\\shipment\\artifact\\data_ingestion\\2023-05-07-14-22-57\\ingested_data\\test')
[2023-05-07 14:22:58,909] root - INFO - >>>>>>>>>>>>>>>>>>>>>>>>>>>>>>>>>>>>>>>>>>>>>>>>>>>>>>>>>>>>Data Ingestion log started.<<<<<<<<<<<<<<<<<<<<<<<<<<<<<<<<<<<<<<<<<<<<<<<<<<<<<<<<<<<< 


[2023-05-07 14:22:58,909] root - INFO - Downloading file from :[https://raw.githubusercontent.com/Hitesh-Nimbalkar/Shipment_Pricing_EDA/main/SCMS_Delivery_History_Dataset.csv] into :[C:\Users\Admin\Documents\Shipment_pricing_Project\shipment\artifact\data_ingestion\2023-05-07-14-22-57\raw_data\SCMS_Delivery_History_Dataset.csv]
[2023-05-07 14:23:01,491] root - INFO - File :[C:\Users\Admin\Documents\Shipment_pricing_Project\shipment\artifact\data_ingestion\2023-05-07-14-22-57\raw_data\SCMS_Delivery_History_Dataset.csv] has been downloaded successfully.
[2023-05-07 14:23:01,491] root - INFO - Reading csv file: [C:\Users\Admin\Documents\Shipment_pricing_Project\shipment\artifact\data_ingestion\2023-05-07-14-22-57\raw_data\SCMS_Delivery_History_Dataset.csv]
[2023-05-07 14:23:01,545] root - INFO - Splitting data into train and test
[2023-05-07 14:23:01,549] root - INFO - Exporting training dataset to file: [C:\Users\Admin\Documents\Shipment_pricing_Project\shipment\artifact\data_ingestion\2023-05-07-14-22-57\ingested_data\train\SCMS_Delivery_History_Dataset.csv]
[2023-05-07 14:23:01,624] root - INFO - Exporting test dataset to file: [C:\Users\Admin\Documents\Shipment_pricing_Project\shipment\artifact\data_ingestion\2023-05-07-14-22-57\ingested_data\test\SCMS_Delivery_History_Dataset.csv]
[2023-05-07 14:23:01,644] root - INFO - Data Ingestion artifact:[DataIngestionArtifact(train_file_path='C:\\Users\\Admin\\Documents\\Shipment_pricing_Project\\shipment\\artifact\\data_ingestion\\2023-05-07-14-22-57\\ingested_data\\train\\SCMS_Delivery_History_Dataset.csv', test_file_path='C:\\Users\\Admin\\Documents\\Shipment_pricing_Project\\shipment\\artifact\\data_ingestion\\2023-05-07-14-22-57\\ingested_data\\test\\SCMS_Delivery_History_Dataset.csv', is_ingested=True, message='Data ingestion completed successfully.')]
[2023-05-07 14:23:01,645] root - INFO - >>>>>>>>>>>>>>>>>>>>>>>>>>>>>>>>>>>>>>>>>>>>>>>>>>>>>>>>>>>>Data Validation log started.<<<<<<<<<<<<<<<<<<<<<<<<<<<<<<<<<<<<<<<<<<<<<<<<<<<<<<<<<<<< 


[2023-05-07 14:23:01,651] root - INFO - Validation Process Started
[2023-05-07 14:23:01,839] root - INFO - Train_set status|is Train filename validated?: True|is train column name validated?: True|whole missing columns?True
[2023-05-07 14:23:01,839] root - INFO - Test_set status|is Test filename validated?: True|is test column names validated? True| whole missing columns? True
[2023-05-07 14:23:01,839] root - INFO - Validation Process Completed
[2023-05-07 14:23:01,839] root - INFO - Data validation artifact: DataValidationArtifact(schema_file_path='C:\\Users\\Admin\\Documents\\Shipment_pricing_Project\\config\\schema.yaml', is_validated=True, message='Data validation performed')
[2023-05-07 14:23:01,839] root - INFO - >>>>>>>>>>>>>>>>>>>>>>>>>>>>>>>>>>>>>>>>>>>>>>>>>>>>>>>>>>>>Data Validation log completed.<<<<<<<<<<<<<<<<<<<<<<<<<<<<<<<<<<<<<<<<<<<<<<<<<<<<<<<<<<<<
[2023-05-07 14:23:01,839] root - INFO - Data Transformation Config: DataTransformationConfig(transformed_train_dir='C:\\Users\\Admin\\Documents\\Shipment_pricing_Project\\shipment\\artifact\\data_transformation\\2023-05-07-14-22-57\\transformed_data\\train', transformed_test_dir='C:\\Users\\Admin\\Documents\\Shipment_pricing_Project\\shipment\\artifact\\data_transformation\\2023-05-07-14-22-57\\transformed_data\\test', preprocessed_object_file_path='C:\\Users\\Admin\\Documents\\Shipment_pricing_Project\\shipment\\artifact\\data_transformation\\2023-05-07-14-22-57\\preprocessed\\preprocessed.pkl', feature_engineering_object_file_path='C:\\Users\\Admin\\Documents\\Shipment_pricing_Project\\shipment\\artifact\\data_transformation\\2023-05-07-14-22-57\\preprocessed\\feat_eng.pkl')
[2023-05-07 14:23:01,839] root - INFO - 
******************** Data Transformation log started ********************


[2023-05-07 14:23:01,839] root - INFO - Obtaining training and test file path.
[2023-05-07 14:23:01,839] root - INFO - Loading training and test data as pandas dataframe.
[2023-05-07 14:23:01,892] root - INFO - Extracting train column name ['ID', 'Project_Code', 'PQ', 'PO/SO', 'ASN/DN', 'Country', 'Managed_By', 'Fulfill_Via', 'Vendor_INCO_Term', 'Shipment_Mode', 'PQ_First_Sent_to_Client_Date', 'PO_Sent_to_Vendor_Date', 'Scheduled_Delivery_Date', 'Delivered_to_Client_Date', 'Delivery_Recorded_Date', 'Product_Group', 'Sub_Classification', 'Vendor', 'Item_Description', 'Molecule/Test_Type', 'Brand', 'Dosage', 'Dosage_Form', 'Unit_of_Measure_(Per_Pack)', 'Line_Item_Quantity', 'Line_Item_Value', 'Pack_Price', 'Unit_Price', 'Manufacturing_Site', 'First_Line_Designation', 'Weight_(Kilograms)', 'Freight_Cost_(USD)', 'Line_Item_Insurance_(USD)']
[2023-05-07 14:23:01,892] root - INFO - Obtaining feature engineering object.
[2023-05-07 14:23:01,892] root - INFO - 
******************** Feature Engneering Started ********************


[2023-05-07 14:23:01,892] root - INFO - Applying feature engineering object on training dataframe and testing dataframe
[2023-05-07 14:23:01,892] root - INFO - Feature Enineering - Train Data 
[2023-05-07 14:23:05,572] root - INFO - Weight and Freight Cost Data Clean Completed
[2023-05-07 14:23:05,573] root - INFO - Drop Columns Complete
[2023-05-07 14:23:05,615] root - INFO -  >>>>>>>>>>>>  Columns Modififcation Complete  <<<<<<<<<<
[2023-05-07 14:23:05,615] root - INFO - Outlier Detection
[2023-05-07 14:23:05,669] root - INFO - Outlier Detection Complete
[2023-05-07 14:23:05,670] root - INFO - Columns before encoding: Index(['Country', 'Fulfill_Via', 'Shipment_Mode', 'Sub_Classification',
       'Brand', 'Line_Item_Quantity', 'Pack_Price', 'Unit_Price',
       'First_Line_Designation', 'Freight_Cost_USD_Clean',
       'Weight_Kilograms_Clean'],
      dtype='object')
[2023-05-07 14:23:05,670] root - INFO - Unique values of Country: ["Côte d'Ivoire" 'Congo, DRC' 'Zambia' 'Mozambique' 'Haiti' 'Ghana'
 'Tanzania' 'Rwanda' 'Ethiopia' 'Zimbabwe' 'Vietnam' 'Nigeria' 'Kenya'
 'South Africa' 'Uganda' 'South Sudan' 'Sudan' 'Others' 'Guyana'
 'Cameroon' 'Dominican Republic' 'Burundi' 'Namibia' 'Botswana']
[2023-05-07 14:23:05,670] root - INFO - 

[2023-05-07 14:23:05,670] root - INFO - Number of unique values of Country: 24
[2023-05-07 14:23:05,670] root - INFO - Unique values of Fulfill_Via: ['From RDC' 'Direct Drop']
[2023-05-07 14:23:05,670] root - INFO - 

[2023-05-07 14:23:05,670] root - INFO - Number of unique values of Fulfill_Via: 2
[2023-05-07 14:23:05,672] root - INFO - Unique values of Shipment_Mode: ['Truck' 'Air' 'Ocean' 'Air Charter']
[2023-05-07 14:23:05,672] root - INFO - 

[2023-05-07 14:23:05,672] root - INFO - Number of unique values of Shipment_Mode: 4
[2023-05-07 14:23:05,672] root - INFO - Unique values of Sub_Classification: ['Pediatric' 'Adult' 'HIV test' 'HIV test - Ancillary' 'ACT' 'Malaria']
[2023-05-07 14:23:05,672] root - INFO - 

[2023-05-07 14:23:05,672] root - INFO - Number of unique values of Sub_Classification: 6
[2023-05-07 14:23:05,672] root - INFO - Unique values of Brand: ['Generic' 'Truvada' 'Uni-Gold' 'Others' 'Determine' 'Colloidal Gold'
 'Aluvia' 'Norvir' 'Kaletra' 'Stat-Pak' 'Bioline']
[2023-05-07 14:23:05,672] root - INFO - 

[2023-05-07 14:23:05,672] root - INFO - Number of unique values of Brand: 11
[2023-05-07 14:23:05,672] root - INFO - Unique values of First_Line_Designation: ['Yes' 'No']
[2023-05-07 14:23:05,673] root - INFO - 

[2023-05-07 14:23:05,673] root - INFO - Number of unique values of First_Line_Designation: 2
[2023-05-07 14:23:05,673] root - INFO - Mapping for Country: {"Côte d'Ivoire": 0, 'Congo, DRC': 1, 'Zambia': 2, 'Mozambique': 3, 'Haiti': 4, 'Ghana': 5, 'Tanzania': 6, 'Rwanda': 7, 'Ethiopia': 8, 'Zimbabwe': 9, 'Vietnam': 10, 'Nigeria': 11, 'Kenya': 12, 'South Africa': 13, 'Uganda': 14, 'South Sudan': 15, 'Sudan': 16, 'Others': 17, 'Guyana': 18, 'Cameroon': 19, 'Dominican Republic': 20, 'Burundi': 21, 'Namibia': 22, 'Botswana': 23}
[2023-05-07 14:23:05,673] root - INFO - Mapping for Fulfill_Via: {'From RDC': 0, 'Direct Drop': 1}
[2023-05-07 14:23:05,673] root - INFO - Mapping for Shipment_Mode: {'Truck': 0, 'Air': 1, 'Ocean': 2, 'Air Charter': 3}
[2023-05-07 14:23:05,674] root - INFO - Mapping for Sub_Classification: {'Pediatric': 0, 'Adult': 1, 'HIV test': 2, 'HIV test - Ancillary': 3, 'ACT': 4, 'Malaria': 5}
[2023-05-07 14:23:05,674] root - INFO - Mapping for Brand: {'Generic': 0, 'Truvada': 1, 'Uni-Gold': 2, 'Others': 3, 'Determine': 4, 'Colloidal Gold': 5, 'Aluvia': 6, 'Norvir': 7, 'Kaletra': 8, 'Stat-Pak': 9, 'Bioline': 10}
[2023-05-07 14:23:05,674] root - INFO - Mapping for First_Line_Designation: {'Yes': 0, 'No': 1}
[2023-05-07 14:23:05,677] root - INFO - Data Modified  Completed and Saved 
[2023-05-07 14:23:05,677] root - INFO - New Column Order ['Pack_Price', 'Unit_Price', 'Weight_Kilograms_Clean', 'Line_Item_Quantity', 'Fulfill_Via', 'Shipment_Mode', 'Country', 'Brand', 'Sub_Classification', 'First_Line_Designation', 'Freight_Cost_USD_Clean']
[2023-05-07 14:23:05,679] root - INFO - Datatypes : Pack_Price                float64
Unit_Price                float64
Weight_Kilograms_Clean    float64
Line_Item_Quantity          int64
Fulfill_Via                 int64
Shipment_Mode               int64
Country                     int64
Brand                       int64
Sub_Classification          int64
First_Line_Designation      int64
Freight_Cost_USD_Clean    float64
dtype: object
[2023-05-07 14:23:05,679] root - ERROR - 
        Error occured in script: [C:\Users\Admin\Documents\Shipment_pricing_Project\Shipment_Pricing\pipeline\pipeline.py] at 
        line number: [89] 
        error message: [
        Error occured in script: [C:\Users\Admin\Documents\Shipment_pricing_Project\Shipment_Pricing\pipeline\pipeline.py] at 
        line number: [57] 
        error message: [
        Error occured in script: [C:\Users\Admin\Documents\Shipment_pricing_Project\Shipment_Pricing\components\data_transformation.py] at 
        line number: [455] 
        error message: [
        Error occured in script: [C:\Users\Admin\Documents\Shipment_pricing_Project\Shipment_Pricing\components\data_transformation.py] at 
        line number: [346] 
        error message: [[Errno 13] Permission denied: 'Data_Transform Complete.csv']]]]
[2023-05-07 14:23:05,683] root - INFO - 
******************** Data Transformation log completed ********************


