[2023-05-14 16:10:24,387] root - INFO - Training pipleine config: TrainingPipelineConfig(artifact_dir='E:\\Ineuron may batch projects\\Projects\\Shipment_Pricing_Project\\shipment\\artifact')
[2023-05-14 16:10:24,387] root - INFO - Data Ingestion config: DataIngestionConfig(dataset_download_url='https://raw.githubusercontent.com/Hitesh-Nimbalkar/Shipment_Pricing_EDA/main/SCMS_Delivery_History_Dataset.csv', raw_data_dir='E:\\Ineuron may batch projects\\Projects\\Shipment_Pricing_Project\\shipment\\artifact\\data_ingestion\\2023-05-14-16-10-23\\raw_data', ingested_train_dir='E:\\Ineuron may batch projects\\Projects\\Shipment_Pricing_Project\\shipment\\artifact\\data_ingestion\\2023-05-14-16-10-23\\ingested_data\\train', ingested_test_dir='E:\\Ineuron may batch projects\\Projects\\Shipment_Pricing_Project\\shipment\\artifact\\data_ingestion\\2023-05-14-16-10-23\\ingested_data\\test')
[2023-05-14 16:10:24,397] root - INFO - >>>>>>>>>>>>>>>>>>>>>>>>>>>>>>>>>>>>>>>>>>>>>>>>>>>>>>>>>>>>Data Ingestion log started.<<<<<<<<<<<<<<<<<<<<<<<<<<<<<<<<<<<<<<<<<<<<<<<<<<<<<<<<<<<< 


[2023-05-14 16:10:24,397] root - INFO - Downloading file from Mongo DB into :[E:\Ineuron may batch projects\Projects\Shipment_Pricing_Project\shipment\artifact\data_ingestion\2023-05-14-16-10-23\raw_data\SCMS_Delivery_History_Dataset.csv]
[2023-05-14 16:10:24,698] root - INFO - File :[E:\Ineuron may batch projects\Projects\Shipment_Pricing_Project\shipment\artifact\data_ingestion\2023-05-14-16-10-23\raw_data\SCMS_Delivery_History_Dataset.csv] has been downloaded successfully.
[2023-05-14 16:10:24,698] root - INFO - Reading csv file: [E:\Ineuron may batch projects\Projects\Shipment_Pricing_Project\shipment\artifact\data_ingestion\2023-05-14-16-10-23\raw_data\SCMS_Delivery_History_Dataset.csv]
[2023-05-14 16:10:24,748] root - INFO - Splitting data into train and test
[2023-05-14 16:10:24,761] root - INFO - Exporting training dataset to file: [E:\Ineuron may batch projects\Projects\Shipment_Pricing_Project\shipment\artifact\data_ingestion\2023-05-14-16-10-23\ingested_data\train\SCMS_Delivery_History_Dataset.csv]
[2023-05-14 16:10:24,854] root - INFO - Exporting test dataset to file: [E:\Ineuron may batch projects\Projects\Shipment_Pricing_Project\shipment\artifact\data_ingestion\2023-05-14-16-10-23\ingested_data\test\SCMS_Delivery_History_Dataset.csv]
[2023-05-14 16:10:24,876] root - INFO - Data Ingestion artifact:[DataIngestionArtifact(train_file_path='E:\\Ineuron may batch projects\\Projects\\Shipment_Pricing_Project\\shipment\\artifact\\data_ingestion\\2023-05-14-16-10-23\\ingested_data\\train\\SCMS_Delivery_History_Dataset.csv', test_file_path='E:\\Ineuron may batch projects\\Projects\\Shipment_Pricing_Project\\shipment\\artifact\\data_ingestion\\2023-05-14-16-10-23\\ingested_data\\test\\SCMS_Delivery_History_Dataset.csv', is_ingested=True, message='Data ingestion completed successfully.')]
[2023-05-14 16:10:24,877] root - INFO - >>>>>>>>>>>>>>>>>>>>>>>>>>>>>>>>>>>>>>>>>>>>>>>>>>>>>>>>>>>>Data Validation log started.<<<<<<<<<<<<<<<<<<<<<<<<<<<<<<<<<<<<<<<<<<<<<<<<<<<<<<<<<<<< 


[2023-05-14 16:10:24,883] root - INFO - Validation Process Started
[2023-05-14 16:10:25,099] root - INFO - Train_set status|is Train filename validated?: True|is train column name validated?: True|whole missing columns?True
[2023-05-14 16:10:25,099] root - INFO - Test_set status|is Test filename validated?: True|is test column names validated? True| whole missing columns? True
[2023-05-14 16:10:25,099] root - INFO - Validation Process Completed
[2023-05-14 16:10:25,099] root - INFO - Data validation artifact: DataValidationArtifact(schema_file_path='E:\\Ineuron may batch projects\\Projects\\Shipment_Pricing_Project\\config\\schema.yaml', is_validated=True, message='Data validation performed')
[2023-05-14 16:10:25,099] root - INFO - >>>>>>>>>>>>>>>>>>>>>>>>>>>>>>>>>>>>>>>>>>>>>>>>>>>>>>>>>>>>Data Validation log completed.<<<<<<<<<<<<<<<<<<<<<<<<<<<<<<<<<<<<<<<<<<<<<<<<<<<<<<<<<<<<
[2023-05-14 16:10:25,099] root - INFO - Data Transformation Config: DataTransformationConfig(transformed_train_dir='E:\\Ineuron may batch projects\\Projects\\Shipment_Pricing_Project\\shipment\\artifact\\data_transformation\\2023-05-14-16-10-23\\transformed_data\\train', transformed_test_dir='E:\\Ineuron may batch projects\\Projects\\Shipment_Pricing_Project\\shipment\\artifact\\data_transformation\\2023-05-14-16-10-23\\transformed_data\\test', preprocessed_object_file_path='E:\\Ineuron may batch projects\\Projects\\Shipment_Pricing_Project\\shipment\\artifact\\data_transformation\\2023-05-14-16-10-23\\preprocessed\\preprocessed.pkl', feature_engineering_object_file_path='E:\\Ineuron may batch projects\\Projects\\Shipment_Pricing_Project\\shipment\\artifact\\data_transformation\\2023-05-14-16-10-23\\preprocessed\\feat_eng.pkl')
[2023-05-14 16:10:25,099] root - INFO - 
******************** Data Transformation log started ********************


[2023-05-14 16:10:25,102] root - INFO - Obtaining training and test file path.
[2023-05-14 16:10:25,102] root - INFO - Loading training and test data as pandas dataframe.
[2023-05-14 16:10:25,155] root - INFO - Numerical columns ['Pack_Price', 'Unit_Price', 'Weight_Kilograms_Clean', 'Line_Item_Quantity']
[2023-05-14 16:10:25,155] root - INFO - Categorical columns ['Fulfill_Via', 'Shipment_Mode', 'Country', 'Brand', 'Sub_Classification', 'First_Line_Designation']
[2023-05-14 16:10:25,155] root - INFO - Target Column :['Freight_Cost_USD_Clean']
[2023-05-14 16:10:25,155] root - INFO - All columns : ['Pack_Price', 'Unit_Price', 'Weight_Kilograms_Clean', 'Line_Item_Quantity', 'Fulfill_Via', 'Shipment_Mode', 'Country', 'Brand', 'Sub_Classification', 'First_Line_Designation', 'Freight_Cost_USD_Clean']
[2023-05-14 16:10:25,156] root - INFO - Obtaining feature engineering object.
[2023-05-14 16:10:25,156] root - INFO - 
******************** Feature Engneering Started ********************


[2023-05-14 16:10:25,156] root - INFO -  Numerical Columns , Categorical Columns , Target Column initialised in Feature engoneering Pipeline 
[2023-05-14 16:10:25,156] root - INFO - Applying feature engineering object on training dataframe and testing dataframe
[2023-05-14 16:10:25,156] root - INFO - Feature Enineering - Train Data 
[2023-05-14 16:10:28,776] root - INFO - Weight and Freight Cost Data Clean Completed
[2023-05-14 16:10:28,777] root - INFO - Columns Dropped ['ID', 'Project_Code', 'PQ', 'PO/SO', 'ASN/DN', 'Managed_By', 'Vendor_INCO_Term', 'PQ_First_Sent_to_Client_Date', 'PO_Sent_to_Vendor_Date', 'Scheduled_Delivery_Date', 'Delivered_to_Client_Date', 'Delivery_Recorded_Date', 'Product_Group', 'Line_Item_Value', 'Vendor', 'Item_Description', 'Molecule/Test_Type', 'Dosage', 'Weight_(Kilograms)', 'Freight_Cost_(USD)', 'Line_Item_Insurance_(USD)', 'Manufacturing_Site', 'Unit_of_Measure_(Per_Pack)', 'Dosage_Form']
[2023-05-14 16:10:28,777] root - INFO - Drop Columns Complete
[2023-05-14 16:10:28,793] root - INFO -  >>>>>>>>>>>>  Columns Modififcation Complete  <<<<<<<<<<
[2023-05-14 16:10:28,793] root - INFO - Outlier Detection
[2023-05-14 16:10:28,812] root - INFO - Outlier Detection Complete
[2023-05-14 16:10:28,813] root - INFO - Unique values of Country: ["Côte d'Ivoire" 'Congo, DRC' 'Zambia' 'Mozambique' 'Haiti' 'Ghana'
 'Tanzania' 'Rwanda' 'Ethiopia' 'Zimbabwe' 'Vietnam' 'Nigeria' 'Kenya'
 'South Africa' 'Uganda' 'South Sudan' 'Sudan' 'Others' 'Guyana'
 'Cameroon' 'Dominican Republic' 'Burundi' 'Namibia' 'Botswana']
[2023-05-14 16:10:28,813] root - INFO - 

[2023-05-14 16:10:28,813] root - INFO - Number of unique values of Country: 24
[2023-05-14 16:10:28,813] root - INFO - Unique values of Fulfill_Via: ['From RDC' 'Direct Drop']
[2023-05-14 16:10:28,813] root - INFO - 

[2023-05-14 16:10:28,813] root - INFO - Number of unique values of Fulfill_Via: 2
[2023-05-14 16:10:28,813] root - INFO - Unique values of Shipment_Mode: ['Truck' 'Air' 'Ocean' 'Air Charter']
[2023-05-14 16:10:28,813] root - INFO - 

[2023-05-14 16:10:28,813] root - INFO - Number of unique values of Shipment_Mode: 4
[2023-05-14 16:10:28,814] root - INFO - Unique values of Sub_Classification: ['Pediatric' 'Adult' 'HIV test' 'HIV test - Ancillary' 'ACT' 'Malaria']
[2023-05-14 16:10:28,814] root - INFO - 

[2023-05-14 16:10:28,814] root - INFO - Number of unique values of Sub_Classification: 6
[2023-05-14 16:10:28,814] root - INFO - Unique values of Brand: ['Generic' 'Truvada' 'Uni-Gold' 'Others' 'Determine' 'Colloidal Gold'
 'Aluvia' 'Norvir' 'Kaletra' 'Stat-Pak' 'Bioline']
[2023-05-14 16:10:28,814] root - INFO - 

[2023-05-14 16:10:28,814] root - INFO - Number of unique values of Brand: 11
[2023-05-14 16:10:28,814] root - INFO - Unique values of First_Line_Designation: ['Yes' 'No']
[2023-05-14 16:10:28,814] root - INFO - 

[2023-05-14 16:10:28,814] root - INFO - Number of unique values of First_Line_Designation: 2
[2023-05-14 16:10:28,814] root - INFO - Mapping for Country: {"Côte d'Ivoire": 0, 'Congo, DRC': 1, 'Zambia': 2, 'Mozambique': 3, 'Haiti': 4, 'Ghana': 5, 'Tanzania': 6, 'Rwanda': 7, 'Ethiopia': 8, 'Zimbabwe': 9, 'Vietnam': 10, 'Nigeria': 11, 'Kenya': 12, 'South Africa': 13, 'Uganda': 14, 'South Sudan': 15, 'Sudan': 16, 'Others': 17, 'Guyana': 18, 'Cameroon': 19, 'Dominican Republic': 20, 'Burundi': 21, 'Namibia': 22, 'Botswana': 23}
[2023-05-14 16:10:28,815] root - INFO - Mapping for Fulfill_Via: {'From RDC': 0, 'Direct Drop': 1}
[2023-05-14 16:10:28,815] root - INFO - Mapping for Shipment_Mode: {'Truck': 0, 'Air': 1, 'Ocean': 2, 'Air Charter': 3}
[2023-05-14 16:10:28,816] root - INFO - Mapping for Sub_Classification: {'Pediatric': 0, 'Adult': 1, 'HIV test': 2, 'HIV test - Ancillary': 3, 'ACT': 4, 'Malaria': 5}
[2023-05-14 16:10:28,816] root - INFO - Mapping for Brand: {'Generic': 0, 'Truvada': 1, 'Uni-Gold': 2, 'Others': 3, 'Determine': 4, 'Colloidal Gold': 5, 'Aluvia': 6, 'Norvir': 7, 'Kaletra': 8, 'Stat-Pak': 9, 'Bioline': 10}
[2023-05-14 16:10:28,816] root - INFO - Mapping for First_Line_Designation: {'Yes': 0, 'No': 1}
[2023-05-14 16:10:28,821] root - INFO - Data Modified  Completed and Saved 
[2023-05-14 16:10:28,822] root - INFO - New Column Order ['Pack_Price', 'Unit_Price', 'Weight_Kilograms_Clean', 'Line_Item_Quantity', 'Fulfill_Via', 'Shipment_Mode', 'Country', 'Brand', 'Sub_Classification', 'First_Line_Designation', 'Freight_Cost_USD_Clean']
[2023-05-14 16:10:28,848] root - INFO - Feature Enineering - Test Data 
[2023-05-14 16:10:29,702] root - INFO - Weight and Freight Cost Data Clean Completed
[2023-05-14 16:10:29,703] root - INFO - Columns Dropped ['ID', 'Project_Code', 'PQ', 'PO/SO', 'ASN/DN', 'Managed_By', 'Vendor_INCO_Term', 'PQ_First_Sent_to_Client_Date', 'PO_Sent_to_Vendor_Date', 'Scheduled_Delivery_Date', 'Delivered_to_Client_Date', 'Delivery_Recorded_Date', 'Product_Group', 'Line_Item_Value', 'Vendor', 'Item_Description', 'Molecule/Test_Type', 'Dosage', 'Weight_(Kilograms)', 'Freight_Cost_(USD)', 'Line_Item_Insurance_(USD)', 'Manufacturing_Site', 'Unit_of_Measure_(Per_Pack)', 'Dosage_Form']
[2023-05-14 16:10:29,703] root - INFO - Drop Columns Complete
[2023-05-14 16:10:29,715] root - INFO -  >>>>>>>>>>>>  Columns Modififcation Complete  <<<<<<<<<<
[2023-05-14 16:10:29,715] root - INFO - Outlier Detection
[2023-05-14 16:10:29,729] root - INFO - Outlier Detection Complete
[2023-05-14 16:10:29,729] root - INFO - Unique values of Country: ['Zambia' 'Ethiopia' 'Nigeria' 'Tanzania' "Côte d'Ivoire" 'Mozambique'
 'Others' 'Zimbabwe' 'South Africa' 'Rwanda' 'Haiti' 'Vietnam' 'Uganda']
[2023-05-14 16:10:29,729] root - INFO - 

[2023-05-14 16:10:29,729] root - INFO - Number of unique values of Country: 13
[2023-05-14 16:10:29,729] root - INFO - Unique values of Fulfill_Via: ['From RDC' 'Direct Drop']
[2023-05-14 16:10:29,729] root - INFO - 

[2023-05-14 16:10:29,729] root - INFO - Number of unique values of Fulfill_Via: 2
[2023-05-14 16:10:29,730] root - INFO - Unique values of Shipment_Mode: ['Truck' 'Air' 'Air Charter' 'Ocean']
[2023-05-14 16:10:29,730] root - INFO - 

[2023-05-14 16:10:29,730] root - INFO - Number of unique values of Shipment_Mode: 4
[2023-05-14 16:10:29,730] root - INFO - Unique values of Sub_Classification: ['Adult' 'Pediatric' 'HIV test' 'HIV test - Ancillary' 'Malaria' 'ACT']
[2023-05-14 16:10:29,730] root - INFO - 

[2023-05-14 16:10:29,730] root - INFO - Number of unique values of Sub_Classification: 6
[2023-05-14 16:10:29,730] root - INFO - Unique values of Brand: ['Generic' 'Others' 'Determine' 'Uni-Gold']
[2023-05-14 16:10:29,730] root - INFO - 

[2023-05-14 16:10:29,730] root - INFO - Number of unique values of Brand: 4
[2023-05-14 16:10:29,730] root - INFO - Unique values of First_Line_Designation: ['Yes' 'No']
[2023-05-14 16:10:29,730] root - INFO - 

[2023-05-14 16:10:29,730] root - INFO - Number of unique values of First_Line_Designation: 2
[2023-05-14 16:10:29,730] root - INFO - Mapping for Country: {'Zambia': 0, 'Ethiopia': 1, 'Nigeria': 2, 'Tanzania': 3, "Côte d'Ivoire": 4, 'Mozambique': 5, 'Others': 6, 'Zimbabwe': 7, 'South Africa': 8, 'Rwanda': 9, 'Haiti': 10, 'Vietnam': 11, 'Uganda': 12}
[2023-05-14 16:10:29,730] root - INFO - Mapping for Fulfill_Via: {'From RDC': 0, 'Direct Drop': 1}
[2023-05-14 16:10:29,730] root - INFO - Mapping for Shipment_Mode: {'Truck': 0, 'Air': 1, 'Air Charter': 2, 'Ocean': 3}
[2023-05-14 16:10:29,731] root - INFO - Mapping for Sub_Classification: {'Adult': 0, 'Pediatric': 1, 'HIV test': 2, 'HIV test - Ancillary': 3, 'Malaria': 4, 'ACT': 5}
[2023-05-14 16:10:29,731] root - INFO - Mapping for Brand: {'Generic': 0, 'Others': 1, 'Determine': 2, 'Uni-Gold': 3}
[2023-05-14 16:10:29,731] root - INFO - Mapping for First_Line_Designation: {'Yes': 0, 'No': 1}
[2023-05-14 16:10:29,733] root - INFO - Data Modified  Completed and Saved 
[2023-05-14 16:10:29,733] root - INFO - New Column Order ['Pack_Price', 'Unit_Price', 'Weight_Kilograms_Clean', 'Line_Item_Quantity', 'Fulfill_Via', 'Shipment_Mode', 'Country', 'Brand', 'Sub_Classification', 'First_Line_Designation', 'Freight_Cost_USD_Clean']
[2023-05-14 16:10:29,739] root - INFO - Converting featured engineered array into dataframe.
[2023-05-14 16:10:29,739] root - INFO - Feature Engineering - Train Completed
[2023-05-14 16:10:29,739] root - INFO - Saving feature engineered training and testing dataframe.
[2023-05-14 16:10:29,740] root - INFO - Applying preprocessing object on training dataframe and testing dataframe
[2023-05-14 16:10:29,740] root - INFO - Creating Data Transformer Object
[2023-05-14 16:10:29,751] root - INFO - Saving Transformed Train and Transformed test file
[2023-05-14 16:10:29,810] root - INFO - Transformed Train and Transformed test file saved
[2023-05-14 16:10:29,810] root - INFO - Saving Feature Engineering Object
[2023-05-14 16:10:29,812] root - INFO - Saving Preprocessing Object
[2023-05-14 16:10:29,815] root - INFO - Data Transformation Artifact: DataTransformationArtifact(is_transformed=True, message='Data transformation successfull.', transformed_train_file_path='E:\\Ineuron may batch projects\\Projects\\Shipment_Pricing_Project\\shipment\\artifact\\data_transformation\\2023-05-14-16-10-23\\transformed_data\\train\\transformed_train.csv', transformed_test_file_path='E:\\Ineuron may batch projects\\Projects\\Shipment_Pricing_Project\\shipment\\artifact\\data_transformation\\2023-05-14-16-10-23\\transformed_data\\test\\transformed_test.csv', preprocessed_object_file_path='E:\\Ineuron may batch projects\\Projects\\Shipment_Pricing_Project\\shipment\\artifact\\data_transformation\\2023-05-14-16-10-23\\preprocessed\\preprocessed.pkl', feature_engineering_object_file_path='E:\\Ineuron may batch projects\\Projects\\Shipment_Pricing_Project\\shipment\\artifact\\data_transformation\\2023-05-14-16-10-23\\preprocessed\\feat_eng.pkl')
[2023-05-14 16:10:29,816] root - INFO - 
******************** Data Transformation log completed ********************


[2023-05-14 16:10:29,816] root - INFO - Model Trainer Config : ModelTrainerConfig(trained_model_file_path='E:\\Ineuron may batch projects\\Projects\\Shipment_Pricing_Project\\shipment\\artifact\\model_training\\2023-05-14-16-10-23\\trained_model\\model.pkl')
[2023-05-14 16:10:29,816] root - INFO - 
******************** Model Training started ********************


[2023-05-14 16:10:29,816] root - INFO - Finding transformed Training and Test
[2023-05-14 16:10:29,816] root - INFO - Transformed Data found!!! Now, converting it into dataframe
[2023-05-14 16:10:29,827] root - INFO - Splitting Input features and Target Feature for train and test data
[2023-05-14 16:10:29,827] root - INFO - Best Model Finder function called
[2023-05-14 16:10:29,827] root - INFO - Fitting Random Forest...
[2023-05-14 16:14:29,002] root - INFO - ******Results for********* Random Forest:
[2023-05-14 16:14:29,002] root - INFO - Best hyperparameters: {'max_depth': 40, 'n_estimators': 100}
[2023-05-14 16:14:29,002] root - INFO - Mean squared error: 221473203.6411
[2023-05-14 16:14:29,002] root - INFO - R2 score: 68.0703
[2023-05-14 16:14:29,002] root - INFO - Time taken: 00:03:59

[2023-05-14 16:14:29,009] root - INFO - Fitting Random Forest...
[2023-05-14 16:14:32,410] root - INFO - The best model based on R-squared score is Random Forest.
[2023-05-14 16:14:32,410] root - INFO - Saving best model object file
[2023-05-14 16:14:32,560] root - INFO - Model Trainer Artifact: ModelTrainerArtifact(is_trained=True, message='Model Training Done!!', trained_model_object_file_path='E:\\Ineuron may batch projects\\Projects\\Shipment_Pricing_Project\\shipment\\artifact\\model_training\\2023-05-14-16-10-23\\trained_model\\model.pkl')
[2023-05-14 16:14:32,560] root - INFO - 
******************** Model Training log completed ********************


