[2023-05-06 20:09:34,051] root - INFO - Training pipleine config: TrainingPipelineConfig(artifact_dir='C:\\Users\\Admin\\Documents\\Shipment_pricing_Project\\shipment\\artifact')
[2023-05-06 20:09:34,051] root - INFO - Data Ingestion config: DataIngestionConfig(dataset_download_url='https://raw.githubusercontent.com/Hitesh-Nimbalkar/Shipment_Pricing_EDA/main/SCMS_Delivery_History_Dataset.csv', raw_data_dir='C:\\Users\\Admin\\Documents\\Shipment_pricing_Project\\shipment\\artifact\\data_ingestion\\2023-05-06-20-09-32\\raw_data', ingested_train_dir='C:\\Users\\Admin\\Documents\\Shipment_pricing_Project\\shipment\\artifact\\data_ingestion\\2023-05-06-20-09-32\\ingested_data\\train', ingested_test_dir='C:\\Users\\Admin\\Documents\\Shipment_pricing_Project\\shipment\\artifact\\data_ingestion\\2023-05-06-20-09-32\\ingested_data\\test')
[2023-05-06 20:09:34,052] root - INFO - >>>>>>>>>>>>>>>>>>>>>>>>>>>>>>>>>>>>>>>>>>>>>>>>>>>>>>>>>>>>Data Ingestion log started.<<<<<<<<<<<<<<<<<<<<<<<<<<<<<<<<<<<<<<<<<<<<<<<<<<<<<<<<<<<< 


[2023-05-06 20:09:34,052] root - INFO - Downloading file from :[https://raw.githubusercontent.com/Hitesh-Nimbalkar/Shipment_Pricing_EDA/main/SCMS_Delivery_History_Dataset.csv] into :[C:\Users\Admin\Documents\Shipment_pricing_Project\shipment\artifact\data_ingestion\2023-05-06-20-09-32\raw_data\SCMS_Delivery_History_Dataset.csv]
[2023-05-06 20:09:35,795] root - INFO - File :[C:\Users\Admin\Documents\Shipment_pricing_Project\shipment\artifact\data_ingestion\2023-05-06-20-09-32\raw_data\SCMS_Delivery_History_Dataset.csv] has been downloaded successfully.
[2023-05-06 20:09:35,795] root - INFO - Reading csv file: [C:\Users\Admin\Documents\Shipment_pricing_Project\shipment\artifact\data_ingestion\2023-05-06-20-09-32\raw_data\SCMS_Delivery_History_Dataset.csv]
[2023-05-06 20:09:35,846] root - INFO - Splitting data into train and test
[2023-05-06 20:09:35,850] root - INFO - Exporting training dataset to file: [C:\Users\Admin\Documents\Shipment_pricing_Project\shipment\artifact\data_ingestion\2023-05-06-20-09-32\ingested_data\train\SCMS_Delivery_History_Dataset.csv]
[2023-05-06 20:09:35,919] root - INFO - Exporting test dataset to file: [C:\Users\Admin\Documents\Shipment_pricing_Project\shipment\artifact\data_ingestion\2023-05-06-20-09-32\ingested_data\test\SCMS_Delivery_History_Dataset.csv]
[2023-05-06 20:09:35,939] root - INFO - Data Ingestion artifact:[DataIngestionArtifact(train_file_path='C:\\Users\\Admin\\Documents\\Shipment_pricing_Project\\shipment\\artifact\\data_ingestion\\2023-05-06-20-09-32\\ingested_data\\train\\SCMS_Delivery_History_Dataset.csv', test_file_path='C:\\Users\\Admin\\Documents\\Shipment_pricing_Project\\shipment\\artifact\\data_ingestion\\2023-05-06-20-09-32\\ingested_data\\test\\SCMS_Delivery_History_Dataset.csv', is_ingested=True, message='Data ingestion completed successfully.')]
[2023-05-06 20:09:35,945] root - INFO - >>>>>>>>>>>>>>>>>>>>>>>>>>>>>>>>>>>>>>>>>>>>>>>>>>>>>>>>>>>>Data Validation log started.<<<<<<<<<<<<<<<<<<<<<<<<<<<<<<<<<<<<<<<<<<<<<<<<<<<<<<<<<<<< 


[2023-05-06 20:09:35,950] root - INFO - Validation Process Started
[2023-05-06 20:09:36,137] root - INFO - Train_set status|is Train filename validated?: True|is train column name validated?: True|whole missing columns?True
[2023-05-06 20:09:36,137] root - INFO - Test_set status|is Test filename validated?: True|is test column names validated? True| whole missing columns? True
[2023-05-06 20:09:36,137] root - INFO - Validation Process Completed
[2023-05-06 20:09:36,137] root - INFO - Data validation artifact: DataValidationArtifact(schema_file_path='C:\\Users\\Admin\\Documents\\Shipment_pricing_Project\\config\\schema.yaml', is_validated=True, message='Data validation performed')
[2023-05-06 20:09:36,137] root - INFO - >>>>>>>>>>>>>>>>>>>>>>>>>>>>>>>>>>>>>>>>>>>>>>>>>>>>>>>>>>>>Data Validation log completed.<<<<<<<<<<<<<<<<<<<<<<<<<<<<<<<<<<<<<<<<<<<<<<<<<<<<<<<<<<<<
[2023-05-06 20:09:36,137] root - INFO - Data Transformation Config: DataTransformationConfig(transformed_train_dir='C:\\Users\\Admin\\Documents\\Shipment_pricing_Project\\shipment\\artifact\\data_transformation\\2023-05-06-20-09-32\\transformed_data\\train', transformed_test_dir='C:\\Users\\Admin\\Documents\\Shipment_pricing_Project\\shipment\\artifact\\data_transformation\\2023-05-06-20-09-32\\transformed_data\\test', preprocessed_object_file_path='C:\\Users\\Admin\\Documents\\Shipment_pricing_Project\\shipment\\artifact\\data_transformation\\2023-05-06-20-09-32\\preprocessed\\preprocessed.pkl', feature_engineering_object_file_path='C:\\Users\\Admin\\Documents\\Shipment_pricing_Project\\shipment\\artifact\\data_transformation\\2023-05-06-20-09-32\\preprocessed\\feat_eng.pkl')
[2023-05-06 20:09:36,138] root - INFO - 
******************** Data Transformation log started ********************


[2023-05-06 20:09:36,138] root - INFO - Obtaining training and test file path.
[2023-05-06 20:09:36,138] root - INFO - Loading training and test data as pandas dataframe.
[2023-05-06 20:09:36,183] root - INFO - Extracting train column name ['ID', 'Project_Code', 'PQ', 'PO/SO', 'ASN/DN', 'Country', 'Managed_By', 'Fulfill_Via', 'Vendor_INCO_Term', 'Shipment_Mode', 'PQ_First_Sent_to_Client_Date', 'PO_Sent_to_Vendor_Date', 'Scheduled_Delivery_Date', 'Delivered_to_Client_Date', 'Delivery_Recorded_Date', 'Product_Group', 'Sub_Classification', 'Vendor', 'Item_Description', 'Molecule/Test_Type', 'Brand', 'Dosage', 'Dosage_Form', 'Unit_of_Measure_(Per_Pack)', 'Line_Item_Quantity', 'Line_Item_Value', 'Pack_Price', 'Unit_Price', 'Manufacturing_Site', 'First_Line_Designation', 'Weight_(Kilograms)', 'Freight_Cost_(USD)', 'Line_Item_Insurance_(USD)']
[2023-05-06 20:09:36,183] root - INFO - Obtaining feature engineering object.
[2023-05-06 20:09:36,183] root - INFO - 
******************** Feature Engneering Started ********************


[2023-05-06 20:09:36,183] root - INFO - Applying feature engineering object on training dataframe and testing dataframe
[2023-05-06 20:09:36,183] root - INFO - Feature Enineering - Train Data 
[2023-05-06 20:09:39,823] root - INFO - Weight and Freight Cost Data Clean Completed
[2023-05-06 20:09:39,824] root - INFO - 

[2023-05-06 20:09:39,824] root - INFO - Country
[2023-05-06 20:09:39,824] root - INFO - Fulfill_Via
[2023-05-06 20:09:39,824] root - INFO - Shipment_Mode
[2023-05-06 20:09:39,824] root - INFO - Sub_Classification
[2023-05-06 20:09:39,824] root - INFO - Brand
[2023-05-06 20:09:39,824] root - INFO - Dosage_Form
[2023-05-06 20:09:39,824] root - INFO - Unit_of_Measure_(Per_Pack)
[2023-05-06 20:09:39,824] root - INFO - Line_Item_Quantity
[2023-05-06 20:09:39,824] root - INFO - Pack_Price
[2023-05-06 20:09:39,824] root - INFO - Unit_Price
[2023-05-06 20:09:39,824] root - INFO - Manufacturing_Site
[2023-05-06 20:09:39,824] root - INFO - First_Line_Designation
[2023-05-06 20:09:39,824] root - INFO - Freight_Cost_USD_Clean
[2023-05-06 20:09:39,824] root - INFO - Weight_Kilograms_Clean
[2023-05-06 20:09:48,382] root - ERROR - 
        Error occured in script: [C:\Users\Admin\Documents\Shipment_pricing_Project\Shipment_Pricing\pipeline\pipeline.py] at 
        line number: [89] 
        error message: [
        Error occured in script: [C:\Users\Admin\Documents\Shipment_pricing_Project\Shipment_Pricing\pipeline\pipeline.py] at 
        line number: [57] 
        error message: [
        Error occured in script: [C:\Users\Admin\Documents\Shipment_pricing_Project\Shipment_Pricing\components\data_transformation.py] at 
        line number: [478] 
        error message: [
        Error occured in script: [C:\Users\Admin\Documents\Shipment_pricing_Project\Shipment_Pricing\components\data_transformation.py] at 
        line number: [349] 
        error message: [
        Error occured in script: [C:\Users\Admin\Documents\Shipment_pricing_Project\Shipment_Pricing\components\data_transformation.py] at 
        line number: [314] 
        error message: [
        Error occured in script: [C:\Users\Admin\Documents\Shipment_pricing_Project\Shipment_Pricing\components\data_transformation.py] at 
        line number: [151] 
        error message: ["['Mnufacturing_Site'] not found in axis"]]]]]]
[2023-05-06 20:09:48,386] root - INFO - 
******************** Data Transformation log completed ********************


