[2023-05-01 01:33:06,366] root - INFO - Training pipleine config: TrainingPipelineConfig(artifact_dir='C:\\Users\\Admin\\Documents\\Shipment_pricing_Project\\shipment\\artifact')
[2023-05-01 01:33:06,366] root - INFO - Data Ingestion config: DataIngestionConfig(dataset_download_url='https://raw.githubusercontent.com/Hitesh-Nimbalkar/Shipment_Pricing_EDA/main/SCMS_Delivery_History_Dataset.csv', raw_data_dir='C:\\Users\\Admin\\Documents\\Shipment_pricing_Project\\shipment\\artifact\\data_ingestion\\2023-05-01-01-33-05\\raw_data', ingested_train_dir='C:\\Users\\Admin\\Documents\\Shipment_pricing_Project\\shipment\\artifact\\data_ingestion\\2023-05-01-01-33-05\\ingested_data\\train', ingested_test_dir='C:\\Users\\Admin\\Documents\\Shipment_pricing_Project\\shipment\\artifact\\data_ingestion\\2023-05-01-01-33-05\\ingested_data\\test')
[2023-05-01 01:33:06,367] root - INFO - >>>>>>>>>>>>>>>>>>>>>>>>>>>>>>>>>>>>>>>>>>>>>>>>>>>>>>>>>>>>Data Ingestion log started.<<<<<<<<<<<<<<<<<<<<<<<<<<<<<<<<<<<<<<<<<<<<<<<<<<<<<<<<<<<< 


[2023-05-01 01:33:06,367] root - INFO - Downloading file from :[https://raw.githubusercontent.com/Hitesh-Nimbalkar/Shipment_Pricing_EDA/main/SCMS_Delivery_History_Dataset.csv] into :[C:\Users\Admin\Documents\Shipment_pricing_Project\shipment\artifact\data_ingestion\2023-05-01-01-33-05\raw_data\SCMS_Delivery_History_Dataset.csv]
[2023-05-01 01:33:07,901] root - INFO - File :[C:\Users\Admin\Documents\Shipment_pricing_Project\shipment\artifact\data_ingestion\2023-05-01-01-33-05\raw_data\SCMS_Delivery_History_Dataset.csv] has been downloaded successfully.
[2023-05-01 01:33:07,902] root - INFO - Reading csv file: [C:\Users\Admin\Documents\Shipment_pricing_Project\shipment\artifact\data_ingestion\2023-05-01-01-33-05\raw_data\SCMS_Delivery_History_Dataset.csv]
[2023-05-01 01:33:07,952] root - INFO - Splitting data into train and test
[2023-05-01 01:33:07,955] root - INFO - Exporting training dataset to file: [C:\Users\Admin\Documents\Shipment_pricing_Project\shipment\artifact\data_ingestion\2023-05-01-01-33-05\ingested_data\train\SCMS_Delivery_History_Dataset.csv]
[2023-05-01 01:33:08,028] root - INFO - Exporting test dataset to file: [C:\Users\Admin\Documents\Shipment_pricing_Project\shipment\artifact\data_ingestion\2023-05-01-01-33-05\ingested_data\test\SCMS_Delivery_History_Dataset.csv]
[2023-05-01 01:33:08,047] root - INFO - Data Ingestion artifact:[DataIngestionArtifact(train_file_path='C:\\Users\\Admin\\Documents\\Shipment_pricing_Project\\shipment\\artifact\\data_ingestion\\2023-05-01-01-33-05\\ingested_data\\train\\SCMS_Delivery_History_Dataset.csv', test_file_path='C:\\Users\\Admin\\Documents\\Shipment_pricing_Project\\shipment\\artifact\\data_ingestion\\2023-05-01-01-33-05\\ingested_data\\test\\SCMS_Delivery_History_Dataset.csv', is_ingested=True, message='Data ingestion completed successfully.')]
[2023-05-01 01:33:08,048] root - INFO - >>>>>>>>>>>>>>>>>>>>>>>>>>>>>>>>>>>>>>>>>>>>>>>>>>>>>>>>>>>>Data Validation log started.<<<<<<<<<<<<<<<<<<<<<<<<<<<<<<<<<<<<<<<<<<<<<<<<<<<<<<<<<<<< 


[2023-05-01 01:33:08,054] root - INFO - Validation Process Started
[2023-05-01 01:33:08,234] root - INFO - Train_set status|is Train filename validated?: True|is train column name validated?: True|whole missing columns?True
[2023-05-01 01:33:08,234] root - INFO - Test_set status|is Test filename validated?: True|is test column names validated? True| whole missing columns? True
[2023-05-01 01:33:08,234] root - INFO - Validation Process Completed
[2023-05-01 01:33:08,234] root - INFO - Data validation artifact: DataValidationArtifact(schema_file_path='C:\\Users\\Admin\\Documents\\Shipment_pricing_Project\\config\\schema.yaml', is_validated=True, message='Data validation performed')
[2023-05-01 01:33:08,234] root - INFO - >>>>>>>>>>>>>>>>>>>>>>>>>>>>>>>>>>>>>>>>>>>>>>>>>>>>>>>>>>>>Data Validation log completed.<<<<<<<<<<<<<<<<<<<<<<<<<<<<<<<<<<<<<<<<<<<<<<<<<<<<<<<<<<<<
[2023-05-01 01:33:08,235] root - INFO - Data Transformation Config: DataTransformationConfig(transformed_train_dir='C:\\Users\\Admin\\Documents\\Shipment_pricing_Project\\shipment\\artifact\\data_transformation\\2023-05-01-01-33-05\\transformed_data\\train', transformed_test_dir='C:\\Users\\Admin\\Documents\\Shipment_pricing_Project\\shipment\\artifact\\data_transformation\\2023-05-01-01-33-05\\transformed_data\\test', preprocessed_object_file_path='C:\\Users\\Admin\\Documents\\Shipment_pricing_Project\\shipment\\artifact\\data_transformation\\2023-05-01-01-33-05\\preprocessed\\preprocessed.pkl', feature_engineering_object_file_path='C:\\Users\\Admin\\Documents\\Shipment_pricing_Project\\shipment\\artifact\\data_transformation\\2023-05-01-01-33-05\\preprocessed\\feat_eng.pkl')
[2023-05-01 01:33:08,235] root - INFO - 
******************** Data Transformation log started ********************


[2023-05-01 01:33:08,235] root - INFO - Obtaining training and test file path.
[2023-05-01 01:33:08,235] root - INFO - Loading training and test data as pandas dataframe.
[2023-05-01 01:33:08,287] root - INFO - Obtaining feature engineering object.
[2023-05-01 01:33:08,287] root - INFO - 
******************** Feature Engneering Started ********************


[2023-05-01 01:33:08,287] root - INFO - Applying feature engineering object on training dataframe and testing dataframe
[2023-05-01 01:33:08,287] root - INFO - Feature Enineering - Train Data 
[2023-05-01 01:33:11,889] root - INFO -  >>>>>>>>>>>>   Missing Fills :  Shipment_Mode,Manufacturing_Site,Country,Brand <<<<<<<<<<
[2023-05-01 01:33:11,901] root - INFO -  >>>>>>>>>>>>  Columns Modififcation Complete  <<<<<<<<<<
[2023-05-01 01:33:11,927] root - INFO - Feature Enineering - Test Data 
[2023-05-01 01:33:12,788] root - INFO -  >>>>>>>>>>>>   Missing Fills :  Shipment_Mode,Manufacturing_Site,Country,Brand <<<<<<<<<<
[2023-05-01 01:33:12,792] root - INFO -  >>>>>>>>>>>>  Columns Modififcation Complete  <<<<<<<<<<
[2023-05-01 01:33:12,803] root - INFO - Splitting input and target feature from training and testing dataframe.
[2023-05-01 01:33:12,804] root - INFO - Colums before transformer object Index(['Unit_of_Measure_(Per_Pack)', 'Line_Item_Quantity', 'Line_Item_Value',
       'Pack_Price', 'Unit_Price', 'Weight_Kilograms_Clean',
       'shipment_mode_encoded', 'manufacturing_site_encoded',
       'country_encoded', 'Dosage_Form_encoded',
       'First_Line_Designation_encoded', 'fulfill_via_encoded',
       'Sub_Classification_encoded', 'brand_encoded'],
      dtype='object')
[2023-05-01 01:33:12,805] root - INFO - Obtaining preprocessing object.
[2023-05-01 01:33:12,808] root - INFO - Applying preprocessing object on training dataframe and testing dataframe
[2023-05-01 01:33:12,876] root - INFO - Transformed Train and Transformed test file saved
[2023-05-01 01:33:12,876] root - INFO - Saving Feature Engineering Object
[2023-05-01 01:33:12,878] root - INFO - Saving Preprocessing Object
[2023-05-01 01:33:12,881] root - INFO - Data Transformation Artifact: DataTransformationArtifact(is_transformed=True, message='Data transformation successfull.', transformed_train_file_path='C:\\Users\\Admin\\Documents\\Shipment_pricing_Project\\shipment\\artifact\\data_transformation\\2023-05-01-01-33-05\\transformed_data\\train\\transformed_train.csv', transformed_test_file_path='C:\\Users\\Admin\\Documents\\Shipment_pricing_Project\\shipment\\artifact\\data_transformation\\2023-05-01-01-33-05\\transformed_data\\test\\transformed_test.csv', preprocessed_object_file_path='C:\\Users\\Admin\\Documents\\Shipment_pricing_Project\\shipment\\artifact\\data_transformation\\2023-05-01-01-33-05\\preprocessed\\preprocessed.pkl', feature_engineering_object_file_path='C:\\Users\\Admin\\Documents\\Shipment_pricing_Project\\shipment\\artifact\\data_transformation\\2023-05-01-01-33-05\\preprocessed\\feat_eng.pkl')
[2023-05-01 01:33:12,883] root - INFO - 
******************** Data Transformation log completed ********************


[2023-05-01 01:33:12,883] root - INFO - Model Trainer Config : ModelTrainerConfig(trained_model_file_path='C:\\Users\\Admin\\Documents\\Shipment_pricing_Project\\shipment\\artifact\\model_training\\2023-05-01-01-33-05\\trained_model\\model.pkl')
[2023-05-01 01:33:12,884] root - INFO - 
******************** Model Training started ********************


[2023-05-01 01:33:12,884] root - INFO - Finding transformed Training and Test
[2023-05-01 01:33:12,884] root - INFO - Transformed Data found!!! Now, converting it into dataframe
[2023-05-01 01:33:12,917] root - INFO - Splitting input and target feature from training and testing dataframe.
[2023-05-01 01:33:12,917] root - INFO - Colums before transformer object Index(['Unit_of_Measure_(Per_Pack)', 'Line_Item_Quantity', 'Line_Item_Value',
       'Pack_Price', 'Unit_Price', 'Weight_Kilograms_Clean',
       'shipment_mode_encoded', 'manufacturing_site_encoded',
       'country_encoded', 'Dosage_Form_encoded',
       'First_Line_Designation_encoded', 'fulfill_via_encoded',
       'Sub_Classification_encoded', 'brand_encoded'],
      dtype='object')
[2023-05-01 01:33:12,917] root - INFO - Best Model Finder function called
[2023-05-01 01:33:12,917] root - INFO - ******************** Training XGBoost Model ********************
[2023-05-01 01:33:12,918] root - INFO - Getting Best Parameters for Random Forest by Grid Search CV
[2023-05-01 01:33:12,918] root - INFO - Optuna Search for XG Boost best parameters started
[2023-05-01 01:33:19,871] root - INFO - Optuna Search for XG Boost best parameters started
[2023-05-01 01:33:19,911] root - INFO - Optuna Search for XG Boost best parameters started
[2023-05-01 01:33:20,036] root - INFO - Optuna Search for XG Boost best parameters started
[2023-05-01 01:33:20,146] root - INFO - Optuna Search for XG Boost best parameters started
[2023-05-01 01:33:20,624] root - INFO - Optuna Search for XG Boost best parameters started
[2023-05-01 01:33:23,773] root - INFO - Optuna Search for XG Boost best parameters started
[2023-05-01 01:33:24,001] root - INFO - Optuna Search for XG Boost best parameters started
[2023-05-01 01:33:27,207] root - INFO - Optuna Search for XG Boost best parameters started
[2023-05-01 01:33:28,646] root - INFO - Optuna Search for XG Boost best parameters started
[2023-05-01 01:33:29,885] root - INFO - Optuna Search for XG Boost best parameters started
[2023-05-01 01:33:32,024] root - INFO - Optuna Search for XG Boost best parameters started
[2023-05-01 01:33:35,342] root - INFO - Optuna Search for XG Boost best parameters started
[2023-05-01 01:33:35,773] root - INFO - Optuna Search for XG Boost best parameters started
[2023-05-01 01:33:38,058] root - INFO - Optuna Search for XG Boost best parameters started
[2023-05-01 01:33:40,082] root - INFO - Optuna Search for XG Boost best parameters started
[2023-05-01 01:33:46,971] root - INFO - Optuna Search for XG Boost best parameters started
[2023-05-01 01:33:53,878] root - INFO - Optuna Search for XG Boost best parameters completed
[2023-05-01 01:33:53,878] root - INFO - XGB Best Parameters : {'lambda': 0.020700429942631333, 'alpha': 0.0010726860014820293, 'colsample_bytree': 0.5, 'subsample': 0.5, 'learning_rate': 0.15, 'max_depth': 4, 'min_child_weight': 46, 'booster': 'dart', 'reg_lambda': 0.1, 'reg_alpha': 0.01}
[2023-05-01 01:33:53,878] root - INFO - Fitting XG Boost model
[2023-05-01 01:33:54,562] root - INFO - ******************** Trained XGBoost Model Successfully!! ********************
[2023-05-01 01:33:54,562] root - INFO - ***Objects for model obtained!!! Now calcalating R2 score for model evaluation***
[2023-05-01 01:33:54,609] root - INFO - R2 score for Training set --->XG Boost: 0.7073258650121459
[2023-05-01 01:33:54,625] root - INFO - R2 score for Testing set --->  XGBoost : 0.5753365308111258
[2023-05-01 01:33:54,625] root - INFO - XGBoost Model Accepted!!!
[2023-05-01 01:33:54,625] root - INFO - Saving best model object file
[2023-05-01 01:33:54,631] root - INFO - Model Trainer Artifact: ModelTrainerArtifact(is_trained=True, message='Model Training Done!!', trained_model_object_file_path='C:\\Users\\Admin\\Documents\\Shipment_pricing_Project\\shipment\\artifact\\model_training\\2023-05-01-01-33-05\\trained_model\\model.pkl')
