[2023-05-01 00:42:00,585] root - INFO - Training pipleine config: TrainingPipelineConfig(artifact_dir='C:\\Users\\Admin\\Documents\\Shipment_pricing_Project\\shipment\\artifact')
[2023-05-01 00:42:00,585] root - INFO - Data Ingestion config: DataIngestionConfig(dataset_download_url='https://raw.githubusercontent.com/Hitesh-Nimbalkar/Shipment_Pricing_EDA/main/SCMS_Delivery_History_Dataset.csv', raw_data_dir='C:\\Users\\Admin\\Documents\\Shipment_pricing_Project\\shipment\\artifact\\data_ingestion\\2023-05-01-00-41-59\\raw_data', ingested_train_dir='C:\\Users\\Admin\\Documents\\Shipment_pricing_Project\\shipment\\artifact\\data_ingestion\\2023-05-01-00-41-59\\ingested_data\\train', ingested_test_dir='C:\\Users\\Admin\\Documents\\Shipment_pricing_Project\\shipment\\artifact\\data_ingestion\\2023-05-01-00-41-59\\ingested_data\\test')
[2023-05-01 00:42:00,586] root - INFO - >>>>>>>>>>>>>>>>>>>>>>>>>>>>>>>>>>>>>>>>>>>>>>>>>>>>>>>>>>>>Data Ingestion log started.<<<<<<<<<<<<<<<<<<<<<<<<<<<<<<<<<<<<<<<<<<<<<<<<<<<<<<<<<<<< 


[2023-05-01 00:42:00,586] root - INFO - Downloading file from :[https://raw.githubusercontent.com/Hitesh-Nimbalkar/Shipment_Pricing_EDA/main/SCMS_Delivery_History_Dataset.csv] into :[C:\Users\Admin\Documents\Shipment_pricing_Project\shipment\artifact\data_ingestion\2023-05-01-00-41-59\raw_data\SCMS_Delivery_History_Dataset.csv]
[2023-05-01 00:42:01,920] root - INFO - File :[C:\Users\Admin\Documents\Shipment_pricing_Project\shipment\artifact\data_ingestion\2023-05-01-00-41-59\raw_data\SCMS_Delivery_History_Dataset.csv] has been downloaded successfully.
[2023-05-01 00:42:01,920] root - INFO - Reading csv file: [C:\Users\Admin\Documents\Shipment_pricing_Project\shipment\artifact\data_ingestion\2023-05-01-00-41-59\raw_data\SCMS_Delivery_History_Dataset.csv]
[2023-05-01 00:42:01,977] root - INFO - Splitting data into train and test
[2023-05-01 00:42:01,980] root - INFO - Exporting training dataset to file: [C:\Users\Admin\Documents\Shipment_pricing_Project\shipment\artifact\data_ingestion\2023-05-01-00-41-59\ingested_data\train\SCMS_Delivery_History_Dataset.csv]
[2023-05-01 00:42:02,056] root - INFO - Exporting test dataset to file: [C:\Users\Admin\Documents\Shipment_pricing_Project\shipment\artifact\data_ingestion\2023-05-01-00-41-59\ingested_data\test\SCMS_Delivery_History_Dataset.csv]
[2023-05-01 00:42:02,074] root - INFO - Data Ingestion artifact:[DataIngestionArtifact(train_file_path='C:\\Users\\Admin\\Documents\\Shipment_pricing_Project\\shipment\\artifact\\data_ingestion\\2023-05-01-00-41-59\\ingested_data\\train\\SCMS_Delivery_History_Dataset.csv', test_file_path='C:\\Users\\Admin\\Documents\\Shipment_pricing_Project\\shipment\\artifact\\data_ingestion\\2023-05-01-00-41-59\\ingested_data\\test\\SCMS_Delivery_History_Dataset.csv', is_ingested=True, message='Data ingestion completed successfully.')]
[2023-05-01 00:42:02,076] root - INFO - >>>>>>>>>>>>>>>>>>>>>>>>>>>>>>>>>>>>>>>>>>>>>>>>>>>>>>>>>>>>Data Validation log started.<<<<<<<<<<<<<<<<<<<<<<<<<<<<<<<<<<<<<<<<<<<<<<<<<<<<<<<<<<<< 


[2023-05-01 00:42:02,081] root - INFO - Validation Process Started
[2023-05-01 00:42:02,265] root - INFO - Train_set status|is Train filename validated?: True|is train column name validated?: True|whole missing columns?True
[2023-05-01 00:42:02,265] root - INFO - Test_set status|is Test filename validated?: True|is test column names validated? True| whole missing columns? True
[2023-05-01 00:42:02,265] root - INFO - Validation Process Completed
[2023-05-01 00:42:02,265] root - INFO - Data validation artifact: DataValidationArtifact(schema_file_path='C:\\Users\\Admin\\Documents\\Shipment_pricing_Project\\config\\schema.yaml', is_validated=True, message='Data validation performed')
[2023-05-01 00:42:02,265] root - INFO - >>>>>>>>>>>>>>>>>>>>>>>>>>>>>>>>>>>>>>>>>>>>>>>>>>>>>>>>>>>>Data Validation log completed.<<<<<<<<<<<<<<<<<<<<<<<<<<<<<<<<<<<<<<<<<<<<<<<<<<<<<<<<<<<<
[2023-05-01 00:42:02,265] root - INFO - Data Transformation Config: DataTransformationConfig(transformed_train_dir='C:\\Users\\Admin\\Documents\\Shipment_pricing_Project\\shipment\\artifact\\data_transformation\\2023-05-01-00-41-59\\transformed_data\\train', transformed_test_dir='C:\\Users\\Admin\\Documents\\Shipment_pricing_Project\\shipment\\artifact\\data_transformation\\2023-05-01-00-41-59\\transformed_data\\test', preprocessed_object_file_path='C:\\Users\\Admin\\Documents\\Shipment_pricing_Project\\shipment\\artifact\\data_transformation\\2023-05-01-00-41-59\\preprocessed\\preprocessed.pkl', feature_engineering_object_file_path='C:\\Users\\Admin\\Documents\\Shipment_pricing_Project\\shipment\\artifact\\data_transformation\\2023-05-01-00-41-59\\preprocessed\\feat_eng.pkl')
[2023-05-01 00:42:02,265] root - INFO - 
******************** Data Transformation log started ********************


[2023-05-01 00:42:02,265] root - INFO - Obtaining training and test file path.
[2023-05-01 00:42:02,265] root - INFO - Loading training and test data as pandas dataframe.
[2023-05-01 00:42:02,319] root - INFO - Obtaining feature engineering object.
[2023-05-01 00:42:02,319] root - INFO - 
******************** Feature Engneering Started ********************


[2023-05-01 00:42:02,319] root - INFO - Applying feature engineering object on training dataframe and testing dataframe
[2023-05-01 00:42:02,319] root - INFO - Feature Enineering - Train Data 
[2023-05-01 00:42:05,937] root - INFO -  >>>>>>>>>>>>   Missing Fills :  Shipment_Mode,Manufacturing_Site,Country,Brand <<<<<<<<<<
[2023-05-01 00:42:05,949] root - INFO -  >>>>>>>>>>>>  Columns Modififcation Complete  <<<<<<<<<<
[2023-05-01 00:42:05,974] root - INFO - Feature Enineering - Test Data 
[2023-05-01 00:42:06,842] root - INFO -  >>>>>>>>>>>>   Missing Fills :  Shipment_Mode,Manufacturing_Site,Country,Brand <<<<<<<<<<
[2023-05-01 00:42:06,847] root - INFO -  >>>>>>>>>>>>  Columns Modififcation Complete  <<<<<<<<<<
[2023-05-01 00:42:06,860] root - INFO - Splitting input and target feature from training and testing dataframe.
[2023-05-01 00:42:06,861] root - INFO - Colums before transformer object Index(['Unit_of_Measure_(Per_Pack)', 'Line_Item_Quantity', 'Line_Item_Value',
       'Pack_Price', 'Unit_Price', 'Weight_Kilograms_Clean',
       'shipment_mode_encoded', 'manufacturing_site_encoded',
       'country_encoded', 'Dosage_Form_encoded',
       'First_Line_Designation_encoded', 'fulfill_via_encoded',
       'Sub_Classification_encoded', 'brand_encoded'],
      dtype='object')
[2023-05-01 00:42:06,861] root - INFO - Obtaining preprocessing object.
[2023-05-01 00:42:06,864] root - INFO - Applying preprocessing object on training dataframe and testing dataframe
[2023-05-01 00:42:06,937] root - INFO - Transformed Train and Transformed test file saved
[2023-05-01 00:42:06,937] root - INFO - Saving Feature Engineering Object
[2023-05-01 00:42:06,937] root - INFO - Saving Preprocessing Object
[2023-05-01 00:42:06,941] root - INFO - Data Transformation Artifact: DataTransformationArtifact(is_transformed=True, message='Data transformation successfull.', transformed_train_file_path='C:\\Users\\Admin\\Documents\\Shipment_pricing_Project\\shipment\\artifact\\data_transformation\\2023-05-01-00-41-59\\transformed_data\\train\\transformed_train.csv', transformed_test_file_path='C:\\Users\\Admin\\Documents\\Shipment_pricing_Project\\shipment\\artifact\\data_transformation\\2023-05-01-00-41-59\\transformed_data\\test\\transformed_test.csv', preprocessed_object_file_path='C:\\Users\\Admin\\Documents\\Shipment_pricing_Project\\shipment\\artifact\\data_transformation\\2023-05-01-00-41-59\\preprocessed\\preprocessed.pkl', feature_engineering_object_file_path='C:\\Users\\Admin\\Documents\\Shipment_pricing_Project\\shipment\\artifact\\data_transformation\\2023-05-01-00-41-59\\preprocessed\\feat_eng.pkl')
[2023-05-01 00:42:06,944] root - INFO - 
******************** Data Transformation log completed ********************


[2023-05-01 00:42:06,944] root - ERROR - 
        Error occured in script: [C:\Users\Admin\Documents\Shipment_pricing_Project\Shipment_Pricing\pipeline\pipeline.py] at 
        line number: [81] 
        error message: [
        Error occured in script: [C:\Users\Admin\Documents\Shipment_pricing_Project\Shipment_Pricing\pipeline\pipeline.py] at 
        line number: [62] 
        error message: [
        Error occured in script: [C:\Users\Admin\Documents\Shipment_pricing_Project\Shipment_Pricing\config\configuration.py] at 
        line number: [140] 
        error message: [ModelTrainerConfig.__new__() missing 2 required positional arguments: 'base_accuracy' and 'model_config_file_path']]]
