[2023-05-05 12:27:08,241] root - INFO - Training pipleine config: TrainingPipelineConfig(artifact_dir='C:\\Users\\Admin\\Documents\\Shipment_pricing_Project\\shipment\\artifact')
[2023-05-05 12:27:08,241] root - INFO - Data Ingestion config: DataIngestionConfig(dataset_download_url='https://raw.githubusercontent.com/Hitesh-Nimbalkar/Shipment_Pricing_EDA/main/SCMS_Delivery_History_Dataset.csv', raw_data_dir='C:\\Users\\Admin\\Documents\\Shipment_pricing_Project\\shipment\\artifact\\data_ingestion\\2023-05-05-12-27-06\\raw_data', ingested_train_dir='C:\\Users\\Admin\\Documents\\Shipment_pricing_Project\\shipment\\artifact\\data_ingestion\\2023-05-05-12-27-06\\ingested_data\\train', ingested_test_dir='C:\\Users\\Admin\\Documents\\Shipment_pricing_Project\\shipment\\artifact\\data_ingestion\\2023-05-05-12-27-06\\ingested_data\\test')
[2023-05-05 12:27:08,242] root - INFO - >>>>>>>>>>>>>>>>>>>>>>>>>>>>>>>>>>>>>>>>>>>>>>>>>>>>>>>>>>>>Data Ingestion log started.<<<<<<<<<<<<<<<<<<<<<<<<<<<<<<<<<<<<<<<<<<<<<<<<<<<<<<<<<<<< 


[2023-05-05 12:27:08,242] root - INFO - Downloading file from :[https://raw.githubusercontent.com/Hitesh-Nimbalkar/Shipment_Pricing_EDA/main/SCMS_Delivery_History_Dataset.csv] into :[C:\Users\Admin\Documents\Shipment_pricing_Project\shipment\artifact\data_ingestion\2023-05-05-12-27-06\raw_data\SCMS_Delivery_History_Dataset.csv]
[2023-05-05 12:27:11,547] root - INFO - File :[C:\Users\Admin\Documents\Shipment_pricing_Project\shipment\artifact\data_ingestion\2023-05-05-12-27-06\raw_data\SCMS_Delivery_History_Dataset.csv] has been downloaded successfully.
[2023-05-05 12:27:11,547] root - INFO - Reading csv file: [C:\Users\Admin\Documents\Shipment_pricing_Project\shipment\artifact\data_ingestion\2023-05-05-12-27-06\raw_data\SCMS_Delivery_History_Dataset.csv]
[2023-05-05 12:27:11,604] root - INFO - Splitting data into train and test
[2023-05-05 12:27:11,608] root - INFO - Exporting training dataset to file: [C:\Users\Admin\Documents\Shipment_pricing_Project\shipment\artifact\data_ingestion\2023-05-05-12-27-06\ingested_data\train\SCMS_Delivery_History_Dataset.csv]
[2023-05-05 12:27:11,691] root - INFO - Exporting test dataset to file: [C:\Users\Admin\Documents\Shipment_pricing_Project\shipment\artifact\data_ingestion\2023-05-05-12-27-06\ingested_data\test\SCMS_Delivery_History_Dataset.csv]
[2023-05-05 12:27:11,712] root - INFO - Data Ingestion artifact:[DataIngestionArtifact(train_file_path='C:\\Users\\Admin\\Documents\\Shipment_pricing_Project\\shipment\\artifact\\data_ingestion\\2023-05-05-12-27-06\\ingested_data\\train\\SCMS_Delivery_History_Dataset.csv', test_file_path='C:\\Users\\Admin\\Documents\\Shipment_pricing_Project\\shipment\\artifact\\data_ingestion\\2023-05-05-12-27-06\\ingested_data\\test\\SCMS_Delivery_History_Dataset.csv', is_ingested=True, message='Data ingestion completed successfully.')]
[2023-05-05 12:27:11,714] root - INFO - >>>>>>>>>>>>>>>>>>>>>>>>>>>>>>>>>>>>>>>>>>>>>>>>>>>>>>>>>>>>Data Validation log started.<<<<<<<<<<<<<<<<<<<<<<<<<<<<<<<<<<<<<<<<<<<<<<<<<<<<<<<<<<<< 


[2023-05-05 12:27:11,720] root - INFO - Validation Process Started
[2023-05-05 12:27:11,899] root - INFO - Train_set status|is Train filename validated?: True|is train column name validated?: True|whole missing columns?True
[2023-05-05 12:27:11,899] root - INFO - Test_set status|is Test filename validated?: True|is test column names validated? True| whole missing columns? True
[2023-05-05 12:27:11,899] root - INFO - Validation Process Completed
[2023-05-05 12:27:11,899] root - INFO - Data validation artifact: DataValidationArtifact(schema_file_path='C:\\Users\\Admin\\Documents\\Shipment_pricing_Project\\config\\schema.yaml', is_validated=True, message='Data validation performed')
[2023-05-05 12:27:11,899] root - INFO - >>>>>>>>>>>>>>>>>>>>>>>>>>>>>>>>>>>>>>>>>>>>>>>>>>>>>>>>>>>>Data Validation log completed.<<<<<<<<<<<<<<<<<<<<<<<<<<<<<<<<<<<<<<<<<<<<<<<<<<<<<<<<<<<<
[2023-05-05 12:27:11,899] root - INFO - Data Transformation Config: DataTransformationConfig(transformed_train_dir='C:\\Users\\Admin\\Documents\\Shipment_pricing_Project\\shipment\\artifact\\data_transformation\\2023-05-05-12-27-06\\transformed_data\\train', transformed_test_dir='C:\\Users\\Admin\\Documents\\Shipment_pricing_Project\\shipment\\artifact\\data_transformation\\2023-05-05-12-27-06\\transformed_data\\test', preprocessed_object_file_path='C:\\Users\\Admin\\Documents\\Shipment_pricing_Project\\shipment\\artifact\\data_transformation\\2023-05-05-12-27-06\\preprocessed\\preprocessed.pkl', feature_engineering_object_file_path='C:\\Users\\Admin\\Documents\\Shipment_pricing_Project\\shipment\\artifact\\data_transformation\\2023-05-05-12-27-06\\preprocessed\\feat_eng.pkl')
[2023-05-05 12:27:11,899] root - INFO - 
******************** Data Transformation log started ********************


[2023-05-05 12:27:11,899] root - INFO - Obtaining training and test file path.
[2023-05-05 12:27:11,899] root - INFO - Loading training and test data as pandas dataframe.
[2023-05-05 12:27:11,957] root - INFO - Obtaining feature engineering object.
[2023-05-05 12:27:11,957] root - INFO - 
******************** Feature Engneering Started ********************


[2023-05-05 12:27:11,957] root - INFO - Applying feature engineering object on training dataframe and testing dataframe
[2023-05-05 12:27:11,957] root - INFO - Feature Enineering - Train Data 
[2023-05-05 12:27:15,598] root - INFO -  >>>>>>>>>>>>   Missing Fills :  Shipment_Mode,Manufacturing_Site,Country,Brand <<<<<<<<<<
[2023-05-05 12:27:15,618] root - INFO -  >>>>>>>>>>>>  Columns Modififcation Complete  <<<<<<<<<<
[2023-05-05 12:27:15,658] root - INFO - Feature Enineering - Test Data 
[2023-05-05 12:27:16,569] root - INFO -  >>>>>>>>>>>>   Missing Fills :  Shipment_Mode,Manufacturing_Site,Country,Brand <<<<<<<<<<
[2023-05-05 12:27:16,573] root - INFO -  >>>>>>>>>>>>  Columns Modififcation Complete  <<<<<<<<<<
[2023-05-05 12:27:16,615] root - INFO - Obtaining preprocessing object.
[2023-05-05 12:27:16,615] root - INFO - Colums before transformer object Index(['Unit_of_Measure_(Per_Pack)', 'Line_Item_Quantity', 'Pack_Price',
       'Unit_Price', 'Freight_Cost_USD_Clean', 'Weight_Kilograms_Clean',
       'Shipment_mode', 'Manufacturing_site', 'Country', 'Dosage_Form',
       'First_Line_Designation', 'Fulfill_via', 'Sub_Classification', 'Brand'],
      dtype='object')
[2023-05-05 12:27:16,615] root - INFO - Applying preprocessing object on training dataframe and testing dataframe
[2023-05-05 12:27:16,665] root - INFO - Converting preprocessed array into dataframe
[2023-05-05 12:27:16,665] root - INFO - Preprocessing columns : ['num_impute__Unit_of_Measure_(Per_Pack)' 'num_impute__Line_Item_Quantity'
 'num_impute__Pack_Price' 'num_impute__Unit_Price'
 'num_impute__Weight_Kilograms_Clean'
 'num_scaler__Unit_of_Measure_(Per_Pack)' 'num_scaler__Line_Item_Quantity'
 'num_scaler__Pack_Price' 'num_scaler__Unit_Price'
 'num_scaler__Weight_Kilograms_Clean' 'cat_impute__Shipment_mode'
 'cat_impute__Manufacturing_site' 'cat_impute__Country'
 'cat_impute__Dosage_Form' 'cat_impute__First_Line_Designation'
 'cat_impute__Fulfill_via' 'cat_impute__Sub_Classification'
 'cat_impute__Brand' 'cat_ohe__Shipment_mode_Air'
 'cat_ohe__Shipment_mode_Air Charter' 'cat_ohe__Shipment_mode_Ocean'
 'cat_ohe__Shipment_mode_Truck'
 'cat_ohe__Manufacturing_site_ABBVIE (Abbott) Logis. UK'
 'cat_ohe__Manufacturing_site_ABBVIE GmbH & Co.KG Wiesbaden'
 'cat_ohe__Manufacturing_site_ABBVIE Ludwigshafen Germany'
 'cat_ohe__Manufacturing_site_Alere Medical Co., Ltd.'
 'cat_ohe__Manufacturing_site_Aspen-OSD, Port Elizabeth, SA'
 'cat_ohe__Manufacturing_site_Aurobindo Unit III, India'
 'cat_ohe__Manufacturing_site_Aurobindo Unit VII, IN'
 'cat_ohe__Manufacturing_site_BMS Meymac, France'
 'cat_ohe__Manufacturing_site_Bio-Rad Laboratories'
 'cat_ohe__Manufacturing_site_Chembio Diagnostics Sys. Inc.'
 'cat_ohe__Manufacturing_site_Cipla, Goa, India'
 'cat_ohe__Manufacturing_site_Cipla, Kurkumbh, India'
 'cat_ohe__Manufacturing_site_Cipla, Patalganga, India'
 'cat_ohe__Manufacturing_site_Emcure Plot No.P-2, I.T-B.T. Park, Phase II, MIDC, Hinjwadi, Pune, India'
 'cat_ohe__Manufacturing_site_Gilead(Nycomed) Oranienburg DE'
 'cat_ohe__Manufacturing_site_Hetero Unit III Hyderabad IN'
 'cat_ohe__Manufacturing_site_Hetero, Jadcherla, unit 5, IN'
 'cat_ohe__Manufacturing_site_Inverness Japan'
 'cat_ohe__Manufacturing_site_KHB Test Kit Facility, Shanghai China'
 'cat_ohe__Manufacturing_site_MSD, Haarlem, NL'
 'cat_ohe__Manufacturing_site_Micro labs, Verna, Goa, India'
 'cat_ohe__Manufacturing_site_Mylan (formerly Matrix) Nashik'
 'cat_ohe__Manufacturing_site_Others'
 'cat_ohe__Manufacturing_site_Pacific Biotech, Thailand'
 'cat_ohe__Manufacturing_site_Ranbaxy, Paonta Shahib, India'
 'cat_ohe__Manufacturing_site_Roche Basel'
 'cat_ohe__Manufacturing_site_Standard Diagnostics, Korea'
 'cat_ohe__Manufacturing_site_Strides, Bangalore, India.'
 'cat_ohe__Manufacturing_site_Trinity Biotech, Plc'
 'cat_ohe__Country_Botswana' 'cat_ohe__Country_Burundi'
 'cat_ohe__Country_Cameroon' 'cat_ohe__Country_Congo, DRC'
 "cat_ohe__Country_Côte d'Ivoire" 'cat_ohe__Country_Dominican Republic'
 'cat_ohe__Country_Ethiopia' 'cat_ohe__Country_Ghana'
 'cat_ohe__Country_Guyana' 'cat_ohe__Country_Haiti'
 'cat_ohe__Country_Kenya' 'cat_ohe__Country_Mozambique'
 'cat_ohe__Country_Namibia' 'cat_ohe__Country_Nigeria'
 'cat_ohe__Country_Others' 'cat_ohe__Country_Rwanda'
 'cat_ohe__Country_South Africa' 'cat_ohe__Country_South Sudan'
 'cat_ohe__Country_Sudan' 'cat_ohe__Country_Tanzania'
 'cat_ohe__Country_Uganda' 'cat_ohe__Country_Vietnam'
 'cat_ohe__Country_Zambia' 'cat_ohe__Country_Zimbabwe'
 'cat_ohe__Dosage_Form_Capsule' 'cat_ohe__Dosage_Form_Injection'
 'cat_ohe__Dosage_Form_Oral' 'cat_ohe__Dosage_Form_Tablet'
 'cat_ohe__Dosage_Form_Test kit' 'cat_ohe__First_Line_Designation_No'
 'cat_ohe__First_Line_Designation_Yes' 'cat_ohe__Fulfill_via_Direct Drop'
 'cat_ohe__Fulfill_via_From RDC' 'cat_ohe__Sub_Classification_ACT'
 'cat_ohe__Sub_Classification_Adult'
 'cat_ohe__Sub_Classification_HIV test'
 'cat_ohe__Sub_Classification_HIV test - Ancillary'
 'cat_ohe__Sub_Classification_Malaria'
 'cat_ohe__Sub_Classification_Pediatric' 'cat_ohe__Brand_Aluvia'
 'cat_ohe__Brand_Bioline' 'cat_ohe__Brand_Colloidal Gold'
 'cat_ohe__Brand_Determine' 'cat_ohe__Brand_Generic'
 'cat_ohe__Brand_Kaletra' 'cat_ohe__Brand_Norvir' 'cat_ohe__Brand_Others'
 'cat_ohe__Brand_Stat-Pak' 'cat_ohe__Brand_Truvada'
 'cat_ohe__Brand_Uni-Gold' 'remainder__Freight_Cost_USD_Clean']
[2023-05-05 12:27:16,834] root - INFO - Transformed Train and Transformed test file saved
[2023-05-05 12:27:16,834] root - INFO - Saving Feature Engineering Object
[2023-05-05 12:27:16,835] root - INFO - Saving Preprocessing Object
[2023-05-05 12:27:16,839] root - INFO - Data Transformation Artifact: DataTransformationArtifact(is_transformed=True, message='Data transformation successfull.', transformed_train_file_path='C:\\Users\\Admin\\Documents\\Shipment_pricing_Project\\shipment\\artifact\\data_transformation\\2023-05-05-12-27-06\\transformed_data\\train\\transformed_train.csv', transformed_test_file_path='C:\\Users\\Admin\\Documents\\Shipment_pricing_Project\\shipment\\artifact\\data_transformation\\2023-05-05-12-27-06\\transformed_data\\test\\transformed_test.csv', preprocessed_object_file_path='C:\\Users\\Admin\\Documents\\Shipment_pricing_Project\\shipment\\artifact\\data_transformation\\2023-05-05-12-27-06\\preprocessed\\preprocessed.pkl', feature_engineering_object_file_path='C:\\Users\\Admin\\Documents\\Shipment_pricing_Project\\shipment\\artifact\\data_transformation\\2023-05-05-12-27-06\\preprocessed\\feat_eng.pkl')
[2023-05-05 12:27:16,846] root - INFO - 
******************** Data Transformation log completed ********************


[2023-05-05 12:27:16,846] root - INFO - Model Trainer Config : ModelTrainerConfig(trained_model_file_path='C:\\Users\\Admin\\Documents\\Shipment_pricing_Project\\shipment\\artifact\\model_training\\2023-05-05-12-27-06\\trained_model\\model.pkl')
[2023-05-05 12:27:16,846] root - INFO - 
******************** Model Training started ********************


[2023-05-05 12:27:16,846] root - INFO - Finding transformed Training and Test
[2023-05-05 12:27:16,846] root - INFO - Transformed Data found!!! Now, converting it into dataframe
[2023-05-05 12:27:16,921] root - INFO - Splitting Input features and Target Feature for train and test data
[2023-05-05 12:27:17,184] root - INFO - Best Model Finder function called
[2023-05-05 12:27:17,184] root - INFO - ******************** Training XGBoost Model ********************
[2023-05-05 12:27:17,184] root - INFO - Getting Best Parameters for Random Forest by Grid Search CV
[2023-05-05 12:27:17,185] root - INFO - Optuna Search for XG Boost best parameters started
[2023-05-05 12:27:17,203] root - INFO - Optuna Search for XG Boost best parameters started
[2023-05-05 12:27:17,215] root - INFO - Optuna Search for XG Boost best parameters started
[2023-05-05 12:27:17,228] root - INFO - Optuna Search for XG Boost best parameters started
[2023-05-05 12:27:17,244] root - INFO - Optuna Search for XG Boost best parameters started
[2023-05-05 12:27:17,272] root - INFO - Optuna Search for XG Boost best parameters started
[2023-05-05 12:27:17,312] root - INFO - Optuna Search for XG Boost best parameters started
[2023-05-05 12:27:17,340] root - INFO - Optuna Search for XG Boost best parameters started
[2023-05-05 12:27:17,371] root - INFO - Optuna Search for XG Boost best parameters started
[2023-05-05 12:27:17,407] root - INFO - Optuna Search for XG Boost best parameters started
[2023-05-05 12:27:17,452] root - INFO - Optuna Search for XG Boost best parameters started
[2023-05-05 12:27:17,494] root - INFO - Optuna Search for XG Boost best parameters started
[2023-05-05 12:27:17,531] root - INFO - Optuna Search for XG Boost best parameters started
[2023-05-05 12:27:17,597] root - INFO - Optuna Search for XG Boost best parameters started
[2023-05-05 12:27:17,643] root - INFO - Optuna Search for XG Boost best parameters started
[2023-05-05 12:27:17,704] root - INFO - Optuna Search for XG Boost best parameters started
[2023-05-05 12:27:17,760] root - INFO - Optuna Search for XG Boost best parameters started
[2023-05-05 12:27:17,809] root - INFO - Optuna Search for XG Boost best parameters started
[2023-05-05 12:27:17,879] root - INFO - Optuna Search for XG Boost best parameters started
[2023-05-05 12:27:17,946] root - INFO - Optuna Search for XG Boost best parameters started
[2023-05-05 12:27:18,010] root - INFO - Optuna Search for XG Boost best parameters started
[2023-05-05 12:27:18,090] root - INFO - Optuna Search for XG Boost best parameters started
[2023-05-05 12:27:18,157] root - INFO - Optuna Search for XG Boost best parameters started
[2023-05-05 12:27:18,237] root - INFO - Optuna Search for XG Boost best parameters started
[2023-05-05 12:27:18,320] root - INFO - Optuna Search for XG Boost best parameters started
[2023-05-05 12:27:18,405] root - INFO - Optuna Search for XG Boost best parameters started
[2023-05-05 12:27:18,507] root - INFO - Optuna Search for XG Boost best parameters started
[2023-05-05 12:27:18,605] root - INFO - Optuna Search for XG Boost best parameters started
[2023-05-05 12:27:18,699] root - INFO - Optuna Search for XG Boost best parameters started
[2023-05-05 12:27:18,782] root - INFO - Optuna Search for XG Boost best parameters started
[2023-05-05 12:27:18,890] root - INFO - Optuna Search for XG Boost best parameters started
[2023-05-05 12:27:19,001] root - INFO - Optuna Search for XG Boost best parameters started
[2023-05-05 12:27:19,110] root - INFO - Optuna Search for XG Boost best parameters started
[2023-05-05 12:27:19,223] root - INFO - Optuna Search for XG Boost best parameters started
[2023-05-05 12:27:19,340] root - INFO - Optuna Search for XG Boost best parameters started
[2023-05-05 12:27:19,454] root - INFO - Optuna Search for XG Boost best parameters started
[2023-05-05 12:27:19,587] root - INFO - Optuna Search for XG Boost best parameters started
[2023-05-05 12:27:19,726] root - INFO - Optuna Search for XG Boost best parameters started
[2023-05-05 12:27:19,865] root - INFO - Optuna Search for XG Boost best parameters started
[2023-05-05 12:27:19,999] root - INFO - Optuna Search for XG Boost best parameters started
[2023-05-05 12:27:20,136] root - INFO - Optuna Search for XG Boost best parameters started
[2023-05-05 12:27:20,280] root - INFO - Optuna Search for XG Boost best parameters started
[2023-05-05 12:27:20,408] root - INFO - Optuna Search for XG Boost best parameters started
[2023-05-05 12:27:20,557] root - INFO - Optuna Search for XG Boost best parameters started
[2023-05-05 12:27:20,703] root - INFO - Optuna Search for XG Boost best parameters started
[2023-05-05 12:27:20,866] root - INFO - Optuna Search for XG Boost best parameters started
[2023-05-05 12:27:21,018] root - INFO - Optuna Search for XG Boost best parameters started
[2023-05-05 12:27:21,179] root - INFO - Optuna Search for XG Boost best parameters started
[2023-05-05 12:27:21,328] root - INFO - Optuna Search for XG Boost best parameters started
[2023-05-05 12:27:21,506] root - INFO - Optuna Search for XG Boost best parameters started
[2023-05-05 12:27:21,658] root - INFO - Optuna Search for XG Boost best parameters started
[2023-05-05 12:27:21,835] root - INFO - Optuna Search for XG Boost best parameters started
[2023-05-05 12:27:22,012] root - INFO - Optuna Search for XG Boost best parameters started
[2023-05-05 12:27:22,191] root - INFO - Optuna Search for XG Boost best parameters started
[2023-05-05 12:27:22,368] root - INFO - Optuna Search for XG Boost best parameters started
[2023-05-05 12:27:22,547] root - INFO - Optuna Search for XG Boost best parameters started
[2023-05-05 12:27:22,739] root - INFO - Optuna Search for XG Boost best parameters started
[2023-05-05 12:27:22,947] root - INFO - Optuna Search for XG Boost best parameters started
