[2023-05-05 12:22:15,868] root - INFO - Training pipleine config: TrainingPipelineConfig(artifact_dir='C:\\Users\\Admin\\Documents\\Shipment_pricing_Project\\shipment\\artifact')
[2023-05-05 12:22:15,868] root - INFO - Data Ingestion config: DataIngestionConfig(dataset_download_url='https://raw.githubusercontent.com/Hitesh-Nimbalkar/Shipment_Pricing_EDA/main/SCMS_Delivery_History_Dataset.csv', raw_data_dir='C:\\Users\\Admin\\Documents\\Shipment_pricing_Project\\shipment\\artifact\\data_ingestion\\2023-05-05-12-22-14\\raw_data', ingested_train_dir='C:\\Users\\Admin\\Documents\\Shipment_pricing_Project\\shipment\\artifact\\data_ingestion\\2023-05-05-12-22-14\\ingested_data\\train', ingested_test_dir='C:\\Users\\Admin\\Documents\\Shipment_pricing_Project\\shipment\\artifact\\data_ingestion\\2023-05-05-12-22-14\\ingested_data\\test')
[2023-05-05 12:22:15,869] root - INFO - >>>>>>>>>>>>>>>>>>>>>>>>>>>>>>>>>>>>>>>>>>>>>>>>>>>>>>>>>>>>Data Ingestion log started.<<<<<<<<<<<<<<<<<<<<<<<<<<<<<<<<<<<<<<<<<<<<<<<<<<<<<<<<<<<< 


[2023-05-05 12:22:15,870] root - INFO - Downloading file from :[https://raw.githubusercontent.com/Hitesh-Nimbalkar/Shipment_Pricing_EDA/main/SCMS_Delivery_History_Dataset.csv] into :[C:\Users\Admin\Documents\Shipment_pricing_Project\shipment\artifact\data_ingestion\2023-05-05-12-22-14\raw_data\SCMS_Delivery_History_Dataset.csv]
[2023-05-05 12:22:19,036] root - INFO - File :[C:\Users\Admin\Documents\Shipment_pricing_Project\shipment\artifact\data_ingestion\2023-05-05-12-22-14\raw_data\SCMS_Delivery_History_Dataset.csv] has been downloaded successfully.
[2023-05-05 12:22:19,036] root - INFO - Reading csv file: [C:\Users\Admin\Documents\Shipment_pricing_Project\shipment\artifact\data_ingestion\2023-05-05-12-22-14\raw_data\SCMS_Delivery_History_Dataset.csv]
[2023-05-05 12:22:19,083] root - INFO - Splitting data into train and test
[2023-05-05 12:22:19,083] root - INFO - Exporting training dataset to file: [C:\Users\Admin\Documents\Shipment_pricing_Project\shipment\artifact\data_ingestion\2023-05-05-12-22-14\ingested_data\train\SCMS_Delivery_History_Dataset.csv]
[2023-05-05 12:22:19,161] root - INFO - Exporting test dataset to file: [C:\Users\Admin\Documents\Shipment_pricing_Project\shipment\artifact\data_ingestion\2023-05-05-12-22-14\ingested_data\test\SCMS_Delivery_History_Dataset.csv]
[2023-05-05 12:22:19,177] root - INFO - Data Ingestion artifact:[DataIngestionArtifact(train_file_path='C:\\Users\\Admin\\Documents\\Shipment_pricing_Project\\shipment\\artifact\\data_ingestion\\2023-05-05-12-22-14\\ingested_data\\train\\SCMS_Delivery_History_Dataset.csv', test_file_path='C:\\Users\\Admin\\Documents\\Shipment_pricing_Project\\shipment\\artifact\\data_ingestion\\2023-05-05-12-22-14\\ingested_data\\test\\SCMS_Delivery_History_Dataset.csv', is_ingested=True, message='Data ingestion completed successfully.')]
[2023-05-05 12:22:19,177] root - INFO - >>>>>>>>>>>>>>>>>>>>>>>>>>>>>>>>>>>>>>>>>>>>>>>>>>>>>>>>>>>>Data Validation log started.<<<<<<<<<<<<<<<<<<<<<<<<<<<<<<<<<<<<<<<<<<<<<<<<<<<<<<<<<<<< 


[2023-05-05 12:22:19,177] root - INFO - Validation Process Started
[2023-05-05 12:22:19,372] root - INFO - Train_set status|is Train filename validated?: True|is train column name validated?: True|whole missing columns?True
[2023-05-05 12:22:19,372] root - INFO - Test_set status|is Test filename validated?: True|is test column names validated? True| whole missing columns? True
[2023-05-05 12:22:19,372] root - INFO - Validation Process Completed
[2023-05-05 12:22:19,372] root - INFO - Data validation artifact: DataValidationArtifact(schema_file_path='C:\\Users\\Admin\\Documents\\Shipment_pricing_Project\\config\\schema.yaml', is_validated=True, message='Data validation performed')
[2023-05-05 12:22:19,372] root - INFO - >>>>>>>>>>>>>>>>>>>>>>>>>>>>>>>>>>>>>>>>>>>>>>>>>>>>>>>>>>>>Data Validation log completed.<<<<<<<<<<<<<<<<<<<<<<<<<<<<<<<<<<<<<<<<<<<<<<<<<<<<<<<<<<<<
[2023-05-05 12:22:19,372] root - INFO - Data Transformation Config: DataTransformationConfig(transformed_train_dir='C:\\Users\\Admin\\Documents\\Shipment_pricing_Project\\shipment\\artifact\\data_transformation\\2023-05-05-12-22-14\\transformed_data\\train', transformed_test_dir='C:\\Users\\Admin\\Documents\\Shipment_pricing_Project\\shipment\\artifact\\data_transformation\\2023-05-05-12-22-14\\transformed_data\\test', preprocessed_object_file_path='C:\\Users\\Admin\\Documents\\Shipment_pricing_Project\\shipment\\artifact\\data_transformation\\2023-05-05-12-22-14\\preprocessed\\preprocessed.pkl', feature_engineering_object_file_path='C:\\Users\\Admin\\Documents\\Shipment_pricing_Project\\shipment\\artifact\\data_transformation\\2023-05-05-12-22-14\\preprocessed\\feat_eng.pkl')
[2023-05-05 12:22:19,372] root - INFO - 
******************** Data Transformation log started ********************


[2023-05-05 12:22:19,372] root - INFO - Obtaining training and test file path.
[2023-05-05 12:22:19,372] root - INFO - Loading training and test data as pandas dataframe.
[2023-05-05 12:22:19,417] root - INFO - Obtaining feature engineering object.
[2023-05-05 12:22:19,417] root - INFO - 
******************** Feature Engneering Started ********************


[2023-05-05 12:22:19,417] root - INFO - Applying feature engineering object on training dataframe and testing dataframe
[2023-05-05 12:22:19,417] root - INFO - Feature Enineering - Train Data 
[2023-05-05 12:22:23,013] root - INFO -  >>>>>>>>>>>>   Missing Fills :  Shipment_Mode,Manufacturing_Site,Country,Brand <<<<<<<<<<
[2023-05-05 12:22:23,025] root - INFO -  >>>>>>>>>>>>  Columns Modififcation Complete  <<<<<<<<<<
[2023-05-05 12:22:23,067] root - INFO - Feature Enineering - Test Data 
[2023-05-05 12:22:23,963] root - INFO -  >>>>>>>>>>>>   Missing Fills :  Shipment_Mode,Manufacturing_Site,Country,Brand <<<<<<<<<<
[2023-05-05 12:22:23,967] root - INFO -  >>>>>>>>>>>>  Columns Modififcation Complete  <<<<<<<<<<
[2023-05-05 12:22:24,013] root - INFO - Obtaining preprocessing object.
[2023-05-05 12:22:24,016] root - INFO - Colums before transformer object Index(['Unit_of_Measure_(Per_Pack)', 'Line_Item_Quantity', 'Pack_Price',
       'Unit_Price', 'Freight_Cost_USD_Clean', 'Weight_Kilograms_Clean',
       'Shipment_mode', 'Manufacturing_site', 'Country', 'Dosage_Form',
       'First_Line_Designation', 'Fulfill_via', 'Sub_Classification', 'Brand'],
      dtype='object')
[2023-05-05 12:22:24,016] root - INFO - Applying preprocessing object on training dataframe and testing dataframe
[2023-05-05 12:22:24,059] root - INFO - Converting preprocessed array into dataframe
[2023-05-05 12:22:24,210] root - INFO - Transformed Train and Transformed test file saved
[2023-05-05 12:22:24,210] root - INFO - Saving Feature Engineering Object
[2023-05-05 12:22:24,210] root - INFO - Saving Preprocessing Object
[2023-05-05 12:22:24,210] root - INFO - Data Transformation Artifact: DataTransformationArtifact(is_transformed=True, message='Data transformation successfull.', transformed_train_file_path='C:\\Users\\Admin\\Documents\\Shipment_pricing_Project\\shipment\\artifact\\data_transformation\\2023-05-05-12-22-14\\transformed_data\\train\\transformed_train.csv', transformed_test_file_path='C:\\Users\\Admin\\Documents\\Shipment_pricing_Project\\shipment\\artifact\\data_transformation\\2023-05-05-12-22-14\\transformed_data\\test\\transformed_test.csv', preprocessed_object_file_path='C:\\Users\\Admin\\Documents\\Shipment_pricing_Project\\shipment\\artifact\\data_transformation\\2023-05-05-12-22-14\\preprocessed\\preprocessed.pkl', feature_engineering_object_file_path='C:\\Users\\Admin\\Documents\\Shipment_pricing_Project\\shipment\\artifact\\data_transformation\\2023-05-05-12-22-14\\preprocessed\\feat_eng.pkl')
[2023-05-05 12:22:24,225] root - INFO - 
******************** Data Transformation log completed ********************


[2023-05-05 12:22:24,225] root - INFO - Model Trainer Config : ModelTrainerConfig(trained_model_file_path='C:\\Users\\Admin\\Documents\\Shipment_pricing_Project\\shipment\\artifact\\model_training\\2023-05-05-12-22-14\\trained_model\\model.pkl')
[2023-05-05 12:22:24,225] root - INFO - 
******************** Model Training started ********************


[2023-05-05 12:22:24,225] root - INFO - Finding transformed Training and Test
[2023-05-05 12:22:24,225] root - INFO - Transformed Data found!!! Now, converting it into dataframe
[2023-05-05 12:22:24,288] root - INFO - Splitting Input features and Target Feature for train and test data
[2023-05-05 12:22:24,508] root - INFO - Best Model Finder function called
[2023-05-05 12:22:24,508] root - INFO - ******************** Training XGBoost Model ********************
[2023-05-05 12:22:24,508] root - INFO - Getting Best Parameters for Random Forest by Grid Search CV
[2023-05-05 12:22:24,508] root - INFO - Optuna Search for XG Boost best parameters started
[2023-05-05 12:22:24,541] root - INFO - Optuna Search for XG Boost best parameters started
[2023-05-05 12:22:24,550] root - INFO - Optuna Search for XG Boost best parameters started
[2023-05-05 12:22:24,564] root - INFO - Optuna Search for XG Boost best parameters started
[2023-05-05 12:22:24,584] root - INFO - Optuna Search for XG Boost best parameters started
[2023-05-05 12:22:24,616] root - INFO - Optuna Search for XG Boost best parameters started
[2023-05-05 12:22:24,647] root - INFO - Optuna Search for XG Boost best parameters started
[2023-05-05 12:22:24,677] root - INFO - Optuna Search for XG Boost best parameters started
[2023-05-05 12:22:24,710] root - INFO - Optuna Search for XG Boost best parameters started
[2023-05-05 12:22:24,746] root - INFO - Optuna Search for XG Boost best parameters started
[2023-05-05 12:22:24,783] root - INFO - Optuna Search for XG Boost best parameters started
[2023-05-05 12:22:24,824] root - INFO - Optuna Search for XG Boost best parameters started
[2023-05-05 12:22:24,874] root - INFO - Optuna Search for XG Boost best parameters started
[2023-05-05 12:22:24,921] root - INFO - Optuna Search for XG Boost best parameters started
[2023-05-05 12:22:24,970] root - INFO - Optuna Search for XG Boost best parameters started
[2023-05-05 12:22:25,017] root - INFO - Optuna Search for XG Boost best parameters started
[2023-05-05 12:22:25,069] root - INFO - Optuna Search for XG Boost best parameters started
[2023-05-05 12:22:25,126] root - INFO - Optuna Search for XG Boost best parameters started
[2023-05-05 12:22:25,189] root - INFO - Optuna Search for XG Boost best parameters started
[2023-05-05 12:22:25,267] root - INFO - Optuna Search for XG Boost best parameters started
[2023-05-05 12:22:25,329] root - INFO - Optuna Search for XG Boost best parameters started
[2023-05-05 12:22:25,404] root - INFO - Optuna Search for XG Boost best parameters started
[2023-05-05 12:22:25,471] root - INFO - Optuna Search for XG Boost best parameters started
[2023-05-05 12:22:25,564] root - INFO - Optuna Search for XG Boost best parameters started
[2023-05-05 12:22:25,651] root - INFO - Optuna Search for XG Boost best parameters started
[2023-05-05 12:22:25,731] root - INFO - Optuna Search for XG Boost best parameters started
[2023-05-05 12:22:25,845] root - INFO - Optuna Search for XG Boost best parameters started
[2023-05-05 12:22:25,945] root - INFO - Optuna Search for XG Boost best parameters started
[2023-05-05 12:22:26,032] root - INFO - Optuna Search for XG Boost best parameters started
[2023-05-05 12:22:26,147] root - INFO - Optuna Search for XG Boost best parameters started
[2023-05-05 12:22:26,240] root - INFO - Optuna Search for XG Boost best parameters started
[2023-05-05 12:22:26,344] root - INFO - Optuna Search for XG Boost best parameters started
[2023-05-05 12:22:26,448] root - INFO - Optuna Search for XG Boost best parameters started
[2023-05-05 12:22:26,557] root - INFO - Optuna Search for XG Boost best parameters started
[2023-05-05 12:22:26,671] root - INFO - Optuna Search for XG Boost best parameters started
[2023-05-05 12:22:26,797] root - INFO - Optuna Search for XG Boost best parameters started
[2023-05-05 12:22:26,914] root - INFO - Optuna Search for XG Boost best parameters started
[2023-05-05 12:22:27,044] root - INFO - Optuna Search for XG Boost best parameters started
[2023-05-05 12:22:27,170] root - INFO - Optuna Search for XG Boost best parameters started
[2023-05-05 12:22:27,300] root - INFO - Optuna Search for XG Boost best parameters started
[2023-05-05 12:22:27,441] root - INFO - Optuna Search for XG Boost best parameters started
[2023-05-05 12:22:27,576] root - INFO - Optuna Search for XG Boost best parameters started
[2023-05-05 12:22:27,714] root - INFO - Optuna Search for XG Boost best parameters started
[2023-05-05 12:22:27,859] root - INFO - Optuna Search for XG Boost best parameters started
[2023-05-05 12:22:27,998] root - INFO - Optuna Search for XG Boost best parameters started
[2023-05-05 12:22:28,159] root - INFO - Optuna Search for XG Boost best parameters started
[2023-05-05 12:22:28,310] root - INFO - Optuna Search for XG Boost best parameters started
[2023-05-05 12:22:28,468] root - INFO - Optuna Search for XG Boost best parameters started
[2023-05-05 12:22:28,639] root - INFO - Optuna Search for XG Boost best parameters started
[2023-05-05 12:22:28,803] root - INFO - Optuna Search for XG Boost best parameters started
[2023-05-05 12:22:28,970] root - INFO - Optuna Search for XG Boost best parameters started
[2023-05-05 12:22:29,142] root - INFO - Optuna Search for XG Boost best parameters started
[2023-05-05 12:22:29,313] root - INFO - Optuna Search for XG Boost best parameters started
[2023-05-05 12:22:29,477] root - INFO - Optuna Search for XG Boost best parameters started
[2023-05-05 12:22:29,675] root - INFO - Optuna Search for XG Boost best parameters started
[2023-05-05 12:22:29,874] root - INFO - Optuna Search for XG Boost best parameters started
[2023-05-05 12:22:30,068] root - INFO - Optuna Search for XG Boost best parameters started
[2023-05-05 12:22:30,264] root - INFO - Optuna Search for XG Boost best parameters started
[2023-05-05 12:22:30,454] root - INFO - Optuna Search for XG Boost best parameters started
[2023-05-05 12:22:30,691] root - INFO - Optuna Search for XG Boost best parameters started
[2023-05-05 12:22:30,902] root - INFO - Optuna Search for XG Boost best parameters started
[2023-05-05 12:22:31,134] root - INFO - Optuna Search for XG Boost best parameters started
[2023-05-05 12:22:31,329] root - INFO - Optuna Search for XG Boost best parameters started
[2023-05-05 12:22:31,547] root - INFO - Optuna Search for XG Boost best parameters started
[2023-05-05 12:22:31,798] root - INFO - Optuna Search for XG Boost best parameters started
[2023-05-05 12:22:32,021] root - INFO - Optuna Search for XG Boost best parameters started
[2023-05-05 12:22:32,232] root - INFO - Optuna Search for XG Boost best parameters started
[2023-05-05 12:22:32,460] root - INFO - Optuna Search for XG Boost best parameters started
[2023-05-05 12:22:32,680] root - INFO - Optuna Search for XG Boost best parameters started
[2023-05-05 12:22:32,921] root - INFO - Optuna Search for XG Boost best parameters started
[2023-05-05 12:22:33,161] root - INFO - Optuna Search for XG Boost best parameters started
[2023-05-05 12:22:33,411] root - INFO - Optuna Search for XG Boost best parameters started
[2023-05-05 12:22:33,648] root - INFO - Optuna Search for XG Boost best parameters started
[2023-05-05 12:22:33,914] root - INFO - Optuna Search for XG Boost best parameters started
[2023-05-05 12:22:34,154] root - INFO - Optuna Search for XG Boost best parameters started
[2023-05-05 12:22:34,414] root - INFO - Optuna Search for XG Boost best parameters started
[2023-05-05 12:22:34,669] root - INFO - Optuna Search for XG Boost best parameters started
[2023-05-05 12:22:34,940] root - INFO - Optuna Search for XG Boost best parameters started
[2023-05-05 12:22:35,207] root - INFO - Optuna Search for XG Boost best parameters started
[2023-05-05 12:22:35,489] root - INFO - Optuna Search for XG Boost best parameters started
[2023-05-05 12:22:35,785] root - INFO - Optuna Search for XG Boost best parameters started
[2023-05-05 12:22:36,102] root - INFO - Optuna Search for XG Boost best parameters started
[2023-05-05 12:22:36,384] root - INFO - Optuna Search for XG Boost best parameters started
[2023-05-05 12:22:36,707] root - INFO - Optuna Search for XG Boost best parameters started
[2023-05-05 12:22:36,990] root - INFO - Optuna Search for XG Boost best parameters started
[2023-05-05 12:22:37,277] root - INFO - Optuna Search for XG Boost best parameters started
[2023-05-05 12:22:37,565] root - INFO - Optuna Search for XG Boost best parameters started
[2023-05-05 12:22:37,849] root - INFO - Optuna Search for XG Boost best parameters started
[2023-05-05 12:22:38,133] root - INFO - Optuna Search for XG Boost best parameters started
[2023-05-05 12:22:38,429] root - INFO - Optuna Search for XG Boost best parameters started
[2023-05-05 12:22:38,711] root - INFO - Optuna Search for XG Boost best parameters started
[2023-05-05 12:22:39,023] root - INFO - Optuna Search for XG Boost best parameters started
[2023-05-05 12:22:39,320] root - INFO - Optuna Search for XG Boost best parameters started
[2023-05-05 12:22:39,633] root - INFO - Optuna Search for XG Boost best parameters started
[2023-05-05 12:22:39,945] root - INFO - Optuna Search for XG Boost best parameters started
[2023-05-05 12:22:40,226] root - INFO - Optuna Search for XG Boost best parameters started
[2023-05-05 12:22:40,539] root - INFO - Optuna Search for XG Boost best parameters started
[2023-05-05 12:22:40,836] root - INFO - Optuna Search for XG Boost best parameters started
[2023-05-05 12:22:41,164] root - INFO - Optuna Search for XG Boost best parameters started
[2023-05-05 12:22:41,461] root - INFO - Optuna Search for XG Boost best parameters started
[2023-05-05 12:22:41,804] root - INFO - Optuna Search for XG Boost best parameters started
[2023-05-05 12:22:42,133] root - INFO - Optuna Search for XG Boost best parameters started
[2023-05-05 12:22:42,476] root - INFO - Optuna Search for XG Boost best parameters started
[2023-05-05 12:22:42,804] root - INFO - Optuna Search for XG Boost best parameters started
[2023-05-05 12:22:43,134] root - INFO - Optuna Search for XG Boost best parameters started
[2023-05-05 12:22:43,478] root - INFO - Optuna Search for XG Boost best parameters started
[2023-05-05 12:22:43,806] root - INFO - Optuna Search for XG Boost best parameters started
[2023-05-05 12:22:44,150] root - INFO - Optuna Search for XG Boost best parameters started
[2023-05-05 12:22:44,494] root - INFO - Optuna Search for XG Boost best parameters started
[2023-05-05 12:22:44,853] root - INFO - Optuna Search for XG Boost best parameters started
[2023-05-05 12:22:45,181] root - INFO - Optuna Search for XG Boost best parameters started
[2023-05-05 12:22:45,540] root - INFO - Optuna Search for XG Boost best parameters started
[2023-05-05 12:22:45,908] root - INFO - Optuna Search for XG Boost best parameters started
[2023-05-05 12:22:46,270] root - INFO - Optuna Search for XG Boost best parameters started
[2023-05-05 12:22:46,641] root - INFO - Optuna Search for XG Boost best parameters started
[2023-05-05 12:22:47,016] root - INFO - Optuna Search for XG Boost best parameters started
[2023-05-05 12:22:47,391] root - INFO - Optuna Search for XG Boost best parameters started
[2023-05-05 12:22:47,766] root - INFO - Optuna Search for XG Boost best parameters started
[2023-05-05 12:22:48,142] root - INFO - Optuna Search for XG Boost best parameters started
[2023-05-05 12:22:48,533] root - INFO - Optuna Search for XG Boost best parameters started
[2023-05-05 12:22:48,908] root - INFO - Optuna Search for XG Boost best parameters started
[2023-05-05 12:22:49,298] root - INFO - Optuna Search for XG Boost best parameters started
[2023-05-05 12:22:49,673] root - INFO - Optuna Search for XG Boost best parameters started
[2023-05-05 12:22:50,064] root - INFO - Optuna Search for XG Boost best parameters started
[2023-05-05 12:22:50,470] root - INFO - Optuna Search for XG Boost best parameters started
[2023-05-05 12:22:50,876] root - INFO - Optuna Search for XG Boost best parameters started
[2023-05-05 12:22:51,267] root - INFO - Optuna Search for XG Boost best parameters started
[2023-05-05 12:22:51,673] root - INFO - Optuna Search for XG Boost best parameters started
[2023-05-05 12:22:52,080] root - INFO - Optuna Search for XG Boost best parameters started
[2023-05-05 12:22:52,513] root - INFO - Optuna Search for XG Boost best parameters started
[2023-05-05 12:22:52,919] root - INFO - Optuna Search for XG Boost best parameters started
[2023-05-05 12:22:53,360] root - INFO - Optuna Search for XG Boost best parameters started
[2023-05-05 12:22:53,798] root - INFO - Optuna Search for XG Boost best parameters started
[2023-05-05 12:22:54,226] root - INFO - Optuna Search for XG Boost best parameters started
[2023-05-05 12:22:54,641] root - INFO - Optuna Search for XG Boost best parameters started
[2023-05-05 12:22:55,109] root - INFO - Optuna Search for XG Boost best parameters started
[2023-05-05 12:22:55,601] root - INFO - Optuna Search for XG Boost best parameters started
[2023-05-05 12:22:56,070] root - INFO - Optuna Search for XG Boost best parameters started
[2023-05-05 12:22:56,564] root - INFO - Optuna Search for XG Boost best parameters started
[2023-05-05 12:22:57,051] root - INFO - Optuna Search for XG Boost best parameters started
[2023-05-05 12:22:57,607] root - INFO - Optuna Search for XG Boost best parameters started
[2023-05-05 12:22:58,093] root - INFO - Optuna Search for XG Boost best parameters started
[2023-05-05 12:22:58,580] root - INFO - Optuna Search for XG Boost best parameters started
[2023-05-05 12:22:59,064] root - INFO - Optuna Search for XG Boost best parameters started
[2023-05-05 12:22:59,548] root - INFO - Optuna Search for XG Boost best parameters started
[2023-05-05 12:23:00,041] root - INFO - Optuna Search for XG Boost best parameters started
[2023-05-05 12:23:00,516] root - INFO - Optuna Search for XG Boost best parameters started
[2023-05-05 12:23:01,004] root - INFO - Optuna Search for XG Boost best parameters started
[2023-05-05 12:23:01,514] root - INFO - Optuna Search for XG Boost best parameters started
[2023-05-05 12:23:02,010] root - INFO - Optuna Search for XG Boost best parameters started
[2023-05-05 12:23:02,511] root - INFO - Optuna Search for XG Boost best parameters started
[2023-05-05 12:23:03,014] root - INFO - Optuna Search for XG Boost best parameters started
[2023-05-05 12:23:03,535] root - INFO - Optuna Search for XG Boost best parameters started
[2023-05-05 12:23:04,040] root - INFO - Optuna Search for XG Boost best parameters started
[2023-05-05 12:23:04,561] root - INFO - Optuna Search for XG Boost best parameters started
[2023-05-05 12:23:05,089] root - INFO - Optuna Search for XG Boost best parameters started
[2023-05-05 12:23:05,595] root - INFO - Optuna Search for XG Boost best parameters started
[2023-05-05 12:23:06,100] root - INFO - Optuna Search for XG Boost best parameters started
[2023-05-05 12:23:06,623] root - INFO - Optuna Search for XG Boost best parameters started
[2023-05-05 12:23:07,134] root - INFO - Optuna Search for XG Boost best parameters started
[2023-05-05 12:23:07,647] root - INFO - Optuna Search for XG Boost best parameters started
[2023-05-05 12:23:08,191] root - INFO - Optuna Search for XG Boost best parameters started
[2023-05-05 12:23:08,720] root - INFO - Optuna Search for XG Boost best parameters started
[2023-05-05 12:23:09,248] root - INFO - Optuna Search for XG Boost best parameters started
[2023-05-05 12:23:09,782] root - INFO - Optuna Search for XG Boost best parameters started
[2023-05-05 12:23:10,321] root - INFO - Optuna Search for XG Boost best parameters started
[2023-05-05 12:23:10,856] root - INFO - Optuna Search for XG Boost best parameters started
[2023-05-05 12:23:11,398] root - INFO - Optuna Search for XG Boost best parameters started
[2023-05-05 12:23:11,925] root - INFO - Optuna Search for XG Boost best parameters started
[2023-05-05 12:23:12,461] root - INFO - Optuna Search for XG Boost best parameters started
[2023-05-05 12:23:13,012] root - INFO - Optuna Search for XG Boost best parameters started
[2023-05-05 12:23:13,561] root - INFO - Optuna Search for XG Boost best parameters started
[2023-05-05 12:23:14,128] root - INFO - Optuna Search for XG Boost best parameters started
[2023-05-05 12:23:14,676] root - INFO - Optuna Search for XG Boost best parameters started
[2023-05-05 12:23:15,260] root - INFO - Optuna Search for XG Boost best parameters started
[2023-05-05 12:23:15,818] root - INFO - Optuna Search for XG Boost best parameters started
[2023-05-05 12:23:16,400] root - INFO - Optuna Search for XG Boost best parameters started
[2023-05-05 12:23:16,957] root - INFO - Optuna Search for XG Boost best parameters started
[2023-05-05 12:23:17,533] root - INFO - Optuna Search for XG Boost best parameters started
[2023-05-05 12:23:18,090] root - INFO - Optuna Search for XG Boost best parameters started
[2023-05-05 12:23:18,696] root - INFO - Optuna Search for XG Boost best parameters started
[2023-05-05 12:23:19,262] root - INFO - Optuna Search for XG Boost best parameters started
[2023-05-05 12:23:19,891] root - INFO - Optuna Search for XG Boost best parameters started
[2023-05-05 12:23:20,472] root - INFO - Optuna Search for XG Boost best parameters started
[2023-05-05 12:23:21,057] root - INFO - Optuna Search for XG Boost best parameters started
[2023-05-05 12:23:21,656] root - INFO - Optuna Search for XG Boost best parameters started
[2023-05-05 12:23:22,228] root - INFO - Optuna Search for XG Boost best parameters started
[2023-05-05 12:23:22,835] root - INFO - Optuna Search for XG Boost best parameters started
[2023-05-05 12:23:23,430] root - INFO - Optuna Search for XG Boost best parameters started
[2023-05-05 12:23:24,004] root - INFO - Optuna Search for XG Boost best parameters started
[2023-05-05 12:23:24,617] root - INFO - Optuna Search for XG Boost best parameters started
[2023-05-05 12:23:25,243] root - INFO - Optuna Search for XG Boost best parameters started
[2023-05-05 12:23:25,847] root - INFO - Optuna Search for XG Boost best parameters started
[2023-05-05 12:23:26,481] root - INFO - Optuna Search for XG Boost best parameters started
[2023-05-05 12:23:27,105] root - INFO - Optuna Search for XG Boost best parameters started
[2023-05-05 12:23:27,737] root - INFO - Optuna Search for XG Boost best parameters started
[2023-05-05 12:23:28,363] root - INFO - Optuna Search for XG Boost best parameters started
[2023-05-05 12:23:28,957] root - INFO - Optuna Search for XG Boost best parameters started
[2023-05-05 12:23:29,598] root - INFO - Optuna Search for XG Boost best parameters started
[2023-05-05 12:23:30,223] root - INFO - Optuna Search for XG Boost best parameters started
[2023-05-05 12:23:30,863] root - INFO - Optuna Search for XG Boost best parameters started
[2023-05-05 12:23:31,504] root - INFO - Optuna Search for XG Boost best parameters started
[2023-05-05 12:23:32,129] root - INFO - Optuna Search for XG Boost best parameters started
[2023-05-05 12:23:32,754] root - INFO - Optuna Search for XG Boost best parameters started
[2023-05-05 12:23:33,412] root - INFO - Optuna Search for XG Boost best parameters started
[2023-05-05 12:23:34,068] root - INFO - Optuna Search for XG Boost best parameters started
[2023-05-05 12:23:34,724] root - INFO - Optuna Search for XG Boost best parameters started
[2023-05-05 12:23:35,396] root - INFO - Optuna Search for XG Boost best parameters started
[2023-05-05 12:23:36,053] root - INFO - Optuna Search for XG Boost best parameters started
[2023-05-05 12:23:36,737] root - INFO - Optuna Search for XG Boost best parameters started
[2023-05-05 12:23:37,436] root - INFO - Optuna Search for XG Boost best parameters started
[2023-05-05 12:23:38,176] root - INFO - Optuna Search for XG Boost best parameters started
[2023-05-05 12:23:38,887] root - INFO - Optuna Search for XG Boost best parameters started
[2023-05-05 12:23:39,559] root - INFO - Optuna Search for XG Boost best parameters started
[2023-05-05 12:23:40,258] root - INFO - Optuna Search for XG Boost best parameters started
[2023-05-05 12:23:40,972] root - INFO - Optuna Search for XG Boost best parameters started
[2023-05-05 12:23:41,663] root - INFO - Optuna Search for XG Boost best parameters started
[2023-05-05 12:23:42,361] root - INFO - Optuna Search for XG Boost best parameters started
[2023-05-05 12:23:43,060] root - INFO - Optuna Search for XG Boost best parameters started
[2023-05-05 12:23:43,840] root - INFO - Optuna Search for XG Boost best parameters started
[2023-05-05 12:23:44,589] root - INFO - Optuna Search for XG Boost best parameters started
[2023-05-05 12:23:45,432] root - INFO - Optuna Search for XG Boost best parameters started
[2023-05-05 12:23:46,151] root - INFO - Optuna Search for XG Boost best parameters started
[2023-05-05 12:23:46,886] root - INFO - Optuna Search for XG Boost best parameters started
[2023-05-05 12:23:47,589] root - INFO - Optuna Search for XG Boost best parameters started
[2023-05-05 12:23:48,294] root - INFO - Optuna Search for XG Boost best parameters started
[2023-05-05 12:23:49,035] root - INFO - Optuna Search for XG Boost best parameters started
[2023-05-05 12:23:49,753] root - INFO - Optuna Search for XG Boost best parameters started
[2023-05-05 12:23:50,507] root - INFO - Optuna Search for XG Boost best parameters started
[2023-05-05 12:23:51,306] root - INFO - Optuna Search for XG Boost best parameters started
[2023-05-05 12:23:52,086] root - INFO - Optuna Search for XG Boost best parameters started
[2023-05-05 12:23:52,907] root - INFO - Optuna Search for XG Boost best parameters started
[2023-05-05 12:23:53,698] root - INFO - Optuna Search for XG Boost best parameters started
[2023-05-05 12:23:54,477] root - INFO - Optuna Search for XG Boost best parameters started
[2023-05-05 12:23:55,295] root - INFO - Optuna Search for XG Boost best parameters started
[2023-05-05 12:23:56,104] root - INFO - Optuna Search for XG Boost best parameters started
[2023-05-05 12:23:56,895] root - INFO - Optuna Search for XG Boost best parameters started
[2023-05-05 12:23:57,660] root - INFO - Optuna Search for XG Boost best parameters started
[2023-05-05 12:23:58,412] root - INFO - Optuna Search for XG Boost best parameters started
[2023-05-05 12:23:59,193] root - INFO - Optuna Search for XG Boost best parameters started
[2023-05-05 12:23:59,990] root - INFO - Optuna Search for XG Boost best parameters started
[2023-05-05 12:24:00,740] root - INFO - Optuna Search for XG Boost best parameters started
[2023-05-05 12:24:01,587] root - INFO - Optuna Search for XG Boost best parameters started
[2023-05-05 12:24:02,452] root - INFO - Optuna Search for XG Boost best parameters started
[2023-05-05 12:24:03,279] root - INFO - Optuna Search for XG Boost best parameters started
[2023-05-05 12:24:04,076] root - INFO - Optuna Search for XG Boost best parameters started
[2023-05-05 12:24:04,890] root - INFO - Optuna Search for XG Boost best parameters started
[2023-05-05 12:24:05,713] root - INFO - Optuna Search for XG Boost best parameters started
[2023-05-05 12:24:06,541] root - INFO - Optuna Search for XG Boost best parameters started
[2023-05-05 12:24:07,320] root - INFO - Optuna Search for XG Boost best parameters started
[2023-05-05 12:24:08,141] root - INFO - Optuna Search for XG Boost best parameters started
[2023-05-05 12:24:08,978] root - INFO - Optuna Search for XG Boost best parameters started
[2023-05-05 12:24:09,786] root - INFO - Optuna Search for XG Boost best parameters started
[2023-05-05 12:24:10,610] root - INFO - Optuna Search for XG Boost best parameters started
[2023-05-05 12:24:11,470] root - INFO - Optuna Search for XG Boost best parameters started
[2023-05-05 12:24:12,348] root - INFO - Optuna Search for XG Boost best parameters started
[2023-05-05 12:24:13,214] root - INFO - Optuna Search for XG Boost best parameters started
[2023-05-05 12:24:14,057] root - INFO - Optuna Search for XG Boost best parameters started
[2023-05-05 12:24:14,855] root - INFO - Optuna Search for XG Boost best parameters started
[2023-05-05 12:24:15,735] root - INFO - Optuna Search for XG Boost best parameters started
[2023-05-05 12:24:16,615] root - INFO - Optuna Search for XG Boost best parameters started
[2023-05-05 12:24:17,532] root - INFO - Optuna Search for XG Boost best parameters started
[2023-05-05 12:24:18,409] root - INFO - Optuna Search for XG Boost best parameters started
[2023-05-05 12:24:19,279] root - INFO - Optuna Search for XG Boost best parameters started
[2023-05-05 12:24:20,126] root - INFO - Optuna Search for XG Boost best parameters started
[2023-05-05 12:24:20,979] root - INFO - Optuna Search for XG Boost best parameters started
[2023-05-05 12:24:21,877] root - INFO - Optuna Search for XG Boost best parameters started
[2023-05-05 12:24:22,770] root - INFO - Optuna Search for XG Boost best parameters started
[2023-05-05 12:24:23,663] root - INFO - Optuna Search for XG Boost best parameters started
[2023-05-05 12:24:24,610] root - INFO - Optuna Search for XG Boost best parameters started
[2023-05-05 12:24:25,517] root - INFO - Optuna Search for XG Boost best parameters started
[2023-05-05 12:24:26,412] root - INFO - Optuna Search for XG Boost best parameters started
[2023-05-05 12:24:27,345] root - INFO - Optuna Search for XG Boost best parameters started
[2023-05-05 12:24:28,264] root - INFO - Optuna Search for XG Boost best parameters started
[2023-05-05 12:24:29,166] root - INFO - Optuna Search for XG Boost best parameters started
[2023-05-05 12:24:30,072] root - INFO - Optuna Search for XG Boost best parameters started
[2023-05-05 12:24:30,973] root - INFO - Optuna Search for XG Boost best parameters started
[2023-05-05 12:24:31,931] root - INFO - Optuna Search for XG Boost best parameters started
[2023-05-05 12:24:32,903] root - INFO - Optuna Search for XG Boost best parameters started
[2023-05-05 12:24:33,918] root - INFO - Optuna Search for XG Boost best parameters started
[2023-05-05 12:24:34,958] root - INFO - Optuna Search for XG Boost best parameters started
[2023-05-05 12:24:35,943] root - INFO - Optuna Search for XG Boost best parameters started
[2023-05-05 12:24:36,888] root - INFO - Optuna Search for XG Boost best parameters started
[2023-05-05 12:24:37,824] root - INFO - Optuna Search for XG Boost best parameters started
[2023-05-05 12:24:38,762] root - INFO - Optuna Search for XG Boost best parameters started
[2023-05-05 12:24:39,727] root - INFO - Optuna Search for XG Boost best parameters started
[2023-05-05 12:24:40,718] root - INFO - Optuna Search for XG Boost best parameters started
[2023-05-05 12:24:41,717] root - INFO - Optuna Search for XG Boost best parameters started
[2023-05-05 12:24:42,688] root - INFO - Optuna Search for XG Boost best parameters started
[2023-05-05 12:24:43,710] root - INFO - Optuna Search for XG Boost best parameters started
[2023-05-05 12:24:44,674] root - INFO - Optuna Search for XG Boost best parameters started
[2023-05-05 12:24:45,628] root - INFO - Optuna Search for XG Boost best parameters started
[2023-05-05 12:24:46,575] root - INFO - Optuna Search for XG Boost best parameters started
[2023-05-05 12:24:47,520] root - INFO - Optuna Search for XG Boost best parameters started
[2023-05-05 12:24:48,479] root - INFO - Optuna Search for XG Boost best parameters started
[2023-05-05 12:24:49,629] root - INFO - Optuna Search for XG Boost best parameters started
[2023-05-05 12:24:50,656] root - INFO - Optuna Search for XG Boost best parameters started
[2023-05-05 12:24:51,649] root - INFO - Optuna Search for XG Boost best parameters started
[2023-05-05 12:24:52,664] root - INFO - Optuna Search for XG Boost best parameters started
[2023-05-05 12:24:53,808] root - INFO - Optuna Search for XG Boost best parameters started
[2023-05-05 12:24:54,914] root - INFO - Optuna Search for XG Boost best parameters started
[2023-05-05 12:24:55,955] root - INFO - Optuna Search for XG Boost best parameters started
[2023-05-05 12:24:57,154] root - INFO - Optuna Search for XG Boost best parameters started
[2023-05-05 12:24:58,210] root - INFO - Optuna Search for XG Boost best parameters started
[2023-05-05 12:24:59,316] root - INFO - Optuna Search for XG Boost best parameters started
[2023-05-05 12:25:00,325] root - INFO - Optuna Search for XG Boost best parameters started
[2023-05-05 12:25:01,346] root - INFO - Optuna Search for XG Boost best parameters started
[2023-05-05 12:25:02,386] root - INFO - Optuna Search for XG Boost best parameters started
[2023-05-05 12:25:03,424] root - INFO - Optuna Search for XG Boost best parameters started
[2023-05-05 12:25:04,455] root - INFO - Optuna Search for XG Boost best parameters started
[2023-05-05 12:25:05,519] root - INFO - Optuna Search for XG Boost best parameters started
[2023-05-05 12:25:06,627] root - INFO - Optuna Search for XG Boost best parameters started
[2023-05-05 12:25:07,682] root - INFO - Optuna Search for XG Boost best parameters started
[2023-05-05 12:25:08,695] root - INFO - Optuna Search for XG Boost best parameters started
[2023-05-05 12:25:09,740] root - INFO - Optuna Search for XG Boost best parameters started
[2023-05-05 12:25:10,931] root - INFO - Optuna Search for XG Boost best parameters started
[2023-05-05 12:25:11,995] root - INFO - Optuna Search for XG Boost best parameters started
[2023-05-05 12:25:13,106] root - INFO - Optuna Search for XG Boost best parameters started
[2023-05-05 12:25:14,192] root - INFO - Optuna Search for XG Boost best parameters started
[2023-05-05 12:25:15,342] root - INFO - Optuna Search for XG Boost best parameters started
[2023-05-05 12:25:16,395] root - INFO - Optuna Search for XG Boost best parameters started
[2023-05-05 12:25:17,491] root - INFO - Optuna Search for XG Boost best parameters started
[2023-05-05 12:25:18,588] root - INFO - Optuna Search for XG Boost best parameters started
[2023-05-05 12:25:19,707] root - INFO - Optuna Search for XG Boost best parameters started
[2023-05-05 12:25:20,822] root - INFO - Optuna Search for XG Boost best parameters started
[2023-05-05 12:25:21,963] root - INFO - Optuna Search for XG Boost best parameters started
[2023-05-05 12:25:23,100] root - INFO - Optuna Search for XG Boost best parameters started
[2023-05-05 12:25:24,267] root - INFO - Optuna Search for XG Boost best parameters started
[2023-05-05 12:25:25,355] root - INFO - Optuna Search for XG Boost best parameters started
[2023-05-05 12:25:26,470] root - INFO - Optuna Search for XG Boost best parameters started
[2023-05-05 12:25:27,630] root - INFO - Optuna Search for XG Boost best parameters started
[2023-05-05 12:25:28,749] root - INFO - Optuna Search for XG Boost best parameters started
[2023-05-05 12:25:29,938] root - INFO - Optuna Search for XG Boost best parameters started
[2023-05-05 12:25:31,126] root - INFO - Optuna Search for XG Boost best parameters started
[2023-05-05 12:25:32,261] root - INFO - Optuna Search for XG Boost best parameters started
[2023-05-05 12:25:33,415] root - INFO - Optuna Search for XG Boost best parameters started
[2023-05-05 12:25:34,614] root - INFO - Optuna Search for XG Boost best parameters started
[2023-05-05 12:25:35,812] root - INFO - Optuna Search for XG Boost best parameters started
[2023-05-05 12:25:37,048] root - INFO - Optuna Search for XG Boost best parameters started
[2023-05-05 12:25:38,260] root - INFO - Optuna Search for XG Boost best parameters started
[2023-05-05 12:25:39,454] root - INFO - Optuna Search for XG Boost best parameters started
[2023-05-05 12:25:40,615] root - INFO - Optuna Search for XG Boost best parameters started
[2023-05-05 12:25:41,806] root - INFO - Optuna Search for XG Boost best parameters started
[2023-05-05 12:25:43,041] root - INFO - Optuna Search for XG Boost best parameters started
[2023-05-05 12:25:44,211] root - INFO - Optuna Search for XG Boost best parameters started
[2023-05-05 12:25:45,409] root - INFO - Optuna Search for XG Boost best parameters started
[2023-05-05 12:25:46,622] root - INFO - Optuna Search for XG Boost best parameters started
[2023-05-05 12:25:47,827] root - INFO - Optuna Search for XG Boost best parameters started
[2023-05-05 12:25:49,046] root - INFO - Optuna Search for XG Boost best parameters started
[2023-05-05 12:25:50,247] root - INFO - Optuna Search for XG Boost best parameters started
[2023-05-05 12:25:51,483] root - INFO - Optuna Search for XG Boost best parameters started
[2023-05-05 12:25:52,684] root - INFO - Optuna Search for XG Boost best parameters started
[2023-05-05 12:25:54,005] root - INFO - Optuna Search for XG Boost best parameters started
[2023-05-05 12:25:55,249] root - INFO - Optuna Search for XG Boost best parameters started
[2023-05-05 12:25:56,511] root - INFO - Optuna Search for XG Boost best parameters started
[2023-05-05 12:25:57,699] root - INFO - Optuna Search for XG Boost best parameters started
[2023-05-05 12:25:58,950] root - INFO - Optuna Search for XG Boost best parameters started
[2023-05-05 12:26:00,265] root - INFO - Optuna Search for XG Boost best parameters started
[2023-05-05 12:26:01,478] root - INFO - Optuna Search for XG Boost best parameters started
