[2023-05-05 15:35:18,812] root - INFO - Training pipleine config: TrainingPipelineConfig(artifact_dir='C:\\Users\\Admin\\Documents\\Shipment_pricing_Project\\shipment\\artifact')
[2023-05-05 15:35:18,812] root - INFO - Data Ingestion config: DataIngestionConfig(dataset_download_url='https://raw.githubusercontent.com/Hitesh-Nimbalkar/Shipment_Pricing_EDA/main/SCMS_Delivery_History_Dataset.csv', raw_data_dir='C:\\Users\\Admin\\Documents\\Shipment_pricing_Project\\shipment\\artifact\\data_ingestion\\2023-05-05-15-35-17\\raw_data', ingested_train_dir='C:\\Users\\Admin\\Documents\\Shipment_pricing_Project\\shipment\\artifact\\data_ingestion\\2023-05-05-15-35-17\\ingested_data\\train', ingested_test_dir='C:\\Users\\Admin\\Documents\\Shipment_pricing_Project\\shipment\\artifact\\data_ingestion\\2023-05-05-15-35-17\\ingested_data\\test')
[2023-05-05 15:35:18,814] root - INFO - >>>>>>>>>>>>>>>>>>>>>>>>>>>>>>>>>>>>>>>>>>>>>>>>>>>>>>>>>>>>Data Ingestion log started.<<<<<<<<<<<<<<<<<<<<<<<<<<<<<<<<<<<<<<<<<<<<<<<<<<<<<<<<<<<< 


[2023-05-05 15:35:18,814] root - INFO - Downloading file from :[https://raw.githubusercontent.com/Hitesh-Nimbalkar/Shipment_Pricing_EDA/main/SCMS_Delivery_History_Dataset.csv] into :[C:\Users\Admin\Documents\Shipment_pricing_Project\shipment\artifact\data_ingestion\2023-05-05-15-35-17\raw_data\SCMS_Delivery_History_Dataset.csv]
[2023-05-05 15:35:20,150] root - INFO - File :[C:\Users\Admin\Documents\Shipment_pricing_Project\shipment\artifact\data_ingestion\2023-05-05-15-35-17\raw_data\SCMS_Delivery_History_Dataset.csv] has been downloaded successfully.
[2023-05-05 15:35:20,151] root - INFO - Reading csv file: [C:\Users\Admin\Documents\Shipment_pricing_Project\shipment\artifact\data_ingestion\2023-05-05-15-35-17\raw_data\SCMS_Delivery_History_Dataset.csv]
[2023-05-05 15:35:20,204] root - INFO - Splitting data into train and test
[2023-05-05 15:35:20,207] root - INFO - Exporting training dataset to file: [C:\Users\Admin\Documents\Shipment_pricing_Project\shipment\artifact\data_ingestion\2023-05-05-15-35-17\ingested_data\train\SCMS_Delivery_History_Dataset.csv]
[2023-05-05 15:35:20,279] root - INFO - Exporting test dataset to file: [C:\Users\Admin\Documents\Shipment_pricing_Project\shipment\artifact\data_ingestion\2023-05-05-15-35-17\ingested_data\test\SCMS_Delivery_History_Dataset.csv]
[2023-05-05 15:35:20,298] root - INFO - Data Ingestion artifact:[DataIngestionArtifact(train_file_path='C:\\Users\\Admin\\Documents\\Shipment_pricing_Project\\shipment\\artifact\\data_ingestion\\2023-05-05-15-35-17\\ingested_data\\train\\SCMS_Delivery_History_Dataset.csv', test_file_path='C:\\Users\\Admin\\Documents\\Shipment_pricing_Project\\shipment\\artifact\\data_ingestion\\2023-05-05-15-35-17\\ingested_data\\test\\SCMS_Delivery_History_Dataset.csv', is_ingested=True, message='Data ingestion completed successfully.')]
[2023-05-05 15:35:20,299] root - INFO - >>>>>>>>>>>>>>>>>>>>>>>>>>>>>>>>>>>>>>>>>>>>>>>>>>>>>>>>>>>>Data Validation log started.<<<<<<<<<<<<<<<<<<<<<<<<<<<<<<<<<<<<<<<<<<<<<<<<<<<<<<<<<<<< 


[2023-05-05 15:35:20,305] root - INFO - Validation Process Started
[2023-05-05 15:35:20,488] root - INFO - Train_set status|is Train filename validated?: True|is train column name validated?: True|whole missing columns?True
[2023-05-05 15:35:20,489] root - INFO - Test_set status|is Test filename validated?: True|is test column names validated? True| whole missing columns? True
[2023-05-05 15:35:20,489] root - INFO - Validation Process Completed
[2023-05-05 15:35:20,489] root - INFO - Data validation artifact: DataValidationArtifact(schema_file_path='C:\\Users\\Admin\\Documents\\Shipment_pricing_Project\\config\\schema.yaml', is_validated=True, message='Data validation performed')
[2023-05-05 15:35:20,489] root - INFO - >>>>>>>>>>>>>>>>>>>>>>>>>>>>>>>>>>>>>>>>>>>>>>>>>>>>>>>>>>>>Data Validation log completed.<<<<<<<<<<<<<<<<<<<<<<<<<<<<<<<<<<<<<<<<<<<<<<<<<<<<<<<<<<<<
[2023-05-05 15:35:20,489] root - INFO - Data Transformation Config: DataTransformationConfig(transformed_train_dir='C:\\Users\\Admin\\Documents\\Shipment_pricing_Project\\shipment\\artifact\\data_transformation\\2023-05-05-15-35-17\\transformed_data\\train', transformed_test_dir='C:\\Users\\Admin\\Documents\\Shipment_pricing_Project\\shipment\\artifact\\data_transformation\\2023-05-05-15-35-17\\transformed_data\\test', preprocessed_object_file_path='C:\\Users\\Admin\\Documents\\Shipment_pricing_Project\\shipment\\artifact\\data_transformation\\2023-05-05-15-35-17\\preprocessed\\preprocessed.pkl', feature_engineering_object_file_path='C:\\Users\\Admin\\Documents\\Shipment_pricing_Project\\shipment\\artifact\\data_transformation\\2023-05-05-15-35-17\\preprocessed\\feat_eng.pkl')
[2023-05-05 15:35:20,489] root - INFO - 
******************** Data Transformation log started ********************


[2023-05-05 15:35:20,489] root - INFO - Obtaining training and test file path.
[2023-05-05 15:35:20,489] root - INFO - Loading training and test data as pandas dataframe.
[2023-05-05 15:35:20,541] root - INFO - Obtaining feature engineering object.
[2023-05-05 15:35:20,541] root - INFO - 
******************** Feature Engneering Started ********************


[2023-05-05 15:35:20,541] root - INFO - Applying feature engineering object on training dataframe and testing dataframe
[2023-05-05 15:35:20,541] root - INFO - Feature Enineering - Train Data 
[2023-05-05 15:35:24,296] root - INFO -  >>>>>>>>>>>>   Missing Fills :  Shipment_Mode,Manufacturing_Site,Country,Brand <<<<<<<<<<
[2023-05-05 15:35:24,310] root - INFO -  >>>>>>>>>>>>  Columns Modififcation Complete  <<<<<<<<<<
[2023-05-05 15:35:24,348] root - INFO - Columns Before encoding Index(['Country', 'Fulfill_Via', 'Shipment_Mode', 'Product_Group',
       'Sub_Classification', 'Vendor', 'Brand', 'Dosage_Form',
       'Unit_of_Measure_(Per_Pack)', 'Line_Item_Quantity', 'Pack_Price',
       'Unit_Price', 'Manufacturing_Site', 'First_Line_Designation',
       'Freight_Cost_USD_Clean', 'Weight_Kilograms_Clean'],
      dtype='object')
[2023-05-05 15:35:24,418] root - INFO - Feature Enineering - Test Data 
[2023-05-05 15:35:25,311] root - INFO -  >>>>>>>>>>>>   Missing Fills :  Shipment_Mode,Manufacturing_Site,Country,Brand <<<<<<<<<<
[2023-05-05 15:35:25,315] root - INFO -  >>>>>>>>>>>>  Columns Modififcation Complete  <<<<<<<<<<
[2023-05-05 15:35:25,331] root - INFO - Columns Before encoding Index(['Country', 'Fulfill_Via', 'Shipment_Mode', 'Product_Group',
       'Sub_Classification', 'Vendor', 'Brand', 'Dosage_Form',
       'Unit_of_Measure_(Per_Pack)', 'Line_Item_Quantity', 'Pack_Price',
       'Unit_Price', 'Manufacturing_Site', 'First_Line_Designation',
       'Freight_Cost_USD_Clean', 'Weight_Kilograms_Clean'],
      dtype='object')
[2023-05-05 15:35:25,357] root - INFO - Obtaining data transformer object.
[2023-05-05 15:35:25,397] root - INFO - Splitting input and target feature from training and testing dataframe.
[2023-05-05 15:35:25,398] root - INFO - Colums before transformer object Index(['Unit_of_Measure_(Per_Pack)', 'Line_Item_Quantity', 'Pack_Price',
       'Unit_Price', 'Weight_Kilograms_Clean', 'Shipment_mode',
       'Manufacturing_site', 'Country', 'Fulfill_Via', 'Product_Group',
       'Sub_Classification', 'Vendor', 'Brand', 'Dosage_Form',
       'First_Line_Designation'],
      dtype='object')
[2023-05-05 15:35:25,434] root - INFO - Obtaining preprocessing object.
[2023-05-05 15:35:25,438] root - INFO - Applying preprocessing object on training dataframe and testing dataframe
[2023-05-05 15:35:25,498] root - INFO - Transformed Train and Transformed test file saved
[2023-05-05 15:35:25,498] root - INFO - Saving Feature Engineering Object
[2023-05-05 15:35:25,499] root - INFO - Saving Preprocessing Object
[2023-05-05 15:35:25,501] root - INFO - Data Transformation Artifact: DataTransformationArtifact(is_transformed=True, message='Data transformation successfull.', transformed_train_file_path='C:\\Users\\Admin\\Documents\\Shipment_pricing_Project\\shipment\\artifact\\data_transformation\\2023-05-05-15-35-17\\transformed_data\\train\\transformed_train.csv', transformed_test_file_path='C:\\Users\\Admin\\Documents\\Shipment_pricing_Project\\shipment\\artifact\\data_transformation\\2023-05-05-15-35-17\\transformed_data\\test\\transformed_test.csv', preprocessed_object_file_path='C:\\Users\\Admin\\Documents\\Shipment_pricing_Project\\shipment\\artifact\\data_transformation\\2023-05-05-15-35-17\\preprocessed\\preprocessed.pkl', feature_engineering_object_file_path='C:\\Users\\Admin\\Documents\\Shipment_pricing_Project\\shipment\\artifact\\data_transformation\\2023-05-05-15-35-17\\preprocessed\\feat_eng.pkl')
[2023-05-05 15:35:25,503] root - INFO - 
******************** Data Transformation log completed ********************


[2023-05-05 15:35:25,503] root - INFO - Model Trainer Config : ModelTrainerConfig(trained_model_file_path='C:\\Users\\Admin\\Documents\\Shipment_pricing_Project\\shipment\\artifact\\model_training\\2023-05-05-15-35-17\\trained_model\\model.pkl')
[2023-05-05 15:35:25,503] root - INFO - 
******************** Model Training started ********************


[2023-05-05 15:35:25,503] root - INFO - Finding transformed Training and Test
[2023-05-05 15:35:25,503] root - INFO - Transformed Data found!!! Now, converting it into dataframe
[2023-05-05 15:35:25,527] root - INFO - Splitting Input features and Target Feature for train and test data
[2023-05-05 15:35:25,570] root - INFO - Best Model Finder function called
[2023-05-05 15:35:25,570] root - INFO - ******************** Training XGBoost Model ********************
[2023-05-05 15:35:25,570] root - INFO - Getting Best Parameters for Random Forest by Grid Search CV
[2023-05-05 15:35:25,570] root - INFO - Optuna Search for XG Boost best parameters started
[2023-05-05 15:35:25,636] root - INFO - Optuna Search for XG Boost best parameters started
[2023-05-05 15:35:28,520] root - INFO - Optuna Search for XG Boost best parameters started
[2023-05-05 15:35:29,965] root - INFO - Optuna Search for XG Boost best parameters started
[2023-05-05 15:35:31,573] root - INFO - Optuna Search for XG Boost best parameters started
[2023-05-05 15:35:31,838] root - INFO - Optuna Search for XG Boost best parameters started
[2023-05-05 15:35:33,009] root - INFO - Optuna Search for XG Boost best parameters started
[2023-05-05 15:35:36,106] root - INFO - Optuna Search for XG Boost best parameters started
[2023-05-05 15:35:42,665] root - INFO - Optuna Search for XG Boost best parameters completed
[2023-05-05 15:35:42,665] root - INFO - XGB Best Parameters : {'lambda': 0.172306986990785, 'alpha': 0.0011106898110165768, 'colsample_bytree': 0.8, 'subsample': 1, 'learning_rate': 0.02, 'max_depth': 6, 'min_child_weight': 14, 'booster': 'gbtree', 'reg_lambda': 0.01, 'reg_alpha': 0.05}
[2023-05-05 15:35:42,665] root - INFO - Fitting XG Boost model
[2023-05-05 15:35:42,846] root - INFO - ******************** Trained XGBoost Model Successfully!! ********************
[2023-05-05 15:35:42,846] root - INFO - ******************** Training Random Forest Model ********************
[2023-05-05 15:35:42,846] root - INFO - Getting Best Parameters for Random Forest by Grid Search CV
[2023-05-05 15:35:42,846] root - INFO - Grid Search for Random forest best parameters started
[2023-05-05 15:39:57,564] root - INFO - Grid Search for Random forest best parameters completed
[2023-05-05 15:39:57,564] root - INFO - RF Best Parameters : {'max_depth': 8, 'min_samples_split': 4, 'n_estimators': 150}
[2023-05-05 15:39:57,564] root - INFO - Fitting random forest model
[2023-05-05 15:39:59,539] root - INFO - ******************** Trained Random Forest Model Successfully!! ********************
[2023-05-05 15:39:59,539] root - INFO - ***Objects for model obtained!!! Now calcalating R2 score for model evaluation***
[2023-05-05 15:39:59,599] root - INFO - R2 score for Training set ---> Random Forest: 0.7944251623043473 || XG Boost: 0.6677880922674442
[2023-05-05 15:39:59,599] root - INFO - R2 score for Training set --->  XG Boost: 0.6677880922674442
[2023-05-05 15:39:59,621] root - INFO - R2 score for Testing set ---> Random Forest : 0.4700589984295078 || XGBoost : 0.40008215862419527
[2023-05-05 15:39:59,621] root - INFO - R2 score for Testing set --->  || XGBoost : 0.40008215862419527
[2023-05-05 15:39:59,621] root - INFO - Random Forest Model Accepted!!!
[2023-05-05 15:39:59,621] root - INFO - Saving best model object file
[2023-05-05 15:39:59,741] root - INFO - Model Trainer Artifact: ModelTrainerArtifact(is_trained=True, message='Model Training Done!!', trained_model_object_file_path='C:\\Users\\Admin\\Documents\\Shipment_pricing_Project\\shipment\\artifact\\model_training\\2023-05-05-15-35-17\\trained_model\\model.pkl')
[2023-05-05 15:39:59,742] root - INFO - 
******************** Model Training log completed ********************


