[2023-05-15 18:58:37,447] root - INFO - Training pipleine config: TrainingPipelineConfig(artifact_dir='E:\\Ineuron may batch projects\\Projects\\Shipment_Pricing_Project\\shipment\\artifact')
[2023-05-15 18:58:37,447] root - INFO - Data Ingestion config: DataIngestionConfig(dataset_download_url='https://raw.githubusercontent.com/Hitesh-Nimbalkar/Shipment_Pricing_EDA/main/SCMS_Delivery_History_Dataset.csv', raw_data_dir='E:\\Ineuron may batch projects\\Projects\\Shipment_Pricing_Project\\shipment\\artifact\\data_ingestion\\2023-05-15-18-58-36\\raw_data', ingested_train_dir='E:\\Ineuron may batch projects\\Projects\\Shipment_Pricing_Project\\shipment\\artifact\\data_ingestion\\2023-05-15-18-58-36\\ingested_data\\train', ingested_test_dir='E:\\Ineuron may batch projects\\Projects\\Shipment_Pricing_Project\\shipment\\artifact\\data_ingestion\\2023-05-15-18-58-36\\ingested_data\\test')
[2023-05-15 18:58:37,448] root - INFO - >>>>>>>>>>>>>>>>>>>>>>>>>>>>>>>>>>>>>>>>>>>>>>>>>>>>>>>>>>>>Data Ingestion log started.<<<<<<<<<<<<<<<<<<<<<<<<<<<<<<<<<<<<<<<<<<<<<<<<<<<<<<<<<<<< 


[2023-05-15 18:58:37,448] root - INFO - Downloading file from Mongo DB into :[E:\Ineuron may batch projects\Projects\Shipment_Pricing_Project\shipment\artifact\data_ingestion\2023-05-15-18-58-36\raw_data\SCMS_Delivery_History_Dataset.csv]
[2023-05-15 18:58:37,730] root - INFO - File :[E:\Ineuron may batch projects\Projects\Shipment_Pricing_Project\shipment\artifact\data_ingestion\2023-05-15-18-58-36\raw_data\SCMS_Delivery_History_Dataset.csv] has been downloaded successfully.
[2023-05-15 18:58:37,730] root - INFO - Reading csv file: [E:\Ineuron may batch projects\Projects\Shipment_Pricing_Project\shipment\artifact\data_ingestion\2023-05-15-18-58-36\raw_data\SCMS_Delivery_History_Dataset.csv]
[2023-05-15 18:58:37,780] root - INFO - Splitting data into train and test
[2023-05-15 18:58:37,784] root - INFO - Exporting training dataset to file: [E:\Ineuron may batch projects\Projects\Shipment_Pricing_Project\shipment\artifact\data_ingestion\2023-05-15-18-58-36\ingested_data\train\SCMS_Delivery_History_Dataset.csv]
[2023-05-15 18:58:37,871] root - INFO - Exporting test dataset to file: [E:\Ineuron may batch projects\Projects\Shipment_Pricing_Project\shipment\artifact\data_ingestion\2023-05-15-18-58-36\ingested_data\test\SCMS_Delivery_History_Dataset.csv]
[2023-05-15 18:58:37,893] root - INFO - Data Ingestion artifact:[DataIngestionArtifact(train_file_path='E:\\Ineuron may batch projects\\Projects\\Shipment_Pricing_Project\\shipment\\artifact\\data_ingestion\\2023-05-15-18-58-36\\ingested_data\\train\\SCMS_Delivery_History_Dataset.csv', test_file_path='E:\\Ineuron may batch projects\\Projects\\Shipment_Pricing_Project\\shipment\\artifact\\data_ingestion\\2023-05-15-18-58-36\\ingested_data\\test\\SCMS_Delivery_History_Dataset.csv', is_ingested=True, message='Data ingestion completed successfully.')]
[2023-05-15 18:58:37,895] root - INFO - >>>>>>>>>>>>>>>>>>>>>>>>>>>>>>>>>>>>>>>>>>>>>>>>>>>>>>>>>>>>Data Validation log started.<<<<<<<<<<<<<<<<<<<<<<<<<<<<<<<<<<<<<<<<<<<<<<<<<<<<<<<<<<<< 


[2023-05-15 18:58:37,900] root - INFO - Validation Process Started
[2023-05-15 18:58:38,088] root - INFO - Train_set status|is Train filename validated?: True|is train column name validated?: True|whole missing columns?True
[2023-05-15 18:58:38,088] root - INFO - Test_set status|is Test filename validated?: True|is test column names validated? True| whole missing columns? True
[2023-05-15 18:58:38,090] root - INFO - Exported validated train dataset to file: [E:\Ineuron may batch projects\Projects\Shipment_Pricing_Project\shipment\artifact\data_validation\2023-05-15-18-58-36\validated_data\Train_data]
[2023-05-15 18:58:38,090] root - INFO - Exporting validated train dataset to file: [E:\Ineuron may batch projects\Projects\Shipment_Pricing_Project\shipment\artifact\data_validation\2023-05-15-18-58-36\validated_data\Train_data]
[2023-05-15 18:58:38,091] root - INFO - Exported validated train dataset to file: [E:\Ineuron may batch projects\Projects\Shipment_Pricing_Project\shipment\artifact\data_validation\2023-05-15-18-58-36\validated_data\Test_data]
[2023-05-15 18:58:38,091] root - INFO - Data validation artifact: DataValidationArtifact(schema_file_path='E:\\Ineuron may batch projects\\Projects\\Shipment_Pricing_Project\\config\\schema.yaml', is_validated=True, message='Data validation performed', validated_train_path='E:\\Ineuron may batch projects\\Projects\\Shipment_Pricing_Project\\shipment\\artifact\\data_validation\\2023-05-15-18-58-36\\validated_data\\Train_data', validated_test_path='E:\\Ineuron may batch projects\\Projects\\Shipment_Pricing_Project\\shipment\\artifact\\data_validation\\2023-05-15-18-58-36\\validated_data\\Test_data')
[2023-05-15 18:58:38,091] root - INFO - >>>>>>>>>>>>>>>>>>>>>>>>>>>>>>>>>>>>>>>>>>>>>>>>>>>>>>>>>>>>Data Validation log completed.<<<<<<<<<<<<<<<<<<<<<<<<<<<<<<<<<<<<<<<<<<<<<<<<<<<<<<<<<<<<
[2023-05-15 18:58:38,091] root - INFO - Data Transformation Config: DataTransformationConfig(transformed_train_dir='E:\\Ineuron may batch projects\\Projects\\Shipment_Pricing_Project\\shipment\\artifact\\data_transformation\\2023-05-15-18-58-36\\transformed_data\\train', transformed_test_dir='E:\\Ineuron may batch projects\\Projects\\Shipment_Pricing_Project\\shipment\\artifact\\data_transformation\\2023-05-15-18-58-36\\transformed_data\\test', preprocessed_object_file_path='E:\\Ineuron may batch projects\\Projects\\Shipment_Pricing_Project\\shipment\\artifact\\data_transformation\\2023-05-15-18-58-36\\preprocessed\\preprocessed.pkl', feature_engineering_object_file_path='E:\\Ineuron may batch projects\\Projects\\Shipment_Pricing_Project\\shipment\\artifact\\data_transformation\\2023-05-15-18-58-36\\preprocessed\\feat_eng.pkl')
[2023-05-15 18:58:38,091] root - INFO - 
******************** Data Transformation log started ********************


[2023-05-15 18:58:38,094] root - INFO - Obtaining training and test file path.
[2023-05-15 18:58:38,094] root - INFO - Loading training and test data as pandas dataframe.
[2023-05-15 18:58:38,095] root - ERROR - 
        Error occured in script: [E:\Ineuron may batch projects\Projects\Shipment_Pricing_Project\Shipment_Pricing\pipeline\pipeline.py] at 
        line number: [89] 
        error message: [
        Error occured in script: [E:\Ineuron may batch projects\Projects\Shipment_Pricing_Project\Shipment_Pricing\pipeline\pipeline.py] at 
        line number: [57] 
        error message: [
        Error occured in script: [E:\Ineuron may batch projects\Projects\Shipment_Pricing_Project\Shipment_Pricing\components\data_transformation.py] at 
        line number: [459] 
        error message: [[Errno 13] Permission denied: 'E:\\Ineuron may batch projects\\Projects\\Shipment_Pricing_Project\\shipment\\artifact\\data_validation\\2023-05-15-18-58-36\\validated_data\\Train_data']]]
[2023-05-15 18:58:38,096] root - INFO - 
******************** Data Transformation log completed ********************


