[2023-05-06 20:18:05,410] root - INFO - Training pipleine config: TrainingPipelineConfig(artifact_dir='C:\\Users\\Admin\\Documents\\Shipment_pricing_Project\\shipment\\artifact')
[2023-05-06 20:18:05,411] root - INFO - Data Ingestion config: DataIngestionConfig(dataset_download_url='https://raw.githubusercontent.com/Hitesh-Nimbalkar/Shipment_Pricing_EDA/main/SCMS_Delivery_History_Dataset.csv', raw_data_dir='C:\\Users\\Admin\\Documents\\Shipment_pricing_Project\\shipment\\artifact\\data_ingestion\\2023-05-06-20-18-04\\raw_data', ingested_train_dir='C:\\Users\\Admin\\Documents\\Shipment_pricing_Project\\shipment\\artifact\\data_ingestion\\2023-05-06-20-18-04\\ingested_data\\train', ingested_test_dir='C:\\Users\\Admin\\Documents\\Shipment_pricing_Project\\shipment\\artifact\\data_ingestion\\2023-05-06-20-18-04\\ingested_data\\test')
[2023-05-06 20:18:05,411] root - INFO - >>>>>>>>>>>>>>>>>>>>>>>>>>>>>>>>>>>>>>>>>>>>>>>>>>>>>>>>>>>>Data Ingestion log started.<<<<<<<<<<<<<<<<<<<<<<<<<<<<<<<<<<<<<<<<<<<<<<<<<<<<<<<<<<<< 


[2023-05-06 20:18:05,412] root - INFO - Downloading file from :[https://raw.githubusercontent.com/Hitesh-Nimbalkar/Shipment_Pricing_EDA/main/SCMS_Delivery_History_Dataset.csv] into :[C:\Users\Admin\Documents\Shipment_pricing_Project\shipment\artifact\data_ingestion\2023-05-06-20-18-04\raw_data\SCMS_Delivery_History_Dataset.csv]
[2023-05-06 20:18:06,463] root - INFO - File :[C:\Users\Admin\Documents\Shipment_pricing_Project\shipment\artifact\data_ingestion\2023-05-06-20-18-04\raw_data\SCMS_Delivery_History_Dataset.csv] has been downloaded successfully.
[2023-05-06 20:18:06,463] root - INFO - Reading csv file: [C:\Users\Admin\Documents\Shipment_pricing_Project\shipment\artifact\data_ingestion\2023-05-06-20-18-04\raw_data\SCMS_Delivery_History_Dataset.csv]
[2023-05-06 20:18:06,514] root - INFO - Splitting data into train and test
[2023-05-06 20:18:06,525] root - INFO - Exporting training dataset to file: [C:\Users\Admin\Documents\Shipment_pricing_Project\shipment\artifact\data_ingestion\2023-05-06-20-18-04\ingested_data\train\SCMS_Delivery_History_Dataset.csv]
[2023-05-06 20:18:06,597] root - INFO - Exporting test dataset to file: [C:\Users\Admin\Documents\Shipment_pricing_Project\shipment\artifact\data_ingestion\2023-05-06-20-18-04\ingested_data\test\SCMS_Delivery_History_Dataset.csv]
[2023-05-06 20:18:06,616] root - INFO - Data Ingestion artifact:[DataIngestionArtifact(train_file_path='C:\\Users\\Admin\\Documents\\Shipment_pricing_Project\\shipment\\artifact\\data_ingestion\\2023-05-06-20-18-04\\ingested_data\\train\\SCMS_Delivery_History_Dataset.csv', test_file_path='C:\\Users\\Admin\\Documents\\Shipment_pricing_Project\\shipment\\artifact\\data_ingestion\\2023-05-06-20-18-04\\ingested_data\\test\\SCMS_Delivery_History_Dataset.csv', is_ingested=True, message='Data ingestion completed successfully.')]
[2023-05-06 20:18:06,617] root - INFO - >>>>>>>>>>>>>>>>>>>>>>>>>>>>>>>>>>>>>>>>>>>>>>>>>>>>>>>>>>>>Data Validation log started.<<<<<<<<<<<<<<<<<<<<<<<<<<<<<<<<<<<<<<<<<<<<<<<<<<<<<<<<<<<< 


[2023-05-06 20:18:06,621] root - INFO - Validation Process Started
[2023-05-06 20:18:06,805] root - INFO - Train_set status|is Train filename validated?: True|is train column name validated?: True|whole missing columns?True
[2023-05-06 20:18:06,805] root - INFO - Test_set status|is Test filename validated?: True|is test column names validated? True| whole missing columns? True
[2023-05-06 20:18:06,805] root - INFO - Validation Process Completed
[2023-05-06 20:18:06,805] root - INFO - Data validation artifact: DataValidationArtifact(schema_file_path='C:\\Users\\Admin\\Documents\\Shipment_pricing_Project\\config\\schema.yaml', is_validated=True, message='Data validation performed')
[2023-05-06 20:18:06,805] root - INFO - >>>>>>>>>>>>>>>>>>>>>>>>>>>>>>>>>>>>>>>>>>>>>>>>>>>>>>>>>>>>Data Validation log completed.<<<<<<<<<<<<<<<<<<<<<<<<<<<<<<<<<<<<<<<<<<<<<<<<<<<<<<<<<<<<
[2023-05-06 20:18:06,805] root - INFO - Data Transformation Config: DataTransformationConfig(transformed_train_dir='C:\\Users\\Admin\\Documents\\Shipment_pricing_Project\\shipment\\artifact\\data_transformation\\2023-05-06-20-18-04\\transformed_data\\train', transformed_test_dir='C:\\Users\\Admin\\Documents\\Shipment_pricing_Project\\shipment\\artifact\\data_transformation\\2023-05-06-20-18-04\\transformed_data\\test', preprocessed_object_file_path='C:\\Users\\Admin\\Documents\\Shipment_pricing_Project\\shipment\\artifact\\data_transformation\\2023-05-06-20-18-04\\preprocessed\\preprocessed.pkl', feature_engineering_object_file_path='C:\\Users\\Admin\\Documents\\Shipment_pricing_Project\\shipment\\artifact\\data_transformation\\2023-05-06-20-18-04\\preprocessed\\feat_eng.pkl')
[2023-05-06 20:18:06,806] root - INFO - 
******************** Data Transformation log started ********************


[2023-05-06 20:18:06,806] root - INFO - Obtaining training and test file path.
[2023-05-06 20:18:06,806] root - INFO - Loading training and test data as pandas dataframe.
[2023-05-06 20:18:06,851] root - INFO - Extracting train column name ['ID', 'Project_Code', 'PQ', 'PO/SO', 'ASN/DN', 'Country', 'Managed_By', 'Fulfill_Via', 'Vendor_INCO_Term', 'Shipment_Mode', 'PQ_First_Sent_to_Client_Date', 'PO_Sent_to_Vendor_Date', 'Scheduled_Delivery_Date', 'Delivered_to_Client_Date', 'Delivery_Recorded_Date', 'Product_Group', 'Sub_Classification', 'Vendor', 'Item_Description', 'Molecule/Test_Type', 'Brand', 'Dosage', 'Dosage_Form', 'Unit_of_Measure_(Per_Pack)', 'Line_Item_Quantity', 'Line_Item_Value', 'Pack_Price', 'Unit_Price', 'Manufacturing_Site', 'First_Line_Designation', 'Weight_(Kilograms)', 'Freight_Cost_(USD)', 'Line_Item_Insurance_(USD)']
[2023-05-06 20:18:06,851] root - INFO - Obtaining feature engineering object.
[2023-05-06 20:18:06,851] root - INFO - 
******************** Feature Engneering Started ********************


[2023-05-06 20:18:06,851] root - INFO - Applying feature engineering object on training dataframe and testing dataframe
[2023-05-06 20:18:06,851] root - INFO - Feature Enineering - Train Data 
[2023-05-06 20:18:10,470] root - INFO - Weight and Freight Cost Data Clean Completed
[2023-05-06 20:18:10,471] root - INFO - 

[2023-05-06 20:18:10,471] root - INFO - Country
[2023-05-06 20:18:10,472] root - INFO - Fulfill_Via
[2023-05-06 20:18:10,472] root - INFO - Shipment_Mode
[2023-05-06 20:18:10,472] root - INFO - Sub_Classification
[2023-05-06 20:18:10,472] root - INFO - Brand
[2023-05-06 20:18:10,472] root - INFO - Dosage_Form
[2023-05-06 20:18:10,472] root - INFO - Unit_of_Measure_(Per_Pack)
[2023-05-06 20:18:10,472] root - INFO - Line_Item_Quantity
[2023-05-06 20:18:10,472] root - INFO - Pack_Price
[2023-05-06 20:18:10,472] root - INFO - Unit_Price
[2023-05-06 20:18:10,472] root - INFO - Manufacturing_Site
[2023-05-06 20:18:10,472] root - INFO - First_Line_Designation
[2023-05-06 20:18:10,472] root - INFO - Freight_Cost_USD_Clean
[2023-05-06 20:18:10,472] root - INFO - Weight_Kilograms_Clean
[2023-05-06 20:18:18,443] root - INFO - 
Final DataFrame:
[2023-05-06 20:18:18,443] root - INFO -          Country  Fulfill_Via Shipment_Mode Sub_Classification  ... Unit_Price  First_Line_Designation  Freight_Cost_USD_Clean  Weight_Kilograms_Clean
1  Côte d'Ivoire     From RDC         Truck          Pediatric  ...       0.13                     Yes                 2180.32                   243.0
5     Congo, DRC     From RDC           Air              Adult  ...       0.19                     Yes                18387.80                  1630.0
6         Zambia     From RDC           NaN              Adult  ...       0.88                     Yes                 6785.10                  1620.0
7     Mozambique  Direct Drop           Air           HIV test  ...       1.60                     Yes                16397.94                   298.0
9          Haiti  Direct Drop         Ocean              Adult  ...       0.35                     Yes                 7992.56                  7140.0

[5 rows x 12 columns]
[2023-05-06 20:18:18,451] root - INFO - Drop Columns Complete
[2023-05-06 20:18:18,478] root - INFO -  >>>>>>>>>>>>  Columns Modififcation Complete  <<<<<<<<<<
[2023-05-06 20:18:18,478] root - INFO - Outlier Detection
[2023-05-06 20:18:18,515] root - INFO - Outlier Detection Complete
[2023-05-06 20:18:18,515] root - INFO - Columnsof data after data wrangling:Index(['Country', 'Fulfill_Via', 'Shipment_Mode', 'Sub_Classification',
       'Dosage_Form', 'Unit_of_Measure_(Per_Pack)', 'Line_Item_Quantity',
       'Pack_Price', 'Unit_Price', 'First_Line_Designation',
       'Freight_Cost_USD_Clean', 'Weight_Kilograms_Clean'],
      dtype='object')
[2023-05-06 20:18:18,540] root - INFO - Data Modified  Completed and Saved 
[2023-05-06 20:18:18,540] root - ERROR - 
        Error occured in script: [C:\Users\Admin\Documents\Shipment_pricing_Project\Shipment_Pricing\pipeline\pipeline.py] at 
        line number: [89] 
        error message: [
        Error occured in script: [C:\Users\Admin\Documents\Shipment_pricing_Project\Shipment_Pricing\pipeline\pipeline.py] at 
        line number: [57] 
        error message: [
        Error occured in script: [C:\Users\Admin\Documents\Shipment_pricing_Project\Shipment_Pricing\components\data_transformation.py] at 
        line number: [477] 
        error message: [
        Error occured in script: [C:\Users\Admin\Documents\Shipment_pricing_Project\Shipment_Pricing\components\data_transformation.py] at 
        line number: [355] 
        error message: [
        Error occured in script: [C:\Users\Admin\Documents\Shipment_pricing_Project\Shipment_Pricing\components\data_transformation.py] at 
        line number: [311] 
        error message: [
        Error occured in script: [C:\Users\Admin\Documents\Shipment_pricing_Project\Shipment_Pricing\components\data_transformation.py] at 
        line number: [269] 
        error message: ['Freight_Cost_(USD)']]]]]]
[2023-05-06 20:18:18,545] root - INFO - 
******************** Data Transformation log completed ********************


