[2023-05-05 20:21:46,706] root - INFO - Training pipleine config: TrainingPipelineConfig(artifact_dir='C:\\Users\\Admin\\Documents\\Shipment_pricing_Project\\shipment\\artifact')
[2023-05-05 20:21:46,706] root - INFO - Data Ingestion config: DataIngestionConfig(dataset_download_url='https://raw.githubusercontent.com/Hitesh-Nimbalkar/Shipment_Pricing_EDA/main/SCMS_Delivery_History_Dataset.csv', raw_data_dir='C:\\Users\\Admin\\Documents\\Shipment_pricing_Project\\shipment\\artifact\\data_ingestion\\2023-05-05-20-21-45\\raw_data', ingested_train_dir='C:\\Users\\Admin\\Documents\\Shipment_pricing_Project\\shipment\\artifact\\data_ingestion\\2023-05-05-20-21-45\\ingested_data\\train', ingested_test_dir='C:\\Users\\Admin\\Documents\\Shipment_pricing_Project\\shipment\\artifact\\data_ingestion\\2023-05-05-20-21-45\\ingested_data\\test')
[2023-05-05 20:21:46,707] root - INFO - >>>>>>>>>>>>>>>>>>>>>>>>>>>>>>>>>>>>>>>>>>>>>>>>>>>>>>>>>>>>Data Ingestion log started.<<<<<<<<<<<<<<<<<<<<<<<<<<<<<<<<<<<<<<<<<<<<<<<<<<<<<<<<<<<< 


[2023-05-05 20:21:46,708] root - INFO - Downloading file from :[https://raw.githubusercontent.com/Hitesh-Nimbalkar/Shipment_Pricing_EDA/main/SCMS_Delivery_History_Dataset.csv] into :[C:\Users\Admin\Documents\Shipment_pricing_Project\shipment\artifact\data_ingestion\2023-05-05-20-21-45\raw_data\SCMS_Delivery_History_Dataset.csv]
[2023-05-05 20:21:48,300] root - INFO - File :[C:\Users\Admin\Documents\Shipment_pricing_Project\shipment\artifact\data_ingestion\2023-05-05-20-21-45\raw_data\SCMS_Delivery_History_Dataset.csv] has been downloaded successfully.
[2023-05-05 20:21:48,300] root - INFO - Reading csv file: [C:\Users\Admin\Documents\Shipment_pricing_Project\shipment\artifact\data_ingestion\2023-05-05-20-21-45\raw_data\SCMS_Delivery_History_Dataset.csv]
[2023-05-05 20:21:48,346] root - INFO - Splitting data into train and test
[2023-05-05 20:21:48,346] root - INFO - Exporting training dataset to file: [C:\Users\Admin\Documents\Shipment_pricing_Project\shipment\artifact\data_ingestion\2023-05-05-20-21-45\ingested_data\train\SCMS_Delivery_History_Dataset.csv]
[2023-05-05 20:21:48,426] root - INFO - Exporting test dataset to file: [C:\Users\Admin\Documents\Shipment_pricing_Project\shipment\artifact\data_ingestion\2023-05-05-20-21-45\ingested_data\test\SCMS_Delivery_History_Dataset.csv]
[2023-05-05 20:21:48,441] root - INFO - Data Ingestion artifact:[DataIngestionArtifact(train_file_path='C:\\Users\\Admin\\Documents\\Shipment_pricing_Project\\shipment\\artifact\\data_ingestion\\2023-05-05-20-21-45\\ingested_data\\train\\SCMS_Delivery_History_Dataset.csv', test_file_path='C:\\Users\\Admin\\Documents\\Shipment_pricing_Project\\shipment\\artifact\\data_ingestion\\2023-05-05-20-21-45\\ingested_data\\test\\SCMS_Delivery_History_Dataset.csv', is_ingested=True, message='Data ingestion completed successfully.')]
[2023-05-05 20:21:48,441] root - INFO - >>>>>>>>>>>>>>>>>>>>>>>>>>>>>>>>>>>>>>>>>>>>>>>>>>>>>>>>>>>>Data Validation log started.<<<<<<<<<<<<<<<<<<<<<<<<<<<<<<<<<<<<<<<<<<<<<<<<<<<<<<<<<<<< 


[2023-05-05 20:21:48,457] root - INFO - Validation Process Started
[2023-05-05 20:21:48,642] root - INFO - Train_set status|is Train filename validated?: True|is train column name validated?: True|whole missing columns?True
[2023-05-05 20:21:48,642] root - INFO - Test_set status|is Test filename validated?: True|is test column names validated? True| whole missing columns? True
[2023-05-05 20:21:48,642] root - INFO - Validation Process Completed
[2023-05-05 20:21:48,642] root - INFO - Data validation artifact: DataValidationArtifact(schema_file_path='C:\\Users\\Admin\\Documents\\Shipment_pricing_Project\\config\\schema.yaml', is_validated=True, message='Data validation performed')
[2023-05-05 20:21:48,642] root - INFO - >>>>>>>>>>>>>>>>>>>>>>>>>>>>>>>>>>>>>>>>>>>>>>>>>>>>>>>>>>>>Data Validation log completed.<<<<<<<<<<<<<<<<<<<<<<<<<<<<<<<<<<<<<<<<<<<<<<<<<<<<<<<<<<<<
[2023-05-05 20:21:48,642] root - INFO - Data Transformation Config: DataTransformationConfig(transformed_train_dir='C:\\Users\\Admin\\Documents\\Shipment_pricing_Project\\shipment\\artifact\\data_transformation\\2023-05-05-20-21-45\\transformed_data\\train', transformed_test_dir='C:\\Users\\Admin\\Documents\\Shipment_pricing_Project\\shipment\\artifact\\data_transformation\\2023-05-05-20-21-45\\transformed_data\\test', preprocessed_object_file_path='C:\\Users\\Admin\\Documents\\Shipment_pricing_Project\\shipment\\artifact\\data_transformation\\2023-05-05-20-21-45\\preprocessed\\preprocessed.pkl', feature_engineering_object_file_path='C:\\Users\\Admin\\Documents\\Shipment_pricing_Project\\shipment\\artifact\\data_transformation\\2023-05-05-20-21-45\\preprocessed\\feat_eng.pkl')
[2023-05-05 20:21:48,642] root - INFO - 
******************** Data Transformation log started ********************


[2023-05-05 20:21:48,642] root - INFO - Obtaining training and test file path.
[2023-05-05 20:21:48,642] root - INFO - Loading training and test data as pandas dataframe.
[2023-05-05 20:21:48,688] root - INFO - Extracting train column name ['ID', 'Project_Code', 'PQ', 'PO/SO', 'ASN/DN', 'Country', 'Managed_By', 'Fulfill_Via', 'Vendor_INCO_Term', 'Shipment_Mode', 'PQ_First_Sent_to_Client_Date', 'PO_Sent_to_Vendor_Date', 'Scheduled_Delivery_Date', 'Delivered_to_Client_Date', 'Delivery_Recorded_Date', 'Product_Group', 'Sub_Classification', 'Vendor', 'Item_Description', 'Molecule/Test_Type', 'Brand', 'Dosage', 'Dosage_Form', 'Unit_of_Measure_(Per_Pack)', 'Line_Item_Quantity', 'Line_Item_Value', 'Pack_Price', 'Unit_Price', 'Manufacturing_Site', 'First_Line_Designation', 'Weight_(Kilograms)', 'Freight_Cost_(USD)', 'Line_Item_Insurance_(USD)']
[2023-05-05 20:21:48,688] root - INFO - Obtaining feature engineering object.
[2023-05-05 20:21:48,688] root - INFO - 
******************** Feature Engneering Started ********************


[2023-05-05 20:21:48,688] root - INFO - Applying feature engineering object on training dataframe and testing dataframe
[2023-05-05 20:21:48,688] root - INFO - Feature Enineering - Train Data 
[2023-05-05 20:21:52,329] root - INFO - Weight and Freight Cost Data Clean Completed
[2023-05-05 20:21:52,330] root - INFO - Columns Dropped
[2023-05-05 20:21:52,331] root - INFO - Columns After dropping Index(['Country', 'Fulfill_Via', 'Shipment_Mode', 'Product_Group',
       'Sub_Classification', 'Vendor', 'Brand', 'Dosage_Form',
       'Unit_of_Measure_(Per_Pack)', 'Line_Item_Quantity', 'Pack_Price',
       'Unit_Price', 'First_Line_Designation', 'Freight_Cost_USD_Clean',
       'Weight_Kilograms_Clean'],
      dtype='object')
[2023-05-05 20:21:52,336] root - INFO - DataTypes of Columns After changing: 
Country                         object
Fulfill_Via                   category
Shipment_Mode                 category
Product_Group                 category
Sub_Classification            category
Vendor                        category
Brand                           object
Dosage_Form                     object
Unit_of_Measure_(Per_Pack)     float64
Line_Item_Quantity             float64
Pack_Price                     float64
Unit_Price                     float64
First_Line_Designation        category
Freight_Cost_USD_Clean         float64
Weight_Kilograms_Clean         float64
dtype: object
[2023-05-05 20:21:52,337] root - INFO - Columns and DataTypes: 

Country                         object
Fulfill_Via                   category
Shipment_Mode                 category
Product_Group                 category
Sub_Classification            category
Vendor                        category
Brand                           object
Dosage_Form                     object
Unit_of_Measure_(Per_Pack)     float64
Line_Item_Quantity             float64
Pack_Price                     float64
Unit_Price                     float64
First_Line_Designation        category
Freight_Cost_USD_Clean         float64
Weight_Kilograms_Clean         float64
dtype: object
[2023-05-05 20:21:52,338] root - INFO -  >>>>>>>>>>>>   Missing Fills :  Shipment_Mode,Manufacturing_Site,Country,Brand <<<<<<<<<<
[2023-05-05 20:21:52,350] root - INFO -  >>>>>>>>>>>>  Columns Modififcation Complete  <<<<<<<<<<
[2023-05-05 20:21:52,350] root - INFO - Missing values in Unit_of_Measure_(Per_Pack) column have been imputed with median
[2023-05-05 20:21:52,351] root - INFO - Missing values in Line_Item_Quantity column have been imputed with median
[2023-05-05 20:21:52,351] root - INFO - Missing values in Pack_Price column have been imputed with median
[2023-05-05 20:21:52,351] root - INFO - Missing values in Unit_Price column have been imputed with median
[2023-05-05 20:21:52,352] root - INFO - Missing values in Weight_Kilograms_Clean column have been imputed with median
[2023-05-05 20:21:52,352] root - INFO - Missing value imputation with median completed
[2023-05-05 20:21:52,378] root - INFO - Columns Before encoding Index(['Country', 'Fulfill_Via', 'Shipment_Mode', 'Product_Group',
       'Sub_Classification', 'Vendor', 'Brand', 'Dosage_Form',
       'Unit_of_Measure_(Per_Pack)', 'Line_Item_Quantity', 'Pack_Price',
       'Unit_Price', 'First_Line_Designation', 'Freight_Cost_USD_Clean',
       'Weight_Kilograms_Clean'],
      dtype='object')
[2023-05-05 20:21:52,419] root - INFO - Data Wrangling Completed
[2023-05-05 20:21:52,419] root - INFO - Columns after data wrangling:
['Unit_of_Measure_(Per_Pack)', 'Line_Item_Quantity', 'Pack_Price', 'Unit_Price', 'Freight_Cost_USD_Clean', 'Weight_Kilograms_Clean']
[2023-05-05 20:21:52,435] root - INFO - Feature Enineering - Test Data 
[2023-05-05 20:21:53,300] root - INFO - Weight and Freight Cost Data Clean Completed
[2023-05-05 20:21:53,300] root - INFO - Columns Dropped
[2023-05-05 20:21:53,300] root - INFO - Columns After dropping Index(['Country', 'Fulfill_Via', 'Shipment_Mode', 'Product_Group',
       'Sub_Classification', 'Vendor', 'Brand', 'Dosage_Form',
       'Unit_of_Measure_(Per_Pack)', 'Line_Item_Quantity', 'Pack_Price',
       'Unit_Price', 'First_Line_Designation', 'Freight_Cost_USD_Clean',
       'Weight_Kilograms_Clean'],
      dtype='object')
[2023-05-05 20:21:53,300] root - INFO - DataTypes of Columns After changing: 
Country                         object
Fulfill_Via                   category
Shipment_Mode                 category
Product_Group                 category
Sub_Classification            category
Vendor                        category
Brand                           object
Dosage_Form                     object
Unit_of_Measure_(Per_Pack)     float64
Line_Item_Quantity             float64
Pack_Price                     float64
Unit_Price                     float64
First_Line_Designation        category
Freight_Cost_USD_Clean         float64
Weight_Kilograms_Clean         float64
dtype: object
[2023-05-05 20:21:53,300] root - INFO - Columns and DataTypes: 

Country                         object
Fulfill_Via                   category
Shipment_Mode                 category
Product_Group                 category
Sub_Classification            category
Vendor                        category
Brand                           object
Dosage_Form                     object
Unit_of_Measure_(Per_Pack)     float64
Line_Item_Quantity             float64
Pack_Price                     float64
Unit_Price                     float64
First_Line_Designation        category
Freight_Cost_USD_Clean         float64
Weight_Kilograms_Clean         float64
dtype: object
[2023-05-05 20:21:53,300] root - INFO -  >>>>>>>>>>>>   Missing Fills :  Shipment_Mode,Manufacturing_Site,Country,Brand <<<<<<<<<<
[2023-05-05 20:21:53,300] root - INFO -  >>>>>>>>>>>>  Columns Modififcation Complete  <<<<<<<<<<
[2023-05-05 20:21:53,300] root - INFO - Missing values in Unit_of_Measure_(Per_Pack) column have been imputed with median
[2023-05-05 20:21:53,300] root - INFO - Missing values in Line_Item_Quantity column have been imputed with median
[2023-05-05 20:21:53,300] root - INFO - Missing values in Pack_Price column have been imputed with median
[2023-05-05 20:21:53,300] root - INFO - Missing values in Unit_Price column have been imputed with median
[2023-05-05 20:21:53,300] root - INFO - Missing values in Weight_Kilograms_Clean column have been imputed with median
[2023-05-05 20:21:53,300] root - INFO - Missing value imputation with median completed
[2023-05-05 20:21:53,316] root - INFO - Columns Before encoding Index(['Country', 'Fulfill_Via', 'Shipment_Mode', 'Product_Group',
       'Sub_Classification', 'Vendor', 'Brand', 'Dosage_Form',
       'Unit_of_Measure_(Per_Pack)', 'Line_Item_Quantity', 'Pack_Price',
       'Unit_Price', 'First_Line_Designation', 'Freight_Cost_USD_Clean',
       'Weight_Kilograms_Clean'],
      dtype='object')
[2023-05-05 20:21:53,336] root - INFO - Data Wrangling Completed
[2023-05-05 20:21:53,337] root - INFO - Columns after data wrangling:
['Unit_of_Measure_(Per_Pack)', 'Line_Item_Quantity', 'Pack_Price', 'Unit_Price', 'Freight_Cost_USD_Clean', 'Weight_Kilograms_Clean']
[2023-05-05 20:21:53,344] root - INFO - Converting featured engineered array into dataframe.
[2023-05-05 20:21:53,375] root - INFO - Splitting input and target feature from training and testing dataframe.
[2023-05-05 20:21:53,375] root - INFO - Colums before transformer object Index(['Country', 'Fulfill_Via', 'Shipment_Mode', 'Product_Group',
       'Sub_Classification', 'First_Line_Designation', 'Vendor', 'Brand',
       'Dosage_Form', 'Unit_of_Measure_(Per_Pack)', 'Line_Item_Quantity',
       'Pack_Price', 'Unit_Price', 'Weight_Kilograms_Clean'],
      dtype='object')
[2023-05-05 20:21:53,391] root - INFO - Obtaining preprocessing object.
[2023-05-05 20:21:53,391] root - INFO - Creating Data Transformer Object
[2023-05-05 20:21:53,391] root - INFO - Data Transformer Object created successfully
[2023-05-05 20:21:53,391] root - INFO - Applying preprocessing object on training dataframe and testing dataframe
[2023-05-05 20:21:53,406] root - ERROR - 
        Error occured in script: [C:\Users\Admin\Documents\Shipment_pricing_Project\Shipment_Pricing\pipeline\pipeline.py] at 
        line number: [89] 
        error message: [
        Error occured in script: [C:\Users\Admin\Documents\Shipment_pricing_Project\Shipment_Pricing\pipeline\pipeline.py] at 
        line number: [57] 
        error message: [
        Error occured in script: [C:\Users\Admin\Documents\Shipment_pricing_Project\Shipment_Pricing\components\data_transformation.py] at 
        line number: [477] 
        error message: [Shape of passed values is (6490, 6), indices imply (6490, 15)]]]
[2023-05-05 20:21:53,413] root - INFO - 
******************** Data Transformation log completed ********************


