[2023-05-14 14:40:10,357] root - INFO - Training pipleine config: TrainingPipelineConfig(artifact_dir='E:\\Ineuron may batch projects\\Projects\\Shipment_Pricing_Project\\shipment\\artifact')
[2023-05-14 14:40:10,357] root - INFO - Data Ingestion config: DataIngestionConfig(dataset_download_url='https://raw.githubusercontent.com/Hitesh-Nimbalkar/Shipment_Pricing_EDA/main/SCMS_Delivery_History_Dataset.csv', raw_data_dir='E:\\Ineuron may batch projects\\Projects\\Shipment_Pricing_Project\\shipment\\artifact\\data_ingestion\\2023-05-14-14-40-09\\raw_data', ingested_train_dir='E:\\Ineuron may batch projects\\Projects\\Shipment_Pricing_Project\\shipment\\artifact\\data_ingestion\\2023-05-14-14-40-09\\ingested_data\\train', ingested_test_dir='E:\\Ineuron may batch projects\\Projects\\Shipment_Pricing_Project\\shipment\\artifact\\data_ingestion\\2023-05-14-14-40-09\\ingested_data\\test')
[2023-05-14 14:40:10,365] root - INFO - >>>>>>>>>>>>>>>>>>>>>>>>>>>>>>>>>>>>>>>>>>>>>>>>>>>>>>>>>>>>Data Ingestion log started.<<<<<<<<<<<<<<<<<<<<<<<<<<<<<<<<<<<<<<<<<<<<<<<<<<<<<<<<<<<< 


[2023-05-14 14:40:10,365] root - INFO - Downloading file from Mongo DB into :[E:\Ineuron may batch projects\Projects\Shipment_Pricing_Project\shipment\artifact\data_ingestion\2023-05-14-14-40-09\raw_data\SCMS_Delivery_History_Dataset.csv]
[2023-05-14 14:40:10,636] root - INFO - File :[E:\Ineuron may batch projects\Projects\Shipment_Pricing_Project\shipment\artifact\data_ingestion\2023-05-14-14-40-09\raw_data\SCMS_Delivery_History_Dataset.csv] has been downloaded successfully.
[2023-05-14 14:40:10,636] root - INFO - Reading csv file: [E:\Ineuron may batch projects\Projects\Shipment_Pricing_Project\shipment\artifact\data_ingestion\2023-05-14-14-40-09\raw_data\SCMS_Delivery_History_Dataset.csv]
[2023-05-14 14:40:10,682] root - INFO - Splitting data into train and test
[2023-05-14 14:40:10,686] root - INFO - Exporting training dataset to file: [E:\Ineuron may batch projects\Projects\Shipment_Pricing_Project\shipment\artifact\data_ingestion\2023-05-14-14-40-09\ingested_data\train\SCMS_Delivery_History_Dataset.csv]
[2023-05-14 14:40:10,773] root - INFO - Exporting test dataset to file: [E:\Ineuron may batch projects\Projects\Shipment_Pricing_Project\shipment\artifact\data_ingestion\2023-05-14-14-40-09\ingested_data\test\SCMS_Delivery_History_Dataset.csv]
[2023-05-14 14:40:10,795] root - INFO - Data Ingestion artifact:[DataIngestionArtifact(train_file_path='E:\\Ineuron may batch projects\\Projects\\Shipment_Pricing_Project\\shipment\\artifact\\data_ingestion\\2023-05-14-14-40-09\\ingested_data\\train\\SCMS_Delivery_History_Dataset.csv', test_file_path='E:\\Ineuron may batch projects\\Projects\\Shipment_Pricing_Project\\shipment\\artifact\\data_ingestion\\2023-05-14-14-40-09\\ingested_data\\test\\SCMS_Delivery_History_Dataset.csv', is_ingested=True, message='Data ingestion completed successfully.')]
[2023-05-14 14:40:10,797] root - INFO - >>>>>>>>>>>>>>>>>>>>>>>>>>>>>>>>>>>>>>>>>>>>>>>>>>>>>>>>>>>>Data Validation log started.<<<<<<<<<<<<<<<<<<<<<<<<<<<<<<<<<<<<<<<<<<<<<<<<<<<<<<<<<<<< 


[2023-05-14 14:40:10,802] root - INFO - Validation Process Started
[2023-05-14 14:40:10,990] root - INFO - Train_set status|is Train filename validated?: True|is train column name validated?: True|whole missing columns?True
[2023-05-14 14:40:10,990] root - INFO - Test_set status|is Test filename validated?: True|is test column names validated? True| whole missing columns? True
[2023-05-14 14:40:10,990] root - INFO - Validation Process Completed
[2023-05-14 14:40:10,990] root - INFO - Data validation artifact: DataValidationArtifact(schema_file_path='E:\\Ineuron may batch projects\\Projects\\Shipment_Pricing_Project\\config\\schema.yaml', is_validated=True, message='Data validation performed')
[2023-05-14 14:40:10,990] root - INFO - >>>>>>>>>>>>>>>>>>>>>>>>>>>>>>>>>>>>>>>>>>>>>>>>>>>>>>>>>>>>Data Validation log completed.<<<<<<<<<<<<<<<<<<<<<<<<<<<<<<<<<<<<<<<<<<<<<<<<<<<<<<<<<<<<
[2023-05-14 14:40:10,990] root - INFO - Data Transformation Config: DataTransformationConfig(transformed_train_dir='E:\\Ineuron may batch projects\\Projects\\Shipment_Pricing_Project\\shipment\\artifact\\data_transformation\\2023-05-14-14-40-09\\transformed_data\\train', transformed_test_dir='E:\\Ineuron may batch projects\\Projects\\Shipment_Pricing_Project\\shipment\\artifact\\data_transformation\\2023-05-14-14-40-09\\transformed_data\\test', preprocessed_object_file_path='E:\\Ineuron may batch projects\\Projects\\Shipment_Pricing_Project\\shipment\\artifact\\data_transformation\\2023-05-14-14-40-09\\preprocessed\\preprocessed.pkl', feature_engineering_object_file_path='E:\\Ineuron may batch projects\\Projects\\Shipment_Pricing_Project\\shipment\\artifact\\data_transformation\\2023-05-14-14-40-09\\preprocessed\\feat_eng.pkl')
[2023-05-14 14:40:10,990] root - INFO - 
******************** Data Transformation log started ********************


[2023-05-14 14:40:10,990] root - INFO - Obtaining training and test file path.
[2023-05-14 14:40:10,990] root - INFO - Loading training and test data as pandas dataframe.
[2023-05-14 14:40:11,043] root - INFO - Extracting train column name ['ID', 'Project_Code', 'PQ', 'PO/SO', 'ASN/DN', 'Country', 'Managed_By', 'Fulfill_Via', 'Vendor_INCO_Term', 'Shipment_Mode', 'PQ_First_Sent_to_Client_Date', 'PO_Sent_to_Vendor_Date', 'Scheduled_Delivery_Date', 'Delivered_to_Client_Date', 'Delivery_Recorded_Date', 'Product_Group', 'Sub_Classification', 'Vendor', 'Item_Description', 'Molecule/Test_Type', 'Brand', 'Dosage', 'Dosage_Form', 'Unit_of_Measure_(Per_Pack)', 'Line_Item_Quantity', 'Line_Item_Value', 'Pack_Price', 'Unit_Price', 'Manufacturing_Site', 'First_Line_Designation', 'Weight_(Kilograms)', 'Freight_Cost_(USD)', 'Line_Item_Insurance_(USD)']
[2023-05-14 14:40:11,043] root - INFO - Numerical columns ['Pack_Price', 'Unit_Price', 'Weight_Kilograms_Clean', 'Line_Item_Quantity']
[2023-05-14 14:40:11,043] root - INFO - Categorical columns ['Fulfill_Via', 'Shipment_Mode', 'Country', 'Brand', 'Sub_Classification', 'First_Line_Designation']
[2023-05-14 14:40:11,043] root - INFO - Target Column :['Freight_Cost_USD_Clean']
[2023-05-14 14:40:11,043] root - INFO - All columns : ['Pack_Price', 'Unit_Price', 'Weight_Kilograms_Clean', 'Line_Item_Quantity', 'Fulfill_Via', 'Shipment_Mode', 'Country', 'Brand', 'Sub_Classification', 'First_Line_Designation', 'Freight_Cost_USD_Clean']
[2023-05-14 14:40:11,045] root - INFO - 
******************** Data Transformation log completed ********************


