[2023-05-06 21:27:15,679] root - INFO - Training pipleine config: TrainingPipelineConfig(artifact_dir='C:\\Users\\Admin\\Documents\\Shipment_pricing_Project\\shipment\\artifact')
[2023-05-06 21:27:15,679] root - INFO - Data Ingestion config: DataIngestionConfig(dataset_download_url='https://raw.githubusercontent.com/Hitesh-Nimbalkar/Shipment_Pricing_EDA/main/SCMS_Delivery_History_Dataset.csv', raw_data_dir='C:\\Users\\Admin\\Documents\\Shipment_pricing_Project\\shipment\\artifact\\data_ingestion\\2023-05-06-21-27-14\\raw_data', ingested_train_dir='C:\\Users\\Admin\\Documents\\Shipment_pricing_Project\\shipment\\artifact\\data_ingestion\\2023-05-06-21-27-14\\ingested_data\\train', ingested_test_dir='C:\\Users\\Admin\\Documents\\Shipment_pricing_Project\\shipment\\artifact\\data_ingestion\\2023-05-06-21-27-14\\ingested_data\\test')
[2023-05-06 21:27:15,680] root - INFO - >>>>>>>>>>>>>>>>>>>>>>>>>>>>>>>>>>>>>>>>>>>>>>>>>>>>>>>>>>>>Data Ingestion log started.<<<<<<<<<<<<<<<<<<<<<<<<<<<<<<<<<<<<<<<<<<<<<<<<<<<<<<<<<<<< 


[2023-05-06 21:27:15,680] root - INFO - Downloading file from :[https://raw.githubusercontent.com/Hitesh-Nimbalkar/Shipment_Pricing_EDA/main/SCMS_Delivery_History_Dataset.csv] into :[C:\Users\Admin\Documents\Shipment_pricing_Project\shipment\artifact\data_ingestion\2023-05-06-21-27-14\raw_data\SCMS_Delivery_History_Dataset.csv]
[2023-05-06 21:27:17,326] root - INFO - File :[C:\Users\Admin\Documents\Shipment_pricing_Project\shipment\artifact\data_ingestion\2023-05-06-21-27-14\raw_data\SCMS_Delivery_History_Dataset.csv] has been downloaded successfully.
[2023-05-06 21:27:17,326] root - INFO - Reading csv file: [C:\Users\Admin\Documents\Shipment_pricing_Project\shipment\artifact\data_ingestion\2023-05-06-21-27-14\raw_data\SCMS_Delivery_History_Dataset.csv]
[2023-05-06 21:27:17,379] root - INFO - Splitting data into train and test
[2023-05-06 21:27:17,382] root - INFO - Exporting training dataset to file: [C:\Users\Admin\Documents\Shipment_pricing_Project\shipment\artifact\data_ingestion\2023-05-06-21-27-14\ingested_data\train\SCMS_Delivery_History_Dataset.csv]
[2023-05-06 21:27:17,455] root - INFO - Exporting test dataset to file: [C:\Users\Admin\Documents\Shipment_pricing_Project\shipment\artifact\data_ingestion\2023-05-06-21-27-14\ingested_data\test\SCMS_Delivery_History_Dataset.csv]
[2023-05-06 21:27:17,474] root - INFO - Data Ingestion artifact:[DataIngestionArtifact(train_file_path='C:\\Users\\Admin\\Documents\\Shipment_pricing_Project\\shipment\\artifact\\data_ingestion\\2023-05-06-21-27-14\\ingested_data\\train\\SCMS_Delivery_History_Dataset.csv', test_file_path='C:\\Users\\Admin\\Documents\\Shipment_pricing_Project\\shipment\\artifact\\data_ingestion\\2023-05-06-21-27-14\\ingested_data\\test\\SCMS_Delivery_History_Dataset.csv', is_ingested=True, message='Data ingestion completed successfully.')]
[2023-05-06 21:27:17,475] root - INFO - >>>>>>>>>>>>>>>>>>>>>>>>>>>>>>>>>>>>>>>>>>>>>>>>>>>>>>>>>>>>Data Validation log started.<<<<<<<<<<<<<<<<<<<<<<<<<<<<<<<<<<<<<<<<<<<<<<<<<<<<<<<<<<<< 


[2023-05-06 21:27:17,484] root - INFO - Validation Process Started
[2023-05-06 21:27:17,668] root - INFO - Train_set status|is Train filename validated?: True|is train column name validated?: True|whole missing columns?True
[2023-05-06 21:27:17,668] root - INFO - Test_set status|is Test filename validated?: True|is test column names validated? True| whole missing columns? True
[2023-05-06 21:27:17,668] root - INFO - Validation Process Completed
[2023-05-06 21:27:17,668] root - INFO - Data validation artifact: DataValidationArtifact(schema_file_path='C:\\Users\\Admin\\Documents\\Shipment_pricing_Project\\config\\schema.yaml', is_validated=True, message='Data validation performed')
[2023-05-06 21:27:17,668] root - INFO - >>>>>>>>>>>>>>>>>>>>>>>>>>>>>>>>>>>>>>>>>>>>>>>>>>>>>>>>>>>>Data Validation log completed.<<<<<<<<<<<<<<<<<<<<<<<<<<<<<<<<<<<<<<<<<<<<<<<<<<<<<<<<<<<<
[2023-05-06 21:27:17,668] root - INFO - Data Transformation Config: DataTransformationConfig(transformed_train_dir='C:\\Users\\Admin\\Documents\\Shipment_pricing_Project\\shipment\\artifact\\data_transformation\\2023-05-06-21-27-14\\transformed_data\\train', transformed_test_dir='C:\\Users\\Admin\\Documents\\Shipment_pricing_Project\\shipment\\artifact\\data_transformation\\2023-05-06-21-27-14\\transformed_data\\test', preprocessed_object_file_path='C:\\Users\\Admin\\Documents\\Shipment_pricing_Project\\shipment\\artifact\\data_transformation\\2023-05-06-21-27-14\\preprocessed\\preprocessed.pkl', feature_engineering_object_file_path='C:\\Users\\Admin\\Documents\\Shipment_pricing_Project\\shipment\\artifact\\data_transformation\\2023-05-06-21-27-14\\preprocessed\\feat_eng.pkl')
[2023-05-06 21:27:17,668] root - INFO - 
******************** Data Transformation log started ********************


[2023-05-06 21:27:17,668] root - INFO - Obtaining training and test file path.
[2023-05-06 21:27:17,668] root - INFO - Loading training and test data as pandas dataframe.
[2023-05-06 21:27:17,720] root - INFO - Extracting train column name ['ID', 'Project_Code', 'PQ', 'PO/SO', 'ASN/DN', 'Country', 'Managed_By', 'Fulfill_Via', 'Vendor_INCO_Term', 'Shipment_Mode', 'PQ_First_Sent_to_Client_Date', 'PO_Sent_to_Vendor_Date', 'Scheduled_Delivery_Date', 'Delivered_to_Client_Date', 'Delivery_Recorded_Date', 'Product_Group', 'Sub_Classification', 'Vendor', 'Item_Description', 'Molecule/Test_Type', 'Brand', 'Dosage', 'Dosage_Form', 'Unit_of_Measure_(Per_Pack)', 'Line_Item_Quantity', 'Line_Item_Value', 'Pack_Price', 'Unit_Price', 'Manufacturing_Site', 'First_Line_Designation', 'Weight_(Kilograms)', 'Freight_Cost_(USD)', 'Line_Item_Insurance_(USD)']
[2023-05-06 21:27:17,720] root - INFO - Obtaining feature engineering object.
[2023-05-06 21:27:17,720] root - INFO - 
******************** Feature Engneering Started ********************


[2023-05-06 21:27:17,720] root - INFO - Applying feature engineering object on training dataframe and testing dataframe
[2023-05-06 21:27:17,720] root - INFO - Feature Enineering - Train Data 
[2023-05-06 21:27:21,350] root - INFO - Weight and Freight Cost Data Clean Completed
[2023-05-06 21:27:21,351] root - INFO - 

[2023-05-06 21:27:21,351] root - INFO - Country
[2023-05-06 21:27:21,351] root - INFO - Fulfill_Via
[2023-05-06 21:27:21,351] root - INFO - Shipment_Mode
[2023-05-06 21:27:21,351] root - INFO - Sub_Classification
[2023-05-06 21:27:21,351] root - INFO - Brand
[2023-05-06 21:27:21,351] root - INFO - Dosage_Form
[2023-05-06 21:27:21,351] root - INFO - Unit_of_Measure_(Per_Pack)
[2023-05-06 21:27:21,351] root - INFO - Line_Item_Quantity
[2023-05-06 21:27:21,351] root - INFO - Pack_Price
[2023-05-06 21:27:21,351] root - INFO - Unit_Price
[2023-05-06 21:27:21,351] root - INFO - Manufacturing_Site
[2023-05-06 21:27:21,351] root - INFO - First_Line_Designation
[2023-05-06 21:27:21,351] root - INFO - Freight_Cost_USD_Clean
[2023-05-06 21:27:21,351] root - INFO - Weight_Kilograms_Clean
[2023-05-06 21:27:31,239] root - INFO - 
Final DataFrame:
[2023-05-06 21:27:31,239] root - INFO -          Country  Fulfill_Via Shipment_Mode Sub_Classification  ... Unit_Price  First_Line_Designation  Freight_Cost_USD_Clean  Weight_Kilograms_Clean
1  Côte d'Ivoire     From RDC         Truck          Pediatric  ...       0.13                     Yes                 2180.32                   243.0
5     Congo, DRC     From RDC           Air              Adult  ...       0.19                     Yes                18387.80                  1630.0
6         Zambia     From RDC           NaN              Adult  ...       0.88                     Yes                 6785.10                  1620.0
7     Mozambique  Direct Drop           Air           HIV test  ...       1.60                     Yes                16397.94                   298.0
9          Haiti  Direct Drop         Ocean              Adult  ...       0.35                     Yes                 7992.56                  7140.0

[5 rows x 12 columns]
[2023-05-06 21:27:31,248] root - INFO - Drop Columns Complete
[2023-05-06 21:27:31,269] root - INFO -  >>>>>>>>>>>>  Columns Modififcation Complete  <<<<<<<<<<
[2023-05-06 21:27:31,271] root - INFO - Outlier Detection
[2023-05-06 21:27:31,289] root - INFO - Outlier Detection Complete
[2023-05-06 21:27:31,290] root - INFO - Columnsof data after data wrangling:Index(['Country', 'Fulfill_Via', 'Shipment_Mode', 'Sub_Classification',
       'Dosage_Form', 'Unit_of_Measure_(Per_Pack)', 'Line_Item_Quantity',
       'Pack_Price', 'Unit_Price', 'First_Line_Designation',
       'Freight_Cost_USD_Clean', 'Weight_Kilograms_Clean'],
      dtype='object')
[2023-05-06 21:27:31,313] root - INFO - Data Modified  Completed and Saved 
[2023-05-06 21:27:31,313] root - INFO - New Column Order ['Pack_Price', 'Unit_Price', 'Weight_Kilograms_Clean', 'Unit_of_Measure_(Per_Pack)', 'Line_Item_Quantity', 'Fulfill_Via', 'Shipment_Mode', 'Country', 'Sub_Classification', 'Dosage_Form', 'First_Line_Designation', 'Freight_Cost_USD_Clean']
[2023-05-06 21:27:31,315] root - INFO - Datatypes : Pack_Price                    float64
Unit_Price                    float64
Weight_Kilograms_Clean        float64
Unit_of_Measure_(Per_Pack)      int64
Line_Item_Quantity              int64
Fulfill_Via                    object
Shipment_Mode                  object
Country                        object
Sub_Classification             object
Dosage_Form                    object
First_Line_Designation         object
Freight_Cost_USD_Clean        float64
dtype: object
[2023-05-06 21:27:31,338] root - INFO - Columns : Index(['Pack_Price', 'Unit_Price', 'Weight_Kilograms_Clean',
       'Unit_of_Measure_(Per_Pack)', 'Line_Item_Quantity', 'Fulfill_Via',
       'Shipment_Mode', 'Country', 'Sub_Classification', 'Dosage_Form',
       'First_Line_Designation', 'Freight_Cost_USD_Clean'],
      dtype='object')
[2023-05-06 21:27:31,339] root - INFO - Feature Enineering - Test Data 
[2023-05-06 21:27:32,199] root - INFO - Weight and Freight Cost Data Clean Completed
[2023-05-06 21:27:32,199] root - INFO - 

[2023-05-06 21:27:32,200] root - INFO - Country
[2023-05-06 21:27:32,200] root - INFO - Fulfill_Via
[2023-05-06 21:27:32,200] root - INFO - Shipment_Mode
[2023-05-06 21:27:32,200] root - INFO - Sub_Classification
[2023-05-06 21:27:32,200] root - INFO - Brand
[2023-05-06 21:27:32,200] root - INFO - Dosage_Form
[2023-05-06 21:27:32,200] root - INFO - Unit_of_Measure_(Per_Pack)
[2023-05-06 21:27:32,200] root - INFO - Line_Item_Quantity
[2023-05-06 21:27:32,200] root - INFO - Pack_Price
[2023-05-06 21:27:32,200] root - INFO - Unit_Price
[2023-05-06 21:27:32,200] root - INFO - Manufacturing_Site
[2023-05-06 21:27:32,200] root - INFO - First_Line_Designation
[2023-05-06 21:27:32,200] root - INFO - Freight_Cost_USD_Clean
[2023-05-06 21:27:32,200] root - INFO - Weight_Kilograms_Clean
[2023-05-06 21:27:34,089] root - INFO - 
Final DataFrame:
[2023-05-06 21:27:34,089] root - INFO -          Country  Fulfill_Via Shipment_Mode Sub_Classification  ... Unit_Price  First_Line_Designation  Freight_Cost_USD_Clean  Weight_Kilograms_Clean
0         Zambia     From RDC         Truck              Adult  ...       0.19                     Yes                 9973.51                  4959.0
1       Ethiopia     From RDC           Air              Adult  ...       0.57                     Yes                  755.50                    33.0
3        Nigeria     From RDC   Air Charter              Adult  ...       0.18                     Yes                16532.50                  2566.0
5       Tanzania     From RDC         Truck          Pediatric  ...       0.06                     Yes                 5137.06                   825.0
6  Côte d'Ivoire  Direct Drop           Air           HIV test  ...       0.80                     Yes                 2656.12                   206.0

[5 rows x 12 columns]
[2023-05-06 21:27:34,096] root - INFO - Drop Columns Complete
[2023-05-06 21:27:34,108] root - INFO -  >>>>>>>>>>>>  Columns Modififcation Complete  <<<<<<<<<<
[2023-05-06 21:27:34,108] root - INFO - Outlier Detection
[2023-05-06 21:27:34,126] root - INFO - Outlier Detection Complete
[2023-05-06 21:27:34,127] root - INFO - Columnsof data after data wrangling:Index(['Country', 'Fulfill_Via', 'Shipment_Mode', 'Sub_Classification',
       'Dosage_Form', 'Unit_of_Measure_(Per_Pack)', 'Line_Item_Quantity',
       'Pack_Price', 'Unit_Price', 'First_Line_Designation',
       'Freight_Cost_USD_Clean', 'Weight_Kilograms_Clean'],
      dtype='object')
[2023-05-06 21:27:34,134] root - INFO - Data Modified  Completed and Saved 
[2023-05-06 21:27:34,134] root - INFO - New Column Order ['Pack_Price', 'Unit_Price', 'Weight_Kilograms_Clean', 'Unit_of_Measure_(Per_Pack)', 'Line_Item_Quantity', 'Fulfill_Via', 'Shipment_Mode', 'Country', 'Sub_Classification', 'Dosage_Form', 'First_Line_Designation', 'Freight_Cost_USD_Clean']
[2023-05-06 21:27:34,136] root - INFO - Datatypes : Pack_Price                    float64
Unit_Price                    float64
Weight_Kilograms_Clean        float64
Unit_of_Measure_(Per_Pack)      int64
Line_Item_Quantity              int64
Fulfill_Via                    object
Shipment_Mode                  object
Country                        object
Sub_Classification             object
Dosage_Form                    object
First_Line_Designation         object
Freight_Cost_USD_Clean        float64
dtype: object
[2023-05-06 21:27:34,143] root - INFO - Columns : Index(['Pack_Price', 'Unit_Price', 'Weight_Kilograms_Clean',
       'Unit_of_Measure_(Per_Pack)', 'Line_Item_Quantity', 'Fulfill_Via',
       'Shipment_Mode', 'Country', 'Sub_Classification', 'Dosage_Form',
       'First_Line_Designation', 'Freight_Cost_USD_Clean'],
      dtype='object')
[2023-05-06 21:27:34,143] root - INFO - Converting featured engineered array into dataframe.
[2023-05-06 21:27:34,143] root - INFO - Columns for Feature Engineering : ['Pack_Price', 'Unit_Price', 'Weight_Kilograms_Clean', 'Unit_of_Measure_(Per_Pack)', 'Line_Item_Quantity', 'Fulfill_Via', 'Shipment_Mode', 'Country', 'Sub_Classification', 'Dosage_Form', 'First_Line_Designation', 'Freight_Cost_USD_Clean']
[2023-05-06 21:27:34,143] root - INFO - Feature Engineering - Train Completed
[2023-05-06 21:27:34,143] root - INFO - Saving feature engineered training and testing dataframe.
[2023-05-06 21:27:34,144] root - ERROR - 
        Error occured in script: [C:\Users\Admin\Documents\Shipment_pricing_Project\Shipment_Pricing\pipeline\pipeline.py] at 
        line number: [89] 
        error message: [
        Error occured in script: [C:\Users\Admin\Documents\Shipment_pricing_Project\Shipment_Pricing\pipeline\pipeline.py] at 
        line number: [57] 
        error message: [
        Error occured in script: [C:\Users\Admin\Documents\Shipment_pricing_Project\Shipment_Pricing\components\data_transformation.py] at 
        line number: [492] 
        error message: [[Errno 13] Permission denied: 'feature_eng_train_df.csv']]]
[2023-05-06 21:27:34,148] root - INFO - 
******************** Data Transformation log completed ********************


