[2023-05-14 14:49:23,134] root - INFO - Training pipleine config: TrainingPipelineConfig(artifact_dir='E:\\Ineuron may batch projects\\Projects\\Shipment_Pricing_Project\\shipment\\artifact')
[2023-05-14 14:49:23,134] root - INFO - Data Ingestion config: DataIngestionConfig(dataset_download_url='https://raw.githubusercontent.com/Hitesh-Nimbalkar/Shipment_Pricing_EDA/main/SCMS_Delivery_History_Dataset.csv', raw_data_dir='E:\\Ineuron may batch projects\\Projects\\Shipment_Pricing_Project\\shipment\\artifact\\data_ingestion\\2023-05-14-14-49-22\\raw_data', ingested_train_dir='E:\\Ineuron may batch projects\\Projects\\Shipment_Pricing_Project\\shipment\\artifact\\data_ingestion\\2023-05-14-14-49-22\\ingested_data\\train', ingested_test_dir='E:\\Ineuron may batch projects\\Projects\\Shipment_Pricing_Project\\shipment\\artifact\\data_ingestion\\2023-05-14-14-49-22\\ingested_data\\test')
[2023-05-14 14:49:23,144] root - INFO - >>>>>>>>>>>>>>>>>>>>>>>>>>>>>>>>>>>>>>>>>>>>>>>>>>>>>>>>>>>>Data Ingestion log started.<<<<<<<<<<<<<<<<<<<<<<<<<<<<<<<<<<<<<<<<<<<<<<<<<<<<<<<<<<<< 


[2023-05-14 14:49:23,144] root - INFO - Downloading file from Mongo DB into :[E:\Ineuron may batch projects\Projects\Shipment_Pricing_Project\shipment\artifact\data_ingestion\2023-05-14-14-49-22\raw_data\SCMS_Delivery_History_Dataset.csv]
[2023-05-14 14:49:23,425] root - INFO - File :[E:\Ineuron may batch projects\Projects\Shipment_Pricing_Project\shipment\artifact\data_ingestion\2023-05-14-14-49-22\raw_data\SCMS_Delivery_History_Dataset.csv] has been downloaded successfully.
[2023-05-14 14:49:23,425] root - INFO - Reading csv file: [E:\Ineuron may batch projects\Projects\Shipment_Pricing_Project\shipment\artifact\data_ingestion\2023-05-14-14-49-22\raw_data\SCMS_Delivery_History_Dataset.csv]
[2023-05-14 14:49:23,473] root - INFO - Splitting data into train and test
[2023-05-14 14:49:23,485] root - INFO - Exporting training dataset to file: [E:\Ineuron may batch projects\Projects\Shipment_Pricing_Project\shipment\artifact\data_ingestion\2023-05-14-14-49-22\ingested_data\train\SCMS_Delivery_History_Dataset.csv]
[2023-05-14 14:49:23,578] root - INFO - Exporting test dataset to file: [E:\Ineuron may batch projects\Projects\Shipment_Pricing_Project\shipment\artifact\data_ingestion\2023-05-14-14-49-22\ingested_data\test\SCMS_Delivery_History_Dataset.csv]
[2023-05-14 14:49:23,605] root - INFO - Data Ingestion artifact:[DataIngestionArtifact(train_file_path='E:\\Ineuron may batch projects\\Projects\\Shipment_Pricing_Project\\shipment\\artifact\\data_ingestion\\2023-05-14-14-49-22\\ingested_data\\train\\SCMS_Delivery_History_Dataset.csv', test_file_path='E:\\Ineuron may batch projects\\Projects\\Shipment_Pricing_Project\\shipment\\artifact\\data_ingestion\\2023-05-14-14-49-22\\ingested_data\\test\\SCMS_Delivery_History_Dataset.csv', is_ingested=True, message='Data ingestion completed successfully.')]
[2023-05-14 14:49:23,606] root - INFO - >>>>>>>>>>>>>>>>>>>>>>>>>>>>>>>>>>>>>>>>>>>>>>>>>>>>>>>>>>>>Data Validation log started.<<<<<<<<<<<<<<<<<<<<<<<<<<<<<<<<<<<<<<<<<<<<<<<<<<<<<<<<<<<< 


[2023-05-14 14:49:23,611] root - INFO - Validation Process Started
[2023-05-14 14:49:23,796] root - INFO - Train_set status|is Train filename validated?: True|is train column name validated?: True|whole missing columns?True
[2023-05-14 14:49:23,796] root - INFO - Test_set status|is Test filename validated?: True|is test column names validated? True| whole missing columns? True
[2023-05-14 14:49:23,796] root - INFO - Validation Process Completed
[2023-05-14 14:49:23,796] root - INFO - Data validation artifact: DataValidationArtifact(schema_file_path='E:\\Ineuron may batch projects\\Projects\\Shipment_Pricing_Project\\config\\schema.yaml', is_validated=True, message='Data validation performed')
[2023-05-14 14:49:23,796] root - INFO - >>>>>>>>>>>>>>>>>>>>>>>>>>>>>>>>>>>>>>>>>>>>>>>>>>>>>>>>>>>>Data Validation log completed.<<<<<<<<<<<<<<<<<<<<<<<<<<<<<<<<<<<<<<<<<<<<<<<<<<<<<<<<<<<<
[2023-05-14 14:49:23,797] root - INFO - Data Transformation Config: DataTransformationConfig(transformed_train_dir='E:\\Ineuron may batch projects\\Projects\\Shipment_Pricing_Project\\shipment\\artifact\\data_transformation\\2023-05-14-14-49-22\\transformed_data\\train', transformed_test_dir='E:\\Ineuron may batch projects\\Projects\\Shipment_Pricing_Project\\shipment\\artifact\\data_transformation\\2023-05-14-14-49-22\\transformed_data\\test', preprocessed_object_file_path='E:\\Ineuron may batch projects\\Projects\\Shipment_Pricing_Project\\shipment\\artifact\\data_transformation\\2023-05-14-14-49-22\\preprocessed\\preprocessed.pkl', feature_engineering_object_file_path='E:\\Ineuron may batch projects\\Projects\\Shipment_Pricing_Project\\shipment\\artifact\\data_transformation\\2023-05-14-14-49-22\\preprocessed\\feat_eng.pkl')
[2023-05-14 14:49:23,797] root - INFO - 
******************** Data Transformation log started ********************


[2023-05-14 14:49:23,797] root - INFO - Obtaining training and test file path.
[2023-05-14 14:49:23,797] root - INFO - Loading training and test data as pandas dataframe.
[2023-05-14 14:49:23,849] root - INFO - Extracting train column name ['ID', 'Project_Code', 'PQ', 'PO/SO', 'ASN/DN', 'Country', 'Managed_By', 'Fulfill_Via', 'Vendor_INCO_Term', 'Shipment_Mode', 'PQ_First_Sent_to_Client_Date', 'PO_Sent_to_Vendor_Date', 'Scheduled_Delivery_Date', 'Delivered_to_Client_Date', 'Delivery_Recorded_Date', 'Product_Group', 'Sub_Classification', 'Vendor', 'Item_Description', 'Molecule/Test_Type', 'Brand', 'Dosage', 'Dosage_Form', 'Unit_of_Measure_(Per_Pack)', 'Line_Item_Quantity', 'Line_Item_Value', 'Pack_Price', 'Unit_Price', 'Manufacturing_Site', 'First_Line_Designation', 'Weight_(Kilograms)', 'Freight_Cost_(USD)', 'Line_Item_Insurance_(USD)']
[2023-05-14 14:49:23,849] root - INFO - Numerical columns ['Pack_Price', 'Unit_Price', 'Weight_Kilograms_Clean', 'Line_Item_Quantity']
[2023-05-14 14:49:23,849] root - INFO - Categorical columns ['Fulfill_Via', 'Shipment_Mode', 'Country', 'Brand', 'Sub_Classification', 'First_Line_Designation']
[2023-05-14 14:49:23,849] root - INFO - Target Column :['Freight_Cost_USD_Clean']
[2023-05-14 14:49:23,849] root - INFO - All columns : ['Pack_Price', 'Unit_Price', 'Weight_Kilograms_Clean', 'Line_Item_Quantity', 'Fulfill_Via', 'Shipment_Mode', 'Country', 'Brand', 'Sub_Classification', 'First_Line_Designation', 'Freight_Cost_USD_Clean']
[2023-05-14 14:49:23,850] root - INFO - Obtaining feature engineering object.
[2023-05-14 14:49:23,850] root - INFO - 
******************** Feature Engneering Started ********************


[2023-05-14 14:49:23,850] root - INFO - Applying feature engineering object on training dataframe and testing dataframe
[2023-05-14 14:49:23,850] root - INFO - Feature Enineering - Train Data 
[2023-05-14 14:49:27,424] root - INFO - Weight and Freight Cost Data Clean Completed
[2023-05-14 14:49:27,425] root - INFO - Drop Columns Complete
[2023-05-14 14:49:27,443] root - INFO -  >>>>>>>>>>>>  Columns Modififcation Complete  <<<<<<<<<<
[2023-05-14 14:49:27,444] root - INFO - Outlier Detection
[2023-05-14 14:49:27,469] root - INFO - Outlier Detection Complete
[2023-05-14 14:49:27,469] root - INFO - Columns before encoding: Index(['Country', 'Fulfill_Via', 'Shipment_Mode', 'Sub_Classification',
       'Brand', 'Line_Item_Quantity', 'Pack_Price', 'Unit_Price',
       'First_Line_Designation', 'Freight_Cost_USD_Clean',
       'Weight_Kilograms_Clean'],
      dtype='object')
[2023-05-14 14:49:27,470] root - INFO - Unique values of Country: ["Côte d'Ivoire" 'Congo, DRC' 'Zambia' 'Mozambique' 'Haiti' 'Ghana'
 'Tanzania' 'Rwanda' 'Ethiopia' 'Zimbabwe' 'Vietnam' 'Nigeria' 'Kenya'
 'South Africa' 'Uganda' 'South Sudan' 'Sudan' 'Others' 'Guyana'
 'Cameroon' 'Dominican Republic' 'Burundi' 'Namibia' 'Botswana']
[2023-05-14 14:49:27,470] root - INFO - 

[2023-05-14 14:49:27,470] root - INFO - Number of unique values of Country: 24
[2023-05-14 14:49:27,470] root - INFO - Unique values of Fulfill_Via: ['From RDC' 'Direct Drop']
[2023-05-14 14:49:27,470] root - INFO - 

[2023-05-14 14:49:27,470] root - INFO - Number of unique values of Fulfill_Via: 2
[2023-05-14 14:49:27,471] root - INFO - Unique values of Shipment_Mode: ['Truck' 'Air' 'Ocean' 'Air Charter']
[2023-05-14 14:49:27,471] root - INFO - 

[2023-05-14 14:49:27,471] root - INFO - Number of unique values of Shipment_Mode: 4
[2023-05-14 14:49:27,471] root - INFO - Unique values of Sub_Classification: ['Pediatric' 'Adult' 'HIV test' 'HIV test - Ancillary' 'ACT' 'Malaria']
[2023-05-14 14:49:27,471] root - INFO - 

[2023-05-14 14:49:27,471] root - INFO - Number of unique values of Sub_Classification: 6
[2023-05-14 14:49:27,471] root - INFO - Unique values of Brand: ['Generic' 'Truvada' 'Uni-Gold' 'Others' 'Determine' 'Colloidal Gold'
 'Aluvia' 'Norvir' 'Kaletra' 'Stat-Pak' 'Bioline']
[2023-05-14 14:49:27,471] root - INFO - 

[2023-05-14 14:49:27,471] root - INFO - Number of unique values of Brand: 11
[2023-05-14 14:49:27,472] root - INFO - Unique values of First_Line_Designation: ['Yes' 'No']
[2023-05-14 14:49:27,472] root - INFO - 

[2023-05-14 14:49:27,472] root - INFO - Number of unique values of First_Line_Designation: 2
[2023-05-14 14:49:27,472] root - INFO - Mapping for Country: {"Côte d'Ivoire": 0, 'Congo, DRC': 1, 'Zambia': 2, 'Mozambique': 3, 'Haiti': 4, 'Ghana': 5, 'Tanzania': 6, 'Rwanda': 7, 'Ethiopia': 8, 'Zimbabwe': 9, 'Vietnam': 10, 'Nigeria': 11, 'Kenya': 12, 'South Africa': 13, 'Uganda': 14, 'South Sudan': 15, 'Sudan': 16, 'Others': 17, 'Guyana': 18, 'Cameroon': 19, 'Dominican Republic': 20, 'Burundi': 21, 'Namibia': 22, 'Botswana': 23}
[2023-05-14 14:49:27,472] root - INFO - Mapping for Fulfill_Via: {'From RDC': 0, 'Direct Drop': 1}
[2023-05-14 14:49:27,472] root - INFO - Mapping for Shipment_Mode: {'Truck': 0, 'Air': 1, 'Ocean': 2, 'Air Charter': 3}
[2023-05-14 14:49:27,473] root - INFO - Mapping for Sub_Classification: {'Pediatric': 0, 'Adult': 1, 'HIV test': 2, 'HIV test - Ancillary': 3, 'ACT': 4, 'Malaria': 5}
[2023-05-14 14:49:27,473] root - INFO - Mapping for Brand: {'Generic': 0, 'Truvada': 1, 'Uni-Gold': 2, 'Others': 3, 'Determine': 4, 'Colloidal Gold': 5, 'Aluvia': 6, 'Norvir': 7, 'Kaletra': 8, 'Stat-Pak': 9, 'Bioline': 10}
[2023-05-14 14:49:27,473] root - INFO - Mapping for First_Line_Designation: {'Yes': 0, 'No': 1}
[2023-05-14 14:49:27,477] root - INFO - Data Modified  Completed and Saved 
[2023-05-14 14:49:27,477] root - ERROR - 
        Error occured in script: [E:\Ineuron may batch projects\Projects\Shipment_Pricing_Project\Shipment_Pricing\pipeline\pipeline.py] at 
        line number: [89] 
        error message: [
        Error occured in script: [E:\Ineuron may batch projects\Projects\Shipment_Pricing_Project\Shipment_Pricing\pipeline\pipeline.py] at 
        line number: [57] 
        error message: [
        Error occured in script: [E:\Ineuron may batch projects\Projects\Shipment_Pricing_Project\Shipment_Pricing\components\data_transformation.py] at 
        line number: [481] 
        error message: [
        Error occured in script: [E:\Ineuron may batch projects\Projects\Shipment_Pricing_Project\Shipment_Pricing\components\data_transformation.py] at 
        line number: [344] 
        error message: [unsupported operand type(s) for +: 'NoneType' and 'NoneType']]]]
[2023-05-14 14:49:27,481] root - INFO - 
******************** Data Transformation log completed ********************


