[2023-05-05 16:19:54,065] root - INFO - Training pipleine config: TrainingPipelineConfig(artifact_dir='C:\\Users\\Admin\\Documents\\Shipment_pricing_Project\\shipment\\artifact')
[2023-05-05 16:19:54,065] root - INFO - Data Ingestion config: DataIngestionConfig(dataset_download_url='https://raw.githubusercontent.com/Hitesh-Nimbalkar/Shipment_Pricing_EDA/main/SCMS_Delivery_History_Dataset.csv', raw_data_dir='C:\\Users\\Admin\\Documents\\Shipment_pricing_Project\\shipment\\artifact\\data_ingestion\\2023-05-05-16-19-52\\raw_data', ingested_train_dir='C:\\Users\\Admin\\Documents\\Shipment_pricing_Project\\shipment\\artifact\\data_ingestion\\2023-05-05-16-19-52\\ingested_data\\train', ingested_test_dir='C:\\Users\\Admin\\Documents\\Shipment_pricing_Project\\shipment\\artifact\\data_ingestion\\2023-05-05-16-19-52\\ingested_data\\test')
[2023-05-05 16:19:54,066] root - INFO - >>>>>>>>>>>>>>>>>>>>>>>>>>>>>>>>>>>>>>>>>>>>>>>>>>>>>>>>>>>>Data Ingestion log started.<<<<<<<<<<<<<<<<<<<<<<<<<<<<<<<<<<<<<<<<<<<<<<<<<<<<<<<<<<<< 


[2023-05-05 16:19:54,066] root - INFO - Downloading file from :[https://raw.githubusercontent.com/Hitesh-Nimbalkar/Shipment_Pricing_EDA/main/SCMS_Delivery_History_Dataset.csv] into :[C:\Users\Admin\Documents\Shipment_pricing_Project\shipment\artifact\data_ingestion\2023-05-05-16-19-52\raw_data\SCMS_Delivery_History_Dataset.csv]
[2023-05-05 16:19:56,509] root - INFO - File :[C:\Users\Admin\Documents\Shipment_pricing_Project\shipment\artifact\data_ingestion\2023-05-05-16-19-52\raw_data\SCMS_Delivery_History_Dataset.csv] has been downloaded successfully.
[2023-05-05 16:19:56,509] root - INFO - Reading csv file: [C:\Users\Admin\Documents\Shipment_pricing_Project\shipment\artifact\data_ingestion\2023-05-05-16-19-52\raw_data\SCMS_Delivery_History_Dataset.csv]
[2023-05-05 16:19:56,569] root - INFO - Splitting data into train and test
[2023-05-05 16:19:56,571] root - INFO - Exporting training dataset to file: [C:\Users\Admin\Documents\Shipment_pricing_Project\shipment\artifact\data_ingestion\2023-05-05-16-19-52\ingested_data\train\SCMS_Delivery_History_Dataset.csv]
[2023-05-05 16:19:56,642] root - INFO - Exporting test dataset to file: [C:\Users\Admin\Documents\Shipment_pricing_Project\shipment\artifact\data_ingestion\2023-05-05-16-19-52\ingested_data\test\SCMS_Delivery_History_Dataset.csv]
[2023-05-05 16:19:56,654] root - INFO - Data Ingestion artifact:[DataIngestionArtifact(train_file_path='C:\\Users\\Admin\\Documents\\Shipment_pricing_Project\\shipment\\artifact\\data_ingestion\\2023-05-05-16-19-52\\ingested_data\\train\\SCMS_Delivery_History_Dataset.csv', test_file_path='C:\\Users\\Admin\\Documents\\Shipment_pricing_Project\\shipment\\artifact\\data_ingestion\\2023-05-05-16-19-52\\ingested_data\\test\\SCMS_Delivery_History_Dataset.csv', is_ingested=True, message='Data ingestion completed successfully.')]
[2023-05-05 16:19:56,662] root - INFO - >>>>>>>>>>>>>>>>>>>>>>>>>>>>>>>>>>>>>>>>>>>>>>>>>>>>>>>>>>>>Data Validation log started.<<<<<<<<<<<<<<<<<<<<<<<<<<<<<<<<<<<<<<<<<<<<<<<<<<<<<<<<<<<< 


[2023-05-05 16:19:56,667] root - INFO - Validation Process Started
[2023-05-05 16:19:56,846] root - INFO - Train_set status|is Train filename validated?: True|is train column name validated?: True|whole missing columns?True
[2023-05-05 16:19:56,846] root - INFO - Test_set status|is Test filename validated?: True|is test column names validated? True| whole missing columns? True
[2023-05-05 16:19:56,846] root - INFO - Validation Process Completed
[2023-05-05 16:19:56,846] root - INFO - Data validation artifact: DataValidationArtifact(schema_file_path='C:\\Users\\Admin\\Documents\\Shipment_pricing_Project\\config\\schema.yaml', is_validated=True, message='Data validation performed')
[2023-05-05 16:19:56,846] root - INFO - >>>>>>>>>>>>>>>>>>>>>>>>>>>>>>>>>>>>>>>>>>>>>>>>>>>>>>>>>>>>Data Validation log completed.<<<<<<<<<<<<<<<<<<<<<<<<<<<<<<<<<<<<<<<<<<<<<<<<<<<<<<<<<<<<
[2023-05-05 16:19:56,847] root - INFO - Data Transformation Config: DataTransformationConfig(transformed_train_dir='C:\\Users\\Admin\\Documents\\Shipment_pricing_Project\\shipment\\artifact\\data_transformation\\2023-05-05-16-19-52\\transformed_data\\train', transformed_test_dir='C:\\Users\\Admin\\Documents\\Shipment_pricing_Project\\shipment\\artifact\\data_transformation\\2023-05-05-16-19-52\\transformed_data\\test', preprocessed_object_file_path='C:\\Users\\Admin\\Documents\\Shipment_pricing_Project\\shipment\\artifact\\data_transformation\\2023-05-05-16-19-52\\preprocessed\\preprocessed.pkl', feature_engineering_object_file_path='C:\\Users\\Admin\\Documents\\Shipment_pricing_Project\\shipment\\artifact\\data_transformation\\2023-05-05-16-19-52\\preprocessed\\feat_eng.pkl')
[2023-05-05 16:19:56,847] root - INFO - 
******************** Data Transformation log started ********************


[2023-05-05 16:19:56,847] root - INFO - Obtaining training and test file path.
[2023-05-05 16:19:56,847] root - INFO - Loading training and test data as pandas dataframe.
[2023-05-05 16:19:56,889] root - INFO - Obtaining feature engineering object.
[2023-05-05 16:19:56,889] root - INFO - 
******************** Feature Engneering Started ********************


[2023-05-05 16:19:56,889] root - INFO - Applying feature engineering object on training dataframe and testing dataframe
[2023-05-05 16:19:56,889] root - INFO - Feature Enineering - Train Data 
[2023-05-05 16:20:00,499] root - INFO - Weight and Freight Cost Data Clean Completed
[2023-05-05 16:20:00,500] root - INFO - Columns Dropped
[2023-05-05 16:20:00,501] root - INFO - Categorical columns: ['Country', 'Fulfill_Via', 'Shipment_Mode', 'Product_Group', 'Sub_Classification', 'First_Line_Designation']
[2023-05-05 16:20:00,501] root - INFO - Numeric columns: ['Unit_of_Measure_(Per_Pack)', 'Line_Item_Quantity', 'Pack_Price', 'Unit_Price', 'Freight_Cost_USD_Clean', 'Weight_Kilograms_Clean']
[2023-05-05 16:20:00,502] root - INFO -  >>>>>>>>>>>>   Missing Fills :  Shipment_Mode,Manufacturing_Site,Country,Brand <<<<<<<<<<
[2023-05-05 16:20:00,503] root - INFO -  >>>>>>>>>>>>  Columns Modififcation Complete  <<<<<<<<<<
[2023-05-05 16:20:00,507] root - INFO - Outlier Detection Completed
[2023-05-05 16:20:00,532] root - INFO - Columns Before encoding Index(['Country', 'Fulfill_Via', 'Shipment_Mode', 'Product_Group',
       'Sub_Classification', 'Unit_of_Measure_(Per_Pack)',
       'Line_Item_Quantity', 'Pack_Price', 'Unit_Price',
       'First_Line_Designation', 'Freight_Cost_USD_Clean',
       'Weight_Kilograms_Clean'],
      dtype='object')
[2023-05-05 16:20:00,565] root - INFO - Catetgorical Columns: []
[2023-05-05 16:20:00,565] root - INFO - Numerical Columns: ['Country', 'Fulfill_Via', 'Shipment_Mode', 'Product_Group', 'Sub_Classification', 'Unit_of_Measure_(Per_Pack)', 'Line_Item_Quantity', 'Pack_Price', 'Unit_Price', 'First_Line_Designation', 'Freight_Cost_USD_Clean', 'Weight_Kilograms_Clean']
[2023-05-05 16:20:00,565] root - INFO - Data Wrangling Completed
[2023-05-05 16:20:00,586] root - INFO - Feature Enineering - Test Data 
[2023-05-05 16:20:01,451] root - INFO - Weight and Freight Cost Data Clean Completed
[2023-05-05 16:20:01,451] root - INFO - Columns Dropped
[2023-05-05 16:20:01,452] root - INFO - Categorical columns: ['Country', 'Fulfill_Via', 'Shipment_Mode', 'Product_Group', 'Sub_Classification', 'First_Line_Designation']
[2023-05-05 16:20:01,452] root - INFO - Numeric columns: ['Unit_of_Measure_(Per_Pack)', 'Line_Item_Quantity', 'Pack_Price', 'Unit_Price', 'Freight_Cost_USD_Clean', 'Weight_Kilograms_Clean']
[2023-05-05 16:20:01,453] root - INFO -  >>>>>>>>>>>>   Missing Fills :  Shipment_Mode,Manufacturing_Site,Country,Brand <<<<<<<<<<
[2023-05-05 16:20:01,453] root - INFO -  >>>>>>>>>>>>  Columns Modififcation Complete  <<<<<<<<<<
[2023-05-05 16:20:01,456] root - INFO - Outlier Detection Completed
[2023-05-05 16:20:01,463] root - INFO - Columns Before encoding Index(['Country', 'Fulfill_Via', 'Shipment_Mode', 'Product_Group',
       'Sub_Classification', 'Unit_of_Measure_(Per_Pack)',
       'Line_Item_Quantity', 'Pack_Price', 'Unit_Price',
       'First_Line_Designation', 'Freight_Cost_USD_Clean',
       'Weight_Kilograms_Clean'],
      dtype='object')
[2023-05-05 16:20:01,473] root - INFO - Catetgorical Columns: []
[2023-05-05 16:20:01,474] root - INFO - Numerical Columns: ['Country', 'Fulfill_Via', 'Shipment_Mode', 'Product_Group', 'Sub_Classification', 'Unit_of_Measure_(Per_Pack)', 'Line_Item_Quantity', 'Pack_Price', 'Unit_Price', 'First_Line_Designation', 'Freight_Cost_USD_Clean', 'Weight_Kilograms_Clean']
[2023-05-05 16:20:01,474] root - INFO - Data Wrangling Completed
[2023-05-05 16:20:01,479] root - INFO - Obtaining data transformer object.
[2023-05-05 16:20:01,510] root - INFO - Splitting input and target feature from training and testing dataframe.
[2023-05-05 16:20:01,510] root - INFO - Colums before transformer object Index(['Unit_of_Measure_(Per_Pack)', 'Line_Item_Quantity', 'Pack_Price',
       'Unit_Price', 'Weight_Kilograms_Clean', 'Shipment_Mode', 'Country',
       'Fulfill_Via', 'Product_Group', 'Sub_Classification',
       'First_Line_Designation'],
      dtype='object')
[2023-05-05 16:20:01,531] root - INFO - Obtaining preprocessing object.
[2023-05-05 16:20:01,541] root - INFO - Creating Data Transformer Object
[2023-05-05 16:20:01,551] root - INFO - Numerical Columns:       Unit_of_Measure_(Per_Pack)  Line_Item_Quantity  Pack_Price  ...  Product_Group  Sub_Classification  First_Line_Designation
0                            0.0                 0.0         0.0  ...            0.0             2180.32                   243.0
1                            1.0                 0.0         1.0  ...            0.0            18387.80                  1630.0
2                            2.0                 0.0         1.0  ...            0.0             6785.10                  1620.0
3                            3.0                 1.0         1.0  ...            0.0            16397.94                   298.0
4                            4.0                 1.0         2.0  ...            0.0             7992.56                  7140.0
...                          ...                 ...         ...  ...            ...                 ...                     ...
6485                        10.0                 1.0         1.0  ...            0.0             3315.82                   826.0
6486                        19.0                 1.0         1.0  ...            1.0            28620.20                  2993.0
6487                        18.0                 1.0         1.0  ...            0.0             3976.33                  1062.0
6488                        10.0                 1.0         1.0  ...            0.0             1143.04                    91.0
6489                         6.0                 1.0         1.0  ...            0.0             5187.90                   268.0

[6490 rows x 11 columns]
[2023-05-05 16:20:01,551] root - INFO - Applying preprocessing object on training dataframe and testing dataframe
[2023-05-05 16:20:01,551] root - ERROR - 
        Error occured in script: [C:\Users\Admin\Documents\Shipment_pricing_Project\Shipment_Pricing\pipeline\pipeline.py] at 
        line number: [89] 
        error message: [
        Error occured in script: [C:\Users\Admin\Documents\Shipment_pricing_Project\Shipment_Pricing\pipeline\pipeline.py] at 
        line number: [57] 
        error message: [
        Error occured in script: [C:\Users\Admin\Documents\Shipment_pricing_Project\Shipment_Pricing\components\data_transformation.py] at 
        line number: [502] 
        error message: [No valid specification of the columns. Only a scalar, list or slice of all integers or all strings, or boolean mask is allowed]]]
[2023-05-05 16:20:01,555] root - INFO - 
******************** Data Transformation log completed ********************


