[2023-05-05 19:10:13,394] root - INFO - Training pipleine config: TrainingPipelineConfig(artifact_dir='C:\\Users\\Admin\\Documents\\Shipment_pricing_Project\\shipment\\artifact')
[2023-05-05 19:10:13,394] root - INFO - Data Ingestion config: DataIngestionConfig(dataset_download_url='https://raw.githubusercontent.com/Hitesh-Nimbalkar/Shipment_Pricing_EDA/main/SCMS_Delivery_History_Dataset.csv', raw_data_dir='C:\\Users\\Admin\\Documents\\Shipment_pricing_Project\\shipment\\artifact\\data_ingestion\\2023-05-05-19-10-12\\raw_data', ingested_train_dir='C:\\Users\\Admin\\Documents\\Shipment_pricing_Project\\shipment\\artifact\\data_ingestion\\2023-05-05-19-10-12\\ingested_data\\train', ingested_test_dir='C:\\Users\\Admin\\Documents\\Shipment_pricing_Project\\shipment\\artifact\\data_ingestion\\2023-05-05-19-10-12\\ingested_data\\test')
[2023-05-05 19:10:13,395] root - INFO - >>>>>>>>>>>>>>>>>>>>>>>>>>>>>>>>>>>>>>>>>>>>>>>>>>>>>>>>>>>>Data Ingestion log started.<<<<<<<<<<<<<<<<<<<<<<<<<<<<<<<<<<<<<<<<<<<<<<<<<<<<<<<<<<<< 


[2023-05-05 19:10:13,395] root - INFO - Downloading file from :[https://raw.githubusercontent.com/Hitesh-Nimbalkar/Shipment_Pricing_EDA/main/SCMS_Delivery_History_Dataset.csv] into :[C:\Users\Admin\Documents\Shipment_pricing_Project\shipment\artifact\data_ingestion\2023-05-05-19-10-12\raw_data\SCMS_Delivery_History_Dataset.csv]
[2023-05-05 19:10:15,649] root - INFO - File :[C:\Users\Admin\Documents\Shipment_pricing_Project\shipment\artifact\data_ingestion\2023-05-05-19-10-12\raw_data\SCMS_Delivery_History_Dataset.csv] has been downloaded successfully.
[2023-05-05 19:10:15,649] root - INFO - Reading csv file: [C:\Users\Admin\Documents\Shipment_pricing_Project\shipment\artifact\data_ingestion\2023-05-05-19-10-12\raw_data\SCMS_Delivery_History_Dataset.csv]
[2023-05-05 19:10:15,696] root - INFO - Splitting data into train and test
[2023-05-05 19:10:15,712] root - INFO - Exporting training dataset to file: [C:\Users\Admin\Documents\Shipment_pricing_Project\shipment\artifact\data_ingestion\2023-05-05-19-10-12\ingested_data\train\SCMS_Delivery_History_Dataset.csv]
[2023-05-05 19:10:15,774] root - INFO - Exporting test dataset to file: [C:\Users\Admin\Documents\Shipment_pricing_Project\shipment\artifact\data_ingestion\2023-05-05-19-10-12\ingested_data\test\SCMS_Delivery_History_Dataset.csv]
[2023-05-05 19:10:15,790] root - INFO - Data Ingestion artifact:[DataIngestionArtifact(train_file_path='C:\\Users\\Admin\\Documents\\Shipment_pricing_Project\\shipment\\artifact\\data_ingestion\\2023-05-05-19-10-12\\ingested_data\\train\\SCMS_Delivery_History_Dataset.csv', test_file_path='C:\\Users\\Admin\\Documents\\Shipment_pricing_Project\\shipment\\artifact\\data_ingestion\\2023-05-05-19-10-12\\ingested_data\\test\\SCMS_Delivery_History_Dataset.csv', is_ingested=True, message='Data ingestion completed successfully.')]
[2023-05-05 19:10:15,805] root - INFO - >>>>>>>>>>>>>>>>>>>>>>>>>>>>>>>>>>>>>>>>>>>>>>>>>>>>>>>>>>>>Data Validation log started.<<<<<<<<<<<<<<<<<<<<<<<<<<<<<<<<<<<<<<<<<<<<<<<<<<<<<<<<<<<< 


[2023-05-05 19:10:15,805] root - INFO - Validation Process Started
[2023-05-05 19:10:15,993] root - INFO - Train_set status|is Train filename validated?: True|is train column name validated?: True|whole missing columns?True
[2023-05-05 19:10:15,993] root - INFO - Test_set status|is Test filename validated?: True|is test column names validated? True| whole missing columns? True
[2023-05-05 19:10:15,993] root - INFO - Validation Process Completed
[2023-05-05 19:10:15,993] root - INFO - Data validation artifact: DataValidationArtifact(schema_file_path='C:\\Users\\Admin\\Documents\\Shipment_pricing_Project\\config\\schema.yaml', is_validated=True, message='Data validation performed')
[2023-05-05 19:10:15,993] root - INFO - >>>>>>>>>>>>>>>>>>>>>>>>>>>>>>>>>>>>>>>>>>>>>>>>>>>>>>>>>>>>Data Validation log completed.<<<<<<<<<<<<<<<<<<<<<<<<<<<<<<<<<<<<<<<<<<<<<<<<<<<<<<<<<<<<
[2023-05-05 19:10:15,993] root - INFO - Data Transformation Config: DataTransformationConfig(transformed_train_dir='C:\\Users\\Admin\\Documents\\Shipment_pricing_Project\\shipment\\artifact\\data_transformation\\2023-05-05-19-10-12\\transformed_data\\train', transformed_test_dir='C:\\Users\\Admin\\Documents\\Shipment_pricing_Project\\shipment\\artifact\\data_transformation\\2023-05-05-19-10-12\\transformed_data\\test', preprocessed_object_file_path='C:\\Users\\Admin\\Documents\\Shipment_pricing_Project\\shipment\\artifact\\data_transformation\\2023-05-05-19-10-12\\preprocessed\\preprocessed.pkl', feature_engineering_object_file_path='C:\\Users\\Admin\\Documents\\Shipment_pricing_Project\\shipment\\artifact\\data_transformation\\2023-05-05-19-10-12\\preprocessed\\feat_eng.pkl')
[2023-05-05 19:10:15,994] root - INFO - 
******************** Data Transformation log started ********************


[2023-05-05 19:10:15,994] root - INFO - Obtaining training and test file path.
[2023-05-05 19:10:15,994] root - INFO - Loading training and test data as pandas dataframe.
[2023-05-05 19:10:16,033] root - INFO - Obtaining feature engineering object.
[2023-05-05 19:10:16,033] root - INFO - 
******************** Feature Engneering Started ********************


[2023-05-05 19:10:16,033] root - INFO - Applying feature engineering object on training dataframe and testing dataframe
[2023-05-05 19:10:16,033] root - INFO - Feature Enineering - Train Data 
[2023-05-05 19:10:19,703] root - INFO - Weight and Freight Cost Data Clean Completed
[2023-05-05 19:10:19,705] root - INFO - Columns Dropped
[2023-05-05 19:10:19,705] root - INFO - Columns After dropping Index(['Country', 'Fulfill_Via', 'Shipment_Mode', 'Product_Group',
       'Sub_Classification', 'Vendor', 'Brand', 'Dosage_Form',
       'Unit_of_Measure_(Per_Pack)', 'Line_Item_Quantity', 'Pack_Price',
       'Unit_Price', 'First_Line_Designation', 'Freight_Cost_USD_Clean',
       'Weight_Kilograms_Clean'],
      dtype='object')
[2023-05-05 19:10:19,709] root - INFO - Categorical columns: ['Country', 'Fulfill_Via', 'Shipment_Mode', 'Product_Group', 'Sub_Classification', 'Vendor', 'Brand', 'Dosage_Form', 'First_Line_Designation']
[2023-05-05 19:10:19,709] root - INFO - Numeric columns: ['Unit_of_Measure_(Per_Pack)', 'Line_Item_Quantity', 'Pack_Price', 'Unit_Price', 'Freight_Cost_USD_Clean', 'Weight_Kilograms_Clean']
[2023-05-05 19:10:19,711] root - INFO -  >>>>>>>>>>>>   Missing Fills :  Shipment_Mode,Manufacturing_Site,Country,Brand <<<<<<<<<<
[2023-05-05 19:10:19,722] root - INFO -  >>>>>>>>>>>>  Columns Modififcation Complete  <<<<<<<<<<
[2023-05-05 19:10:19,722] root - INFO - Missing values in Unit_of_Measure_(Per_Pack) column have been imputed with median
[2023-05-05 19:10:19,723] root - INFO - Missing values in Line_Item_Quantity column have been imputed with median
[2023-05-05 19:10:19,723] root - INFO - Missing values in Pack_Price column have been imputed with median
[2023-05-05 19:10:19,723] root - INFO - Missing values in Unit_Price column have been imputed with median
[2023-05-05 19:10:19,723] root - INFO - Missing values in Weight_Kilograms_Clean column have been imputed with median
[2023-05-05 19:10:19,723] root - INFO - Missing value imputation with median completed
[2023-05-05 19:10:19,753] root - INFO - Columns Before encoding Index(['Country', 'Fulfill_Via', 'Shipment_Mode', 'Product_Group',
       'Sub_Classification', 'Vendor', 'Brand', 'Dosage_Form',
       'Unit_of_Measure_(Per_Pack)', 'Line_Item_Quantity', 'Pack_Price',
       'Unit_Price', 'First_Line_Designation', 'Freight_Cost_USD_Clean',
       'Weight_Kilograms_Clean'],
      dtype='object')
[2023-05-05 19:10:20,072] root - INFO - Data Wrangling Completed
[2023-05-05 19:10:20,072] root - INFO - Columns after data wrangling:
['Country', 'Fulfill_Via', 'Shipment_Mode', 'Product_Group', 'Sub_Classification', 'Vendor', 'Brand', 'Dosage_Form', 'Unit_of_Measure_(Per_Pack)', 'Line_Item_Quantity', 'Pack_Price', 'Unit_Price', 'First_Line_Designation', 'Freight_Cost_USD_Clean', 'Weight_Kilograms_Clean']
[2023-05-05 19:10:20,104] root - INFO - Feature Enineering - Test Data 
[2023-05-05 19:10:20,957] root - INFO - Weight and Freight Cost Data Clean Completed
[2023-05-05 19:10:20,958] root - INFO - Columns Dropped
[2023-05-05 19:10:20,958] root - INFO - Columns After dropping Index(['Country', 'Fulfill_Via', 'Shipment_Mode', 'Product_Group',
       'Sub_Classification', 'Vendor', 'Brand', 'Dosage_Form',
       'Unit_of_Measure_(Per_Pack)', 'Line_Item_Quantity', 'Pack_Price',
       'Unit_Price', 'First_Line_Designation', 'Freight_Cost_USD_Clean',
       'Weight_Kilograms_Clean'],
      dtype='object')
[2023-05-05 19:10:20,961] root - INFO - Categorical columns: ['Country', 'Fulfill_Via', 'Shipment_Mode', 'Product_Group', 'Sub_Classification', 'Vendor', 'Brand', 'Dosage_Form', 'First_Line_Designation']
[2023-05-05 19:10:20,961] root - INFO - Numeric columns: ['Unit_of_Measure_(Per_Pack)', 'Line_Item_Quantity', 'Pack_Price', 'Unit_Price', 'Freight_Cost_USD_Clean', 'Weight_Kilograms_Clean']
[2023-05-05 19:10:20,962] root - INFO -  >>>>>>>>>>>>   Missing Fills :  Shipment_Mode,Manufacturing_Site,Country,Brand <<<<<<<<<<
[2023-05-05 19:10:20,965] root - INFO -  >>>>>>>>>>>>  Columns Modififcation Complete  <<<<<<<<<<
[2023-05-05 19:10:20,966] root - INFO - Missing values in Unit_of_Measure_(Per_Pack) column have been imputed with median
[2023-05-05 19:10:20,966] root - INFO - Missing values in Line_Item_Quantity column have been imputed with median
[2023-05-05 19:10:20,966] root - INFO - Missing values in Pack_Price column have been imputed with median
[2023-05-05 19:10:20,966] root - INFO - Missing values in Unit_Price column have been imputed with median
[2023-05-05 19:10:20,966] root - INFO - Missing values in Weight_Kilograms_Clean column have been imputed with median
[2023-05-05 19:10:20,966] root - INFO - Missing value imputation with median completed
[2023-05-05 19:10:20,974] root - INFO - Columns Before encoding Index(['Country', 'Fulfill_Via', 'Shipment_Mode', 'Product_Group',
       'Sub_Classification', 'Vendor', 'Brand', 'Dosage_Form',
       'Unit_of_Measure_(Per_Pack)', 'Line_Item_Quantity', 'Pack_Price',
       'Unit_Price', 'First_Line_Designation', 'Freight_Cost_USD_Clean',
       'Weight_Kilograms_Clean'],
      dtype='object')
[2023-05-05 19:10:21,025] root - INFO - Data Wrangling Completed
[2023-05-05 19:10:21,025] root - INFO - Columns after data wrangling:
['Country', 'Fulfill_Via', 'Shipment_Mode', 'Product_Group', 'Sub_Classification', 'Vendor', 'Brand', 'Dosage_Form', 'Unit_of_Measure_(Per_Pack)', 'Line_Item_Quantity', 'Pack_Price', 'Unit_Price', 'First_Line_Designation', 'Freight_Cost_USD_Clean', 'Weight_Kilograms_Clean']
[2023-05-05 19:10:21,041] root - INFO - Converting featured engineered array into dataframe.
[2023-05-05 19:10:21,072] root - INFO - Splitting input and target feature from training and testing dataframe.
[2023-05-05 19:10:21,072] root - INFO - Colums before transformer object MultiIndex([(                   'Country',),
            (               'Fulfill_Via',),
            (             'Shipment_Mode',),
            (             'Product_Group',),
            (        'Sub_Classification',),
            (                    'Vendor',),
            (                     'Brand',),
            (               'Dosage_Form',),
            ('Unit_of_Measure_(Per_Pack)',),
            (        'Line_Item_Quantity',),
            (                'Pack_Price',),
            (                'Unit_Price',),
            (    'First_Line_Designation',),
            (    'Weight_Kilograms_Clean',)],
           )
[2023-05-05 19:10:21,122] root - INFO - Obtaining preprocessing object.
[2023-05-05 19:10:21,122] root - INFO - Creating Data Transformer Object
[2023-05-05 19:10:21,122] root - INFO - Applying preprocessing object on training dataframe and testing dataframe
[2023-05-05 19:10:21,123] root - ERROR - 
        Error occured in script: [C:\Users\Admin\Documents\Shipment_pricing_Project\Shipment_Pricing\pipeline\pipeline.py] at 
        line number: [89] 
        error message: [
        Error occured in script: [C:\Users\Admin\Documents\Shipment_pricing_Project\Shipment_Pricing\pipeline\pipeline.py] at 
        line number: [57] 
        error message: [
        Error occured in script: [C:\Users\Admin\Documents\Shipment_pricing_Project\Shipment_Pricing\components\data_transformation.py] at 
        line number: [488] 
        error message: [Selected columns, ['Unit_of_Measure_(Per_Pack)', 'Line_Item_Quantity', 'Pack_Price', 'Unit_Price', 'Weight_Kilograms_Clean'], are not unique in dataframe]]]
[2023-05-05 19:10:21,125] root - INFO - 
******************** Data Transformation log completed ********************


