[2023-05-01 01:31:23,557] root - INFO - Training pipleine config: TrainingPipelineConfig(artifact_dir='C:\\Users\\Admin\\Documents\\Shipment_pricing_Project\\shipment\\artifact')
[2023-05-01 01:31:23,557] root - INFO - Data Ingestion config: DataIngestionConfig(dataset_download_url='https://raw.githubusercontent.com/Hitesh-Nimbalkar/Shipment_Pricing_EDA/main/SCMS_Delivery_History_Dataset.csv', raw_data_dir='C:\\Users\\Admin\\Documents\\Shipment_pricing_Project\\shipment\\artifact\\data_ingestion\\2023-05-01-01-31-22\\raw_data', ingested_train_dir='C:\\Users\\Admin\\Documents\\Shipment_pricing_Project\\shipment\\artifact\\data_ingestion\\2023-05-01-01-31-22\\ingested_data\\train', ingested_test_dir='C:\\Users\\Admin\\Documents\\Shipment_pricing_Project\\shipment\\artifact\\data_ingestion\\2023-05-01-01-31-22\\ingested_data\\test')
[2023-05-01 01:31:23,557] root - INFO - >>>>>>>>>>>>>>>>>>>>>>>>>>>>>>>>>>>>>>>>>>>>>>>>>>>>>>>>>>>>Data Ingestion log started.<<<<<<<<<<<<<<<<<<<<<<<<<<<<<<<<<<<<<<<<<<<<<<<<<<<<<<<<<<<< 


[2023-05-01 01:31:23,557] root - INFO - Downloading file from :[https://raw.githubusercontent.com/Hitesh-Nimbalkar/Shipment_Pricing_EDA/main/SCMS_Delivery_History_Dataset.csv] into :[C:\Users\Admin\Documents\Shipment_pricing_Project\shipment\artifact\data_ingestion\2023-05-01-01-31-22\raw_data\SCMS_Delivery_History_Dataset.csv]
[2023-05-01 01:31:27,160] root - INFO - File :[C:\Users\Admin\Documents\Shipment_pricing_Project\shipment\artifact\data_ingestion\2023-05-01-01-31-22\raw_data\SCMS_Delivery_History_Dataset.csv] has been downloaded successfully.
[2023-05-01 01:31:27,161] root - INFO - Reading csv file: [C:\Users\Admin\Documents\Shipment_pricing_Project\shipment\artifact\data_ingestion\2023-05-01-01-31-22\raw_data\SCMS_Delivery_History_Dataset.csv]
[2023-05-01 01:31:27,216] root - INFO - Splitting data into train and test
[2023-05-01 01:31:27,220] root - INFO - Exporting training dataset to file: [C:\Users\Admin\Documents\Shipment_pricing_Project\shipment\artifact\data_ingestion\2023-05-01-01-31-22\ingested_data\train\SCMS_Delivery_History_Dataset.csv]
[2023-05-01 01:31:27,297] root - INFO - Exporting test dataset to file: [C:\Users\Admin\Documents\Shipment_pricing_Project\shipment\artifact\data_ingestion\2023-05-01-01-31-22\ingested_data\test\SCMS_Delivery_History_Dataset.csv]
[2023-05-01 01:31:27,318] root - INFO - Data Ingestion artifact:[DataIngestionArtifact(train_file_path='C:\\Users\\Admin\\Documents\\Shipment_pricing_Project\\shipment\\artifact\\data_ingestion\\2023-05-01-01-31-22\\ingested_data\\train\\SCMS_Delivery_History_Dataset.csv', test_file_path='C:\\Users\\Admin\\Documents\\Shipment_pricing_Project\\shipment\\artifact\\data_ingestion\\2023-05-01-01-31-22\\ingested_data\\test\\SCMS_Delivery_History_Dataset.csv', is_ingested=True, message='Data ingestion completed successfully.')]
[2023-05-01 01:31:27,320] root - INFO - >>>>>>>>>>>>>>>>>>>>>>>>>>>>>>>>>>>>>>>>>>>>>>>>>>>>>>>>>>>>Data Validation log started.<<<<<<<<<<<<<<<<<<<<<<<<<<<<<<<<<<<<<<<<<<<<<<<<<<<<<<<<<<<< 


[2023-05-01 01:31:27,326] root - INFO - Validation Process Started
[2023-05-01 01:31:27,509] root - INFO - Train_set status|is Train filename validated?: True|is train column name validated?: True|whole missing columns?True
[2023-05-01 01:31:27,509] root - INFO - Test_set status|is Test filename validated?: True|is test column names validated? True| whole missing columns? True
[2023-05-01 01:31:27,509] root - INFO - Validation Process Completed
[2023-05-01 01:31:27,509] root - INFO - Data validation artifact: DataValidationArtifact(schema_file_path='C:\\Users\\Admin\\Documents\\Shipment_pricing_Project\\config\\schema.yaml', is_validated=True, message='Data validation performed')
[2023-05-01 01:31:27,509] root - INFO - >>>>>>>>>>>>>>>>>>>>>>>>>>>>>>>>>>>>>>>>>>>>>>>>>>>>>>>>>>>>Data Validation log completed.<<<<<<<<<<<<<<<<<<<<<<<<<<<<<<<<<<<<<<<<<<<<<<<<<<<<<<<<<<<<
[2023-05-01 01:31:27,509] root - INFO - Data Transformation Config: DataTransformationConfig(transformed_train_dir='C:\\Users\\Admin\\Documents\\Shipment_pricing_Project\\shipment\\artifact\\data_transformation\\2023-05-01-01-31-22\\transformed_data\\train', transformed_test_dir='C:\\Users\\Admin\\Documents\\Shipment_pricing_Project\\shipment\\artifact\\data_transformation\\2023-05-01-01-31-22\\transformed_data\\test', preprocessed_object_file_path='C:\\Users\\Admin\\Documents\\Shipment_pricing_Project\\shipment\\artifact\\data_transformation\\2023-05-01-01-31-22\\preprocessed\\preprocessed.pkl', feature_engineering_object_file_path='C:\\Users\\Admin\\Documents\\Shipment_pricing_Project\\shipment\\artifact\\data_transformation\\2023-05-01-01-31-22\\preprocessed\\feat_eng.pkl')
[2023-05-01 01:31:27,509] root - INFO - 
******************** Data Transformation log started ********************


[2023-05-01 01:31:27,509] root - INFO - Obtaining training and test file path.
[2023-05-01 01:31:27,510] root - INFO - Loading training and test data as pandas dataframe.
[2023-05-01 01:31:27,561] root - INFO - Obtaining feature engineering object.
[2023-05-01 01:31:27,561] root - INFO - 
******************** Feature Engneering Started ********************


[2023-05-01 01:31:27,561] root - INFO - Applying feature engineering object on training dataframe and testing dataframe
[2023-05-01 01:31:27,561] root - INFO - Feature Enineering - Train Data 
[2023-05-01 01:31:31,239] root - INFO -  >>>>>>>>>>>>   Missing Fills :  Shipment_Mode,Manufacturing_Site,Country,Brand <<<<<<<<<<
[2023-05-01 01:31:31,252] root - INFO -  >>>>>>>>>>>>  Columns Modififcation Complete  <<<<<<<<<<
[2023-05-01 01:31:31,276] root - INFO - Feature Enineering - Test Data 
[2023-05-01 01:31:32,137] root - INFO -  >>>>>>>>>>>>   Missing Fills :  Shipment_Mode,Manufacturing_Site,Country,Brand <<<<<<<<<<
[2023-05-01 01:31:32,141] root - INFO -  >>>>>>>>>>>>  Columns Modififcation Complete  <<<<<<<<<<
[2023-05-01 01:31:32,153] root - INFO - Splitting input and target feature from training and testing dataframe.
[2023-05-01 01:31:32,154] root - INFO - Colums before transformer object Index(['Unit_of_Measure_(Per_Pack)', 'Line_Item_Quantity', 'Line_Item_Value',
       'Pack_Price', 'Unit_Price', 'Weight_Kilograms_Clean',
       'shipment_mode_encoded', 'manufacturing_site_encoded',
       'country_encoded', 'Dosage_Form_encoded',
       'First_Line_Designation_encoded', 'fulfill_via_encoded',
       'Sub_Classification_encoded', 'brand_encoded'],
      dtype='object')
[2023-05-01 01:31:32,154] root - INFO - Obtaining preprocessing object.
[2023-05-01 01:31:32,157] root - INFO - Applying preprocessing object on training dataframe and testing dataframe
[2023-05-01 01:31:32,225] root - INFO - Transformed Train and Transformed test file saved
[2023-05-01 01:31:32,225] root - INFO - Saving Feature Engineering Object
[2023-05-01 01:31:32,226] root - INFO - Saving Preprocessing Object
[2023-05-01 01:31:32,229] root - INFO - Data Transformation Artifact: DataTransformationArtifact(is_transformed=True, message='Data transformation successfull.', transformed_train_file_path='C:\\Users\\Admin\\Documents\\Shipment_pricing_Project\\shipment\\artifact\\data_transformation\\2023-05-01-01-31-22\\transformed_data\\train\\transformed_train.csv', transformed_test_file_path='C:\\Users\\Admin\\Documents\\Shipment_pricing_Project\\shipment\\artifact\\data_transformation\\2023-05-01-01-31-22\\transformed_data\\test\\transformed_test.csv', preprocessed_object_file_path='C:\\Users\\Admin\\Documents\\Shipment_pricing_Project\\shipment\\artifact\\data_transformation\\2023-05-01-01-31-22\\preprocessed\\preprocessed.pkl', feature_engineering_object_file_path='C:\\Users\\Admin\\Documents\\Shipment_pricing_Project\\shipment\\artifact\\data_transformation\\2023-05-01-01-31-22\\preprocessed\\feat_eng.pkl')
[2023-05-01 01:31:32,232] root - INFO - 
******************** Data Transformation log completed ********************


[2023-05-01 01:31:32,233] root - INFO - Model Trainer Config : ModelTrainerConfig(trained_model_file_path='C:\\Users\\Admin\\Documents\\Shipment_pricing_Project\\shipment\\artifact\\model_training\\2023-05-01-01-31-22\\trained_model\\model.pkl')
[2023-05-01 01:31:32,233] root - INFO - 
******************** Model Training started ********************


[2023-05-01 01:31:32,233] root - INFO - Finding transformed Training and Test
[2023-05-01 01:31:32,233] root - INFO - Transformed Data found!!! Now, converting it into dataframe
[2023-05-01 01:31:32,266] root - INFO - Splitting input and target feature from training and testing dataframe.
[2023-05-01 01:31:32,266] root - INFO - Colums before transformer object Index(['Unit_of_Measure_(Per_Pack)', 'Line_Item_Quantity', 'Line_Item_Value',
       'Pack_Price', 'Unit_Price', 'Weight_Kilograms_Clean',
       'shipment_mode_encoded', 'manufacturing_site_encoded',
       'country_encoded', 'Dosage_Form_encoded',
       'First_Line_Designation_encoded', 'fulfill_via_encoded',
       'Sub_Classification_encoded', 'brand_encoded'],
      dtype='object')
[2023-05-01 01:31:32,267] root - INFO - Best Model Finder function called
[2023-05-01 01:31:32,267] root - INFO - ******************** Training XGBoost Model ********************
[2023-05-01 01:31:32,267] root - INFO - Getting Best Parameters for Random Forest by Grid Search CV
[2023-05-01 01:31:32,267] root - INFO - Optuna Search for XG Boost best parameters started
[2023-05-01 01:31:37,193] root - INFO - Optuna Search for XG Boost best parameters started
[2023-05-01 01:31:37,418] root - INFO - Optuna Search for XG Boost best parameters started
[2023-05-01 01:31:37,468] root - INFO - Optuna Search for XG Boost best parameters started
[2023-05-01 01:31:37,835] root - INFO - Optuna Search for XG Boost best parameters started
[2023-05-01 01:31:38,211] root - INFO - Optuna Search for XG Boost best parameters started
[2023-05-01 01:31:38,346] root - INFO - Optuna Search for XG Boost best parameters started
[2023-05-01 01:31:39,894] root - INFO - Optuna Search for XG Boost best parameters started
[2023-05-01 01:31:44,686] root - INFO - Optuna Search for XG Boost best parameters completed
[2023-05-01 01:31:44,687] root - INFO - XGB Best Parameters : {'lambda': 0.11306497426910343, 'alpha': 0.0018226869170724384, 'colsample_bytree': 0.9, 'subsample': 0.2, 'learning_rate': 0.1, 'max_depth': 4, 'min_child_weight': 166, 'booster': 'gblinear', 'reg_lambda': 0.01, 'reg_alpha': 0.05}
[2023-05-01 01:31:44,687] root - INFO - Fitting XG Boost model
[2023-05-01 01:31:44,719] root - INFO - ******************** Trained XGBoost Model Successfully!! ********************
[2023-05-01 01:31:44,719] root - INFO - XGBoost Model Accepted!!!
[2023-05-01 01:31:44,719] root - INFO - Saving best model object file
[2023-05-01 01:31:44,723] root - INFO - Model Trainer Artifact: ModelTrainerArtifact(is_trained=True, message='Model Training Done!!', trained_model_object_file_path='C:\\Users\\Admin\\Documents\\Shipment_pricing_Project\\shipment\\artifact\\model_training\\2023-05-01-01-31-22\\trained_model\\model.pkl')
