[2023-05-06 11:36:24,397] root - INFO - Training pipleine config: TrainingPipelineConfig(artifact_dir='C:\\Users\\Admin\\Documents\\Shipment_pricing_Project\\shipment\\artifact')
[2023-05-06 11:36:24,397] root - INFO - Data Ingestion config: DataIngestionConfig(dataset_download_url='https://raw.githubusercontent.com/Hitesh-Nimbalkar/Shipment_Pricing_EDA/main/SCMS_Delivery_History_Dataset.csv', raw_data_dir='C:\\Users\\Admin\\Documents\\Shipment_pricing_Project\\shipment\\artifact\\data_ingestion\\2023-05-06-11-36-20\\raw_data', ingested_train_dir='C:\\Users\\Admin\\Documents\\Shipment_pricing_Project\\shipment\\artifact\\data_ingestion\\2023-05-06-11-36-20\\ingested_data\\train', ingested_test_dir='C:\\Users\\Admin\\Documents\\Shipment_pricing_Project\\shipment\\artifact\\data_ingestion\\2023-05-06-11-36-20\\ingested_data\\test')
[2023-05-06 11:36:24,399] root - INFO - >>>>>>>>>>>>>>>>>>>>>>>>>>>>>>>>>>>>>>>>>>>>>>>>>>>>>>>>>>>>Data Ingestion log started.<<<<<<<<<<<<<<<<<<<<<<<<<<<<<<<<<<<<<<<<<<<<<<<<<<<<<<<<<<<< 


[2023-05-06 11:36:24,400] root - INFO - Downloading file from :[https://raw.githubusercontent.com/Hitesh-Nimbalkar/Shipment_Pricing_EDA/main/SCMS_Delivery_History_Dataset.csv] into :[C:\Users\Admin\Documents\Shipment_pricing_Project\shipment\artifact\data_ingestion\2023-05-06-11-36-20\raw_data\SCMS_Delivery_History_Dataset.csv]
[2023-05-06 11:36:27,582] root - INFO - File :[C:\Users\Admin\Documents\Shipment_pricing_Project\shipment\artifact\data_ingestion\2023-05-06-11-36-20\raw_data\SCMS_Delivery_History_Dataset.csv] has been downloaded successfully.
[2023-05-06 11:36:27,582] root - INFO - Reading csv file: [C:\Users\Admin\Documents\Shipment_pricing_Project\shipment\artifact\data_ingestion\2023-05-06-11-36-20\raw_data\SCMS_Delivery_History_Dataset.csv]
[2023-05-06 11:36:27,635] root - INFO - Splitting data into train and test
[2023-05-06 11:36:27,639] root - INFO - Exporting training dataset to file: [C:\Users\Admin\Documents\Shipment_pricing_Project\shipment\artifact\data_ingestion\2023-05-06-11-36-20\ingested_data\train\SCMS_Delivery_History_Dataset.csv]
[2023-05-06 11:36:27,711] root - INFO - Exporting test dataset to file: [C:\Users\Admin\Documents\Shipment_pricing_Project\shipment\artifact\data_ingestion\2023-05-06-11-36-20\ingested_data\test\SCMS_Delivery_History_Dataset.csv]
[2023-05-06 11:36:27,730] root - INFO - Data Ingestion artifact:[DataIngestionArtifact(train_file_path='C:\\Users\\Admin\\Documents\\Shipment_pricing_Project\\shipment\\artifact\\data_ingestion\\2023-05-06-11-36-20\\ingested_data\\train\\SCMS_Delivery_History_Dataset.csv', test_file_path='C:\\Users\\Admin\\Documents\\Shipment_pricing_Project\\shipment\\artifact\\data_ingestion\\2023-05-06-11-36-20\\ingested_data\\test\\SCMS_Delivery_History_Dataset.csv', is_ingested=True, message='Data ingestion completed successfully.')]
[2023-05-06 11:36:27,730] root - INFO - >>>>>>>>>>>>>>>>>>>>>>>>>>>>>>>>>>>>>>>>>>>>>>>>>>>>>>>>>>>>Data Validation log started.<<<<<<<<<<<<<<<<<<<<<<<<<<<<<<<<<<<<<<<<<<<<<<<<<<<<<<<<<<<< 


[2023-05-06 11:36:27,742] root - INFO - Validation Process Started
[2023-05-06 11:36:27,926] root - INFO - Train_set status|is Train filename validated?: True|is train column name validated?: True|whole missing columns?True
[2023-05-06 11:36:27,926] root - INFO - Test_set status|is Test filename validated?: True|is test column names validated? True| whole missing columns? True
[2023-05-06 11:36:27,926] root - INFO - Validation Process Completed
[2023-05-06 11:36:27,926] root - INFO - Data validation artifact: DataValidationArtifact(schema_file_path='C:\\Users\\Admin\\Documents\\Shipment_pricing_Project\\config\\schema.yaml', is_validated=True, message='Data validation performed')
[2023-05-06 11:36:27,926] root - INFO - >>>>>>>>>>>>>>>>>>>>>>>>>>>>>>>>>>>>>>>>>>>>>>>>>>>>>>>>>>>>Data Validation log completed.<<<<<<<<<<<<<<<<<<<<<<<<<<<<<<<<<<<<<<<<<<<<<<<<<<<<<<<<<<<<
[2023-05-06 11:36:27,926] root - INFO - Data Transformation Config: DataTransformationConfig(transformed_train_dir='C:\\Users\\Admin\\Documents\\Shipment_pricing_Project\\shipment\\artifact\\data_transformation\\2023-05-06-11-36-20\\transformed_data\\train', transformed_test_dir='C:\\Users\\Admin\\Documents\\Shipment_pricing_Project\\shipment\\artifact\\data_transformation\\2023-05-06-11-36-20\\transformed_data\\test', preprocessed_object_file_path='C:\\Users\\Admin\\Documents\\Shipment_pricing_Project\\shipment\\artifact\\data_transformation\\2023-05-06-11-36-20\\preprocessed\\preprocessed.pkl', feature_engineering_object_file_path='C:\\Users\\Admin\\Documents\\Shipment_pricing_Project\\shipment\\artifact\\data_transformation\\2023-05-06-11-36-20\\preprocessed\\feat_eng.pkl')
[2023-05-06 11:36:27,926] root - INFO - 
******************** Data Transformation log started ********************


[2023-05-06 11:36:27,926] root - INFO - Obtaining training and test file path.
[2023-05-06 11:36:27,926] root - INFO - Loading training and test data as pandas dataframe.
[2023-05-06 11:36:27,978] root - INFO - Extracting train column name ['ID', 'Project_Code', 'PQ', 'PO/SO', 'ASN/DN', 'Country', 'Managed_By', 'Fulfill_Via', 'Vendor_INCO_Term', 'Shipment_Mode', 'PQ_First_Sent_to_Client_Date', 'PO_Sent_to_Vendor_Date', 'Scheduled_Delivery_Date', 'Delivered_to_Client_Date', 'Delivery_Recorded_Date', 'Product_Group', 'Sub_Classification', 'Vendor', 'Item_Description', 'Molecule/Test_Type', 'Brand', 'Dosage', 'Dosage_Form', 'Unit_of_Measure_(Per_Pack)', 'Line_Item_Quantity', 'Line_Item_Value', 'Pack_Price', 'Unit_Price', 'Manufacturing_Site', 'First_Line_Designation', 'Weight_(Kilograms)', 'Freight_Cost_(USD)', 'Line_Item_Insurance_(USD)']
[2023-05-06 11:36:27,978] root - INFO - Obtaining feature engineering object.
[2023-05-06 11:36:27,978] root - INFO - 
******************** Feature Engneering Started ********************


[2023-05-06 11:36:27,978] root - INFO - Applying feature engineering object on training dataframe and testing dataframe
[2023-05-06 11:36:27,978] root - INFO - Feature Enineering - Train Data 
[2023-05-06 11:36:31,621] root - INFO - Weight and Freight Cost Data Clean Completed
[2023-05-06 11:36:31,622] root - INFO - Columns Dropped
[2023-05-06 11:36:31,624] root - INFO - Columns After dropping Index(['Country', 'Fulfill_Via', 'Shipment_Mode', 'Product_Group',
       'Sub_Classification', 'Vendor', 'Brand', 'Dosage_Form',
       'Unit_of_Measure_(Per_Pack)', 'Line_Item_Quantity', 'Pack_Price',
       'Unit_Price', 'First_Line_Designation', 'Freight_Cost_USD_Clean',
       'Weight_Kilograms_Clean'],
      dtype='object')
[2023-05-06 11:36:31,629] root - INFO - DataTypes of Columns After changing: 
Country                         object
Fulfill_Via                   category
Shipment_Mode                 category
Product_Group                 category
Sub_Classification            category
Vendor                        category
Brand                           object
Dosage_Form                     object
Unit_of_Measure_(Per_Pack)     float64
Line_Item_Quantity             float64
Pack_Price                     float64
Unit_Price                     float64
First_Line_Designation        category
Freight_Cost_USD_Clean         float64
Weight_Kilograms_Clean         float64
dtype: object
[2023-05-06 11:36:31,629] root - INFO - Columns and DataTypes: 

Country                         object
Fulfill_Via                   category
Shipment_Mode                 category
Product_Group                 category
Sub_Classification            category
Vendor                        category
Brand                           object
Dosage_Form                     object
Unit_of_Measure_(Per_Pack)     float64
Line_Item_Quantity             float64
Pack_Price                     float64
Unit_Price                     float64
First_Line_Designation        category
Freight_Cost_USD_Clean         float64
Weight_Kilograms_Clean         float64
dtype: object
[2023-05-06 11:36:31,631] root - INFO -  >>>>>>>>>>>>   Missing Fills :  Shipment_Mode,Manufacturing_Site,Country,Brand <<<<<<<<<<
[2023-05-06 11:36:31,642] root - INFO -  >>>>>>>>>>>>  Columns Modififcation Complete  <<<<<<<<<<
[2023-05-06 11:36:31,642] root - INFO - Missing values in Unit_of_Measure_(Per_Pack) column have been imputed with median
[2023-05-06 11:36:31,644] root - INFO - Missing values in Line_Item_Quantity column have been imputed with median
[2023-05-06 11:36:31,644] root - INFO - Missing values in Pack_Price column have been imputed with median
[2023-05-06 11:36:31,644] root - INFO - Missing values in Unit_Price column have been imputed with median
[2023-05-06 11:36:31,645] root - INFO - Missing values in Weight_Kilograms_Clean column have been imputed with median
[2023-05-06 11:36:31,645] root - INFO - Missing value imputation with median completed
[2023-05-06 11:36:31,674] root - INFO - Columns Before encoding Index(['Country', 'Fulfill_Via', 'Shipment_Mode', 'Product_Group',
       'Sub_Classification', 'Vendor', 'Brand', 'Dosage_Form',
       'Unit_of_Measure_(Per_Pack)', 'Line_Item_Quantity', 'Pack_Price',
       'Unit_Price', 'First_Line_Designation', 'Freight_Cost_USD_Clean',
       'Weight_Kilograms_Clean'],
      dtype='object')
[2023-05-06 11:36:31,710] root - INFO - Data Wrangling Completed
[2023-05-06 11:36:31,710] root - INFO - Columns after data wrangling:
['Country', 'Fulfill_Via', 'Shipment_Mode', 'Product_Group', 'Sub_Classification', 'Vendor', 'Brand', 'Dosage_Form', 'Unit_of_Measure_(Per_Pack)', 'Line_Item_Quantity', 'Pack_Price', 'Unit_Price', 'First_Line_Designation', 'Freight_Cost_USD_Clean', 'Weight_Kilograms_Clean']
[2023-05-06 11:36:31,736] root - INFO - Feature Enineering - Test Data 
[2023-05-06 11:36:32,604] root - INFO - Weight and Freight Cost Data Clean Completed
[2023-05-06 11:36:32,605] root - INFO - Columns Dropped
[2023-05-06 11:36:32,605] root - INFO - Columns After dropping Index(['Country', 'Fulfill_Via', 'Shipment_Mode', 'Product_Group',
       'Sub_Classification', 'Vendor', 'Brand', 'Dosage_Form',
       'Unit_of_Measure_(Per_Pack)', 'Line_Item_Quantity', 'Pack_Price',
       'Unit_Price', 'First_Line_Designation', 'Freight_Cost_USD_Clean',
       'Weight_Kilograms_Clean'],
      dtype='object')
[2023-05-06 11:36:32,608] root - INFO - DataTypes of Columns After changing: 
Country                         object
Fulfill_Via                   category
Shipment_Mode                 category
Product_Group                 category
Sub_Classification            category
Vendor                        category
Brand                           object
Dosage_Form                     object
Unit_of_Measure_(Per_Pack)     float64
Line_Item_Quantity             float64
Pack_Price                     float64
Unit_Price                     float64
First_Line_Designation        category
Freight_Cost_USD_Clean         float64
Weight_Kilograms_Clean         float64
dtype: object
[2023-05-06 11:36:32,609] root - INFO - Columns and DataTypes: 

Country                         object
Fulfill_Via                   category
Shipment_Mode                 category
Product_Group                 category
Sub_Classification            category
Vendor                        category
Brand                           object
Dosage_Form                     object
Unit_of_Measure_(Per_Pack)     float64
Line_Item_Quantity             float64
Pack_Price                     float64
Unit_Price                     float64
First_Line_Designation        category
Freight_Cost_USD_Clean         float64
Weight_Kilograms_Clean         float64
dtype: object
[2023-05-06 11:36:32,610] root - INFO -  >>>>>>>>>>>>   Missing Fills :  Shipment_Mode,Manufacturing_Site,Country,Brand <<<<<<<<<<
[2023-05-06 11:36:32,614] root - INFO -  >>>>>>>>>>>>  Columns Modififcation Complete  <<<<<<<<<<
[2023-05-06 11:36:32,614] root - INFO - Missing values in Unit_of_Measure_(Per_Pack) column have been imputed with median
[2023-05-06 11:36:32,614] root - INFO - Missing values in Line_Item_Quantity column have been imputed with median
[2023-05-06 11:36:32,614] root - INFO - Missing values in Pack_Price column have been imputed with median
[2023-05-06 11:36:32,615] root - INFO - Missing values in Unit_Price column have been imputed with median
[2023-05-06 11:36:32,615] root - INFO - Missing values in Weight_Kilograms_Clean column have been imputed with median
[2023-05-06 11:36:32,615] root - INFO - Missing value imputation with median completed
[2023-05-06 11:36:32,622] root - INFO - Columns Before encoding Index(['Country', 'Fulfill_Via', 'Shipment_Mode', 'Product_Group',
       'Sub_Classification', 'Vendor', 'Brand', 'Dosage_Form',
       'Unit_of_Measure_(Per_Pack)', 'Line_Item_Quantity', 'Pack_Price',
       'Unit_Price', 'First_Line_Designation', 'Freight_Cost_USD_Clean',
       'Weight_Kilograms_Clean'],
      dtype='object')
[2023-05-06 11:36:32,639] root - INFO - Data Wrangling Completed
[2023-05-06 11:36:32,639] root - INFO - Columns after data wrangling:
['Country', 'Fulfill_Via', 'Shipment_Mode', 'Product_Group', 'Sub_Classification', 'Vendor', 'Brand', 'Dosage_Form', 'Unit_of_Measure_(Per_Pack)', 'Line_Item_Quantity', 'Pack_Price', 'Unit_Price', 'First_Line_Designation', 'Freight_Cost_USD_Clean', 'Weight_Kilograms_Clean']
[2023-05-06 11:36:32,646] root - INFO - Converting featured engineered array into dataframe.
[2023-05-06 11:36:32,682] root - INFO - Splitting input and target feature from training and testing dataframe.
[2023-05-06 11:36:32,683] root - INFO - Colums before transformer object Index(['Country', 'Fulfill_Via', 'Shipment_Mode', 'Product_Group',
       'Sub_Classification', 'First_Line_Designation', 'Vendor', 'Brand',
       'Dosage_Form', 'Unit_of_Measure_(Per_Pack)', 'Line_Item_Quantity',
       'Pack_Price', 'Unit_Price', 'Weight_Kilograms_Clean'],
      dtype='object')
[2023-05-06 11:36:32,716] root - INFO - Obtaining preprocessing object.
[2023-05-06 11:36:32,716] root - INFO - Creating Data Transformer Object
[2023-05-06 11:36:32,716] root - INFO - Data Transformer Object created successfully
[2023-05-06 11:36:32,716] root - INFO - Applying preprocessing object on training dataframe and testing dataframe
[2023-05-06 11:36:32,793] root - INFO - Transformed Train and Transformed test file saved
[2023-05-06 11:36:32,793] root - INFO - Saving Feature Engineering Object
[2023-05-06 11:36:32,795] root - INFO - Saving Preprocessing Object
[2023-05-06 11:36:32,798] root - INFO - Data Transformation Artifact: DataTransformationArtifact(is_transformed=True, message='Data transformation successfull.', transformed_train_file_path='C:\\Users\\Admin\\Documents\\Shipment_pricing_Project\\shipment\\artifact\\data_transformation\\2023-05-06-11-36-20\\transformed_data\\train\\transformed_train.csv', transformed_test_file_path='C:\\Users\\Admin\\Documents\\Shipment_pricing_Project\\shipment\\artifact\\data_transformation\\2023-05-06-11-36-20\\transformed_data\\test\\transformed_test.csv', preprocessed_object_file_path='C:\\Users\\Admin\\Documents\\Shipment_pricing_Project\\shipment\\artifact\\data_transformation\\2023-05-06-11-36-20\\preprocessed\\preprocessed.pkl', feature_engineering_object_file_path='C:\\Users\\Admin\\Documents\\Shipment_pricing_Project\\shipment\\artifact\\data_transformation\\2023-05-06-11-36-20\\preprocessed\\feat_eng.pkl')
[2023-05-06 11:36:32,799] root - INFO - 
******************** Data Transformation log completed ********************


[2023-05-06 11:36:32,799] root - INFO - Model Trainer Config : ModelTrainerConfig(trained_model_file_path='C:\\Users\\Admin\\Documents\\Shipment_pricing_Project\\shipment\\artifact\\model_training\\2023-05-06-11-36-20\\trained_model\\model.pkl')
[2023-05-06 11:36:32,799] root - INFO - 
******************** Model Training started ********************


[2023-05-06 11:36:32,799] root - INFO - Finding transformed Training and Test
[2023-05-06 11:36:32,799] root - INFO - Transformed Data found!!! Now, converting it into dataframe
[2023-05-06 11:36:32,825] root - INFO - Splitting Input features and Target Feature for train and test data
[2023-05-06 11:36:32,886] root - INFO - Best Model Finder function called
[2023-05-06 11:36:32,886] root - INFO - ******************** Training XGBoost Model ********************
[2023-05-06 11:36:32,886] root - INFO - Getting Best Parameters for Random Forest by Grid Search CV
[2023-05-06 11:36:32,887] root - INFO - Optuna Search for XG Boost best parameters started
[2023-05-06 11:36:34,782] root - INFO - Optuna Search for XG Boost best parameters started
[2023-05-06 11:36:36,064] root - INFO - Optuna Search for XG Boost best parameters started
[2023-05-06 11:36:36,456] root - INFO - Optuna Search for XG Boost best parameters started
[2023-05-06 11:36:36,597] root - INFO - Optuna Search for XG Boost best parameters started
[2023-05-06 11:36:40,022] root - INFO - Optuna Search for XG Boost best parameters started
[2023-05-06 11:36:40,188] root - INFO - Optuna Search for XG Boost best parameters started
[2023-05-06 11:36:42,245] root - INFO - Optuna Search for XG Boost best parameters started
[2023-05-06 11:36:42,457] root - INFO - Optuna Search for XG Boost best parameters started
[2023-05-06 11:36:47,049] root - INFO - Optuna Search for XG Boost best parameters started
[2023-05-06 11:36:50,067] root - INFO - Optuna Search for XG Boost best parameters started
[2023-05-06 11:36:53,619] root - INFO - Optuna Search for XG Boost best parameters completed
[2023-05-06 11:36:53,620] root - INFO - XGB Best Parameters : {'lambda': 0.000396839701220782, 'alpha': 0.7565198831796967, 'colsample_bytree': 0.8, 'subsample': 0.1, 'learning_rate': 0.1, 'max_depth': 11, 'min_child_weight': 29, 'booster': 'dart', 'reg_lambda': 0.1, 'reg_alpha': 0.01}
[2023-05-06 11:36:53,620] root - INFO - Fitting XG Boost model
[2023-05-06 11:36:54,415] root - INFO - ******************** Trained XGBoost Model Successfully!! ********************
[2023-05-06 11:36:54,415] root - INFO - ******************** Training Random Forest Model ********************
[2023-05-06 11:36:54,415] root - INFO - Getting Best Parameters for Random Forest by Grid Search CV
[2023-05-06 11:36:54,415] root - INFO - Grid Search for Random forest best parameters started
[2023-05-06 11:40:53,028] root - INFO - Grid Search for Random forest best parameters completed
[2023-05-06 11:40:53,028] root - INFO - RF Best Parameters : {'max_depth': 8, 'min_samples_split': 2, 'n_estimators': 150}
[2023-05-06 11:40:53,028] root - INFO - Fitting random forest model
[2023-05-06 11:40:54,831] root - INFO - ******************** Trained Random Forest Model Successfully!! ********************
[2023-05-06 11:40:54,833] root - INFO - ***Objects for model obtained!!! Now calcalating R2 score for model evaluation***
[2023-05-06 11:40:54,929] root - INFO - R2 score for Training set ---> Random Forest: 0.7950018992327643 || XG Boost: 0.5618485643608706
[2023-05-06 11:40:54,929] root - INFO - R2 score for Training set --->  XG Boost: 0.5618485643608706
[2023-05-06 11:40:54,963] root - INFO - R2 score for Testing set ---> Random Forest : 0.4842824430106736 || XGBoost : 0.36360027768154113
[2023-05-06 11:40:54,963] root - INFO - R2 score for Testing set --->  || XGBoost : 0.36360027768154113
[2023-05-06 11:40:54,963] root - INFO - Random Forest Model Accepted!!!
[2023-05-06 11:40:54,963] root - INFO - Saving best model object file
[2023-05-06 11:40:55,043] root - INFO - Model Trainer Artifact: ModelTrainerArtifact(is_trained=True, message='Model Training Done!!', trained_model_object_file_path='C:\\Users\\Admin\\Documents\\Shipment_pricing_Project\\shipment\\artifact\\model_training\\2023-05-06-11-36-20\\trained_model\\model.pkl')
[2023-05-06 11:40:55,044] root - INFO - 
******************** Model Training log completed ********************


