[2023-05-14 12:15:42,278] root - INFO - Training pipleine config: TrainingPipelineConfig(artifact_dir='D:\\Ineuron may batch projects\\Projects\\Shipment_Pricing_Project\\shipment\\artifact')
[2023-05-14 12:15:42,278] root - INFO - Data Ingestion config: DataIngestionConfig(dataset_download_url='https://raw.githubusercontent.com/Hitesh-Nimbalkar/Shipment_Pricing_EDA/main/SCMS_Delivery_History_Dataset.csv', raw_data_dir='D:\\Ineuron may batch projects\\Projects\\Shipment_Pricing_Project\\shipment\\artifact\\data_ingestion\\2023-05-14-12-15-38\\raw_data', ingested_train_dir='D:\\Ineuron may batch projects\\Projects\\Shipment_Pricing_Project\\shipment\\artifact\\data_ingestion\\2023-05-14-12-15-38\\ingested_data\\train', ingested_test_dir='D:\\Ineuron may batch projects\\Projects\\Shipment_Pricing_Project\\shipment\\artifact\\data_ingestion\\2023-05-14-12-15-38\\ingested_data\\test')
[2023-05-14 12:15:42,278] root - INFO - >>>>>>>>>>>>>>>>>>>>>>>>>>>>>>>>>>>>>>>>>>>>>>>>>>>>>>>>>>>>Data Ingestion log started.<<<<<<<<<<<<<<<<<<<<<<<<<<<<<<<<<<<<<<<<<<<<<<<<<<<<<<<<<<<< 


[2023-05-14 12:15:42,278] root - INFO - Downloading file from Mongo DB into :[D:\Ineuron may batch projects\Projects\Shipment_Pricing_Project\shipment\artifact\data_ingestion\2023-05-14-12-15-38\raw_data\SCMS_Delivery_History_Dataset.csv]
[2023-05-14 12:15:42,280] root - ERROR - 
        Error occured in script: [D:\Ineuron may batch projects\Projects\Shipment_Pricing_Project\Shipment_Pricing\pipeline\pipeline.py] at 
        line number: [87] 
        error message: [
        Error occured in script: [D:\Ineuron may batch projects\Projects\Shipment_Pricing_Project\Shipment_Pricing\pipeline\pipeline.py] at 
        line number: [36] 
        error message: [
        Error occured in script: [D:\Ineuron may batch projects\Projects\Shipment_Pricing_Project\Shipment_Pricing\components\data_ingestion.py] at 
        line number: [107] 
        error message: [
        Error occured in script: [D:\Ineuron may batch projects\Projects\Shipment_Pricing_Project\Shipment_Pricing\components\data_ingestion.py] at 
        line number: [44] 
        error message: [
        Error occured in script: [D:\Ineuron may batch projects\Projects\Shipment_Pricing_Project\Shipment_Pricing\data_access\Mongo_Data.py] at 
        line number: [21] 
        error message: [argument of type 'NoneType' is not iterable]]]]]
