[2023-05-04 19:01:35,679] root - INFO - Training pipleine config: TrainingPipelineConfig(artifact_dir='C:\\Users\\Admin\\Documents\\Shipment_pricing_Project\\shipment\\artifact')
[2023-05-04 19:01:35,679] root - INFO - Data Ingestion config: DataIngestionConfig(dataset_download_url='https://raw.githubusercontent.com/Hitesh-Nimbalkar/Shipment_Pricing_EDA/main/SCMS_Delivery_History_Dataset.csv', raw_data_dir='C:\\Users\\Admin\\Documents\\Shipment_pricing_Project\\shipment\\artifact\\data_ingestion\\2023-05-04-19-01-34\\raw_data', ingested_train_dir='C:\\Users\\Admin\\Documents\\Shipment_pricing_Project\\shipment\\artifact\\data_ingestion\\2023-05-04-19-01-34\\ingested_data\\train', ingested_test_dir='C:\\Users\\Admin\\Documents\\Shipment_pricing_Project\\shipment\\artifact\\data_ingestion\\2023-05-04-19-01-34\\ingested_data\\test')
[2023-05-04 19:01:35,681] root - INFO - >>>>>>>>>>>>>>>>>>>>>>>>>>>>>>>>>>>>>>>>>>>>>>>>>>>>>>>>>>>>Data Ingestion log started.<<<<<<<<<<<<<<<<<<<<<<<<<<<<<<<<<<<<<<<<<<<<<<<<<<<<<<<<<<<< 


[2023-05-04 19:01:35,681] root - INFO - Downloading file from :[https://raw.githubusercontent.com/Hitesh-Nimbalkar/Shipment_Pricing_EDA/main/SCMS_Delivery_History_Dataset.csv] into :[C:\Users\Admin\Documents\Shipment_pricing_Project\shipment\artifact\data_ingestion\2023-05-04-19-01-34\raw_data\SCMS_Delivery_History_Dataset.csv]
[2023-05-04 19:01:37,989] root - INFO - File :[C:\Users\Admin\Documents\Shipment_pricing_Project\shipment\artifact\data_ingestion\2023-05-04-19-01-34\raw_data\SCMS_Delivery_History_Dataset.csv] has been downloaded successfully.
[2023-05-04 19:01:37,989] root - INFO - Reading csv file: [C:\Users\Admin\Documents\Shipment_pricing_Project\shipment\artifact\data_ingestion\2023-05-04-19-01-34\raw_data\SCMS_Delivery_History_Dataset.csv]
[2023-05-04 19:01:38,042] root - INFO - Splitting data into train and test
[2023-05-04 19:01:38,045] root - INFO - Exporting training dataset to file: [C:\Users\Admin\Documents\Shipment_pricing_Project\shipment\artifact\data_ingestion\2023-05-04-19-01-34\ingested_data\train\SCMS_Delivery_History_Dataset.csv]
[2023-05-04 19:01:38,118] root - INFO - Exporting test dataset to file: [C:\Users\Admin\Documents\Shipment_pricing_Project\shipment\artifact\data_ingestion\2023-05-04-19-01-34\ingested_data\test\SCMS_Delivery_History_Dataset.csv]
[2023-05-04 19:01:38,137] root - INFO - Data Ingestion artifact:[DataIngestionArtifact(train_file_path='C:\\Users\\Admin\\Documents\\Shipment_pricing_Project\\shipment\\artifact\\data_ingestion\\2023-05-04-19-01-34\\ingested_data\\train\\SCMS_Delivery_History_Dataset.csv', test_file_path='C:\\Users\\Admin\\Documents\\Shipment_pricing_Project\\shipment\\artifact\\data_ingestion\\2023-05-04-19-01-34\\ingested_data\\test\\SCMS_Delivery_History_Dataset.csv', is_ingested=True, message='Data ingestion completed successfully.')]
[2023-05-04 19:01:38,139] root - INFO - >>>>>>>>>>>>>>>>>>>>>>>>>>>>>>>>>>>>>>>>>>>>>>>>>>>>>>>>>>>>Data Validation log started.<<<<<<<<<<<<<<<<<<<<<<<<<<<<<<<<<<<<<<<<<<<<<<<<<<<<<<<<<<<< 


[2023-05-04 19:01:38,144] root - INFO - Validation Process Started
[2023-05-04 19:01:38,324] root - INFO - Train_set status|is Train filename validated?: True|is train column name validated?: True|whole missing columns?True
[2023-05-04 19:01:38,324] root - INFO - Test_set status|is Test filename validated?: True|is test column names validated? True| whole missing columns? True
[2023-05-04 19:01:38,324] root - INFO - Validation Process Completed
[2023-05-04 19:01:38,324] root - INFO - Data validation artifact: DataValidationArtifact(schema_file_path='C:\\Users\\Admin\\Documents\\Shipment_pricing_Project\\config\\schema.yaml', is_validated=True, message='Data validation performed')
[2023-05-04 19:01:38,324] root - INFO - >>>>>>>>>>>>>>>>>>>>>>>>>>>>>>>>>>>>>>>>>>>>>>>>>>>>>>>>>>>>Data Validation log completed.<<<<<<<<<<<<<<<<<<<<<<<<<<<<<<<<<<<<<<<<<<<<<<<<<<<<<<<<<<<<
[2023-05-04 19:01:38,324] root - INFO - Data Transformation Config: DataTransformationConfig(transformed_train_dir='C:\\Users\\Admin\\Documents\\Shipment_pricing_Project\\shipment\\artifact\\data_transformation\\2023-05-04-19-01-34\\transformed_data\\train', transformed_test_dir='C:\\Users\\Admin\\Documents\\Shipment_pricing_Project\\shipment\\artifact\\data_transformation\\2023-05-04-19-01-34\\transformed_data\\test', preprocessed_object_file_path='C:\\Users\\Admin\\Documents\\Shipment_pricing_Project\\shipment\\artifact\\data_transformation\\2023-05-04-19-01-34\\preprocessed\\preprocessed.pkl', feature_engineering_object_file_path='C:\\Users\\Admin\\Documents\\Shipment_pricing_Project\\shipment\\artifact\\data_transformation\\2023-05-04-19-01-34\\preprocessed\\feat_eng.pkl')
[2023-05-04 19:01:38,325] root - INFO - 
******************** Data Transformation log started ********************


[2023-05-04 19:01:38,325] root - INFO - Obtaining training and test file path.
[2023-05-04 19:01:38,325] root - INFO - Loading training and test data as pandas dataframe.
[2023-05-04 19:01:38,375] root - INFO - Obtaining feature engineering object.
[2023-05-04 19:01:38,375] root - INFO - 
******************** Feature Engneering Started ********************


[2023-05-04 19:01:38,375] root - INFO - Applying feature engineering object on training dataframe and testing dataframe
[2023-05-04 19:01:38,375] root - INFO - Feature Enineering - Train Data 
[2023-05-04 19:01:42,032] root - INFO -  >>>>>>>>>>>>   Missing Fills :  Shipment_Mode,Manufacturing_Site,Country,Brand <<<<<<<<<<
[2023-05-04 19:01:42,045] root - INFO -  >>>>>>>>>>>>  Columns Modififcation Complete  <<<<<<<<<<
[2023-05-04 19:01:42,093] root - INFO - Feature Enineering - Test Data 
[2023-05-04 19:01:42,955] root - INFO -  >>>>>>>>>>>>   Missing Fills :  Shipment_Mode,Manufacturing_Site,Country,Brand <<<<<<<<<<
[2023-05-04 19:01:42,959] root - INFO -  >>>>>>>>>>>>  Columns Modififcation Complete  <<<<<<<<<<
[2023-05-04 19:01:42,976] root - INFO - Splitting input and target feature from training and testing dataframe.
[2023-05-04 19:01:42,977] root - INFO - Colums before transformer object Index(['Unit_of_Measure_(Per_Pack)', 'Line_Item_Quantity', 'Pack_Price',
       'Unit_Price', 'Weight_Kilograms_Clean', 'shipment_mode_encoded',
       'manufacturing_site_encoded', 'country_encoded', 'Dosage_Form_encoded',
       'First_Line_Designation_encoded', 'fulfill_via_encoded',
       'Sub_Classification_encoded', 'brand_encoded'],
      dtype='object')
[2023-05-04 19:01:43,003] root - INFO - Obtaining preprocessing object.
[2023-05-04 19:01:43,005] root - INFO - Applying preprocessing object on training dataframe and testing dataframe
[2023-05-04 19:01:43,063] root - INFO - Transformed Train and Transformed test file saved
[2023-05-04 19:01:43,063] root - INFO - Saving Feature Engineering Object
[2023-05-04 19:01:43,064] root - INFO - Saving Preprocessing Object
[2023-05-04 19:01:43,066] root - INFO - Data Transformation Artifact: DataTransformationArtifact(is_transformed=True, message='Data transformation successfull.', transformed_train_file_path='C:\\Users\\Admin\\Documents\\Shipment_pricing_Project\\shipment\\artifact\\data_transformation\\2023-05-04-19-01-34\\transformed_data\\train\\transformed_train.csv', transformed_test_file_path='C:\\Users\\Admin\\Documents\\Shipment_pricing_Project\\shipment\\artifact\\data_transformation\\2023-05-04-19-01-34\\transformed_data\\test\\transformed_test.csv', preprocessed_object_file_path='C:\\Users\\Admin\\Documents\\Shipment_pricing_Project\\shipment\\artifact\\data_transformation\\2023-05-04-19-01-34\\preprocessed\\preprocessed.pkl', feature_engineering_object_file_path='C:\\Users\\Admin\\Documents\\Shipment_pricing_Project\\shipment\\artifact\\data_transformation\\2023-05-04-19-01-34\\preprocessed\\feat_eng.pkl')
[2023-05-04 19:01:43,069] root - INFO - 
******************** Data Transformation log completed ********************


[2023-05-04 19:01:43,069] root - INFO - Model Trainer Config : ModelTrainerConfig(trained_model_file_path='C:\\Users\\Admin\\Documents\\Shipment_pricing_Project\\shipment\\artifact\\model_training\\2023-05-04-19-01-34\\trained_model\\model.pkl')
[2023-05-04 19:01:43,069] root - INFO - 
******************** Model Training started ********************


[2023-05-04 19:01:43,069] root - INFO - Finding transformed Training and Test
[2023-05-04 19:01:43,069] root - INFO - Transformed Data found!!! Now, converting it into dataframe
[2023-05-04 19:01:43,089] root - INFO - Splitting Input features and Target Feature for train and test data
[2023-05-04 19:01:43,129] root - INFO - Best Model Finder function called
[2023-05-04 19:01:43,129] root - INFO - ******************** Training XGBoost Model ********************
[2023-05-04 19:01:43,129] root - INFO - Getting Best Parameters for Random Forest by Grid Search CV
[2023-05-04 19:01:43,129] root - INFO - Optuna Search for XG Boost best parameters started
[2023-05-04 19:01:50,740] root - INFO - Optuna Search for XG Boost best parameters completed
[2023-05-04 19:01:50,741] root - INFO - XGB Best Parameters : {'lambda': 0.00022093751358496838, 'alpha': 0.001642664879908428, 'colsample_bytree': 0.9, 'subsample': 0.9, 'learning_rate': 0.2, 'max_depth': 12, 'min_child_weight': 41, 'booster': 'gbtree', 'reg_lambda': 0.05, 'reg_alpha': 0.05}
[2023-05-04 19:01:50,741] root - INFO - Fitting XG Boost model
[2023-05-04 19:01:51,020] root - INFO - ******************** Trained XGBoost Model Successfully!! ********************
[2023-05-04 19:01:51,020] root - INFO - ******************** Training Random Forest Model ********************
[2023-05-04 19:01:51,020] root - INFO - Getting Best Parameters for Random Forest by Grid Search CV
[2023-05-04 19:01:51,020] root - INFO - Grid Search for Random forest best parameters started
[2023-05-04 19:05:42,845] root - INFO - Grid Search for Random forest best parameters completed
[2023-05-04 19:05:42,845] root - INFO - RF Best Parameters : {'max_depth': 8, 'min_samples_split': 2, 'n_estimators': 150}
[2023-05-04 19:05:42,845] root - INFO - Fitting random forest model
[2023-05-04 19:05:44,646] root - INFO - ******************** Trained Random Forest Model Successfully!! ********************
[2023-05-04 19:05:44,646] root - INFO - ***Objects for model obtained!!! Now calcalating R2 score for model evaluation***
[2023-05-04 19:05:44,707] root - INFO - R2 score for Training set ---> Random Forest: 0.833920975500949 || XG Boost: 0.8740007053795289
[2023-05-04 19:05:44,707] root - INFO - R2 score for Training set --->  XG Boost: 0.8740007053795289
[2023-05-04 19:05:44,727] root - INFO - R2 score for Testing set ---> Random Forest : 0.6429432609349635 || XGBoost : 0.6348457465503793
[2023-05-04 19:05:44,727] root - INFO - R2 score for Testing set --->  || XGBoost : 0.6348457465503793
[2023-05-04 19:05:44,727] root - INFO - Random Forest Model Accepted!!!
[2023-05-04 19:05:44,727] root - INFO - Saving best model object file
[2023-05-04 19:05:44,807] root - INFO - Model Trainer Artifact: ModelTrainerArtifact(is_trained=True, message='Model Training Done!!', trained_model_object_file_path='C:\\Users\\Admin\\Documents\\Shipment_pricing_Project\\shipment\\artifact\\model_training\\2023-05-04-19-01-34\\trained_model\\model.pkl')
[2023-05-04 19:05:44,807] root - INFO - 
******************** Model Training log completed ********************


