[2023-05-05 14:38:28,308] root - INFO - Training pipleine config: TrainingPipelineConfig(artifact_dir='C:\\Users\\Admin\\Documents\\Shipment_pricing_Project\\shipment\\artifact')
[2023-05-05 14:38:28,308] root - INFO - Data Ingestion config: DataIngestionConfig(dataset_download_url='https://raw.githubusercontent.com/Hitesh-Nimbalkar/Shipment_Pricing_EDA/main/SCMS_Delivery_History_Dataset.csv', raw_data_dir='C:\\Users\\Admin\\Documents\\Shipment_pricing_Project\\shipment\\artifact\\data_ingestion\\2023-05-05-14-38-26\\raw_data', ingested_train_dir='C:\\Users\\Admin\\Documents\\Shipment_pricing_Project\\shipment\\artifact\\data_ingestion\\2023-05-05-14-38-26\\ingested_data\\train', ingested_test_dir='C:\\Users\\Admin\\Documents\\Shipment_pricing_Project\\shipment\\artifact\\data_ingestion\\2023-05-05-14-38-26\\ingested_data\\test')
[2023-05-05 14:38:28,309] root - INFO - >>>>>>>>>>>>>>>>>>>>>>>>>>>>>>>>>>>>>>>>>>>>>>>>>>>>>>>>>>>>Data Ingestion log started.<<<<<<<<<<<<<<<<<<<<<<<<<<<<<<<<<<<<<<<<<<<<<<<<<<<<<<<<<<<< 


[2023-05-05 14:38:28,309] root - INFO - Downloading file from :[https://raw.githubusercontent.com/Hitesh-Nimbalkar/Shipment_Pricing_EDA/main/SCMS_Delivery_History_Dataset.csv] into :[C:\Users\Admin\Documents\Shipment_pricing_Project\shipment\artifact\data_ingestion\2023-05-05-14-38-26\raw_data\SCMS_Delivery_History_Dataset.csv]
[2023-05-05 14:38:29,814] root - INFO - File :[C:\Users\Admin\Documents\Shipment_pricing_Project\shipment\artifact\data_ingestion\2023-05-05-14-38-26\raw_data\SCMS_Delivery_History_Dataset.csv] has been downloaded successfully.
[2023-05-05 14:38:29,814] root - INFO - Reading csv file: [C:\Users\Admin\Documents\Shipment_pricing_Project\shipment\artifact\data_ingestion\2023-05-05-14-38-26\raw_data\SCMS_Delivery_History_Dataset.csv]
[2023-05-05 14:38:29,868] root - INFO - Splitting data into train and test
[2023-05-05 14:38:29,872] root - INFO - Exporting training dataset to file: [C:\Users\Admin\Documents\Shipment_pricing_Project\shipment\artifact\data_ingestion\2023-05-05-14-38-26\ingested_data\train\SCMS_Delivery_History_Dataset.csv]
[2023-05-05 14:38:29,951] root - INFO - Exporting test dataset to file: [C:\Users\Admin\Documents\Shipment_pricing_Project\shipment\artifact\data_ingestion\2023-05-05-14-38-26\ingested_data\test\SCMS_Delivery_History_Dataset.csv]
[2023-05-05 14:38:29,972] root - INFO - Data Ingestion artifact:[DataIngestionArtifact(train_file_path='C:\\Users\\Admin\\Documents\\Shipment_pricing_Project\\shipment\\artifact\\data_ingestion\\2023-05-05-14-38-26\\ingested_data\\train\\SCMS_Delivery_History_Dataset.csv', test_file_path='C:\\Users\\Admin\\Documents\\Shipment_pricing_Project\\shipment\\artifact\\data_ingestion\\2023-05-05-14-38-26\\ingested_data\\test\\SCMS_Delivery_History_Dataset.csv', is_ingested=True, message='Data ingestion completed successfully.')]
[2023-05-05 14:38:29,973] root - INFO - >>>>>>>>>>>>>>>>>>>>>>>>>>>>>>>>>>>>>>>>>>>>>>>>>>>>>>>>>>>>Data Validation log started.<<<<<<<<<<<<<<<<<<<<<<<<<<<<<<<<<<<<<<<<<<<<<<<<<<<<<<<<<<<< 


[2023-05-05 14:38:29,979] root - INFO - Validation Process Started
[2023-05-05 14:38:30,174] root - INFO - Train_set status|is Train filename validated?: True|is train column name validated?: True|whole missing columns?True
[2023-05-05 14:38:30,175] root - INFO - Test_set status|is Test filename validated?: True|is test column names validated? True| whole missing columns? True
[2023-05-05 14:38:30,175] root - INFO - Validation Process Completed
[2023-05-05 14:38:30,175] root - INFO - Data validation artifact: DataValidationArtifact(schema_file_path='C:\\Users\\Admin\\Documents\\Shipment_pricing_Project\\config\\schema.yaml', is_validated=True, message='Data validation performed')
[2023-05-05 14:38:30,175] root - INFO - >>>>>>>>>>>>>>>>>>>>>>>>>>>>>>>>>>>>>>>>>>>>>>>>>>>>>>>>>>>>Data Validation log completed.<<<<<<<<<<<<<<<<<<<<<<<<<<<<<<<<<<<<<<<<<<<<<<<<<<<<<<<<<<<<
[2023-05-05 14:38:30,175] root - INFO - Data Transformation Config: DataTransformationConfig(transformed_train_dir='C:\\Users\\Admin\\Documents\\Shipment_pricing_Project\\shipment\\artifact\\data_transformation\\2023-05-05-14-38-26\\transformed_data\\train', transformed_test_dir='C:\\Users\\Admin\\Documents\\Shipment_pricing_Project\\shipment\\artifact\\data_transformation\\2023-05-05-14-38-26\\transformed_data\\test', preprocessed_object_file_path='C:\\Users\\Admin\\Documents\\Shipment_pricing_Project\\shipment\\artifact\\data_transformation\\2023-05-05-14-38-26\\preprocessed\\preprocessed.pkl', feature_engineering_object_file_path='C:\\Users\\Admin\\Documents\\Shipment_pricing_Project\\shipment\\artifact\\data_transformation\\2023-05-05-14-38-26\\preprocessed\\feat_eng.pkl')
[2023-05-05 14:38:30,175] root - INFO - 
******************** Data Transformation log started ********************


[2023-05-05 14:38:30,175] root - INFO - Obtaining training and test file path.
[2023-05-05 14:38:30,175] root - INFO - Loading training and test data as pandas dataframe.
[2023-05-05 14:38:30,227] root - INFO - Obtaining feature engineering object.
[2023-05-05 14:38:30,227] root - INFO - 
******************** Feature Engneering Started ********************


[2023-05-05 14:38:30,227] root - INFO - Applying feature engineering object on training dataframe and testing dataframe
[2023-05-05 14:38:30,227] root - INFO - Feature Enineering - Train Data 
[2023-05-05 14:38:33,974] root - INFO -  >>>>>>>>>>>>   Missing Fills :  Shipment_Mode,Manufacturing_Site,Country,Brand <<<<<<<<<<
[2023-05-05 14:38:33,986] root - INFO -  >>>>>>>>>>>>  Columns Modififcation Complete  <<<<<<<<<<
[2023-05-05 14:38:34,034] root - INFO - Feature Enineering - Test Data 
[2023-05-05 14:38:34,940] root - INFO -  >>>>>>>>>>>>   Missing Fills :  Shipment_Mode,Manufacturing_Site,Country,Brand <<<<<<<<<<
[2023-05-05 14:38:34,943] root - INFO -  >>>>>>>>>>>>  Columns Modififcation Complete  <<<<<<<<<<
[2023-05-05 14:38:34,969] root - INFO - Obtaining data transformer object.
[2023-05-05 14:38:35,009] root - INFO - Splitting input and target feature from training and testing dataframe.
[2023-05-05 14:38:35,010] root - INFO - Colums before transformer object Index(['Unit_of_Measure_(Per_Pack)', 'Line_Item_Quantity', 'Pack_Price',
       'Unit_Price', 'Weight_Kilograms_Clean', 'Dosage_Form_(e)',
       'Manufacturing_Site_(e)', 'First_Line_Designation_(e)', 'Brand_(e)',
       'Country_(e)', 'Fulfill_Via_(e)', 'Shipment_Mode_(e)',
       'Product_Group_(e)', 'Sub_Classification_(e)', 'Vendor_(e)'],
      dtype='object')
[2023-05-05 14:38:35,012] root - INFO - Obtaining preprocessing object.
[2023-05-05 14:38:35,015] root - INFO - Applying preprocessing object on training dataframe and testing dataframe
[2023-05-05 14:38:35,074] root - INFO - Transformed Train and Transformed test file saved
[2023-05-05 14:38:35,074] root - INFO - Saving Feature Engineering Object
[2023-05-05 14:38:35,076] root - INFO - Saving Preprocessing Object
[2023-05-05 14:38:35,079] root - INFO - Data Transformation Artifact: DataTransformationArtifact(is_transformed=True, message='Data transformation successfull.', transformed_train_file_path='C:\\Users\\Admin\\Documents\\Shipment_pricing_Project\\shipment\\artifact\\data_transformation\\2023-05-05-14-38-26\\transformed_data\\train\\transformed_train.csv', transformed_test_file_path='C:\\Users\\Admin\\Documents\\Shipment_pricing_Project\\shipment\\artifact\\data_transformation\\2023-05-05-14-38-26\\transformed_data\\test\\transformed_test.csv', preprocessed_object_file_path='C:\\Users\\Admin\\Documents\\Shipment_pricing_Project\\shipment\\artifact\\data_transformation\\2023-05-05-14-38-26\\preprocessed\\preprocessed.pkl', feature_engineering_object_file_path='C:\\Users\\Admin\\Documents\\Shipment_pricing_Project\\shipment\\artifact\\data_transformation\\2023-05-05-14-38-26\\preprocessed\\feat_eng.pkl')
[2023-05-05 14:38:35,081] root - INFO - 
******************** Data Transformation log completed ********************


[2023-05-05 14:38:35,081] root - INFO - Model Trainer Config : ModelTrainerConfig(trained_model_file_path='C:\\Users\\Admin\\Documents\\Shipment_pricing_Project\\shipment\\artifact\\model_training\\2023-05-05-14-38-26\\trained_model\\model.pkl')
[2023-05-05 14:38:35,081] root - INFO - 
******************** Model Training started ********************


[2023-05-05 14:38:35,081] root - INFO - Finding transformed Training and Test
[2023-05-05 14:38:35,081] root - INFO - Transformed Data found!!! Now, converting it into dataframe
[2023-05-05 14:38:35,118] root - INFO - Splitting Input features and Target Feature for train and test data
[2023-05-05 14:38:35,161] root - INFO - Best Model Finder function called
[2023-05-05 14:38:35,161] root - INFO - ******************** Training XGBoost Model ********************
[2023-05-05 14:38:35,161] root - INFO - Getting Best Parameters for Random Forest by Grid Search CV
[2023-05-05 14:38:35,161] root - INFO - Optuna Search for XG Boost best parameters started
[2023-05-05 14:38:35,242] root - INFO - Optuna Search for XG Boost best parameters started
[2023-05-05 14:38:35,851] root - INFO - Optuna Search for XG Boost best parameters started
[2023-05-05 14:38:37,990] root - INFO - Optuna Search for XG Boost best parameters started
[2023-05-05 14:38:41,703] root - INFO - Optuna Search for XG Boost best parameters started
[2023-05-05 14:38:46,541] root - INFO - Optuna Search for XG Boost best parameters started
[2023-05-05 14:38:46,978] root - INFO - Optuna Search for XG Boost best parameters started
[2023-05-05 14:38:48,573] root - INFO - Optuna Search for XG Boost best parameters started
[2023-05-05 14:38:48,693] root - INFO - Optuna Search for XG Boost best parameters started
[2023-05-05 14:38:54,390] root - INFO - Optuna Search for XG Boost best parameters started
[2023-05-05 14:38:58,275] root - INFO - Optuna Search for XG Boost best parameters started
[2023-05-05 14:39:02,263] root - INFO - Optuna Search for XG Boost best parameters started
[2023-05-05 14:39:02,665] root - INFO - Optuna Search for XG Boost best parameters started
[2023-05-05 14:39:03,679] root - INFO - Optuna Search for XG Boost best parameters started
[2023-05-05 14:39:04,273] root - INFO - Optuna Search for XG Boost best parameters started
[2023-05-05 14:39:06,655] root - INFO - Optuna Search for XG Boost best parameters started
[2023-05-05 14:39:06,716] root - INFO - Optuna Search for XG Boost best parameters started
[2023-05-05 14:39:09,986] root - INFO - Optuna Search for XG Boost best parameters started
[2023-05-05 14:39:13,434] root - INFO - Optuna Search for XG Boost best parameters started
[2023-05-05 14:39:20,857] root - INFO - Optuna Search for XG Boost best parameters completed
[2023-05-05 14:39:20,857] root - INFO - XGB Best Parameters : {'lambda': 9.916695528722093, 'alpha': 0.0003245331406118248, 'colsample_bytree': 0.6, 'subsample': 1, 'learning_rate': 0.2, 'max_depth': 3, 'min_child_weight': 66, 'booster': 'dart', 'reg_lambda': 0.05, 'reg_alpha': 0.05}
[2023-05-05 14:39:20,857] root - INFO - Fitting XG Boost model
[2023-05-05 14:39:21,549] root - INFO - ******************** Trained XGBoost Model Successfully!! ********************
[2023-05-05 14:39:21,549] root - INFO - ******************** Training Random Forest Model ********************
[2023-05-05 14:39:21,549] root - INFO - Getting Best Parameters for Random Forest by Grid Search CV
[2023-05-05 14:39:21,549] root - INFO - Grid Search for Random forest best parameters started
[2023-05-05 14:43:37,203] root - INFO - Grid Search for Random forest best parameters completed
[2023-05-05 14:43:37,203] root - INFO - RF Best Parameters : {'max_depth': 8, 'min_samples_split': 4, 'n_estimators': 150}
[2023-05-05 14:43:37,203] root - INFO - Fitting random forest model
[2023-05-05 14:43:39,193] root - INFO - ******************** Trained Random Forest Model Successfully!! ********************
[2023-05-05 14:43:39,193] root - INFO - ***Objects for model obtained!!! Now calcalating R2 score for model evaluation***
[2023-05-05 14:43:39,294] root - INFO - R2 score for Training set ---> Random Forest: 0.7944054051148972 || XG Boost: 0.6920780799115547
[2023-05-05 14:43:39,295] root - INFO - R2 score for Training set --->  XG Boost: 0.6920780799115547
[2023-05-05 14:43:39,331] root - INFO - R2 score for Testing set ---> Random Forest : 0.4723504356036867 || XGBoost : 0.3689430002963815
[2023-05-05 14:43:39,331] root - INFO - R2 score for Testing set --->  || XGBoost : 0.3689430002963815
[2023-05-05 14:43:39,331] root - INFO - Random Forest Model Accepted!!!
[2023-05-05 14:43:39,331] root - INFO - Saving best model object file
[2023-05-05 14:43:39,415] root - INFO - Model Trainer Artifact: ModelTrainerArtifact(is_trained=True, message='Model Training Done!!', trained_model_object_file_path='C:\\Users\\Admin\\Documents\\Shipment_pricing_Project\\shipment\\artifact\\model_training\\2023-05-05-14-38-26\\trained_model\\model.pkl')
[2023-05-05 14:43:39,416] root - INFO - 
******************** Model Training log completed ********************


