[2023-05-05 14:25:40,562] root - INFO - Training pipleine config: TrainingPipelineConfig(artifact_dir='C:\\Users\\Admin\\Documents\\Shipment_pricing_Project\\shipment\\artifact')
[2023-05-05 14:25:40,562] root - INFO - Data Ingestion config: DataIngestionConfig(dataset_download_url='https://raw.githubusercontent.com/Hitesh-Nimbalkar/Shipment_Pricing_EDA/main/SCMS_Delivery_History_Dataset.csv', raw_data_dir='C:\\Users\\Admin\\Documents\\Shipment_pricing_Project\\shipment\\artifact\\data_ingestion\\2023-05-05-14-25-39\\raw_data', ingested_train_dir='C:\\Users\\Admin\\Documents\\Shipment_pricing_Project\\shipment\\artifact\\data_ingestion\\2023-05-05-14-25-39\\ingested_data\\train', ingested_test_dir='C:\\Users\\Admin\\Documents\\Shipment_pricing_Project\\shipment\\artifact\\data_ingestion\\2023-05-05-14-25-39\\ingested_data\\test')
[2023-05-05 14:25:40,563] root - INFO - >>>>>>>>>>>>>>>>>>>>>>>>>>>>>>>>>>>>>>>>>>>>>>>>>>>>>>>>>>>>Data Ingestion log started.<<<<<<<<<<<<<<<<<<<<<<<<<<<<<<<<<<<<<<<<<<<<<<<<<<<<<<<<<<<< 


[2023-05-05 14:25:40,563] root - INFO - Downloading file from :[https://raw.githubusercontent.com/Hitesh-Nimbalkar/Shipment_Pricing_EDA/main/SCMS_Delivery_History_Dataset.csv] into :[C:\Users\Admin\Documents\Shipment_pricing_Project\shipment\artifact\data_ingestion\2023-05-05-14-25-39\raw_data\SCMS_Delivery_History_Dataset.csv]
[2023-05-05 14:25:41,798] root - INFO - File :[C:\Users\Admin\Documents\Shipment_pricing_Project\shipment\artifact\data_ingestion\2023-05-05-14-25-39\raw_data\SCMS_Delivery_History_Dataset.csv] has been downloaded successfully.
[2023-05-05 14:25:41,798] root - INFO - Reading csv file: [C:\Users\Admin\Documents\Shipment_pricing_Project\shipment\artifact\data_ingestion\2023-05-05-14-25-39\raw_data\SCMS_Delivery_History_Dataset.csv]
[2023-05-05 14:25:41,855] root - INFO - Splitting data into train and test
[2023-05-05 14:25:41,859] root - INFO - Exporting training dataset to file: [C:\Users\Admin\Documents\Shipment_pricing_Project\shipment\artifact\data_ingestion\2023-05-05-14-25-39\ingested_data\train\SCMS_Delivery_History_Dataset.csv]
[2023-05-05 14:25:41,940] root - INFO - Exporting test dataset to file: [C:\Users\Admin\Documents\Shipment_pricing_Project\shipment\artifact\data_ingestion\2023-05-05-14-25-39\ingested_data\test\SCMS_Delivery_History_Dataset.csv]
[2023-05-05 14:25:41,961] root - INFO - Data Ingestion artifact:[DataIngestionArtifact(train_file_path='C:\\Users\\Admin\\Documents\\Shipment_pricing_Project\\shipment\\artifact\\data_ingestion\\2023-05-05-14-25-39\\ingested_data\\train\\SCMS_Delivery_History_Dataset.csv', test_file_path='C:\\Users\\Admin\\Documents\\Shipment_pricing_Project\\shipment\\artifact\\data_ingestion\\2023-05-05-14-25-39\\ingested_data\\test\\SCMS_Delivery_History_Dataset.csv', is_ingested=True, message='Data ingestion completed successfully.')]
[2023-05-05 14:25:41,963] root - INFO - >>>>>>>>>>>>>>>>>>>>>>>>>>>>>>>>>>>>>>>>>>>>>>>>>>>>>>>>>>>>Data Validation log started.<<<<<<<<<<<<<<<<<<<<<<<<<<<<<<<<<<<<<<<<<<<<<<<<<<<<<<<<<<<< 


[2023-05-05 14:25:41,970] root - INFO - Validation Process Started
[2023-05-05 14:25:42,156] root - INFO - Train_set status|is Train filename validated?: True|is train column name validated?: True|whole missing columns?True
[2023-05-05 14:25:42,156] root - INFO - Test_set status|is Test filename validated?: True|is test column names validated? True| whole missing columns? True
[2023-05-05 14:25:42,156] root - INFO - Validation Process Completed
[2023-05-05 14:25:42,156] root - INFO - Data validation artifact: DataValidationArtifact(schema_file_path='C:\\Users\\Admin\\Documents\\Shipment_pricing_Project\\config\\schema.yaml', is_validated=True, message='Data validation performed')
[2023-05-05 14:25:42,156] root - INFO - >>>>>>>>>>>>>>>>>>>>>>>>>>>>>>>>>>>>>>>>>>>>>>>>>>>>>>>>>>>>Data Validation log completed.<<<<<<<<<<<<<<<<<<<<<<<<<<<<<<<<<<<<<<<<<<<<<<<<<<<<<<<<<<<<
[2023-05-05 14:25:42,156] root - INFO - Data Transformation Config: DataTransformationConfig(transformed_train_dir='C:\\Users\\Admin\\Documents\\Shipment_pricing_Project\\shipment\\artifact\\data_transformation\\2023-05-05-14-25-39\\transformed_data\\train', transformed_test_dir='C:\\Users\\Admin\\Documents\\Shipment_pricing_Project\\shipment\\artifact\\data_transformation\\2023-05-05-14-25-39\\transformed_data\\test', preprocessed_object_file_path='C:\\Users\\Admin\\Documents\\Shipment_pricing_Project\\shipment\\artifact\\data_transformation\\2023-05-05-14-25-39\\preprocessed\\preprocessed.pkl', feature_engineering_object_file_path='C:\\Users\\Admin\\Documents\\Shipment_pricing_Project\\shipment\\artifact\\data_transformation\\2023-05-05-14-25-39\\preprocessed\\feat_eng.pkl')
[2023-05-05 14:25:42,156] root - INFO - 
******************** Data Transformation log started ********************


[2023-05-05 14:25:42,156] root - INFO - Obtaining training and test file path.
[2023-05-05 14:25:42,156] root - INFO - Loading training and test data as pandas dataframe.
[2023-05-05 14:25:42,208] root - INFO - Obtaining feature engineering object.
[2023-05-05 14:25:42,208] root - INFO - 
******************** Feature Engneering Started ********************


[2023-05-05 14:25:42,210] root - INFO - Applying feature engineering object on training dataframe and testing dataframe
[2023-05-05 14:25:42,210] root - INFO - Feature Enineering - Train Data 
[2023-05-05 14:25:45,862] root - INFO -  >>>>>>>>>>>>   Missing Fills :  Shipment_Mode,Manufacturing_Site,Country,Brand <<<<<<<<<<
[2023-05-05 14:25:45,874] root - INFO -  >>>>>>>>>>>>  Columns Modififcation Complete  <<<<<<<<<<
[2023-05-05 14:25:45,923] root - INFO - Feature Enineering - Test Data 
[2023-05-05 14:25:46,792] root - INFO -  >>>>>>>>>>>>   Missing Fills :  Shipment_Mode,Manufacturing_Site,Country,Brand <<<<<<<<<<
[2023-05-05 14:25:46,796] root - INFO -  >>>>>>>>>>>>  Columns Modififcation Complete  <<<<<<<<<<
[2023-05-05 14:25:46,817] root - INFO - Obtaining data transformer object.
[2023-05-05 14:25:46,856] root - INFO - Splitting input and target feature from training and testing dataframe.
[2023-05-05 14:25:46,857] root - INFO - Colums before transformer object Index(['Unit_of_Measure_(Per_Pack)', 'Line_Item_Quantity', 'Pack_Price',
       'Unit_Price', 'Weight_Kilograms_Clean', 'Dosage_Form_(e)',
       'Manufacturing_Site_(e)', 'First_Line_Designation_(e)', 'Brand_(e)',
       'Country_(e)', 'Fulfill_Via_(e)', 'Shipment_Mode_(e)',
       'Product_Group_(e)', 'Sub_Classification_(e)', 'Vendor_(e)'],
      dtype='object')
[2023-05-05 14:25:46,857] root - ERROR - 
        Error occured in script: [C:\Users\Admin\Documents\Shipment_pricing_Project\Shipment_Pricing\pipeline\pipeline.py] at 
        line number: [89] 
        error message: [
        Error occured in script: [C:\Users\Admin\Documents\Shipment_pricing_Project\Shipment_Pricing\pipeline\pipeline.py] at 
        line number: [57] 
        error message: [
        Error occured in script: [C:\Users\Admin\Documents\Shipment_pricing_Project\Shipment_Pricing\components\data_transformation.py] at 
        line number: [469] 
        error message: ['Series' object has no attribute 'columns']]]
[2023-05-05 14:25:46,861] root - INFO - 
******************** Data Transformation log completed ********************


