[2023-05-05 11:26:24,287] root - INFO - Training pipleine config: TrainingPipelineConfig(artifact_dir='C:\\Users\\Admin\\Documents\\Shipment_pricing_Project\\shipment\\artifact')
[2023-05-05 11:26:24,287] root - INFO - Data Ingestion config: DataIngestionConfig(dataset_download_url='https://raw.githubusercontent.com/Hitesh-Nimbalkar/Shipment_Pricing_EDA/main/SCMS_Delivery_History_Dataset.csv', raw_data_dir='C:\\Users\\Admin\\Documents\\Shipment_pricing_Project\\shipment\\artifact\\data_ingestion\\2023-05-05-11-26-22\\raw_data', ingested_train_dir='C:\\Users\\Admin\\Documents\\Shipment_pricing_Project\\shipment\\artifact\\data_ingestion\\2023-05-05-11-26-22\\ingested_data\\train', ingested_test_dir='C:\\Users\\Admin\\Documents\\Shipment_pricing_Project\\shipment\\artifact\\data_ingestion\\2023-05-05-11-26-22\\ingested_data\\test')
[2023-05-05 11:26:24,288] root - INFO - >>>>>>>>>>>>>>>>>>>>>>>>>>>>>>>>>>>>>>>>>>>>>>>>>>>>>>>>>>>>Data Ingestion log started.<<<<<<<<<<<<<<<<<<<<<<<<<<<<<<<<<<<<<<<<<<<<<<<<<<<<<<<<<<<< 


[2023-05-05 11:26:24,288] root - INFO - Downloading file from :[https://raw.githubusercontent.com/Hitesh-Nimbalkar/Shipment_Pricing_EDA/main/SCMS_Delivery_History_Dataset.csv] into :[C:\Users\Admin\Documents\Shipment_pricing_Project\shipment\artifact\data_ingestion\2023-05-05-11-26-22\raw_data\SCMS_Delivery_History_Dataset.csv]
[2023-05-05 11:26:25,907] root - INFO - File :[C:\Users\Admin\Documents\Shipment_pricing_Project\shipment\artifact\data_ingestion\2023-05-05-11-26-22\raw_data\SCMS_Delivery_History_Dataset.csv] has been downloaded successfully.
[2023-05-05 11:26:25,907] root - INFO - Reading csv file: [C:\Users\Admin\Documents\Shipment_pricing_Project\shipment\artifact\data_ingestion\2023-05-05-11-26-22\raw_data\SCMS_Delivery_History_Dataset.csv]
[2023-05-05 11:26:25,961] root - INFO - Splitting data into train and test
[2023-05-05 11:26:25,965] root - INFO - Exporting training dataset to file: [C:\Users\Admin\Documents\Shipment_pricing_Project\shipment\artifact\data_ingestion\2023-05-05-11-26-22\ingested_data\train\SCMS_Delivery_History_Dataset.csv]
[2023-05-05 11:26:26,037] root - INFO - Exporting test dataset to file: [C:\Users\Admin\Documents\Shipment_pricing_Project\shipment\artifact\data_ingestion\2023-05-05-11-26-22\ingested_data\test\SCMS_Delivery_History_Dataset.csv]
[2023-05-05 11:26:26,057] root - INFO - Data Ingestion artifact:[DataIngestionArtifact(train_file_path='C:\\Users\\Admin\\Documents\\Shipment_pricing_Project\\shipment\\artifact\\data_ingestion\\2023-05-05-11-26-22\\ingested_data\\train\\SCMS_Delivery_History_Dataset.csv', test_file_path='C:\\Users\\Admin\\Documents\\Shipment_pricing_Project\\shipment\\artifact\\data_ingestion\\2023-05-05-11-26-22\\ingested_data\\test\\SCMS_Delivery_History_Dataset.csv', is_ingested=True, message='Data ingestion completed successfully.')]
[2023-05-05 11:26:26,059] root - INFO - >>>>>>>>>>>>>>>>>>>>>>>>>>>>>>>>>>>>>>>>>>>>>>>>>>>>>>>>>>>>Data Validation log started.<<<<<<<<<<<<<<<<<<<<<<<<<<<<<<<<<<<<<<<<<<<<<<<<<<<<<<<<<<<< 


[2023-05-05 11:26:26,066] root - INFO - Validation Process Started
[2023-05-05 11:26:26,249] root - INFO - Train_set status|is Train filename validated?: True|is train column name validated?: True|whole missing columns?True
[2023-05-05 11:26:26,249] root - INFO - Test_set status|is Test filename validated?: True|is test column names validated? True| whole missing columns? True
[2023-05-05 11:26:26,249] root - INFO - Validation Process Completed
[2023-05-05 11:26:26,249] root - INFO - Data validation artifact: DataValidationArtifact(schema_file_path='C:\\Users\\Admin\\Documents\\Shipment_pricing_Project\\config\\schema.yaml', is_validated=True, message='Data validation performed')
[2023-05-05 11:26:26,249] root - INFO - >>>>>>>>>>>>>>>>>>>>>>>>>>>>>>>>>>>>>>>>>>>>>>>>>>>>>>>>>>>>Data Validation log completed.<<<<<<<<<<<<<<<<<<<<<<<<<<<<<<<<<<<<<<<<<<<<<<<<<<<<<<<<<<<<
[2023-05-05 11:26:26,249] root - INFO - Data Transformation Config: DataTransformationConfig(transformed_train_dir='C:\\Users\\Admin\\Documents\\Shipment_pricing_Project\\shipment\\artifact\\data_transformation\\2023-05-05-11-26-22\\transformed_data\\train', transformed_test_dir='C:\\Users\\Admin\\Documents\\Shipment_pricing_Project\\shipment\\artifact\\data_transformation\\2023-05-05-11-26-22\\transformed_data\\test', preprocessed_object_file_path='C:\\Users\\Admin\\Documents\\Shipment_pricing_Project\\shipment\\artifact\\data_transformation\\2023-05-05-11-26-22\\preprocessed\\preprocessed.pkl', feature_engineering_object_file_path='C:\\Users\\Admin\\Documents\\Shipment_pricing_Project\\shipment\\artifact\\data_transformation\\2023-05-05-11-26-22\\preprocessed\\feat_eng.pkl')
[2023-05-05 11:26:26,249] root - INFO - 
******************** Data Transformation log started ********************


[2023-05-05 11:26:26,249] root - INFO - Obtaining training and test file path.
[2023-05-05 11:26:26,249] root - INFO - Loading training and test data as pandas dataframe.
[2023-05-05 11:26:26,300] root - INFO - Obtaining feature engineering object.
[2023-05-05 11:26:26,300] root - INFO - 
******************** Feature Engneering Started ********************


[2023-05-05 11:26:26,301] root - INFO - Applying feature engineering object on training dataframe and testing dataframe
[2023-05-05 11:26:26,301] root - INFO - Feature Enineering - Train Data 
[2023-05-05 11:26:30,090] root - INFO -  >>>>>>>>>>>>   Missing Fills :  Shipment_Mode,Manufacturing_Site,Country,Brand <<<<<<<<<<
[2023-05-05 11:26:30,103] root - INFO -  >>>>>>>>>>>>  Columns Modififcation Complete  <<<<<<<<<<
[2023-05-05 11:26:30,143] root - INFO - Feature Enineering - Test Data 
[2023-05-05 11:26:31,036] root - INFO -  >>>>>>>>>>>>   Missing Fills :  Shipment_Mode,Manufacturing_Site,Country,Brand <<<<<<<<<<
[2023-05-05 11:26:31,041] root - INFO -  >>>>>>>>>>>>  Columns Modififcation Complete  <<<<<<<<<<
[2023-05-05 11:26:31,087] root - INFO - Obtaining preprocessing object.
[2023-05-05 11:26:31,090] root - INFO - Colums before transformer object Index(['Unit_of_Measure_(Per_Pack)', 'Line_Item_Quantity', 'Pack_Price',
       'Unit_Price', 'Freight_Cost_USD_Clean', 'Weight_Kilograms_Clean',
       'Shipment_mode', 'Manufacturing_site', 'Country', 'Dosage_Form',
       'First_Line_Designation', 'Fulfill_via', 'Sub_Classification', 'Brand'],
      dtype='object')
[2023-05-05 11:26:31,090] root - INFO - Applying preprocessing object on training dataframe and testing dataframe
[2023-05-05 11:26:31,134] root - INFO - Converting preprocessed array into dataframe
[2023-05-05 11:26:31,304] root - INFO - Transformed Train and Transformed test file saved
[2023-05-05 11:26:31,304] root - INFO - Saving Feature Engineering Object
[2023-05-05 11:26:31,306] root - INFO - Saving Preprocessing Object
[2023-05-05 11:26:31,310] root - INFO - Data Transformation Artifact: DataTransformationArtifact(is_transformed=True, message='Data transformation successfull.', transformed_train_file_path='C:\\Users\\Admin\\Documents\\Shipment_pricing_Project\\shipment\\artifact\\data_transformation\\2023-05-05-11-26-22\\transformed_data\\train\\transformed_train.csv', transformed_test_file_path='C:\\Users\\Admin\\Documents\\Shipment_pricing_Project\\shipment\\artifact\\data_transformation\\2023-05-05-11-26-22\\transformed_data\\test\\transformed_test.csv', preprocessed_object_file_path='C:\\Users\\Admin\\Documents\\Shipment_pricing_Project\\shipment\\artifact\\data_transformation\\2023-05-05-11-26-22\\preprocessed\\preprocessed.pkl', feature_engineering_object_file_path='C:\\Users\\Admin\\Documents\\Shipment_pricing_Project\\shipment\\artifact\\data_transformation\\2023-05-05-11-26-22\\preprocessed\\feat_eng.pkl')
[2023-05-05 11:26:31,317] root - INFO - 
******************** Data Transformation log completed ********************


[2023-05-05 11:26:31,317] root - INFO - Model Trainer Config : ModelTrainerConfig(trained_model_file_path='C:\\Users\\Admin\\Documents\\Shipment_pricing_Project\\shipment\\artifact\\model_training\\2023-05-05-11-26-22\\trained_model\\model.pkl')
[2023-05-05 11:26:31,317] root - INFO - 
******************** Model Training started ********************


[2023-05-05 11:26:31,318] root - INFO - Finding transformed Training and Test
[2023-05-05 11:26:31,318] root - INFO - Transformed Data found!!! Now, converting it into dataframe
[2023-05-05 11:26:31,399] root - INFO - Splitting Input features and Target Feature for train and test data
[2023-05-05 11:26:31,399] root - ERROR - 
        Error occured in script: [C:\Users\Admin\Documents\Shipment_pricing_Project\Shipment_Pricing\pipeline\pipeline.py] at 
        line number: [91] 
        error message: [
        Error occured in script: [C:\Users\Admin\Documents\Shipment_pricing_Project\Shipment_Pricing\pipeline\pipeline.py] at 
        line number: [66] 
        error message: [
        Error occured in script: [C:\Users\Admin\Documents\Shipment_pricing_Project\Shipment_Pricing\components\model_trainer.py] at 
        line number: [175] 
        error message: ['Freight_Cost_USD_Clean']]]
[2023-05-05 11:26:31,402] root - INFO - 
******************** Model Training log completed ********************


