[2023-05-07 11:44:41,190] root - INFO - Training pipleine config: TrainingPipelineConfig(artifact_dir='C:\\Users\\Admin\\Documents\\Shipment_pricing_Project\\shipment\\artifact')
[2023-05-07 11:44:41,190] root - INFO - Data Ingestion config: DataIngestionConfig(dataset_download_url='https://raw.githubusercontent.com/Hitesh-Nimbalkar/Shipment_Pricing_EDA/main/SCMS_Delivery_History_Dataset.csv', raw_data_dir='C:\\Users\\Admin\\Documents\\Shipment_pricing_Project\\shipment\\artifact\\data_ingestion\\2023-05-07-11-44-40\\raw_data', ingested_train_dir='C:\\Users\\Admin\\Documents\\Shipment_pricing_Project\\shipment\\artifact\\data_ingestion\\2023-05-07-11-44-40\\ingested_data\\train', ingested_test_dir='C:\\Users\\Admin\\Documents\\Shipment_pricing_Project\\shipment\\artifact\\data_ingestion\\2023-05-07-11-44-40\\ingested_data\\test')
[2023-05-07 11:44:41,191] root - INFO - >>>>>>>>>>>>>>>>>>>>>>>>>>>>>>>>>>>>>>>>>>>>>>>>>>>>>>>>>>>>Data Ingestion log started.<<<<<<<<<<<<<<<<<<<<<<<<<<<<<<<<<<<<<<<<<<<<<<<<<<<<<<<<<<<< 


[2023-05-07 11:44:41,191] root - INFO - Downloading file from :[https://raw.githubusercontent.com/Hitesh-Nimbalkar/Shipment_Pricing_EDA/main/SCMS_Delivery_History_Dataset.csv] into :[C:\Users\Admin\Documents\Shipment_pricing_Project\shipment\artifact\data_ingestion\2023-05-07-11-44-40\raw_data\SCMS_Delivery_History_Dataset.csv]
[2023-05-07 11:44:43,194] root - INFO - File :[C:\Users\Admin\Documents\Shipment_pricing_Project\shipment\artifact\data_ingestion\2023-05-07-11-44-40\raw_data\SCMS_Delivery_History_Dataset.csv] has been downloaded successfully.
[2023-05-07 11:44:43,195] root - INFO - Reading csv file: [C:\Users\Admin\Documents\Shipment_pricing_Project\shipment\artifact\data_ingestion\2023-05-07-11-44-40\raw_data\SCMS_Delivery_History_Dataset.csv]
[2023-05-07 11:44:43,248] root - INFO - Splitting data into train and test
[2023-05-07 11:44:43,251] root - INFO - Exporting training dataset to file: [C:\Users\Admin\Documents\Shipment_pricing_Project\shipment\artifact\data_ingestion\2023-05-07-11-44-40\ingested_data\train\SCMS_Delivery_History_Dataset.csv]
[2023-05-07 11:44:43,324] root - INFO - Exporting test dataset to file: [C:\Users\Admin\Documents\Shipment_pricing_Project\shipment\artifact\data_ingestion\2023-05-07-11-44-40\ingested_data\test\SCMS_Delivery_History_Dataset.csv]
[2023-05-07 11:44:43,342] root - INFO - Data Ingestion artifact:[DataIngestionArtifact(train_file_path='C:\\Users\\Admin\\Documents\\Shipment_pricing_Project\\shipment\\artifact\\data_ingestion\\2023-05-07-11-44-40\\ingested_data\\train\\SCMS_Delivery_History_Dataset.csv', test_file_path='C:\\Users\\Admin\\Documents\\Shipment_pricing_Project\\shipment\\artifact\\data_ingestion\\2023-05-07-11-44-40\\ingested_data\\test\\SCMS_Delivery_History_Dataset.csv', is_ingested=True, message='Data ingestion completed successfully.')]
[2023-05-07 11:44:43,344] root - INFO - >>>>>>>>>>>>>>>>>>>>>>>>>>>>>>>>>>>>>>>>>>>>>>>>>>>>>>>>>>>>Data Validation log started.<<<<<<<<<<<<<<<<<<<<<<<<<<<<<<<<<<<<<<<<<<<<<<<<<<<<<<<<<<<< 


[2023-05-07 11:44:43,351] root - INFO - Validation Process Started
[2023-05-07 11:44:43,556] root - INFO - Train_set status|is Train filename validated?: True|is train column name validated?: True|whole missing columns?True
[2023-05-07 11:44:43,556] root - INFO - Test_set status|is Test filename validated?: True|is test column names validated? True| whole missing columns? True
[2023-05-07 11:44:43,556] root - INFO - Validation Process Completed
[2023-05-07 11:44:43,557] root - INFO - Data validation artifact: DataValidationArtifact(schema_file_path='C:\\Users\\Admin\\Documents\\Shipment_pricing_Project\\config\\schema.yaml', is_validated=True, message='Data validation performed')
[2023-05-07 11:44:43,557] root - INFO - >>>>>>>>>>>>>>>>>>>>>>>>>>>>>>>>>>>>>>>>>>>>>>>>>>>>>>>>>>>>Data Validation log completed.<<<<<<<<<<<<<<<<<<<<<<<<<<<<<<<<<<<<<<<<<<<<<<<<<<<<<<<<<<<<
[2023-05-07 11:44:43,557] root - INFO - Data Transformation Config: DataTransformationConfig(transformed_train_dir='C:\\Users\\Admin\\Documents\\Shipment_pricing_Project\\shipment\\artifact\\data_transformation\\2023-05-07-11-44-40\\transformed_data\\train', transformed_test_dir='C:\\Users\\Admin\\Documents\\Shipment_pricing_Project\\shipment\\artifact\\data_transformation\\2023-05-07-11-44-40\\transformed_data\\test', preprocessed_object_file_path='C:\\Users\\Admin\\Documents\\Shipment_pricing_Project\\shipment\\artifact\\data_transformation\\2023-05-07-11-44-40\\preprocessed\\preprocessed.pkl', feature_engineering_object_file_path='C:\\Users\\Admin\\Documents\\Shipment_pricing_Project\\shipment\\artifact\\data_transformation\\2023-05-07-11-44-40\\preprocessed\\feat_eng.pkl')
[2023-05-07 11:44:43,557] root - INFO - 
******************** Data Transformation log started ********************


[2023-05-07 11:44:43,557] root - INFO - Obtaining training and test file path.
[2023-05-07 11:44:43,557] root - INFO - Loading training and test data as pandas dataframe.
[2023-05-07 11:44:43,610] root - INFO - Extracting train column name ['ID', 'Project_Code', 'PQ', 'PO/SO', 'ASN/DN', 'Country', 'Managed_By', 'Fulfill_Via', 'Vendor_INCO_Term', 'Shipment_Mode', 'PQ_First_Sent_to_Client_Date', 'PO_Sent_to_Vendor_Date', 'Scheduled_Delivery_Date', 'Delivered_to_Client_Date', 'Delivery_Recorded_Date', 'Product_Group', 'Sub_Classification', 'Vendor', 'Item_Description', 'Molecule/Test_Type', 'Brand', 'Dosage', 'Dosage_Form', 'Unit_of_Measure_(Per_Pack)', 'Line_Item_Quantity', 'Line_Item_Value', 'Pack_Price', 'Unit_Price', 'Manufacturing_Site', 'First_Line_Designation', 'Weight_(Kilograms)', 'Freight_Cost_(USD)', 'Line_Item_Insurance_(USD)']
[2023-05-07 11:44:43,610] root - INFO - Obtaining feature engineering object.
[2023-05-07 11:44:43,610] root - INFO - 
******************** Feature Engneering Started ********************


[2023-05-07 11:44:43,610] root - INFO - Applying feature engineering object on training dataframe and testing dataframe
[2023-05-07 11:44:43,610] root - INFO - Feature Enineering - Train Data 
[2023-05-07 11:44:47,237] root - INFO - Weight and Freight Cost Data Clean Completed
[2023-05-07 11:44:47,239] root - INFO - Drop Columns Complete
[2023-05-07 11:44:47,291] root - INFO -  >>>>>>>>>>>>  Columns Modififcation Complete  <<<<<<<<<<
[2023-05-07 11:44:47,292] root - INFO - Outlier Detection
[2023-05-07 11:44:47,337] root - INFO - Outlier Detection Complete
[2023-05-07 11:44:47,362] root - INFO - Columns before encoding: Index(['Country', 'Fulfill_Via', 'Shipment_Mode', 'Sub_Classification',
       'Brand', 'Dosage_Form', 'Line_Item_Quantity', 'Pack_Price',
       'Unit_Price', 'First_Line_Designation', 'Freight_Cost_USD_Clean',
       'Weight_Kilograms_Clean'],
      dtype='object')
[2023-05-07 11:44:47,363] root - INFO - Unique values of Country: ["Côte d'Ivoire" 'Congo, DRC' 'Zambia' 'Mozambique' 'Haiti' 'Ghana'
 'Tanzania' 'Rwanda' 'Ethiopia' 'Zimbabwe' 'Vietnam' 'Nigeria' 'Kenya'
 'South Africa' 'Uganda' 'South Sudan' 'Sudan' 'Others' 'Guyana'
 'Cameroon' 'Dominican Republic' 'Burundi' 'Namibia' 'Botswana']
[2023-05-07 11:44:47,363] root - INFO - 

[2023-05-07 11:44:47,363] root - INFO - Number of unique values of Country: 24
[2023-05-07 11:44:47,363] root - INFO - Unique values of Fulfill_Via: ['From RDC' 'Direct Drop']
[2023-05-07 11:44:47,363] root - INFO - 

[2023-05-07 11:44:47,363] root - INFO - Number of unique values of Fulfill_Via: 2
[2023-05-07 11:44:47,363] root - INFO - Unique values of Shipment_Mode: ['Truck' 'Air' 'Ocean' 'Air Charter']
[2023-05-07 11:44:47,363] root - INFO - 

[2023-05-07 11:44:47,363] root - INFO - Number of unique values of Shipment_Mode: 4
[2023-05-07 11:44:47,364] root - INFO - Unique values of Sub_Classification: ['Pediatric' 'Adult' 'HIV test' 'HIV test - Ancillary' 'ACT' 'Malaria']
[2023-05-07 11:44:47,364] root - INFO - 

[2023-05-07 11:44:47,364] root - INFO - Number of unique values of Sub_Classification: 6
[2023-05-07 11:44:47,364] root - INFO - Unique values of Brand: ['Generic' 'Truvada' 'Uni-Gold' 'Others' 'Determine' 'Colloidal Gold'
 'Aluvia' 'Norvir' 'Kaletra' 'Stat-Pak' 'Bioline']
[2023-05-07 11:44:47,364] root - INFO - 

[2023-05-07 11:44:47,364] root - INFO - Number of unique values of Brand: 11
[2023-05-07 11:44:47,364] root - INFO - Unique values of Dosage_Form: ['Tablet' 'Test kit' 'Capsule' 'Oral' 'Injection']
[2023-05-07 11:44:47,364] root - INFO - 

[2023-05-07 11:44:47,364] root - INFO - Number of unique values of Dosage_Form: 5
[2023-05-07 11:44:47,364] root - INFO - Unique values of First_Line_Designation: ['Yes' 'No']
[2023-05-07 11:44:47,365] root - INFO - 

[2023-05-07 11:44:47,365] root - INFO - Number of unique values of First_Line_Designation: 2
[2023-05-07 11:44:47,365] root - INFO - Mapping for Country: {"Côte d'Ivoire": 0, 'Congo, DRC': 1, 'Zambia': 2, 'Mozambique': 3, 'Haiti': 4, 'Ghana': 5, 'Tanzania': 6, 'Rwanda': 7, 'Ethiopia': 8, 'Zimbabwe': 9, 'Vietnam': 10, 'Nigeria': 11, 'Kenya': 12, 'South Africa': 13, 'Uganda': 14, 'South Sudan': 15, 'Sudan': 16, 'Others': 17, 'Guyana': 18, 'Cameroon': 19, 'Dominican Republic': 20, 'Burundi': 21, 'Namibia': 22, 'Botswana': 23}
[2023-05-07 11:44:47,365] root - INFO - Mapping for Fulfill_Via: {'From RDC': 0, 'Direct Drop': 1}
[2023-05-07 11:44:47,365] root - INFO - Mapping for Shipment_Mode: {'Truck': 0, 'Air': 1, 'Ocean': 2, 'Air Charter': 3}
[2023-05-07 11:44:47,366] root - INFO - Mapping for Sub_Classification: {'Pediatric': 0, 'Adult': 1, 'HIV test': 2, 'HIV test - Ancillary': 3, 'ACT': 4, 'Malaria': 5}
[2023-05-07 11:44:47,366] root - INFO - Mapping for Brand: {'Generic': 0, 'Truvada': 1, 'Uni-Gold': 2, 'Others': 3, 'Determine': 4, 'Colloidal Gold': 5, 'Aluvia': 6, 'Norvir': 7, 'Kaletra': 8, 'Stat-Pak': 9, 'Bioline': 10}
[2023-05-07 11:44:47,366] root - INFO - Mapping for Dosage_Form: {'Tablet': 0, 'Test kit': 1, 'Capsule': 2, 'Oral': 3, 'Injection': 4}
[2023-05-07 11:44:47,366] root - INFO - Mapping for First_Line_Designation: {'Yes': 0, 'No': 1}
[2023-05-07 11:44:47,368] root - INFO - Encoded values of Country: 1        0
5        1
6        2
7        3
9        4
        ..
8250    10
8251    19
8252    18
8253    10
8255     6
Name: Country, Length: 6490, dtype: int64
[2023-05-07 11:44:47,369] root - INFO - Encoded values of Fulfill_Via: 1       0
5       0
6       0
7       1
9       1
       ..
8250    1
8251    1
8252    1
8253    1
8255    1
Name: Fulfill_Via, Length: 6490, dtype: int64
[2023-05-07 11:44:47,369] root - INFO - Encoded values of Shipment_Mode: 1       0
5       1
6       1
7       1
9       2
       ..
8250    1
8251    1
8252    1
8253    1
8255    1
Name: Shipment_Mode, Length: 6490, dtype: int64
[2023-05-07 11:44:47,370] root - INFO - Encoded values of Sub_Classification: 1       0
5       1
6       1
7       2
9       1
       ..
8250    1
8251    1
8252    2
8253    0
8255    2
Name: Sub_Classification, Length: 6490, dtype: int64
[2023-05-07 11:44:47,371] root - INFO - Encoded values of Brand: 1       0
5       0
6       1
7       2
9       0
       ..
8250    6
8251    0
8252    2
8253    0
8255    4
Name: Brand, Length: 6490, dtype: int64
[2023-05-07 11:44:47,372] root - INFO - Encoded values of Dosage_Form: 1       0
5       0
6       0
7       1
9       0
       ..
8250    0
8251    0
8252    1
8253    0
8255    1
Name: Dosage_Form, Length: 6490, dtype: int64
[2023-05-07 11:44:47,372] root - INFO - Encoded values of First_Line_Designation: 1       0
5       0
6       0
7       0
9       0
       ..
8250    0
8251    1
8252    0
8253    0
8255    0
Name: First_Line_Designation, Length: 6490, dtype: int64
[2023-05-07 11:44:47,392] root - INFO - Data Modified  Completed and Saved 
[2023-05-07 11:44:47,392] root - INFO - New Column Order ['Pack_Price', 'Unit_Price', 'Weight_Kilograms_Clean', 'Line_Item_Quantity', 'Fulfill_Via', 'Shipment_Mode', 'Country', 'Sub_Classification', 'Dosage_Form', 'First_Line_Designation', 'Freight_Cost_USD_Clean']
[2023-05-07 11:44:47,394] root - INFO - Datatypes : Pack_Price                float64
Unit_Price                float64
Weight_Kilograms_Clean    float64
Line_Item_Quantity          int64
Fulfill_Via                 int64
Shipment_Mode               int64
Country                     int64
Sub_Classification          int64
Dosage_Form                 int64
First_Line_Designation      int64
Freight_Cost_USD_Clean    float64
dtype: object
[2023-05-07 11:44:47,414] root - INFO - Columns : Index(['Pack_Price', 'Unit_Price', 'Weight_Kilograms_Clean',
       'Line_Item_Quantity', 'Fulfill_Via', 'Shipment_Mode', 'Country',
       'Sub_Classification', 'Dosage_Form', 'First_Line_Designation',
       'Freight_Cost_USD_Clean'],
      dtype='object')
[2023-05-07 11:44:47,414] root - INFO - Feature Enineering - Test Data 
[2023-05-07 11:44:48,306] root - INFO - Weight and Freight Cost Data Clean Completed
[2023-05-07 11:44:48,306] root - INFO - Drop Columns Complete
[2023-05-07 11:44:48,342] root - INFO -  >>>>>>>>>>>>  Columns Modififcation Complete  <<<<<<<<<<
[2023-05-07 11:44:48,342] root - INFO - Outlier Detection
[2023-05-07 11:44:48,398] root - INFO - Outlier Detection Complete
[2023-05-07 11:44:48,405] root - INFO - Columns before encoding: Index(['Country', 'Fulfill_Via', 'Shipment_Mode', 'Sub_Classification',
       'Brand', 'Dosage_Form', 'Line_Item_Quantity', 'Pack_Price',
       'Unit_Price', 'First_Line_Designation', 'Freight_Cost_USD_Clean',
       'Weight_Kilograms_Clean'],
      dtype='object')
[2023-05-07 11:44:48,405] root - INFO - Unique values of Country: ['Zambia' 'Ethiopia' 'Nigeria' 'Tanzania' "Côte d'Ivoire" 'Mozambique'
 'Others' 'Zimbabwe' 'South Africa' 'Rwanda' 'Haiti' 'Vietnam' 'Uganda']
[2023-05-07 11:44:48,405] root - INFO - 

[2023-05-07 11:44:48,406] root - INFO - Number of unique values of Country: 13
[2023-05-07 11:44:48,406] root - INFO - Unique values of Fulfill_Via: ['From RDC' 'Direct Drop']
[2023-05-07 11:44:48,406] root - INFO - 

[2023-05-07 11:44:48,406] root - INFO - Number of unique values of Fulfill_Via: 2
[2023-05-07 11:44:48,406] root - INFO - Unique values of Shipment_Mode: ['Truck' 'Air' 'Air Charter' 'Ocean']
[2023-05-07 11:44:48,406] root - INFO - 

[2023-05-07 11:44:48,406] root - INFO - Number of unique values of Shipment_Mode: 4
[2023-05-07 11:44:48,406] root - INFO - Unique values of Sub_Classification: ['Adult' 'Pediatric' 'HIV test' 'HIV test - Ancillary' 'Malaria' 'ACT']
[2023-05-07 11:44:48,406] root - INFO - 

[2023-05-07 11:44:48,406] root - INFO - Number of unique values of Sub_Classification: 6
[2023-05-07 11:44:48,406] root - INFO - Unique values of Brand: ['Generic' 'Others' 'Determine' 'Uni-Gold']
[2023-05-07 11:44:48,406] root - INFO - 

[2023-05-07 11:44:48,406] root - INFO - Number of unique values of Brand: 4
[2023-05-07 11:44:48,406] root - INFO - Unique values of Dosage_Form: ['Tablet' 'Test kit' 'Oral' 'Capsule']
[2023-05-07 11:44:48,406] root - INFO - 

[2023-05-07 11:44:48,406] root - INFO - Number of unique values of Dosage_Form: 4
[2023-05-07 11:44:48,406] root - INFO - Unique values of First_Line_Designation: ['Yes' 'No']
[2023-05-07 11:44:48,406] root - INFO - 

[2023-05-07 11:44:48,406] root - INFO - Number of unique values of First_Line_Designation: 2
[2023-05-07 11:44:48,407] root - INFO - Mapping for Country: {'Zambia': 0, 'Ethiopia': 1, 'Nigeria': 2, 'Tanzania': 3, "Côte d'Ivoire": 4, 'Mozambique': 5, 'Others': 6, 'Zimbabwe': 7, 'South Africa': 8, 'Rwanda': 9, 'Haiti': 10, 'Vietnam': 11, 'Uganda': 12}
[2023-05-07 11:44:48,407] root - INFO - Mapping for Fulfill_Via: {'From RDC': 0, 'Direct Drop': 1}
[2023-05-07 11:44:48,407] root - INFO - Mapping for Shipment_Mode: {'Truck': 0, 'Air': 1, 'Air Charter': 2, 'Ocean': 3}
[2023-05-07 11:44:48,407] root - INFO - Mapping for Sub_Classification: {'Adult': 0, 'Pediatric': 1, 'HIV test': 2, 'HIV test - Ancillary': 3, 'Malaria': 4, 'ACT': 5}
[2023-05-07 11:44:48,407] root - INFO - Mapping for Brand: {'Generic': 0, 'Others': 1, 'Determine': 2, 'Uni-Gold': 3}
[2023-05-07 11:44:48,407] root - INFO - Mapping for Dosage_Form: {'Tablet': 0, 'Test kit': 1, 'Oral': 2, 'Capsule': 3}
[2023-05-07 11:44:48,407] root - INFO - Mapping for First_Line_Designation: {'Yes': 0, 'No': 1}
[2023-05-07 11:44:48,408] root - INFO - Encoded values of Country: 0       0
1       1
3       2
5       3
6       4
       ..
2059    5
2060    9
2061    6
2062    8
2064    5
Name: Country, Length: 1297, dtype: int64
[2023-05-07 11:44:48,409] root - INFO - Encoded values of Fulfill_Via: 0       0
1       0
3       0
5       0
6       1
       ..
2059    0
2060    0
2061    1
2062    1
2064    0
Name: Fulfill_Via, Length: 1297, dtype: int64
[2023-05-07 11:44:48,410] root - INFO - Encoded values of Shipment_Mode: 0       0
1       1
3       2
5       0
6       1
       ..
2059    1
2060    0
2061    1
2062    3
2064    0
Name: Shipment_Mode, Length: 1297, dtype: int64
[2023-05-07 11:44:48,411] root - INFO - Encoded values of Sub_Classification: 0       0
1       0
3       0
5       1
6       2
       ..
2059    0
2060    1
2061    2
2062    1
2064    0
Name: Sub_Classification, Length: 1297, dtype: int64
[2023-05-07 11:44:48,411] root - INFO - Encoded values of Brand: 0       0
1       1
3       0
5       0
6       1
       ..
2059    0
2060    0
2061    2
2062    0
2064    0
Name: Brand, Length: 1297, dtype: int64
[2023-05-07 11:44:48,412] root - INFO - Encoded values of Dosage_Form: 0       0
1       0
3       0
5       0
6       1
       ..
2059    0
2060    2
2061    1
2062    2
2064    0
Name: Dosage_Form, Length: 1297, dtype: int64
[2023-05-07 11:44:48,412] root - INFO - Encoded values of First_Line_Designation: 0       0
1       0
3       0
5       0
6       0
       ..
2059    0
2060    0
2061    0
2062    0
2064    0
Name: First_Line_Designation, Length: 1297, dtype: int64
[2023-05-07 11:44:48,417] root - INFO - Data Modified  Completed and Saved 
[2023-05-07 11:44:48,417] root - INFO - New Column Order ['Pack_Price', 'Unit_Price', 'Weight_Kilograms_Clean', 'Line_Item_Quantity', 'Fulfill_Via', 'Shipment_Mode', 'Country', 'Sub_Classification', 'Dosage_Form', 'First_Line_Designation', 'Freight_Cost_USD_Clean']
[2023-05-07 11:44:48,420] root - INFO - Datatypes : Pack_Price                float64
Unit_Price                float64
Weight_Kilograms_Clean    float64
Line_Item_Quantity          int64
Fulfill_Via                 int64
Shipment_Mode               int64
Country                     int64
Sub_Classification          int64
Dosage_Form                 int64
First_Line_Designation      int64
Freight_Cost_USD_Clean    float64
dtype: object
[2023-05-07 11:44:48,424] root - INFO - Columns : Index(['Pack_Price', 'Unit_Price', 'Weight_Kilograms_Clean',
       'Line_Item_Quantity', 'Fulfill_Via', 'Shipment_Mode', 'Country',
       'Sub_Classification', 'Dosage_Form', 'First_Line_Designation',
       'Freight_Cost_USD_Clean'],
      dtype='object')
[2023-05-07 11:44:48,424] root - INFO - Converting featured engineered array into dataframe.
[2023-05-07 11:44:48,424] root - INFO - Columns for Feature Engineering : ['Pack_Price', 'Unit_Price', 'Weight_Kilograms_Clean', 'Line_Item_Quantity', 'Fulfill_Via', 'Shipment_Mode', 'Country', 'Sub_Classification', 'Dosage_Form', 'First_Line_Designation', 'Freight_Cost_USD_Clean']
[2023-05-07 11:44:48,424] root - INFO - Feature Engineering - Train Completed
[2023-05-07 11:44:48,424] root - INFO - Saving feature engineered training and testing dataframe.
[2023-05-07 11:44:48,480] root - INFO - Applying preprocessing object on training dataframe and testing dataframe
[2023-05-07 11:44:48,480] root - INFO - Creating Data Transformer Object
[2023-05-07 11:44:48,492] root - INFO - Saving Transformed Train and Transformed test file
[2023-05-07 11:44:48,540] root - INFO - Transformed Train and Transformed test file saved
[2023-05-07 11:44:48,540] root - INFO - Saving Feature Engineering Object
[2023-05-07 11:44:48,541] root - INFO - Saving Preprocessing Object
[2023-05-07 11:44:48,544] root - INFO - Data Transformation Artifact: DataTransformationArtifact(is_transformed=True, message='Data transformation successfull.', transformed_train_file_path='C:\\Users\\Admin\\Documents\\Shipment_pricing_Project\\shipment\\artifact\\data_transformation\\2023-05-07-11-44-40\\transformed_data\\train\\transformed_train.csv', transformed_test_file_path='C:\\Users\\Admin\\Documents\\Shipment_pricing_Project\\shipment\\artifact\\data_transformation\\2023-05-07-11-44-40\\transformed_data\\test\\transformed_test.csv', preprocessed_object_file_path='C:\\Users\\Admin\\Documents\\Shipment_pricing_Project\\shipment\\artifact\\data_transformation\\2023-05-07-11-44-40\\preprocessed\\preprocessed.pkl', feature_engineering_object_file_path='C:\\Users\\Admin\\Documents\\Shipment_pricing_Project\\shipment\\artifact\\data_transformation\\2023-05-07-11-44-40\\preprocessed\\feat_eng.pkl')
[2023-05-07 11:44:48,546] root - INFO - 
******************** Data Transformation log completed ********************


[2023-05-07 11:44:48,546] root - INFO - Model Trainer Config : ModelTrainerConfig(trained_model_file_path='C:\\Users\\Admin\\Documents\\Shipment_pricing_Project\\shipment\\artifact\\model_training\\2023-05-07-11-44-40\\trained_model\\model.pkl')
[2023-05-07 11:44:48,546] root - INFO - 
******************** Model Training started ********************


[2023-05-07 11:44:48,546] root - INFO - Finding transformed Training and Test
[2023-05-07 11:44:48,546] root - INFO - Transformed Data found!!! Now, converting it into dataframe
[2023-05-07 11:44:48,575] root - INFO - Splitting Input features and Target Feature for train and test data
[2023-05-07 11:44:48,576] root - INFO - Best Model Finder function called
[2023-05-07 11:44:48,576] root - INFO - Fitting Decision Tree...
[2023-05-07 11:44:50,660] root - INFO - Results for Decision Tree:
[2023-05-07 11:44:50,660] root - INFO - Best hyperparameters: {'max_depth': 60, 'min_samples_leaf': 5}
[2023-05-07 11:44:50,660] root - INFO - Mean squared error: 333296277.2434
[2023-05-07 11:44:50,660] root - INFO - R2 score: 57.2806
[2023-05-07 11:44:50,660] root - INFO - Time taken: 00:00:02

[2023-05-07 11:44:50,660] root - INFO - Fitting Random Forest...
[2023-05-07 11:47:06,270] root - INFO - Results for Random Forest:
[2023-05-07 11:47:06,270] root - INFO - Best hyperparameters: {'max_depth': 20, 'n_estimators': 170}
[2023-05-07 11:47:06,270] root - INFO - Mean squared error: 223342523.6771
[2023-05-07 11:47:06,270] root - INFO - R2 score: 67.6981
[2023-05-07 11:47:06,270] root - INFO - Time taken: 00:02:15

[2023-05-07 11:47:06,270] root - INFO - Fitting XG_Boost...
[2023-05-07 11:48:52,872] root - INFO - Results for XG_Boost:
[2023-05-07 11:48:52,872] root - INFO - Best hyperparameters: {'learning_rate': 0.1, 'max_depth': 9, 'n_estimators': 100}
[2023-05-07 11:48:52,872] root - INFO - Mean squared error: 254840160.7557
[2023-05-07 11:48:52,872] root - INFO - R2 score: 66.8182
[2023-05-07 11:48:52,872] root - INFO - Time taken: 00:01:46

[2023-05-07 11:48:52,874] root - ERROR - 
        Error occured in script: [C:\Users\Admin\Documents\Shipment_pricing_Project\Shipment_Pricing\pipeline\pipeline.py] at 
        line number: [91] 
        error message: [
        Error occured in script: [C:\Users\Admin\Documents\Shipment_pricing_Project\Shipment_Pricing\pipeline\pipeline.py] at 
        line number: [66] 
        error message: [
        Error occured in script: [C:\Users\Admin\Documents\Shipment_pricing_Project\Shipment_Pricing\components\model_trainer.py] at 
        line number: [125] 
        error message: [sklearn.base.BaseEstimator.set_params() argument after ** must be a mapping, not str]]]
[2023-05-07 11:48:52,877] root - INFO - 
******************** Model Training log completed ********************


