[2023-05-07 13:31:32,609] root - INFO - Training pipleine config: TrainingPipelineConfig(artifact_dir='C:\\Users\\Admin\\Documents\\Shipment_pricing_Project\\shipment\\artifact')
[2023-05-07 13:31:32,609] root - INFO - Data Ingestion config: DataIngestionConfig(dataset_download_url='https://raw.githubusercontent.com/Hitesh-Nimbalkar/Shipment_Pricing_EDA/main/SCMS_Delivery_History_Dataset.csv', raw_data_dir='C:\\Users\\Admin\\Documents\\Shipment_pricing_Project\\shipment\\artifact\\data_ingestion\\2023-05-07-13-31-31\\raw_data', ingested_train_dir='C:\\Users\\Admin\\Documents\\Shipment_pricing_Project\\shipment\\artifact\\data_ingestion\\2023-05-07-13-31-31\\ingested_data\\train', ingested_test_dir='C:\\Users\\Admin\\Documents\\Shipment_pricing_Project\\shipment\\artifact\\data_ingestion\\2023-05-07-13-31-31\\ingested_data\\test')
[2023-05-07 13:31:32,611] root - INFO - >>>>>>>>>>>>>>>>>>>>>>>>>>>>>>>>>>>>>>>>>>>>>>>>>>>>>>>>>>>>Data Ingestion log started.<<<<<<<<<<<<<<<<<<<<<<<<<<<<<<<<<<<<<<<<<<<<<<<<<<<<<<<<<<<< 


[2023-05-07 13:31:32,611] root - INFO - Downloading file from :[https://raw.githubusercontent.com/Hitesh-Nimbalkar/Shipment_Pricing_EDA/main/SCMS_Delivery_History_Dataset.csv] into :[C:\Users\Admin\Documents\Shipment_pricing_Project\shipment\artifact\data_ingestion\2023-05-07-13-31-31\raw_data\SCMS_Delivery_History_Dataset.csv]
[2023-05-07 13:31:34,440] root - INFO - File :[C:\Users\Admin\Documents\Shipment_pricing_Project\shipment\artifact\data_ingestion\2023-05-07-13-31-31\raw_data\SCMS_Delivery_History_Dataset.csv] has been downloaded successfully.
[2023-05-07 13:31:34,440] root - INFO - Reading csv file: [C:\Users\Admin\Documents\Shipment_pricing_Project\shipment\artifact\data_ingestion\2023-05-07-13-31-31\raw_data\SCMS_Delivery_History_Dataset.csv]
[2023-05-07 13:31:34,493] root - INFO - Splitting data into train and test
[2023-05-07 13:31:34,495] root - INFO - Exporting training dataset to file: [C:\Users\Admin\Documents\Shipment_pricing_Project\shipment\artifact\data_ingestion\2023-05-07-13-31-31\ingested_data\train\SCMS_Delivery_History_Dataset.csv]
[2023-05-07 13:31:34,571] root - INFO - Exporting test dataset to file: [C:\Users\Admin\Documents\Shipment_pricing_Project\shipment\artifact\data_ingestion\2023-05-07-13-31-31\ingested_data\test\SCMS_Delivery_History_Dataset.csv]
[2023-05-07 13:31:34,590] root - INFO - Data Ingestion artifact:[DataIngestionArtifact(train_file_path='C:\\Users\\Admin\\Documents\\Shipment_pricing_Project\\shipment\\artifact\\data_ingestion\\2023-05-07-13-31-31\\ingested_data\\train\\SCMS_Delivery_History_Dataset.csv', test_file_path='C:\\Users\\Admin\\Documents\\Shipment_pricing_Project\\shipment\\artifact\\data_ingestion\\2023-05-07-13-31-31\\ingested_data\\test\\SCMS_Delivery_History_Dataset.csv', is_ingested=True, message='Data ingestion completed successfully.')]
[2023-05-07 13:31:34,591] root - INFO - >>>>>>>>>>>>>>>>>>>>>>>>>>>>>>>>>>>>>>>>>>>>>>>>>>>>>>>>>>>>Data Validation log started.<<<<<<<<<<<<<<<<<<<<<<<<<<<<<<<<<<<<<<<<<<<<<<<<<<<<<<<<<<<< 


[2023-05-07 13:31:34,599] root - INFO - Validation Process Started
[2023-05-07 13:31:34,780] root - INFO - Train_set status|is Train filename validated?: True|is train column name validated?: True|whole missing columns?True
[2023-05-07 13:31:34,780] root - INFO - Test_set status|is Test filename validated?: True|is test column names validated? True| whole missing columns? True
[2023-05-07 13:31:34,780] root - INFO - Validation Process Completed
[2023-05-07 13:31:34,780] root - INFO - Data validation artifact: DataValidationArtifact(schema_file_path='C:\\Users\\Admin\\Documents\\Shipment_pricing_Project\\config\\schema.yaml', is_validated=True, message='Data validation performed')
[2023-05-07 13:31:34,780] root - INFO - >>>>>>>>>>>>>>>>>>>>>>>>>>>>>>>>>>>>>>>>>>>>>>>>>>>>>>>>>>>>Data Validation log completed.<<<<<<<<<<<<<<<<<<<<<<<<<<<<<<<<<<<<<<<<<<<<<<<<<<<<<<<<<<<<
[2023-05-07 13:31:34,780] root - INFO - Data Transformation Config: DataTransformationConfig(transformed_train_dir='C:\\Users\\Admin\\Documents\\Shipment_pricing_Project\\shipment\\artifact\\data_transformation\\2023-05-07-13-31-31\\transformed_data\\train', transformed_test_dir='C:\\Users\\Admin\\Documents\\Shipment_pricing_Project\\shipment\\artifact\\data_transformation\\2023-05-07-13-31-31\\transformed_data\\test', preprocessed_object_file_path='C:\\Users\\Admin\\Documents\\Shipment_pricing_Project\\shipment\\artifact\\data_transformation\\2023-05-07-13-31-31\\preprocessed\\preprocessed.pkl', feature_engineering_object_file_path='C:\\Users\\Admin\\Documents\\Shipment_pricing_Project\\shipment\\artifact\\data_transformation\\2023-05-07-13-31-31\\preprocessed\\feat_eng.pkl')
[2023-05-07 13:31:34,780] root - INFO - 
******************** Data Transformation log started ********************


[2023-05-07 13:31:34,780] root - INFO - Obtaining training and test file path.
[2023-05-07 13:31:34,780] root - INFO - Loading training and test data as pandas dataframe.
[2023-05-07 13:31:34,833] root - INFO - Extracting train column name ['ID', 'Project_Code', 'PQ', 'PO/SO', 'ASN/DN', 'Country', 'Managed_By', 'Fulfill_Via', 'Vendor_INCO_Term', 'Shipment_Mode', 'PQ_First_Sent_to_Client_Date', 'PO_Sent_to_Vendor_Date', 'Scheduled_Delivery_Date', 'Delivered_to_Client_Date', 'Delivery_Recorded_Date', 'Product_Group', 'Sub_Classification', 'Vendor', 'Item_Description', 'Molecule/Test_Type', 'Brand', 'Dosage', 'Dosage_Form', 'Unit_of_Measure_(Per_Pack)', 'Line_Item_Quantity', 'Line_Item_Value', 'Pack_Price', 'Unit_Price', 'Manufacturing_Site', 'First_Line_Designation', 'Weight_(Kilograms)', 'Freight_Cost_(USD)', 'Line_Item_Insurance_(USD)']
[2023-05-07 13:31:34,833] root - INFO - Obtaining feature engineering object.
[2023-05-07 13:31:34,833] root - INFO - 
******************** Feature Engneering Started ********************


[2023-05-07 13:31:34,833] root - INFO - Applying feature engineering object on training dataframe and testing dataframe
[2023-05-07 13:31:34,833] root - INFO - Feature Enineering - Train Data 
[2023-05-07 13:31:38,444] root - INFO - Weight and Freight Cost Data Clean Completed
[2023-05-07 13:31:38,445] root - INFO - Drop Columns Complete
[2023-05-07 13:31:38,458] root - INFO -  >>>>>>>>>>>>  Columns Modififcation Complete  <<<<<<<<<<
[2023-05-07 13:31:38,458] root - INFO - Outlier Detection
[2023-05-07 13:31:38,496] root - INFO - Outlier Detection Complete
[2023-05-07 13:31:38,496] root - INFO - Columns before encoding: Index(['Fulfill_Via', 'Shipment_Mode', 'Sub_Classification',
       'Line_Item_Quantity', 'Pack_Price', 'Unit_Price',
       'First_Line_Designation', 'Freight_Cost_USD_Clean',
       'Weight_Kilograms_Clean'],
      dtype='object')
[2023-05-07 13:31:38,496] root - INFO - Unique values of Fulfill_Via: ['From RDC' 'Direct Drop']
[2023-05-07 13:31:38,496] root - INFO - 

[2023-05-07 13:31:38,496] root - INFO - Number of unique values of Fulfill_Via: 2
[2023-05-07 13:31:38,497] root - INFO - Unique values of Shipment_Mode: ['Truck' 'Air' 'Ocean' 'Air Charter']
[2023-05-07 13:31:38,497] root - INFO - 

[2023-05-07 13:31:38,497] root - INFO - Number of unique values of Shipment_Mode: 4
[2023-05-07 13:31:38,497] root - INFO - Unique values of Sub_Classification: ['Pediatric' 'Adult' 'HIV test' 'HIV test - Ancillary' 'ACT' 'Malaria']
[2023-05-07 13:31:38,497] root - INFO - 

[2023-05-07 13:31:38,497] root - INFO - Number of unique values of Sub_Classification: 6
[2023-05-07 13:31:38,497] root - INFO - Unique values of First_Line_Designation: ['Yes' 'No']
[2023-05-07 13:31:38,497] root - INFO - 

[2023-05-07 13:31:38,497] root - INFO - Number of unique values of First_Line_Designation: 2
[2023-05-07 13:31:38,498] root - INFO - Mapping for Fulfill_Via: {'From RDC': 0, 'Direct Drop': 1}
[2023-05-07 13:31:38,498] root - INFO - Mapping for Shipment_Mode: {'Truck': 0, 'Air': 1, 'Ocean': 2, 'Air Charter': 3}
[2023-05-07 13:31:38,498] root - INFO - Mapping for Sub_Classification: {'Pediatric': 0, 'Adult': 1, 'HIV test': 2, 'HIV test - Ancillary': 3, 'ACT': 4, 'Malaria': 5}
[2023-05-07 13:31:38,498] root - INFO - Mapping for First_Line_Designation: {'Yes': 0, 'No': 1}
[2023-05-07 13:31:38,500] root - INFO - Data Modified  Completed and Saved 
[2023-05-07 13:31:38,501] root - INFO - New Column Order ['Pack_Price', 'Unit_Price', 'Weight_Kilograms_Clean', 'Line_Item_Quantity', 'Fulfill_Via', 'Shipment_Mode', 'Sub_Classification', 'First_Line_Designation', 'Freight_Cost_USD_Clean']
[2023-05-07 13:31:38,503] root - INFO - Datatypes : Pack_Price                float64
Unit_Price                float64
Weight_Kilograms_Clean    float64
Line_Item_Quantity          int64
Fulfill_Via                 int64
Shipment_Mode               int64
Sub_Classification          int64
First_Line_Designation      int64
Freight_Cost_USD_Clean    float64
dtype: object
[2023-05-07 13:31:38,520] root - INFO - Columns : Index(['Pack_Price', 'Unit_Price', 'Weight_Kilograms_Clean',
       'Line_Item_Quantity', 'Fulfill_Via', 'Shipment_Mode',
       'Sub_Classification', 'First_Line_Designation',
       'Freight_Cost_USD_Clean'],
      dtype='object')
[2023-05-07 13:31:38,520] root - INFO - Feature Enineering - Test Data 
[2023-05-07 13:31:39,423] root - INFO - Weight and Freight Cost Data Clean Completed
[2023-05-07 13:31:39,423] root - INFO - Drop Columns Complete
[2023-05-07 13:31:39,434] root - INFO -  >>>>>>>>>>>>  Columns Modififcation Complete  <<<<<<<<<<
[2023-05-07 13:31:39,434] root - INFO - Outlier Detection
[2023-05-07 13:31:39,479] root - INFO - Outlier Detection Complete
[2023-05-07 13:31:39,480] root - INFO - Columns before encoding: Index(['Fulfill_Via', 'Shipment_Mode', 'Sub_Classification',
       'Line_Item_Quantity', 'Pack_Price', 'Unit_Price',
       'First_Line_Designation', 'Freight_Cost_USD_Clean',
       'Weight_Kilograms_Clean'],
      dtype='object')
[2023-05-07 13:31:39,480] root - INFO - Unique values of Fulfill_Via: ['From RDC' 'Direct Drop']
[2023-05-07 13:31:39,480] root - INFO - 

[2023-05-07 13:31:39,480] root - INFO - Number of unique values of Fulfill_Via: 2
[2023-05-07 13:31:39,480] root - INFO - Unique values of Shipment_Mode: ['Truck' 'Air' 'Air Charter' 'Ocean']
[2023-05-07 13:31:39,480] root - INFO - 

[2023-05-07 13:31:39,480] root - INFO - Number of unique values of Shipment_Mode: 4
[2023-05-07 13:31:39,481] root - INFO - Unique values of Sub_Classification: ['Adult' 'Pediatric' 'HIV test' 'HIV test - Ancillary' 'Malaria' 'ACT']
[2023-05-07 13:31:39,481] root - INFO - 

[2023-05-07 13:31:39,481] root - INFO - Number of unique values of Sub_Classification: 6
[2023-05-07 13:31:39,481] root - INFO - Unique values of First_Line_Designation: ['Yes' 'No']
[2023-05-07 13:31:39,481] root - INFO - 

[2023-05-07 13:31:39,481] root - INFO - Number of unique values of First_Line_Designation: 2
[2023-05-07 13:31:39,481] root - INFO - Mapping for Fulfill_Via: {'From RDC': 0, 'Direct Drop': 1}
[2023-05-07 13:31:39,481] root - INFO - Mapping for Shipment_Mode: {'Truck': 0, 'Air': 1, 'Air Charter': 2, 'Ocean': 3}
[2023-05-07 13:31:39,481] root - INFO - Mapping for Sub_Classification: {'Adult': 0, 'Pediatric': 1, 'HIV test': 2, 'HIV test - Ancillary': 3, 'Malaria': 4, 'ACT': 5}
[2023-05-07 13:31:39,481] root - INFO - Mapping for First_Line_Designation: {'Yes': 0, 'No': 1}
[2023-05-07 13:31:39,483] root - INFO - Data Modified  Completed and Saved 
[2023-05-07 13:31:39,484] root - INFO - New Column Order ['Pack_Price', 'Unit_Price', 'Weight_Kilograms_Clean', 'Line_Item_Quantity', 'Fulfill_Via', 'Shipment_Mode', 'Sub_Classification', 'First_Line_Designation', 'Freight_Cost_USD_Clean']
[2023-05-07 13:31:39,487] root - INFO - Datatypes : Pack_Price                float64
Unit_Price                float64
Weight_Kilograms_Clean    float64
Line_Item_Quantity          int64
Fulfill_Via                 int64
Shipment_Mode               int64
Sub_Classification          int64
First_Line_Designation      int64
Freight_Cost_USD_Clean    float64
dtype: object
[2023-05-07 13:31:39,492] root - INFO - Columns : Index(['Pack_Price', 'Unit_Price', 'Weight_Kilograms_Clean',
       'Line_Item_Quantity', 'Fulfill_Via', 'Shipment_Mode',
       'Sub_Classification', 'First_Line_Designation',
       'Freight_Cost_USD_Clean'],
      dtype='object')
[2023-05-07 13:31:39,492] root - INFO - Converting featured engineered array into dataframe.
[2023-05-07 13:31:39,493] root - INFO - Columns for Feature Engineering : ['Pack_Price', 'Unit_Price', 'Weight_Kilograms_Clean', 'Line_Item_Quantity', 'Fulfill_Via', 'Shipment_Mode', 'Sub_Classification', 'First_Line_Designation', 'Freight_Cost_USD_Clean']
[2023-05-07 13:31:39,493] root - INFO - Feature Engineering - Train Completed
[2023-05-07 13:31:39,493] root - INFO - Saving feature engineered training and testing dataframe.
[2023-05-07 13:31:39,493] root - INFO - Applying preprocessing object on training dataframe and testing dataframe
[2023-05-07 13:31:39,494] root - INFO - Creating Data Transformer Object
[2023-05-07 13:31:39,508] root - INFO - Saving Transformed Train and Transformed test file
[2023-05-07 13:31:39,552] root - INFO - Transformed Train and Transformed test file saved
[2023-05-07 13:31:39,552] root - INFO - Saving Feature Engineering Object
[2023-05-07 13:31:39,554] root - INFO - Saving Preprocessing Object
[2023-05-07 13:31:39,556] root - INFO - Data Transformation Artifact: DataTransformationArtifact(is_transformed=True, message='Data transformation successfull.', transformed_train_file_path='C:\\Users\\Admin\\Documents\\Shipment_pricing_Project\\shipment\\artifact\\data_transformation\\2023-05-07-13-31-31\\transformed_data\\train\\transformed_train.csv', transformed_test_file_path='C:\\Users\\Admin\\Documents\\Shipment_pricing_Project\\shipment\\artifact\\data_transformation\\2023-05-07-13-31-31\\transformed_data\\test\\transformed_test.csv', preprocessed_object_file_path='C:\\Users\\Admin\\Documents\\Shipment_pricing_Project\\shipment\\artifact\\data_transformation\\2023-05-07-13-31-31\\preprocessed\\preprocessed.pkl', feature_engineering_object_file_path='C:\\Users\\Admin\\Documents\\Shipment_pricing_Project\\shipment\\artifact\\data_transformation\\2023-05-07-13-31-31\\preprocessed\\feat_eng.pkl')
[2023-05-07 13:31:39,557] root - INFO - 
******************** Data Transformation log completed ********************


[2023-05-07 13:31:39,557] root - INFO - Model Trainer Config : ModelTrainerConfig(trained_model_file_path='C:\\Users\\Admin\\Documents\\Shipment_pricing_Project\\shipment\\artifact\\model_training\\2023-05-07-13-31-31\\trained_model\\model.pkl')
[2023-05-07 13:31:39,558] root - INFO - 
******************** Model Training started ********************


[2023-05-07 13:31:39,558] root - INFO - Finding transformed Training and Test
[2023-05-07 13:31:39,558] root - INFO - Transformed Data found!!! Now, converting it into dataframe
[2023-05-07 13:31:39,591] root - INFO - Splitting Input features and Target Feature for train and test data
[2023-05-07 13:31:39,591] root - INFO - Best Model Finder function called
[2023-05-07 13:31:39,591] root - INFO - Fitting XG_Boost...
[2023-05-07 13:35:50,136] root - INFO - ******Results for********* XG_Boost:
[2023-05-07 13:35:50,138] root - INFO - Best hyperparameters: {'learning_rate': 0.05, 'max_depth': 9, 'n_estimators': 150}
[2023-05-07 13:35:50,138] root - INFO - Mean squared error: 208993537.0246
[2023-05-07 13:35:50,138] root - INFO - R2 score: 56.1814
[2023-05-07 13:35:50,138] root - INFO - Time taken: 00:04:10

[2023-05-07 13:35:50,139] root - INFO - The best model based on R-squared score is XG_Boost.
[2023-05-07 13:35:50,139] root - INFO - Saving best model object file
[2023-05-07 13:35:50,141] root - INFO - Model Trainer Artifact: ModelTrainerArtifact(is_trained=True, message='Model Training Done!!', trained_model_object_file_path='C:\\Users\\Admin\\Documents\\Shipment_pricing_Project\\shipment\\artifact\\model_training\\2023-05-07-13-31-31\\trained_model\\model.pkl')
[2023-05-07 13:35:50,141] root - INFO - 
******************** Model Training log completed ********************


