[2023-05-05 16:49:29,602] root - INFO - Training pipleine config: TrainingPipelineConfig(artifact_dir='C:\\Users\\Admin\\Documents\\Shipment_pricing_Project\\shipment\\artifact')
[2023-05-05 16:49:29,603] root - INFO - Data Ingestion config: DataIngestionConfig(dataset_download_url='https://raw.githubusercontent.com/Hitesh-Nimbalkar/Shipment_Pricing_EDA/main/SCMS_Delivery_History_Dataset.csv', raw_data_dir='C:\\Users\\Admin\\Documents\\Shipment_pricing_Project\\shipment\\artifact\\data_ingestion\\2023-05-05-16-49-28\\raw_data', ingested_train_dir='C:\\Users\\Admin\\Documents\\Shipment_pricing_Project\\shipment\\artifact\\data_ingestion\\2023-05-05-16-49-28\\ingested_data\\train', ingested_test_dir='C:\\Users\\Admin\\Documents\\Shipment_pricing_Project\\shipment\\artifact\\data_ingestion\\2023-05-05-16-49-28\\ingested_data\\test')
[2023-05-05 16:49:29,603] root - INFO - >>>>>>>>>>>>>>>>>>>>>>>>>>>>>>>>>>>>>>>>>>>>>>>>>>>>>>>>>>>>Data Ingestion log started.<<<<<<<<<<<<<<<<<<<<<<<<<<<<<<<<<<<<<<<<<<<<<<<<<<<<<<<<<<<< 


[2023-05-05 16:49:29,603] root - INFO - Downloading file from :[https://raw.githubusercontent.com/Hitesh-Nimbalkar/Shipment_Pricing_EDA/main/SCMS_Delivery_History_Dataset.csv] into :[C:\Users\Admin\Documents\Shipment_pricing_Project\shipment\artifact\data_ingestion\2023-05-05-16-49-28\raw_data\SCMS_Delivery_History_Dataset.csv]
[2023-05-05 16:49:30,942] root - INFO - File :[C:\Users\Admin\Documents\Shipment_pricing_Project\shipment\artifact\data_ingestion\2023-05-05-16-49-28\raw_data\SCMS_Delivery_History_Dataset.csv] has been downloaded successfully.
[2023-05-05 16:49:30,942] root - INFO - Reading csv file: [C:\Users\Admin\Documents\Shipment_pricing_Project\shipment\artifact\data_ingestion\2023-05-05-16-49-28\raw_data\SCMS_Delivery_History_Dataset.csv]
[2023-05-05 16:49:31,002] root - INFO - Splitting data into train and test
[2023-05-05 16:49:31,007] root - INFO - Exporting training dataset to file: [C:\Users\Admin\Documents\Shipment_pricing_Project\shipment\artifact\data_ingestion\2023-05-05-16-49-28\ingested_data\train\SCMS_Delivery_History_Dataset.csv]
[2023-05-05 16:49:31,096] root - INFO - Exporting test dataset to file: [C:\Users\Admin\Documents\Shipment_pricing_Project\shipment\artifact\data_ingestion\2023-05-05-16-49-28\ingested_data\test\SCMS_Delivery_History_Dataset.csv]
[2023-05-05 16:49:31,118] root - INFO - Data Ingestion artifact:[DataIngestionArtifact(train_file_path='C:\\Users\\Admin\\Documents\\Shipment_pricing_Project\\shipment\\artifact\\data_ingestion\\2023-05-05-16-49-28\\ingested_data\\train\\SCMS_Delivery_History_Dataset.csv', test_file_path='C:\\Users\\Admin\\Documents\\Shipment_pricing_Project\\shipment\\artifact\\data_ingestion\\2023-05-05-16-49-28\\ingested_data\\test\\SCMS_Delivery_History_Dataset.csv', is_ingested=True, message='Data ingestion completed successfully.')]
[2023-05-05 16:49:31,119] root - INFO - >>>>>>>>>>>>>>>>>>>>>>>>>>>>>>>>>>>>>>>>>>>>>>>>>>>>>>>>>>>>Data Validation log started.<<<<<<<<<<<<<<<<<<<<<<<<<<<<<<<<<<<<<<<<<<<<<<<<<<<<<<<<<<<< 


[2023-05-05 16:49:31,129] root - INFO - Validation Process Started
[2023-05-05 16:49:31,325] root - INFO - Train_set status|is Train filename validated?: True|is train column name validated?: True|whole missing columns?True
[2023-05-05 16:49:31,325] root - INFO - Test_set status|is Test filename validated?: True|is test column names validated? True| whole missing columns? True
[2023-05-05 16:49:31,325] root - INFO - Validation Process Completed
[2023-05-05 16:49:31,325] root - INFO - Data validation artifact: DataValidationArtifact(schema_file_path='C:\\Users\\Admin\\Documents\\Shipment_pricing_Project\\config\\schema.yaml', is_validated=True, message='Data validation performed')
[2023-05-05 16:49:31,325] root - INFO - >>>>>>>>>>>>>>>>>>>>>>>>>>>>>>>>>>>>>>>>>>>>>>>>>>>>>>>>>>>>Data Validation log completed.<<<<<<<<<<<<<<<<<<<<<<<<<<<<<<<<<<<<<<<<<<<<<<<<<<<<<<<<<<<<
[2023-05-05 16:49:31,325] root - INFO - Data Transformation Config: DataTransformationConfig(transformed_train_dir='C:\\Users\\Admin\\Documents\\Shipment_pricing_Project\\shipment\\artifact\\data_transformation\\2023-05-05-16-49-28\\transformed_data\\train', transformed_test_dir='C:\\Users\\Admin\\Documents\\Shipment_pricing_Project\\shipment\\artifact\\data_transformation\\2023-05-05-16-49-28\\transformed_data\\test', preprocessed_object_file_path='C:\\Users\\Admin\\Documents\\Shipment_pricing_Project\\shipment\\artifact\\data_transformation\\2023-05-05-16-49-28\\preprocessed\\preprocessed.pkl', feature_engineering_object_file_path='C:\\Users\\Admin\\Documents\\Shipment_pricing_Project\\shipment\\artifact\\data_transformation\\2023-05-05-16-49-28\\preprocessed\\feat_eng.pkl')
[2023-05-05 16:49:31,325] root - INFO - 
******************** Data Transformation log started ********************


[2023-05-05 16:49:31,325] root - INFO - Obtaining training and test file path.
[2023-05-05 16:49:31,325] root - INFO - Loading training and test data as pandas dataframe.
[2023-05-05 16:49:31,381] root - INFO - Obtaining feature engineering object.
[2023-05-05 16:49:31,381] root - INFO - 
******************** Feature Engneering Started ********************


[2023-05-05 16:49:31,381] root - INFO - Applying feature engineering object on training dataframe and testing dataframe
[2023-05-05 16:49:31,381] root - INFO - Feature Enineering - Train Data 
[2023-05-05 16:49:35,278] root - INFO - Weight and Freight Cost Data Clean Completed
[2023-05-05 16:49:35,280] root - INFO - Columns Dropped
[2023-05-05 16:49:35,280] root - INFO - Columns After dropping Index(['Country', 'Fulfill_Via', 'Shipment_Mode', 'Product_Group',
       'Sub_Classification', 'Vendor', 'Brand', 'Dosage_Form',
       'Unit_of_Measure_(Per_Pack)', 'Line_Item_Quantity', 'Pack_Price',
       'Unit_Price', 'First_Line_Designation', 'Freight_Cost_USD_Clean',
       'Weight_Kilograms_Clean'],
      dtype='object')
[2023-05-05 16:49:35,286] root - INFO - Categorical columns: ['Country', 'Fulfill_Via', 'Shipment_Mode', 'Product_Group', 'Sub_Classification', 'Vendor', 'Brand', 'Dosage_Form', 'First_Line_Designation']
[2023-05-05 16:49:35,286] root - INFO - Numeric columns: ['Unit_of_Measure_(Per_Pack)', 'Line_Item_Quantity', 'Pack_Price', 'Unit_Price', 'Freight_Cost_USD_Clean', 'Weight_Kilograms_Clean']
[2023-05-05 16:49:35,287] root - INFO -  >>>>>>>>>>>>   Missing Fills :  Shipment_Mode,Manufacturing_Site,Country,Brand <<<<<<<<<<
[2023-05-05 16:49:35,299] root - INFO -  >>>>>>>>>>>>  Columns Modififcation Complete  <<<<<<<<<<
[2023-05-05 16:49:35,302] root - INFO - Outlier Detection Completed
[2023-05-05 16:49:35,334] root - INFO - Columns Before encoding Index(['Country', 'Fulfill_Via', 'Shipment_Mode', 'Product_Group',
       'Sub_Classification', 'Vendor', 'Brand', 'Dosage_Form',
       'Unit_of_Measure_(Per_Pack)', 'Line_Item_Quantity', 'Pack_Price',
       'Unit_Price', 'First_Line_Designation', 'Freight_Cost_USD_Clean',
       'Weight_Kilograms_Clean'],
      dtype='object')
[2023-05-05 16:49:35,373] root - INFO - Data Wrangling Completed
[2023-05-05 16:49:35,373] root - INFO - Columns after data wrangling:
['Country', 'Fulfill_Via', 'Shipment_Mode', 'Product_Group', 'Sub_Classification', 'Vendor', 'Brand', 'Dosage_Form', 'Unit_of_Measure_(Per_Pack)', 'Line_Item_Quantity', 'Pack_Price', 'Unit_Price', 'First_Line_Designation', 'Freight_Cost_USD_Clean', 'Weight_Kilograms_Clean']
[2023-05-05 16:49:35,400] root - INFO - Feature Enineering - Test Data 
[2023-05-05 16:49:36,371] root - INFO - Weight and Freight Cost Data Clean Completed
[2023-05-05 16:49:36,371] root - INFO - Columns Dropped
[2023-05-05 16:49:36,371] root - INFO - Columns After dropping Index(['Country', 'Fulfill_Via', 'Shipment_Mode', 'Product_Group',
       'Sub_Classification', 'Vendor', 'Brand', 'Dosage_Form',
       'Unit_of_Measure_(Per_Pack)', 'Line_Item_Quantity', 'Pack_Price',
       'Unit_Price', 'First_Line_Designation', 'Freight_Cost_USD_Clean',
       'Weight_Kilograms_Clean'],
      dtype='object')
[2023-05-05 16:49:36,374] root - INFO - Categorical columns: ['Country', 'Fulfill_Via', 'Shipment_Mode', 'Product_Group', 'Sub_Classification', 'Vendor', 'Brand', 'Dosage_Form', 'First_Line_Designation']
[2023-05-05 16:49:36,374] root - INFO - Numeric columns: ['Unit_of_Measure_(Per_Pack)', 'Line_Item_Quantity', 'Pack_Price', 'Unit_Price', 'Freight_Cost_USD_Clean', 'Weight_Kilograms_Clean']
[2023-05-05 16:49:36,375] root - INFO -  >>>>>>>>>>>>   Missing Fills :  Shipment_Mode,Manufacturing_Site,Country,Brand <<<<<<<<<<
[2023-05-05 16:49:36,379] root - INFO -  >>>>>>>>>>>>  Columns Modififcation Complete  <<<<<<<<<<
[2023-05-05 16:49:36,382] root - INFO - Outlier Detection Completed
[2023-05-05 16:49:36,390] root - INFO - Columns Before encoding Index(['Country', 'Fulfill_Via', 'Shipment_Mode', 'Product_Group',
       'Sub_Classification', 'Vendor', 'Brand', 'Dosage_Form',
       'Unit_of_Measure_(Per_Pack)', 'Line_Item_Quantity', 'Pack_Price',
       'Unit_Price', 'First_Line_Designation', 'Freight_Cost_USD_Clean',
       'Weight_Kilograms_Clean'],
      dtype='object')
[2023-05-05 16:49:36,406] root - INFO - Data Wrangling Completed
[2023-05-05 16:49:36,406] root - INFO - Columns after data wrangling:
['Country', 'Fulfill_Via', 'Shipment_Mode', 'Product_Group', 'Sub_Classification', 'Vendor', 'Brand', 'Dosage_Form', 'Unit_of_Measure_(Per_Pack)', 'Line_Item_Quantity', 'Pack_Price', 'Unit_Price', 'First_Line_Designation', 'Freight_Cost_USD_Clean', 'Weight_Kilograms_Clean']
[2023-05-05 16:49:36,414] root - INFO - Obtaining data transformer object.
[2023-05-05 16:49:36,414] root - INFO - Converting featured engineered array into dataframe.
[2023-05-05 16:49:36,452] root - INFO - Splitting input and target feature from training and testing dataframe.
[2023-05-05 16:49:36,455] root - INFO - Colums before transformer object MultiIndex([(                   'Country',),
            (               'Fulfill_Via',),
            (             'Shipment_Mode',),
            (             'Product_Group',),
            (        'Sub_Classification',),
            (                    'Vendor',),
            (                     'Brand',),
            (               'Dosage_Form',),
            ('Unit_of_Measure_(Per_Pack)',),
            (        'Line_Item_Quantity',),
            (                'Pack_Price',),
            (                'Unit_Price',),
            (    'First_Line_Designation',),
            (    'Weight_Kilograms_Clean',)],
           )
[2023-05-05 16:49:36,457] root - ERROR - 
        Error occured in script: [C:\Users\Admin\Documents\Shipment_pricing_Project\Shipment_Pricing\pipeline\pipeline.py] at 
        line number: [89] 
        error message: [
        Error occured in script: [C:\Users\Admin\Documents\Shipment_pricing_Project\Shipment_Pricing\pipeline\pipeline.py] at 
        line number: [57] 
        error message: [
        Error occured in script: [C:\Users\Admin\Documents\Shipment_pricing_Project\Shipment_Pricing\components\data_transformation.py] at 
        line number: [492] 
        error message: [[Errno 13] Permission denied: 'input_feature_train_df.csv']]]
[2023-05-05 16:49:36,459] root - INFO - 
******************** Data Transformation log completed ********************


