[2023-05-05 13:03:33,470] root - INFO - Training pipleine config: TrainingPipelineConfig(artifact_dir='C:\\Users\\Admin\\Documents\\Shipment_pricing_Project\\shipment\\artifact')
[2023-05-05 13:03:33,470] root - INFO - Data Ingestion config: DataIngestionConfig(dataset_download_url='https://raw.githubusercontent.com/Hitesh-Nimbalkar/Shipment_Pricing_EDA/main/SCMS_Delivery_History_Dataset.csv', raw_data_dir='C:\\Users\\Admin\\Documents\\Shipment_pricing_Project\\shipment\\artifact\\data_ingestion\\2023-05-05-13-03-32\\raw_data', ingested_train_dir='C:\\Users\\Admin\\Documents\\Shipment_pricing_Project\\shipment\\artifact\\data_ingestion\\2023-05-05-13-03-32\\ingested_data\\train', ingested_test_dir='C:\\Users\\Admin\\Documents\\Shipment_pricing_Project\\shipment\\artifact\\data_ingestion\\2023-05-05-13-03-32\\ingested_data\\test')
[2023-05-05 13:03:33,471] root - INFO - >>>>>>>>>>>>>>>>>>>>>>>>>>>>>>>>>>>>>>>>>>>>>>>>>>>>>>>>>>>>Data Ingestion log started.<<<<<<<<<<<<<<<<<<<<<<<<<<<<<<<<<<<<<<<<<<<<<<<<<<<<<<<<<<<< 


[2023-05-05 13:03:33,471] root - INFO - Downloading file from :[https://raw.githubusercontent.com/Hitesh-Nimbalkar/Shipment_Pricing_EDA/main/SCMS_Delivery_History_Dataset.csv] into :[C:\Users\Admin\Documents\Shipment_pricing_Project\shipment\artifact\data_ingestion\2023-05-05-13-03-32\raw_data\SCMS_Delivery_History_Dataset.csv]
[2023-05-05 13:03:35,151] root - INFO - File :[C:\Users\Admin\Documents\Shipment_pricing_Project\shipment\artifact\data_ingestion\2023-05-05-13-03-32\raw_data\SCMS_Delivery_History_Dataset.csv] has been downloaded successfully.
[2023-05-05 13:03:35,151] root - INFO - Reading csv file: [C:\Users\Admin\Documents\Shipment_pricing_Project\shipment\artifact\data_ingestion\2023-05-05-13-03-32\raw_data\SCMS_Delivery_History_Dataset.csv]
[2023-05-05 13:03:35,197] root - INFO - Splitting data into train and test
[2023-05-05 13:03:35,197] root - INFO - Exporting training dataset to file: [C:\Users\Admin\Documents\Shipment_pricing_Project\shipment\artifact\data_ingestion\2023-05-05-13-03-32\ingested_data\train\SCMS_Delivery_History_Dataset.csv]
[2023-05-05 13:03:35,277] root - INFO - Exporting test dataset to file: [C:\Users\Admin\Documents\Shipment_pricing_Project\shipment\artifact\data_ingestion\2023-05-05-13-03-32\ingested_data\test\SCMS_Delivery_History_Dataset.csv]
[2023-05-05 13:03:35,292] root - INFO - Data Ingestion artifact:[DataIngestionArtifact(train_file_path='C:\\Users\\Admin\\Documents\\Shipment_pricing_Project\\shipment\\artifact\\data_ingestion\\2023-05-05-13-03-32\\ingested_data\\train\\SCMS_Delivery_History_Dataset.csv', test_file_path='C:\\Users\\Admin\\Documents\\Shipment_pricing_Project\\shipment\\artifact\\data_ingestion\\2023-05-05-13-03-32\\ingested_data\\test\\SCMS_Delivery_History_Dataset.csv', is_ingested=True, message='Data ingestion completed successfully.')]
[2023-05-05 13:03:35,292] root - INFO - >>>>>>>>>>>>>>>>>>>>>>>>>>>>>>>>>>>>>>>>>>>>>>>>>>>>>>>>>>>>Data Validation log started.<<<<<<<<<<<<<<<<<<<<<<<<<<<<<<<<<<<<<<<<<<<<<<<<<<<<<<<<<<<< 


[2023-05-05 13:03:35,292] root - INFO - Validation Process Started
[2023-05-05 13:03:35,488] root - INFO - Train_set status|is Train filename validated?: True|is train column name validated?: True|whole missing columns?True
[2023-05-05 13:03:35,488] root - INFO - Test_set status|is Test filename validated?: True|is test column names validated? True| whole missing columns? True
[2023-05-05 13:03:35,488] root - INFO - Validation Process Completed
[2023-05-05 13:03:35,488] root - INFO - Data validation artifact: DataValidationArtifact(schema_file_path='C:\\Users\\Admin\\Documents\\Shipment_pricing_Project\\config\\schema.yaml', is_validated=True, message='Data validation performed')
[2023-05-05 13:03:35,488] root - INFO - >>>>>>>>>>>>>>>>>>>>>>>>>>>>>>>>>>>>>>>>>>>>>>>>>>>>>>>>>>>>Data Validation log completed.<<<<<<<<<<<<<<<<<<<<<<<<<<<<<<<<<<<<<<<<<<<<<<<<<<<<<<<<<<<<
[2023-05-05 13:03:35,488] root - INFO - Data Transformation Config: DataTransformationConfig(transformed_train_dir='C:\\Users\\Admin\\Documents\\Shipment_pricing_Project\\shipment\\artifact\\data_transformation\\2023-05-05-13-03-32\\transformed_data\\train', transformed_test_dir='C:\\Users\\Admin\\Documents\\Shipment_pricing_Project\\shipment\\artifact\\data_transformation\\2023-05-05-13-03-32\\transformed_data\\test', preprocessed_object_file_path='C:\\Users\\Admin\\Documents\\Shipment_pricing_Project\\shipment\\artifact\\data_transformation\\2023-05-05-13-03-32\\preprocessed\\preprocessed.pkl', feature_engineering_object_file_path='C:\\Users\\Admin\\Documents\\Shipment_pricing_Project\\shipment\\artifact\\data_transformation\\2023-05-05-13-03-32\\preprocessed\\feat_eng.pkl')
[2023-05-05 13:03:35,488] root - INFO - 
******************** Data Transformation log started ********************


[2023-05-05 13:03:35,488] root - INFO - Obtaining training and test file path.
[2023-05-05 13:03:35,488] root - INFO - Loading training and test data as pandas dataframe.
[2023-05-05 13:03:35,535] root - INFO - Obtaining feature engineering object.
[2023-05-05 13:03:35,535] root - INFO - 
******************** Feature Engneering Started ********************


[2023-05-05 13:03:35,535] root - INFO - Applying feature engineering object on training dataframe and testing dataframe
[2023-05-05 13:03:35,535] root - INFO - Feature Enineering - Train Data 
[2023-05-05 13:03:39,178] root - INFO -  >>>>>>>>>>>>   Missing Fills :  Shipment_Mode,Manufacturing_Site,Country,Brand <<<<<<<<<<
[2023-05-05 13:03:39,191] root - INFO -  >>>>>>>>>>>>  Columns Modififcation Complete  <<<<<<<<<<
[2023-05-05 13:03:39,238] root - INFO - Feature Enineering - Test Data 
[2023-05-05 13:03:40,152] root - INFO -  >>>>>>>>>>>>   Missing Fills :  Shipment_Mode,Manufacturing_Site,Country,Brand <<<<<<<<<<
[2023-05-05 13:03:40,156] root - INFO -  >>>>>>>>>>>>  Columns Modififcation Complete  <<<<<<<<<<
[2023-05-05 13:03:40,174] root - INFO - Splitting input and target feature from training and testing dataframe.
[2023-05-05 13:03:40,175] root - INFO - Colums before transformer object Index(['Unit_of_Measure_(Per_Pack)', 'Line_Item_Quantity', 'Pack_Price',
       'Unit_Price', 'Weight_Kilograms_Clean', 'shipment_mode',
       'manufacturing_site', 'country', 'Dosage_Form',
       'First_Line_Designation', 'fulfill_via', 'Sub_Classification', 'brand'],
      dtype='object')
[2023-05-05 13:03:40,201] root - INFO - Obtaining preprocessing object.
[2023-05-05 13:03:40,205] root - INFO - Applying preprocessing object on training dataframe and testing dataframe
[2023-05-05 13:03:40,265] root - INFO - Transformed Train and Transformed test file saved
[2023-05-05 13:03:40,265] root - INFO - Saving Feature Engineering Object
[2023-05-05 13:03:40,266] root - INFO - Saving Preprocessing Object
[2023-05-05 13:03:40,269] root - INFO - Data Transformation Artifact: DataTransformationArtifact(is_transformed=True, message='Data transformation successfull.', transformed_train_file_path='C:\\Users\\Admin\\Documents\\Shipment_pricing_Project\\shipment\\artifact\\data_transformation\\2023-05-05-13-03-32\\transformed_data\\train\\transformed_train.csv', transformed_test_file_path='C:\\Users\\Admin\\Documents\\Shipment_pricing_Project\\shipment\\artifact\\data_transformation\\2023-05-05-13-03-32\\transformed_data\\test\\transformed_test.csv', preprocessed_object_file_path='C:\\Users\\Admin\\Documents\\Shipment_pricing_Project\\shipment\\artifact\\data_transformation\\2023-05-05-13-03-32\\preprocessed\\preprocessed.pkl', feature_engineering_object_file_path='C:\\Users\\Admin\\Documents\\Shipment_pricing_Project\\shipment\\artifact\\data_transformation\\2023-05-05-13-03-32\\preprocessed\\feat_eng.pkl')
[2023-05-05 13:03:40,272] root - INFO - 
******************** Data Transformation log completed ********************


[2023-05-05 13:03:40,272] root - INFO - Model Trainer Config : ModelTrainerConfig(trained_model_file_path='C:\\Users\\Admin\\Documents\\Shipment_pricing_Project\\shipment\\artifact\\model_training\\2023-05-05-13-03-32\\trained_model\\model.pkl')
[2023-05-05 13:03:40,272] root - INFO - 
******************** Model Training started ********************


[2023-05-05 13:03:40,272] root - INFO - Finding transformed Training and Test
[2023-05-05 13:03:40,272] root - INFO - Transformed Data found!!! Now, converting it into dataframe
[2023-05-05 13:03:40,294] root - INFO - Splitting Input features and Target Feature for train and test data
[2023-05-05 13:03:40,336] root - INFO - Best Model Finder function called
[2023-05-05 13:03:40,336] root - INFO - ******************** Training XGBoost Model ********************
[2023-05-05 13:03:40,336] root - INFO - Getting Best Parameters for Random Forest by Grid Search CV
[2023-05-05 13:03:40,336] root - INFO - Optuna Search for XG Boost best parameters started
[2023-05-05 13:03:42,181] root - INFO - Optuna Search for XG Boost best parameters started
[2023-05-05 13:03:42,519] root - INFO - Optuna Search for XG Boost best parameters started
[2023-05-05 13:03:45,491] root - INFO - Optuna Search for XG Boost best parameters started
[2023-05-05 13:03:45,737] root - INFO - Optuna Search for XG Boost best parameters started
[2023-05-05 13:03:50,699] root - INFO - Optuna Search for XG Boost best parameters started
[2023-05-05 13:03:58,233] root - INFO - Optuna Search for XG Boost best parameters completed
[2023-05-05 13:03:58,233] root - INFO - XGB Best Parameters : {'lambda': 0.0027350351616227575, 'alpha': 0.00013892361220588836, 'colsample_bytree': 0.3, 'subsample': 0.8, 'learning_rate': 0.2, 'max_depth': 7, 'min_child_weight': 84, 'booster': 'dart', 'reg_lambda': 0.05, 'reg_alpha': 0.05}
[2023-05-05 13:03:58,233] root - INFO - Fitting XG Boost model
[2023-05-05 13:03:59,049] root - INFO - ******************** Trained XGBoost Model Successfully!! ********************
[2023-05-05 13:03:59,049] root - INFO - ******************** Training Random Forest Model ********************
[2023-05-05 13:03:59,049] root - INFO - Getting Best Parameters for Random Forest by Grid Search CV
[2023-05-05 13:03:59,049] root - INFO - Grid Search for Random forest best parameters started
[2023-05-05 13:08:01,181] root - INFO - Grid Search for Random forest best parameters completed
[2023-05-05 13:08:01,181] root - INFO - RF Best Parameters : {'max_depth': 8, 'min_samples_split': 4, 'n_estimators': 150}
[2023-05-05 13:08:01,181] root - INFO - Fitting random forest model
[2023-05-05 13:08:03,012] root - INFO - ******************** Trained Random Forest Model Successfully!! ********************
[2023-05-05 13:08:03,012] root - INFO - ***Objects for model obtained!!! Now calcalating R2 score for model evaluation***
[2023-05-05 13:08:03,112] root - INFO - R2 score for Training set ---> Random Forest: 0.8288520604258313 || XG Boost: 0.6894788051633177
[2023-05-05 13:08:03,112] root - INFO - R2 score for Training set --->  XG Boost: 0.6894788051633177
[2023-05-05 13:08:03,143] root - INFO - R2 score for Testing set ---> Random Forest : 0.6437097244067095 || XGBoost : 0.5354257825978457
[2023-05-05 13:08:03,143] root - INFO - R2 score for Testing set --->  || XGBoost : 0.5354257825978457
[2023-05-05 13:08:03,143] root - INFO - Random Forest Model Accepted!!!
[2023-05-05 13:08:03,143] root - INFO - Saving best model object file
[2023-05-05 13:08:03,221] root - INFO - Model Trainer Artifact: ModelTrainerArtifact(is_trained=True, message='Model Training Done!!', trained_model_object_file_path='C:\\Users\\Admin\\Documents\\Shipment_pricing_Project\\shipment\\artifact\\model_training\\2023-05-05-13-03-32\\trained_model\\model.pkl')
[2023-05-05 13:08:03,221] root - INFO - 
******************** Model Training log completed ********************


