[2023-05-05 14:26:24,613] root - INFO - Training pipleine config: TrainingPipelineConfig(artifact_dir='C:\\Users\\Admin\\Documents\\Shipment_pricing_Project\\shipment\\artifact')
[2023-05-05 14:26:24,614] root - INFO - Data Ingestion config: DataIngestionConfig(dataset_download_url='https://raw.githubusercontent.com/Hitesh-Nimbalkar/Shipment_Pricing_EDA/main/SCMS_Delivery_History_Dataset.csv', raw_data_dir='C:\\Users\\Admin\\Documents\\Shipment_pricing_Project\\shipment\\artifact\\data_ingestion\\2023-05-05-14-26-23\\raw_data', ingested_train_dir='C:\\Users\\Admin\\Documents\\Shipment_pricing_Project\\shipment\\artifact\\data_ingestion\\2023-05-05-14-26-23\\ingested_data\\train', ingested_test_dir='C:\\Users\\Admin\\Documents\\Shipment_pricing_Project\\shipment\\artifact\\data_ingestion\\2023-05-05-14-26-23\\ingested_data\\test')
[2023-05-05 14:26:24,614] root - INFO - >>>>>>>>>>>>>>>>>>>>>>>>>>>>>>>>>>>>>>>>>>>>>>>>>>>>>>>>>>>>Data Ingestion log started.<<<<<<<<<<<<<<<<<<<<<<<<<<<<<<<<<<<<<<<<<<<<<<<<<<<<<<<<<<<< 


[2023-05-05 14:26:24,615] root - INFO - Downloading file from :[https://raw.githubusercontent.com/Hitesh-Nimbalkar/Shipment_Pricing_EDA/main/SCMS_Delivery_History_Dataset.csv] into :[C:\Users\Admin\Documents\Shipment_pricing_Project\shipment\artifact\data_ingestion\2023-05-05-14-26-23\raw_data\SCMS_Delivery_History_Dataset.csv]
[2023-05-05 14:26:28,137] root - INFO - File :[C:\Users\Admin\Documents\Shipment_pricing_Project\shipment\artifact\data_ingestion\2023-05-05-14-26-23\raw_data\SCMS_Delivery_History_Dataset.csv] has been downloaded successfully.
[2023-05-05 14:26:28,137] root - INFO - Reading csv file: [C:\Users\Admin\Documents\Shipment_pricing_Project\shipment\artifact\data_ingestion\2023-05-05-14-26-23\raw_data\SCMS_Delivery_History_Dataset.csv]
[2023-05-05 14:26:28,199] root - INFO - Splitting data into train and test
[2023-05-05 14:26:28,203] root - INFO - Exporting training dataset to file: [C:\Users\Admin\Documents\Shipment_pricing_Project\shipment\artifact\data_ingestion\2023-05-05-14-26-23\ingested_data\train\SCMS_Delivery_History_Dataset.csv]
[2023-05-05 14:26:28,280] root - INFO - Exporting test dataset to file: [C:\Users\Admin\Documents\Shipment_pricing_Project\shipment\artifact\data_ingestion\2023-05-05-14-26-23\ingested_data\test\SCMS_Delivery_History_Dataset.csv]
[2023-05-05 14:26:28,299] root - INFO - Data Ingestion artifact:[DataIngestionArtifact(train_file_path='C:\\Users\\Admin\\Documents\\Shipment_pricing_Project\\shipment\\artifact\\data_ingestion\\2023-05-05-14-26-23\\ingested_data\\train\\SCMS_Delivery_History_Dataset.csv', test_file_path='C:\\Users\\Admin\\Documents\\Shipment_pricing_Project\\shipment\\artifact\\data_ingestion\\2023-05-05-14-26-23\\ingested_data\\test\\SCMS_Delivery_History_Dataset.csv', is_ingested=True, message='Data ingestion completed successfully.')]
[2023-05-05 14:26:28,301] root - INFO - >>>>>>>>>>>>>>>>>>>>>>>>>>>>>>>>>>>>>>>>>>>>>>>>>>>>>>>>>>>>Data Validation log started.<<<<<<<<<<<<<<<<<<<<<<<<<<<<<<<<<<<<<<<<<<<<<<<<<<<<<<<<<<<< 


[2023-05-05 14:26:28,306] root - INFO - Validation Process Started
[2023-05-05 14:26:28,491] root - INFO - Train_set status|is Train filename validated?: True|is train column name validated?: True|whole missing columns?True
[2023-05-05 14:26:28,491] root - INFO - Test_set status|is Test filename validated?: True|is test column names validated? True| whole missing columns? True
[2023-05-05 14:26:28,491] root - INFO - Validation Process Completed
[2023-05-05 14:26:28,491] root - INFO - Data validation artifact: DataValidationArtifact(schema_file_path='C:\\Users\\Admin\\Documents\\Shipment_pricing_Project\\config\\schema.yaml', is_validated=True, message='Data validation performed')
[2023-05-05 14:26:28,491] root - INFO - >>>>>>>>>>>>>>>>>>>>>>>>>>>>>>>>>>>>>>>>>>>>>>>>>>>>>>>>>>>>Data Validation log completed.<<<<<<<<<<<<<<<<<<<<<<<<<<<<<<<<<<<<<<<<<<<<<<<<<<<<<<<<<<<<
[2023-05-05 14:26:28,491] root - INFO - Data Transformation Config: DataTransformationConfig(transformed_train_dir='C:\\Users\\Admin\\Documents\\Shipment_pricing_Project\\shipment\\artifact\\data_transformation\\2023-05-05-14-26-23\\transformed_data\\train', transformed_test_dir='C:\\Users\\Admin\\Documents\\Shipment_pricing_Project\\shipment\\artifact\\data_transformation\\2023-05-05-14-26-23\\transformed_data\\test', preprocessed_object_file_path='C:\\Users\\Admin\\Documents\\Shipment_pricing_Project\\shipment\\artifact\\data_transformation\\2023-05-05-14-26-23\\preprocessed\\preprocessed.pkl', feature_engineering_object_file_path='C:\\Users\\Admin\\Documents\\Shipment_pricing_Project\\shipment\\artifact\\data_transformation\\2023-05-05-14-26-23\\preprocessed\\feat_eng.pkl')
[2023-05-05 14:26:28,491] root - INFO - 
******************** Data Transformation log started ********************


[2023-05-05 14:26:28,491] root - INFO - Obtaining training and test file path.
[2023-05-05 14:26:28,491] root - INFO - Loading training and test data as pandas dataframe.
[2023-05-05 14:26:28,540] root - INFO - Obtaining feature engineering object.
[2023-05-05 14:26:28,542] root - INFO - 
******************** Feature Engneering Started ********************


[2023-05-05 14:26:28,542] root - INFO - Applying feature engineering object on training dataframe and testing dataframe
[2023-05-05 14:26:28,542] root - INFO - Feature Enineering - Train Data 
[2023-05-05 14:26:32,170] root - INFO -  >>>>>>>>>>>>   Missing Fills :  Shipment_Mode,Manufacturing_Site,Country,Brand <<<<<<<<<<
[2023-05-05 14:26:32,182] root - INFO -  >>>>>>>>>>>>  Columns Modififcation Complete  <<<<<<<<<<
[2023-05-05 14:26:32,233] root - INFO - Feature Enineering - Test Data 
[2023-05-05 14:26:33,101] root - INFO -  >>>>>>>>>>>>   Missing Fills :  Shipment_Mode,Manufacturing_Site,Country,Brand <<<<<<<<<<
[2023-05-05 14:26:33,106] root - INFO -  >>>>>>>>>>>>  Columns Modififcation Complete  <<<<<<<<<<
[2023-05-05 14:26:33,127] root - INFO - Obtaining data transformer object.
[2023-05-05 14:26:33,166] root - INFO - Splitting input and target feature from training and testing dataframe.
[2023-05-05 14:26:33,166] root - INFO - Colums before transformer object Index(['Unit_of_Measure_(Per_Pack)', 'Line_Item_Quantity', 'Pack_Price',
       'Unit_Price', 'Weight_Kilograms_Clean', 'Dosage_Form_(e)',
       'Manufacturing_Site_(e)', 'First_Line_Designation_(e)', 'Brand_(e)',
       'Country_(e)', 'Fulfill_Via_(e)', 'Shipment_Mode_(e)',
       'Product_Group_(e)', 'Sub_Classification_(e)', 'Vendor_(e)'],
      dtype='object')
[2023-05-05 14:26:33,169] root - INFO - Obtaining preprocessing object.
[2023-05-05 14:26:33,171] root - INFO - Applying preprocessing object on training dataframe and testing dataframe
[2023-05-05 14:26:33,246] root - INFO - Transformed Train and Transformed test file saved
[2023-05-05 14:26:33,246] root - INFO - Saving Feature Engineering Object
[2023-05-05 14:26:33,247] root - INFO - Saving Preprocessing Object
[2023-05-05 14:26:33,250] root - INFO - Data Transformation Artifact: DataTransformationArtifact(is_transformed=True, message='Data transformation successfull.', transformed_train_file_path='C:\\Users\\Admin\\Documents\\Shipment_pricing_Project\\shipment\\artifact\\data_transformation\\2023-05-05-14-26-23\\transformed_data\\train\\transformed_train.csv', transformed_test_file_path='C:\\Users\\Admin\\Documents\\Shipment_pricing_Project\\shipment\\artifact\\data_transformation\\2023-05-05-14-26-23\\transformed_data\\test\\transformed_test.csv', preprocessed_object_file_path='C:\\Users\\Admin\\Documents\\Shipment_pricing_Project\\shipment\\artifact\\data_transformation\\2023-05-05-14-26-23\\preprocessed\\preprocessed.pkl', feature_engineering_object_file_path='C:\\Users\\Admin\\Documents\\Shipment_pricing_Project\\shipment\\artifact\\data_transformation\\2023-05-05-14-26-23\\preprocessed\\feat_eng.pkl')
[2023-05-05 14:26:33,252] root - INFO - 
******************** Data Transformation log completed ********************


[2023-05-05 14:26:33,252] root - INFO - Model Trainer Config : ModelTrainerConfig(trained_model_file_path='C:\\Users\\Admin\\Documents\\Shipment_pricing_Project\\shipment\\artifact\\model_training\\2023-05-05-14-26-23\\trained_model\\model.pkl')
[2023-05-05 14:26:33,252] root - INFO - 
******************** Model Training started ********************


[2023-05-05 14:26:33,252] root - INFO - Finding transformed Training and Test
[2023-05-05 14:26:33,252] root - INFO - Transformed Data found!!! Now, converting it into dataframe
[2023-05-05 14:26:33,274] root - INFO - Splitting Input features and Target Feature for train and test data
[2023-05-05 14:26:33,328] root - INFO - Best Model Finder function called
[2023-05-05 14:26:33,329] root - INFO - ******************** Training XGBoost Model ********************
[2023-05-05 14:26:33,329] root - INFO - Getting Best Parameters for Random Forest by Grid Search CV
[2023-05-05 14:26:33,329] root - INFO - Optuna Search for XG Boost best parameters started
[2023-05-05 14:26:37,011] root - INFO - Optuna Search for XG Boost best parameters started
[2023-05-05 14:26:37,098] root - INFO - Optuna Search for XG Boost best parameters started
[2023-05-05 14:26:38,363] root - INFO - Optuna Search for XG Boost best parameters started
[2023-05-05 14:26:40,852] root - INFO - Optuna Search for XG Boost best parameters started
[2023-05-05 14:26:43,876] root - INFO - Optuna Search for XG Boost best parameters started
[2023-05-05 14:26:46,729] root - INFO - Optuna Search for XG Boost best parameters started
[2023-05-05 14:26:50,621] root - INFO - Optuna Search for XG Boost best parameters started
[2023-05-05 14:26:50,684] root - INFO - Optuna Search for XG Boost best parameters started
[2023-05-05 14:26:50,919] root - INFO - Optuna Search for XG Boost best parameters started
[2023-05-05 14:26:56,348] root - INFO - Optuna Search for XG Boost best parameters completed
[2023-05-05 14:26:56,348] root - INFO - XGB Best Parameters : {'lambda': 0.09981422246934243, 'alpha': 0.0019577828573138943, 'colsample_bytree': 0.8, 'subsample': 0.1, 'learning_rate': 0.15, 'max_depth': 7, 'min_child_weight': 71, 'booster': 'dart', 'reg_lambda': 0.05, 'reg_alpha': 0.05}
[2023-05-05 14:26:56,348] root - INFO - Fitting XG Boost model
[2023-05-05 14:26:56,998] root - INFO - ******************** Trained XGBoost Model Successfully!! ********************
[2023-05-05 14:26:56,998] root - INFO - ******************** Training Random Forest Model ********************
[2023-05-05 14:26:56,998] root - INFO - Getting Best Parameters for Random Forest by Grid Search CV
[2023-05-05 14:26:56,998] root - INFO - Grid Search for Random forest best parameters started
[2023-05-05 14:31:13,012] root - INFO - Grid Search for Random forest best parameters completed
[2023-05-05 14:31:13,012] root - INFO - RF Best Parameters : {'max_depth': 8, 'min_samples_split': 4, 'n_estimators': 150}
[2023-05-05 14:31:13,012] root - INFO - Fitting random forest model
[2023-05-05 14:31:15,097] root - INFO - ******************** Trained Random Forest Model Successfully!! ********************
[2023-05-05 14:31:15,097] root - INFO - ***Objects for model obtained!!! Now calcalating R2 score for model evaluation***
[2023-05-05 14:31:15,205] root - INFO - R2 score for Training set ---> Random Forest: 0.7944822844518974 || XG Boost: 0.4752299779914173
[2023-05-05 14:31:15,205] root - INFO - R2 score for Training set --->  XG Boost: 0.4752299779914173
[2023-05-05 14:31:15,243] root - INFO - R2 score for Testing set ---> Random Forest : 0.4723422756406941 || XGBoost : 0.3537053334340562
[2023-05-05 14:31:15,243] root - INFO - R2 score for Testing set --->  || XGBoost : 0.3537053334340562
[2023-05-05 14:31:15,243] root - INFO - Random Forest Model Accepted!!!
[2023-05-05 14:31:15,243] root - INFO - Saving best model object file
[2023-05-05 14:31:15,326] root - INFO - Model Trainer Artifact: ModelTrainerArtifact(is_trained=True, message='Model Training Done!!', trained_model_object_file_path='C:\\Users\\Admin\\Documents\\Shipment_pricing_Project\\shipment\\artifact\\model_training\\2023-05-05-14-26-23\\trained_model\\model.pkl')
[2023-05-05 14:31:15,327] root - INFO - 
******************** Model Training log completed ********************


