[2023-05-05 12:00:53,790] root - INFO - Training pipleine config: TrainingPipelineConfig(artifact_dir='C:\\Users\\Admin\\Documents\\Shipment_pricing_Project\\shipment\\artifact')
[2023-05-05 12:00:53,790] root - INFO - Data Ingestion config: DataIngestionConfig(dataset_download_url='https://raw.githubusercontent.com/Hitesh-Nimbalkar/Shipment_Pricing_EDA/main/SCMS_Delivery_History_Dataset.csv', raw_data_dir='C:\\Users\\Admin\\Documents\\Shipment_pricing_Project\\shipment\\artifact\\data_ingestion\\2023-05-05-12-00-52\\raw_data', ingested_train_dir='C:\\Users\\Admin\\Documents\\Shipment_pricing_Project\\shipment\\artifact\\data_ingestion\\2023-05-05-12-00-52\\ingested_data\\train', ingested_test_dir='C:\\Users\\Admin\\Documents\\Shipment_pricing_Project\\shipment\\artifact\\data_ingestion\\2023-05-05-12-00-52\\ingested_data\\test')
[2023-05-05 12:00:53,791] root - INFO - >>>>>>>>>>>>>>>>>>>>>>>>>>>>>>>>>>>>>>>>>>>>>>>>>>>>>>>>>>>>Data Ingestion log started.<<<<<<<<<<<<<<<<<<<<<<<<<<<<<<<<<<<<<<<<<<<<<<<<<<<<<<<<<<<< 


[2023-05-05 12:00:53,791] root - INFO - Downloading file from :[https://raw.githubusercontent.com/Hitesh-Nimbalkar/Shipment_Pricing_EDA/main/SCMS_Delivery_History_Dataset.csv] into :[C:\Users\Admin\Documents\Shipment_pricing_Project\shipment\artifact\data_ingestion\2023-05-05-12-00-52\raw_data\SCMS_Delivery_History_Dataset.csv]
[2023-05-05 12:00:55,819] root - INFO - File :[C:\Users\Admin\Documents\Shipment_pricing_Project\shipment\artifact\data_ingestion\2023-05-05-12-00-52\raw_data\SCMS_Delivery_History_Dataset.csv] has been downloaded successfully.
[2023-05-05 12:00:55,819] root - INFO - Reading csv file: [C:\Users\Admin\Documents\Shipment_pricing_Project\shipment\artifact\data_ingestion\2023-05-05-12-00-52\raw_data\SCMS_Delivery_History_Dataset.csv]
[2023-05-05 12:00:55,866] root - INFO - Splitting data into train and test
[2023-05-05 12:00:55,881] root - INFO - Exporting training dataset to file: [C:\Users\Admin\Documents\Shipment_pricing_Project\shipment\artifact\data_ingestion\2023-05-05-12-00-52\ingested_data\train\SCMS_Delivery_History_Dataset.csv]
[2023-05-05 12:00:55,944] root - INFO - Exporting test dataset to file: [C:\Users\Admin\Documents\Shipment_pricing_Project\shipment\artifact\data_ingestion\2023-05-05-12-00-52\ingested_data\test\SCMS_Delivery_History_Dataset.csv]
[2023-05-05 12:00:55,959] root - INFO - Data Ingestion artifact:[DataIngestionArtifact(train_file_path='C:\\Users\\Admin\\Documents\\Shipment_pricing_Project\\shipment\\artifact\\data_ingestion\\2023-05-05-12-00-52\\ingested_data\\train\\SCMS_Delivery_History_Dataset.csv', test_file_path='C:\\Users\\Admin\\Documents\\Shipment_pricing_Project\\shipment\\artifact\\data_ingestion\\2023-05-05-12-00-52\\ingested_data\\test\\SCMS_Delivery_History_Dataset.csv', is_ingested=True, message='Data ingestion completed successfully.')]
[2023-05-05 12:00:55,959] root - INFO - >>>>>>>>>>>>>>>>>>>>>>>>>>>>>>>>>>>>>>>>>>>>>>>>>>>>>>>>>>>>Data Validation log started.<<<<<<<<<<<<<<<<<<<<<<<<<<<<<<<<<<<<<<<<<<<<<<<<<<<<<<<<<<<< 


[2023-05-05 12:00:55,975] root - INFO - Validation Process Started
[2023-05-05 12:00:56,161] root - INFO - Train_set status|is Train filename validated?: True|is train column name validated?: True|whole missing columns?True
[2023-05-05 12:00:56,162] root - INFO - Test_set status|is Test filename validated?: True|is test column names validated? True| whole missing columns? True
[2023-05-05 12:00:56,162] root - INFO - Validation Process Completed
[2023-05-05 12:00:56,162] root - INFO - Data validation artifact: DataValidationArtifact(schema_file_path='C:\\Users\\Admin\\Documents\\Shipment_pricing_Project\\config\\schema.yaml', is_validated=True, message='Data validation performed')
[2023-05-05 12:00:56,162] root - INFO - >>>>>>>>>>>>>>>>>>>>>>>>>>>>>>>>>>>>>>>>>>>>>>>>>>>>>>>>>>>>Data Validation log completed.<<<<<<<<<<<<<<<<<<<<<<<<<<<<<<<<<<<<<<<<<<<<<<<<<<<<<<<<<<<<
[2023-05-05 12:00:56,162] root - INFO - Data Transformation Config: DataTransformationConfig(transformed_train_dir='C:\\Users\\Admin\\Documents\\Shipment_pricing_Project\\shipment\\artifact\\data_transformation\\2023-05-05-12-00-52\\transformed_data\\train', transformed_test_dir='C:\\Users\\Admin\\Documents\\Shipment_pricing_Project\\shipment\\artifact\\data_transformation\\2023-05-05-12-00-52\\transformed_data\\test', preprocessed_object_file_path='C:\\Users\\Admin\\Documents\\Shipment_pricing_Project\\shipment\\artifact\\data_transformation\\2023-05-05-12-00-52\\preprocessed\\preprocessed.pkl', feature_engineering_object_file_path='C:\\Users\\Admin\\Documents\\Shipment_pricing_Project\\shipment\\artifact\\data_transformation\\2023-05-05-12-00-52\\preprocessed\\feat_eng.pkl')
[2023-05-05 12:00:56,162] root - INFO - 
******************** Data Transformation log started ********************


[2023-05-05 12:00:56,162] root - INFO - Obtaining training and test file path.
[2023-05-05 12:00:56,162] root - INFO - Loading training and test data as pandas dataframe.
[2023-05-05 12:00:56,201] root - INFO - Obtaining feature engineering object.
[2023-05-05 12:00:56,201] root - INFO - 
******************** Feature Engneering Started ********************


[2023-05-05 12:00:56,201] root - INFO - Applying feature engineering object on training dataframe and testing dataframe
[2023-05-05 12:00:56,201] root - INFO - Feature Enineering - Train Data 
[2023-05-05 12:00:59,847] root - INFO -  >>>>>>>>>>>>   Missing Fills :  Shipment_Mode,Manufacturing_Site,Country,Brand <<<<<<<<<<
[2023-05-05 12:00:59,859] root - INFO -  >>>>>>>>>>>>  Columns Modififcation Complete  <<<<<<<<<<
[2023-05-05 12:00:59,900] root - INFO - Feature Enineering - Test Data 
[2023-05-05 12:01:00,756] root - INFO -  >>>>>>>>>>>>   Missing Fills :  Shipment_Mode,Manufacturing_Site,Country,Brand <<<<<<<<<<
[2023-05-05 12:01:00,760] root - INFO -  >>>>>>>>>>>>  Columns Modififcation Complete  <<<<<<<<<<
[2023-05-05 12:01:00,804] root - INFO - Obtaining preprocessing object.
[2023-05-05 12:01:00,807] root - INFO - Colums before transformer object Index(['Unit_of_Measure_(Per_Pack)', 'Line_Item_Quantity', 'Pack_Price',
       'Unit_Price', 'Freight_Cost_USD_Clean', 'Weight_Kilograms_Clean',
       'Shipment_mode', 'Manufacturing_site', 'Country', 'Dosage_Form',
       'First_Line_Designation', 'Fulfill_via', 'Sub_Classification', 'Brand'],
      dtype='object')
[2023-05-05 12:01:00,807] root - INFO - Applying preprocessing object on training dataframe and testing dataframe
[2023-05-05 12:01:00,850] root - INFO - Converting preprocessed array into dataframe
[2023-05-05 12:01:01,002] root - INFO - Transformed Train and Transformed test file saved
[2023-05-05 12:01:01,002] root - INFO - Saving Feature Engineering Object
[2023-05-05 12:01:01,002] root - INFO - Saving Preprocessing Object
[2023-05-05 12:01:01,002] root - INFO - Data Transformation Artifact: DataTransformationArtifact(is_transformed=True, message='Data transformation successfull.', transformed_train_file_path='C:\\Users\\Admin\\Documents\\Shipment_pricing_Project\\shipment\\artifact\\data_transformation\\2023-05-05-12-00-52\\transformed_data\\train\\transformed_train.csv', transformed_test_file_path='C:\\Users\\Admin\\Documents\\Shipment_pricing_Project\\shipment\\artifact\\data_transformation\\2023-05-05-12-00-52\\transformed_data\\test\\transformed_test.csv', preprocessed_object_file_path='C:\\Users\\Admin\\Documents\\Shipment_pricing_Project\\shipment\\artifact\\data_transformation\\2023-05-05-12-00-52\\preprocessed\\preprocessed.pkl', feature_engineering_object_file_path='C:\\Users\\Admin\\Documents\\Shipment_pricing_Project\\shipment\\artifact\\data_transformation\\2023-05-05-12-00-52\\preprocessed\\feat_eng.pkl')
[2023-05-05 12:01:01,018] root - INFO - 
******************** Data Transformation log completed ********************


[2023-05-05 12:01:01,018] root - INFO - Model Trainer Config : ModelTrainerConfig(trained_model_file_path='C:\\Users\\Admin\\Documents\\Shipment_pricing_Project\\shipment\\artifact\\model_training\\2023-05-05-12-00-52\\trained_model\\model.pkl')
[2023-05-05 12:01:01,018] root - INFO - 
******************** Model Training started ********************


[2023-05-05 12:01:01,018] root - INFO - Finding transformed Training and Test
[2023-05-05 12:01:01,018] root - INFO - Transformed Data found!!! Now, converting it into dataframe
[2023-05-05 12:01:01,081] root - INFO - Splitting Input features and Target Feature for train and test data
[2023-05-05 12:01:01,317] root - INFO - Best Model Finder function called
[2023-05-05 12:01:01,317] root - INFO - ******************** Training XGBoost Model ********************
[2023-05-05 12:01:01,317] root - INFO - Getting Best Parameters for Random Forest by Grid Search CV
[2023-05-05 12:01:01,317] root - INFO - Optuna Search for XG Boost best parameters started
[2023-05-05 12:01:01,451] root - INFO - Optuna Search for XG Boost best parameters started
[2023-05-05 12:01:01,461] root - INFO - Optuna Search for XG Boost best parameters started
[2023-05-05 12:01:01,476] root - INFO - Optuna Search for XG Boost best parameters started
[2023-05-05 12:01:01,495] root - INFO - Optuna Search for XG Boost best parameters started
[2023-05-05 12:01:01,517] root - INFO - Optuna Search for XG Boost best parameters started
[2023-05-05 12:01:01,558] root - INFO - Optuna Search for XG Boost best parameters started
[2023-05-05 12:01:01,587] root - INFO - Optuna Search for XG Boost best parameters started
[2023-05-05 12:01:01,624] root - INFO - Optuna Search for XG Boost best parameters started
[2023-05-05 12:01:01,659] root - INFO - Optuna Search for XG Boost best parameters started
[2023-05-05 12:01:01,703] root - INFO - Optuna Search for XG Boost best parameters started
[2023-05-05 12:01:01,747] root - INFO - Optuna Search for XG Boost best parameters started
[2023-05-05 12:01:01,788] root - INFO - Optuna Search for XG Boost best parameters started
[2023-05-05 12:01:01,836] root - INFO - Optuna Search for XG Boost best parameters started
[2023-05-05 12:01:01,875] root - INFO - Optuna Search for XG Boost best parameters started
[2023-05-05 12:01:01,923] root - INFO - Optuna Search for XG Boost best parameters started
[2023-05-05 12:01:01,985] root - INFO - Optuna Search for XG Boost best parameters started
[2023-05-05 12:01:02,044] root - INFO - Optuna Search for XG Boost best parameters started
[2023-05-05 12:01:02,117] root - INFO - Optuna Search for XG Boost best parameters started
[2023-05-05 12:01:02,194] root - INFO - Optuna Search for XG Boost best parameters started
[2023-05-05 12:01:02,250] root - INFO - Optuna Search for XG Boost best parameters started
[2023-05-05 12:01:02,328] root - INFO - Optuna Search for XG Boost best parameters started
[2023-05-05 12:01:02,397] root - INFO - Optuna Search for XG Boost best parameters started
[2023-05-05 12:01:02,492] root - INFO - Optuna Search for XG Boost best parameters started
[2023-05-05 12:01:02,582] root - INFO - Optuna Search for XG Boost best parameters started
[2023-05-05 12:01:02,668] root - INFO - Optuna Search for XG Boost best parameters started
[2023-05-05 12:01:02,761] root - INFO - Optuna Search for XG Boost best parameters started
[2023-05-05 12:01:02,861] root - INFO - Optuna Search for XG Boost best parameters started
[2023-05-05 12:01:02,953] root - INFO - Optuna Search for XG Boost best parameters started
[2023-05-05 12:01:03,069] root - INFO - Optuna Search for XG Boost best parameters started
[2023-05-05 12:01:03,174] root - INFO - Optuna Search for XG Boost best parameters started
[2023-05-05 12:01:03,277] root - INFO - Optuna Search for XG Boost best parameters started
[2023-05-05 12:01:03,389] root - INFO - Optuna Search for XG Boost best parameters started
[2023-05-05 12:01:03,500] root - INFO - Optuna Search for XG Boost best parameters started
[2023-05-05 12:01:03,616] root - INFO - Optuna Search for XG Boost best parameters started
[2023-05-05 12:01:03,729] root - INFO - Optuna Search for XG Boost best parameters started
[2023-05-05 12:01:03,859] root - INFO - Optuna Search for XG Boost best parameters started
[2023-05-05 12:01:03,974] root - INFO - Optuna Search for XG Boost best parameters started
[2023-05-05 12:01:04,109] root - INFO - Optuna Search for XG Boost best parameters started
[2023-05-05 12:01:04,243] root - INFO - Optuna Search for XG Boost best parameters started
[2023-05-05 12:01:04,375] root - INFO - Optuna Search for XG Boost best parameters started
[2023-05-05 12:01:04,532] root - INFO - Optuna Search for XG Boost best parameters started
[2023-05-05 12:01:04,669] root - INFO - Optuna Search for XG Boost best parameters started
[2023-05-05 12:01:04,801] root - INFO - Optuna Search for XG Boost best parameters started
[2023-05-05 12:01:04,960] root - INFO - Optuna Search for XG Boost best parameters started
[2023-05-05 12:01:05,101] root - INFO - Optuna Search for XG Boost best parameters started
[2023-05-05 12:01:05,262] root - INFO - Optuna Search for XG Boost best parameters started
[2023-05-05 12:01:05,408] root - INFO - Optuna Search for XG Boost best parameters started
[2023-05-05 12:01:05,574] root - INFO - Optuna Search for XG Boost best parameters started
[2023-05-05 12:01:05,735] root - INFO - Optuna Search for XG Boost best parameters started
[2023-05-05 12:01:05,901] root - INFO - Optuna Search for XG Boost best parameters started
[2023-05-05 12:01:06,079] root - INFO - Optuna Search for XG Boost best parameters started
[2023-05-05 12:01:06,240] root - INFO - Optuna Search for XG Boost best parameters started
[2023-05-05 12:01:06,428] root - INFO - Optuna Search for XG Boost best parameters started
[2023-05-05 12:01:06,605] root - INFO - Optuna Search for XG Boost best parameters started
[2023-05-05 12:01:06,808] root - INFO - Optuna Search for XG Boost best parameters started
[2023-05-05 12:01:06,987] root - INFO - Optuna Search for XG Boost best parameters started
[2023-05-05 12:01:07,197] root - INFO - Optuna Search for XG Boost best parameters started
[2023-05-05 12:01:07,399] root - INFO - Optuna Search for XG Boost best parameters started
[2023-05-05 12:01:07,644] root - INFO - Optuna Search for XG Boost best parameters started
[2023-05-05 12:01:07,858] root - INFO - Optuna Search for XG Boost best parameters started
[2023-05-05 12:01:08,080] root - INFO - Optuna Search for XG Boost best parameters started
[2023-05-05 12:01:08,275] root - INFO - Optuna Search for XG Boost best parameters started
[2023-05-05 12:01:08,489] root - INFO - Optuna Search for XG Boost best parameters started
[2023-05-05 12:01:08,768] root - INFO - Optuna Search for XG Boost best parameters started
[2023-05-05 12:01:08,980] root - INFO - Optuna Search for XG Boost best parameters started
[2023-05-05 12:01:09,198] root - INFO - Optuna Search for XG Boost best parameters started
[2023-05-05 12:01:09,397] root - INFO - Optuna Search for XG Boost best parameters started
[2023-05-05 12:01:09,620] root - INFO - Optuna Search for XG Boost best parameters started
[2023-05-05 12:01:09,858] root - INFO - Optuna Search for XG Boost best parameters started
[2023-05-05 12:01:10,084] root - INFO - Optuna Search for XG Boost best parameters started
[2023-05-05 12:01:10,308] root - INFO - Optuna Search for XG Boost best parameters started
[2023-05-05 12:01:10,542] root - INFO - Optuna Search for XG Boost best parameters started
[2023-05-05 12:01:10,809] root - INFO - Optuna Search for XG Boost best parameters started
[2023-05-05 12:01:11,050] root - INFO - Optuna Search for XG Boost best parameters started
[2023-05-05 12:01:11,295] root - INFO - Optuna Search for XG Boost best parameters started
[2023-05-05 12:01:11,549] root - INFO - Optuna Search for XG Boost best parameters started
[2023-05-05 12:01:11,809] root - INFO - Optuna Search for XG Boost best parameters started
[2023-05-05 12:01:12,071] root - INFO - Optuna Search for XG Boost best parameters started
[2023-05-05 12:01:12,326] root - INFO - Optuna Search for XG Boost best parameters started
[2023-05-05 12:01:12,580] root - INFO - Optuna Search for XG Boost best parameters started
[2023-05-05 12:01:12,853] root - INFO - Optuna Search for XG Boost best parameters started
[2023-05-05 12:01:13,114] root - INFO - Optuna Search for XG Boost best parameters started
[2023-05-05 12:01:13,387] root - INFO - Optuna Search for XG Boost best parameters started
[2023-05-05 12:01:13,652] root - INFO - Optuna Search for XG Boost best parameters started
[2023-05-05 12:01:13,941] root - INFO - Optuna Search for XG Boost best parameters started
[2023-05-05 12:01:14,212] root - INFO - Optuna Search for XG Boost best parameters started
[2023-05-05 12:01:14,496] root - INFO - Optuna Search for XG Boost best parameters started
[2023-05-05 12:01:14,778] root - INFO - Optuna Search for XG Boost best parameters started
[2023-05-05 12:01:15,070] root - INFO - Optuna Search for XG Boost best parameters started
[2023-05-05 12:01:15,367] root - INFO - Optuna Search for XG Boost best parameters started
[2023-05-05 12:01:15,650] root - INFO - Optuna Search for XG Boost best parameters started
[2023-05-05 12:01:15,932] root - INFO - Optuna Search for XG Boost best parameters started
[2023-05-05 12:01:16,234] root - INFO - Optuna Search for XG Boost best parameters started
[2023-05-05 12:01:16,547] root - INFO - Optuna Search for XG Boost best parameters started
[2023-05-05 12:01:16,868] root - INFO - Optuna Search for XG Boost best parameters started
[2023-05-05 12:01:17,180] root - INFO - Optuna Search for XG Boost best parameters started
[2023-05-05 12:01:17,519] root - INFO - Optuna Search for XG Boost best parameters started
[2023-05-05 12:01:17,823] root - INFO - Optuna Search for XG Boost best parameters started
[2023-05-05 12:01:18,154] root - INFO - Optuna Search for XG Boost best parameters started
[2023-05-05 12:01:18,502] root - INFO - Optuna Search for XG Boost best parameters started
[2023-05-05 12:01:18,825] root - INFO - Optuna Search for XG Boost best parameters started
[2023-05-05 12:01:19,149] root - INFO - Optuna Search for XG Boost best parameters started
[2023-05-05 12:01:19,505] root - INFO - Optuna Search for XG Boost best parameters started
[2023-05-05 12:01:19,841] root - INFO - Optuna Search for XG Boost best parameters started
[2023-05-05 12:01:20,181] root - INFO - Optuna Search for XG Boost best parameters started
[2023-05-05 12:01:20,536] root - INFO - Optuna Search for XG Boost best parameters started
[2023-05-05 12:01:20,887] root - INFO - Optuna Search for XG Boost best parameters started
[2023-05-05 12:01:21,234] root - INFO - Optuna Search for XG Boost best parameters started
[2023-05-05 12:01:21,574] root - INFO - Optuna Search for XG Boost best parameters started
[2023-05-05 12:01:21,929] root - INFO - Optuna Search for XG Boost best parameters started
[2023-05-05 12:01:22,295] root - INFO - Optuna Search for XG Boost best parameters started
[2023-05-05 12:01:22,665] root - INFO - Optuna Search for XG Boost best parameters started
[2023-05-05 12:01:23,036] root - INFO - Optuna Search for XG Boost best parameters started
[2023-05-05 12:01:23,409] root - INFO - Optuna Search for XG Boost best parameters started
[2023-05-05 12:01:23,780] root - INFO - Optuna Search for XG Boost best parameters started
[2023-05-05 12:01:24,171] root - INFO - Optuna Search for XG Boost best parameters started
[2023-05-05 12:01:24,555] root - INFO - Optuna Search for XG Boost best parameters started
[2023-05-05 12:01:24,931] root - INFO - Optuna Search for XG Boost best parameters started
[2023-05-05 12:01:25,313] root - INFO - Optuna Search for XG Boost best parameters started
[2023-05-05 12:01:25,723] root - INFO - Optuna Search for XG Boost best parameters started
[2023-05-05 12:01:26,101] root - INFO - Optuna Search for XG Boost best parameters started
[2023-05-05 12:01:26,500] root - INFO - Optuna Search for XG Boost best parameters started
[2023-05-05 12:01:26,899] root - INFO - Optuna Search for XG Boost best parameters started
[2023-05-05 12:01:27,314] root - INFO - Optuna Search for XG Boost best parameters started
[2023-05-05 12:01:27,704] root - INFO - Optuna Search for XG Boost best parameters started
[2023-05-05 12:01:28,118] root - INFO - Optuna Search for XG Boost best parameters started
[2023-05-05 12:01:28,521] root - INFO - Optuna Search for XG Boost best parameters started
[2023-05-05 12:01:28,971] root - INFO - Optuna Search for XG Boost best parameters started
[2023-05-05 12:01:29,365] root - INFO - Optuna Search for XG Boost best parameters started
[2023-05-05 12:01:29,772] root - INFO - Optuna Search for XG Boost best parameters started
[2023-05-05 12:01:30,184] root - INFO - Optuna Search for XG Boost best parameters started
[2023-05-05 12:01:30,611] root - INFO - Optuna Search for XG Boost best parameters started
[2023-05-05 12:01:31,039] root - INFO - Optuna Search for XG Boost best parameters started
[2023-05-05 12:01:31,467] root - INFO - Optuna Search for XG Boost best parameters started
[2023-05-05 12:01:31,897] root - INFO - Optuna Search for XG Boost best parameters started
[2023-05-05 12:01:32,337] root - INFO - Optuna Search for XG Boost best parameters started
[2023-05-05 12:01:32,778] root - INFO - Optuna Search for XG Boost best parameters started
[2023-05-05 12:01:33,241] root - INFO - Optuna Search for XG Boost best parameters started
[2023-05-05 12:01:33,735] root - INFO - Optuna Search for XG Boost best parameters started
[2023-05-05 12:01:34,300] root - INFO - Optuna Search for XG Boost best parameters started
[2023-05-05 12:01:34,772] root - INFO - Optuna Search for XG Boost best parameters started
[2023-05-05 12:01:35,235] root - INFO - Optuna Search for XG Boost best parameters started
[2023-05-05 12:01:35,705] root - INFO - Optuna Search for XG Boost best parameters started
[2023-05-05 12:01:36,148] root - INFO - Optuna Search for XG Boost best parameters started
[2023-05-05 12:01:36,636] root - INFO - Optuna Search for XG Boost best parameters started
[2023-05-05 12:01:37,102] root - INFO - Optuna Search for XG Boost best parameters started
[2023-05-05 12:01:37,587] root - INFO - Optuna Search for XG Boost best parameters started
[2023-05-05 12:01:38,057] root - INFO - Optuna Search for XG Boost best parameters started
[2023-05-05 12:01:38,528] root - INFO - Optuna Search for XG Boost best parameters started
[2023-05-05 12:01:39,044] root - INFO - Optuna Search for XG Boost best parameters started
[2023-05-05 12:01:39,521] root - INFO - Optuna Search for XG Boost best parameters started
[2023-05-05 12:01:40,021] root - INFO - Optuna Search for XG Boost best parameters started
[2023-05-05 12:01:40,527] root - INFO - Optuna Search for XG Boost best parameters started
[2023-05-05 12:01:41,025] root - INFO - Optuna Search for XG Boost best parameters started
[2023-05-05 12:01:41,531] root - INFO - Optuna Search for XG Boost best parameters started
[2023-05-05 12:01:42,020] root - INFO - Optuna Search for XG Boost best parameters started
[2023-05-05 12:01:42,517] root - INFO - Optuna Search for XG Boost best parameters started
[2023-05-05 12:01:43,126] root - INFO - Optuna Search for XG Boost best parameters started
[2023-05-05 12:01:43,660] root - INFO - Optuna Search for XG Boost best parameters started
[2023-05-05 12:01:44,160] root - INFO - Optuna Search for XG Boost best parameters started
[2023-05-05 12:01:44,676] root - INFO - Optuna Search for XG Boost best parameters started
[2023-05-05 12:01:45,209] root - INFO - Optuna Search for XG Boost best parameters started
[2023-05-05 12:01:45,749] root - INFO - Optuna Search for XG Boost best parameters started
[2023-05-05 12:01:46,289] root - INFO - Optuna Search for XG Boost best parameters started
[2023-05-05 12:01:46,804] root - INFO - Optuna Search for XG Boost best parameters started
[2023-05-05 12:01:47,336] root - INFO - Optuna Search for XG Boost best parameters started
[2023-05-05 12:01:47,933] root - INFO - Optuna Search for XG Boost best parameters started
[2023-05-05 12:01:48,493] root - INFO - Optuna Search for XG Boost best parameters started
[2023-05-05 12:01:49,064] root - INFO - Optuna Search for XG Boost best parameters started
[2023-05-05 12:01:49,592] root - INFO - Optuna Search for XG Boost best parameters started
[2023-05-05 12:01:50,178] root - INFO - Optuna Search for XG Boost best parameters started
[2023-05-05 12:01:50,745] root - INFO - Optuna Search for XG Boost best parameters started
[2023-05-05 12:01:51,357] root - INFO - Optuna Search for XG Boost best parameters started
[2023-05-05 12:01:51,967] root - INFO - Optuna Search for XG Boost best parameters started
[2023-05-05 12:01:52,560] root - INFO - Optuna Search for XG Boost best parameters started
[2023-05-05 12:01:53,154] root - INFO - Optuna Search for XG Boost best parameters started
[2023-05-05 12:01:53,718] root - INFO - Optuna Search for XG Boost best parameters started
[2023-05-05 12:01:54,297] root - INFO - Optuna Search for XG Boost best parameters started
[2023-05-05 12:01:54,873] root - INFO - Optuna Search for XG Boost best parameters started
[2023-05-05 12:01:55,458] root - INFO - Optuna Search for XG Boost best parameters started
[2023-05-05 12:01:56,028] root - INFO - Optuna Search for XG Boost best parameters started
[2023-05-05 12:01:56,688] root - INFO - Optuna Search for XG Boost best parameters started
[2023-05-05 12:01:57,266] root - INFO - Optuna Search for XG Boost best parameters started
[2023-05-05 12:01:57,865] root - INFO - Optuna Search for XG Boost best parameters started
[2023-05-05 12:01:58,479] root - INFO - Optuna Search for XG Boost best parameters started
[2023-05-05 12:01:59,076] root - INFO - Optuna Search for XG Boost best parameters started
[2023-05-05 12:01:59,690] root - INFO - Optuna Search for XG Boost best parameters started
[2023-05-05 12:02:00,270] root - INFO - Optuna Search for XG Boost best parameters started
[2023-05-05 12:02:00,848] root - INFO - Optuna Search for XG Boost best parameters started
[2023-05-05 12:02:01,476] root - INFO - Optuna Search for XG Boost best parameters started
[2023-05-05 12:02:02,090] root - INFO - Optuna Search for XG Boost best parameters started
[2023-05-05 12:02:02,677] root - INFO - Optuna Search for XG Boost best parameters started
[2023-05-05 12:02:03,287] root - INFO - Optuna Search for XG Boost best parameters started
[2023-05-05 12:02:03,896] root - INFO - Optuna Search for XG Boost best parameters started
[2023-05-05 12:02:04,505] root - INFO - Optuna Search for XG Boost best parameters started
[2023-05-05 12:02:05,099] root - INFO - Optuna Search for XG Boost best parameters started
[2023-05-05 12:02:05,724] root - INFO - Optuna Search for XG Boost best parameters started
[2023-05-05 12:02:06,337] root - INFO - Optuna Search for XG Boost best parameters started
[2023-05-05 12:02:06,976] root - INFO - Optuna Search for XG Boost best parameters started
[2023-05-05 12:02:07,601] root - INFO - Optuna Search for XG Boost best parameters started
[2023-05-05 12:02:08,228] root - INFO - Optuna Search for XG Boost best parameters started
[2023-05-05 12:02:08,878] root - INFO - Optuna Search for XG Boost best parameters started
[2023-05-05 12:02:09,516] root - INFO - Optuna Search for XG Boost best parameters started
[2023-05-05 12:02:10,178] root - INFO - Optuna Search for XG Boost best parameters started
[2023-05-05 12:02:10,845] root - INFO - Optuna Search for XG Boost best parameters started
[2023-05-05 12:02:11,491] root - INFO - Optuna Search for XG Boost best parameters started
[2023-05-05 12:02:12,152] root - INFO - Optuna Search for XG Boost best parameters started
[2023-05-05 12:02:12,804] root - INFO - Optuna Search for XG Boost best parameters started
[2023-05-05 12:02:13,487] root - INFO - Optuna Search for XG Boost best parameters started
[2023-05-05 12:02:14,190] root - INFO - Optuna Search for XG Boost best parameters started
[2023-05-05 12:02:14,884] root - INFO - Optuna Search for XG Boost best parameters started
[2023-05-05 12:02:15,557] root - INFO - Optuna Search for XG Boost best parameters started
[2023-05-05 12:02:16,232] root - INFO - Optuna Search for XG Boost best parameters started
[2023-05-05 12:02:16,878] root - INFO - Optuna Search for XG Boost best parameters started
[2023-05-05 12:02:17,546] root - INFO - Optuna Search for XG Boost best parameters started
[2023-05-05 12:02:18,222] root - INFO - Optuna Search for XG Boost best parameters started
[2023-05-05 12:02:18,910] root - INFO - Optuna Search for XG Boost best parameters started
[2023-05-05 12:02:19,605] root - INFO - Optuna Search for XG Boost best parameters started
[2023-05-05 12:02:20,352] root - INFO - Optuna Search for XG Boost best parameters started
[2023-05-05 12:02:21,092] root - INFO - Optuna Search for XG Boost best parameters started
[2023-05-05 12:02:21,941] root - INFO - Optuna Search for XG Boost best parameters started
[2023-05-05 12:02:22,663] root - INFO - Optuna Search for XG Boost best parameters started
[2023-05-05 12:02:23,418] root - INFO - Optuna Search for XG Boost best parameters started
[2023-05-05 12:02:24,126] root - INFO - Optuna Search for XG Boost best parameters started
[2023-05-05 12:02:24,820] root - INFO - Optuna Search for XG Boost best parameters started
[2023-05-05 12:02:25,502] root - INFO - Optuna Search for XG Boost best parameters started
[2023-05-05 12:02:26,241] root - INFO - Optuna Search for XG Boost best parameters started
[2023-05-05 12:02:26,947] root - INFO - Optuna Search for XG Boost best parameters started
[2023-05-05 12:02:27,689] root - INFO - Optuna Search for XG Boost best parameters started
[2023-05-05 12:02:28,454] root - INFO - Optuna Search for XG Boost best parameters started
[2023-05-05 12:02:29,145] root - INFO - Optuna Search for XG Boost best parameters started
[2023-05-05 12:02:29,944] root - INFO - Optuna Search for XG Boost best parameters started
[2023-05-05 12:02:30,700] root - INFO - Optuna Search for XG Boost best parameters started
[2023-05-05 12:02:31,422] root - INFO - Optuna Search for XG Boost best parameters started
[2023-05-05 12:02:32,180] root - INFO - Optuna Search for XG Boost best parameters started
[2023-05-05 12:02:32,936] root - INFO - Optuna Search for XG Boost best parameters started
[2023-05-05 12:02:33,685] root - INFO - Optuna Search for XG Boost best parameters started
[2023-05-05 12:02:34,459] root - INFO - Optuna Search for XG Boost best parameters started
[2023-05-05 12:02:35,234] root - INFO - Optuna Search for XG Boost best parameters started
[2023-05-05 12:02:35,947] root - INFO - Optuna Search for XG Boost best parameters started
[2023-05-05 12:02:36,749] root - INFO - Optuna Search for XG Boost best parameters started
[2023-05-05 12:02:37,558] root - INFO - Optuna Search for XG Boost best parameters started
[2023-05-05 12:02:38,371] root - INFO - Optuna Search for XG Boost best parameters started
[2023-05-05 12:02:39,163] root - INFO - Optuna Search for XG Boost best parameters started
[2023-05-05 12:02:39,945] root - INFO - Optuna Search for XG Boost best parameters started
[2023-05-05 12:02:40,726] root - INFO - Optuna Search for XG Boost best parameters started
[2023-05-05 12:02:41,540] root - INFO - Optuna Search for XG Boost best parameters started
[2023-05-05 12:02:42,371] root - INFO - Optuna Search for XG Boost best parameters started
[2023-05-05 12:02:43,189] root - INFO - Optuna Search for XG Boost best parameters started
[2023-05-05 12:02:43,973] root - INFO - Optuna Search for XG Boost best parameters started
[2023-05-05 12:02:44,780] root - INFO - Optuna Search for XG Boost best parameters started
[2023-05-05 12:02:45,593] root - INFO - Optuna Search for XG Boost best parameters started
[2023-05-05 12:02:46,390] root - INFO - Optuna Search for XG Boost best parameters started
[2023-05-05 12:02:47,172] root - INFO - Optuna Search for XG Boost best parameters started
[2023-05-05 12:02:47,973] root - INFO - Optuna Search for XG Boost best parameters started
[2023-05-05 12:02:48,790] root - INFO - Optuna Search for XG Boost best parameters started
[2023-05-05 12:02:49,617] root - INFO - Optuna Search for XG Boost best parameters started
[2023-05-05 12:02:50,425] root - INFO - Optuna Search for XG Boost best parameters started
[2023-05-05 12:02:51,224] root - INFO - Optuna Search for XG Boost best parameters started
[2023-05-05 12:02:52,070] root - INFO - Optuna Search for XG Boost best parameters started
[2023-05-05 12:02:52,911] root - INFO - Optuna Search for XG Boost best parameters started
[2023-05-05 12:02:53,764] root - INFO - Optuna Search for XG Boost best parameters started
[2023-05-05 12:02:54,648] root - INFO - Optuna Search for XG Boost best parameters started
[2023-05-05 12:02:55,513] root - INFO - Optuna Search for XG Boost best parameters started
[2023-05-05 12:02:56,351] root - INFO - Optuna Search for XG Boost best parameters started
[2023-05-05 12:02:57,172] root - INFO - Optuna Search for XG Boost best parameters started
[2023-05-05 12:02:58,004] root - INFO - Optuna Search for XG Boost best parameters started
[2023-05-05 12:02:58,852] root - INFO - Optuna Search for XG Boost best parameters started
[2023-05-05 12:02:59,722] root - INFO - Optuna Search for XG Boost best parameters started
[2023-05-05 12:03:00,607] root - INFO - Optuna Search for XG Boost best parameters started
[2023-05-05 12:03:01,457] root - INFO - Optuna Search for XG Boost best parameters started
[2023-05-05 12:03:02,300] root - INFO - Optuna Search for XG Boost best parameters started
[2023-05-05 12:03:03,148] root - INFO - Optuna Search for XG Boost best parameters started
[2023-05-05 12:03:04,061] root - INFO - Optuna Search for XG Boost best parameters started
[2023-05-05 12:03:04,950] root - INFO - Optuna Search for XG Boost best parameters started
[2023-05-05 12:03:05,802] root - INFO - Optuna Search for XG Boost best parameters started
[2023-05-05 12:03:06,699] root - INFO - Optuna Search for XG Boost best parameters started
[2023-05-05 12:03:07,590] root - INFO - Optuna Search for XG Boost best parameters started
[2023-05-05 12:03:08,470] root - INFO - Optuna Search for XG Boost best parameters started
[2023-05-05 12:03:09,388] root - INFO - Optuna Search for XG Boost best parameters started
[2023-05-05 12:03:10,305] root - INFO - Optuna Search for XG Boost best parameters started
[2023-05-05 12:03:11,240] root - INFO - Optuna Search for XG Boost best parameters started
[2023-05-05 12:03:12,154] root - INFO - Optuna Search for XG Boost best parameters started
[2023-05-05 12:03:13,072] root - INFO - Optuna Search for XG Boost best parameters started
[2023-05-05 12:03:13,983] root - INFO - Optuna Search for XG Boost best parameters started
[2023-05-05 12:03:14,963] root - INFO - Optuna Search for XG Boost best parameters started
[2023-05-05 12:03:15,936] root - INFO - Optuna Search for XG Boost best parameters started
[2023-05-05 12:03:16,990] root - INFO - Optuna Search for XG Boost best parameters started
[2023-05-05 12:03:17,991] root - INFO - Optuna Search for XG Boost best parameters started
[2023-05-05 12:03:18,956] root - INFO - Optuna Search for XG Boost best parameters started
[2023-05-05 12:03:19,930] root - INFO - Optuna Search for XG Boost best parameters started
[2023-05-05 12:03:20,944] root - INFO - Optuna Search for XG Boost best parameters started
[2023-05-05 12:03:21,955] root - INFO - Optuna Search for XG Boost best parameters started
[2023-05-05 12:03:23,045] root - INFO - Optuna Search for XG Boost best parameters started
[2023-05-05 12:03:24,027] root - INFO - Optuna Search for XG Boost best parameters started
[2023-05-05 12:03:24,981] root - INFO - Optuna Search for XG Boost best parameters started
[2023-05-05 12:03:25,977] root - INFO - Optuna Search for XG Boost best parameters started
[2023-05-05 12:03:26,978] root - INFO - Optuna Search for XG Boost best parameters started
[2023-05-05 12:03:28,042] root - INFO - Optuna Search for XG Boost best parameters started
[2023-05-05 12:03:29,109] root - INFO - Optuna Search for XG Boost best parameters started
[2023-05-05 12:03:30,122] root - INFO - Optuna Search for XG Boost best parameters started
[2023-05-05 12:03:31,348] root - INFO - Optuna Search for XG Boost best parameters started
[2023-05-05 12:03:32,372] root - INFO - Optuna Search for XG Boost best parameters started
[2023-05-05 12:03:33,389] root - INFO - Optuna Search for XG Boost best parameters started
[2023-05-05 12:03:34,431] root - INFO - Optuna Search for XG Boost best parameters started
[2023-05-05 12:03:35,426] root - INFO - Optuna Search for XG Boost best parameters started
[2023-05-05 12:03:36,432] root - INFO - Optuna Search for XG Boost best parameters started
[2023-05-05 12:03:37,444] root - INFO - Optuna Search for XG Boost best parameters started
[2023-05-05 12:03:38,475] root - INFO - Optuna Search for XG Boost best parameters started
[2023-05-05 12:03:39,491] root - INFO - Optuna Search for XG Boost best parameters started
[2023-05-05 12:03:40,554] root - INFO - Optuna Search for XG Boost best parameters started
[2023-05-05 12:03:41,596] root - INFO - Optuna Search for XG Boost best parameters started
[2023-05-05 12:03:42,670] root - INFO - Optuna Search for XG Boost best parameters started
[2023-05-05 12:03:43,740] root - INFO - Optuna Search for XG Boost best parameters started
